REMOVING: UBERON:0001256 is_a: UBERON:0000060 (line 17102) - duplicates intersection_of: UBERON:0000060
REMOVING: UBERON:0001256 relationship: part_of UBERON:0001255 (line 17105) - duplicates intersection_of: part_of UBERON:0001255
REMOVING: UBERON:2001861 is_a: UBERON:0000982 (line 200443) - duplicates intersection_of: UBERON:0000982
REMOVING: UBERON:2000694 is_a: UBERON:0001091 (line 193247) - duplicates intersection_of: UBERON:0001091
REMOVING: UBERON:0005287 is_a: UBERON:0005283 (line 98685) - duplicates intersection_of: UBERON:0005283
REMOVING: UBERON:0005287 relationship: part_of UBERON:0002422 (line 98688) - duplicates intersection_of: part_of UBERON:0002422
REMOVING: UBERON:0004122 is_a: UBERON:0000467 (line 82130) - duplicates intersection_of: UBERON:0000467
REMOVING: UBERON:0001487 relationship: part_of UBERON:0002387 (line 23018) - duplicates intersection_of: part_of UBERON:0002387
REMOVING: UBERON:0001474 is_a: UBERON:0004765 (line 22700) - duplicates intersection_of: UBERON:0004765
REMOVING: UBERON:2001865 is_a: UBERON:2001918 (line 200482) - duplicates intersection_of: UBERON:2001918
REMOVING: UBERON:2000375 is_a: UBERON:2000089 (line 191560) - duplicates intersection_of: UBERON:2000089
REMOVING: UBERON:2005268 is_a: UBERON:0000982 (line 204979) - duplicates intersection_of: UBERON:0000982
REMOVING: UBERON:0002385 is_a: UBERON:0000479 (line 49334) - duplicates intersection_of: UBERON:0000479
REMOVING: UBERON:0005456 relationship: conduit_for UBERON:0001586 (line 101914) - duplicates intersection_of: conduit_for UBERON:0001586
REMOVING: UBERON:2005265 is_a: UBERON:0000982 (line 204947) - duplicates intersection_of: UBERON:0000982
REMOVING: UBERON:2001803 is_a: UBERON:0000982 (line 199953) - duplicates intersection_of: UBERON:0000982
REMOVING: UBERON:6007242 relationship: part_of UBERON:6001730 (line 220129) - duplicates intersection_of: part_of UBERON:6001730
REMOVING: UBERON:0009199 is_a: UBERON:0009198 (line 130629) - duplicates intersection_of: UBERON:0009198
REMOVING: UBERON:0001955 relationship: part_of UBERON:0002188 (line 36784) - duplicates intersection_of: part_of UBERON:0002188
REMOVING: UBERON:6000160 is_a: UBERON:6000009 (line 218505) - duplicates intersection_of: UBERON:6000009
REMOVING: UBERON:6000160 relationship: part_of UBERON:0008816 (line 218510) - duplicates intersection_of: part_of UBERON:0008816
REMOVING: UBERON:2001843 is_a: UBERON:0000982 (line 200287) - duplicates intersection_of: UBERON:0000982
REMOVING: UBERON:2001226 is_a: UBERON:2001918 (line 196474) - duplicates intersection_of: UBERON:2001918
REMOVING: UBERON:2001680 is_a: UBERON:0000982 (line 198925) - duplicates intersection_of: UBERON:0000982
REMOVING: UBERON:0001747 relationship: part_of UBERON:0002046 (line 29991) - duplicates intersection_of: part_of UBERON:0002046
REMOVING: UBERON:0001957 is_a: UBERON:0000009 (line 36831) - duplicates intersection_of: UBERON:0000009
REMOVING: UBERON:0001957 relationship: part_of UBERON:0002185 (line 36834) - duplicates intersection_of: part_of UBERON:0002185
REMOVING: UBERON:8000007 is_a: UBERON:0001137 (line 221160) - duplicates intersection_of: UBERON:0001137
REMOVING: UBERON:0001144 is_a: UBERON:0001638 (line 14200) - duplicates intersection_of: UBERON:0001638
REMOVING: UBERON:0005288 is_a: UBERON:0005283 (line 98709) - duplicates intersection_of: UBERON:0005283
REMOVING: UBERON:0005288 relationship: part_of UBERON:0002286 (line 98712) - duplicates intersection_of: part_of UBERON:0002286
REMOVING: UBERON:4200172 relationship: part_of UBERON:0000976 (line 215246) - duplicates intersection_of: part_of UBERON:0000976
REMOVING: UBERON:0001281 is_a: UBERON:0003909 (line 17775) - duplicates intersection_of: UBERON:0003909
REMOVING: UBERON:2002033 is_a: UBERON:0000982 (line 201890) - duplicates intersection_of: UBERON:0000982
REMOVING: UBERON:0000459 relationship: part_of UBERON:0000995 (line 6693) - duplicates intersection_of: part_of UBERON:0000995
REMOVING: UBERON:0006016 is_a: UBERON:0006012 (line 107697) - duplicates intersection_of: UBERON:0006012
REMOVING: UBERON:4100000 is_a: UBERON:0004529 (line 213800) - duplicates intersection_of: UBERON:0004529
REMOVING: UBERON:0000984 is_a: UBERON:0000023 (line 9711) - duplicates intersection_of: UBERON:0000023
REMOVING: UBERON:0002099 is_a: UBERON:0003037 (line 40945) - duplicates intersection_of: UBERON:0003037
REMOVING: UBERON:0002099 relationship: part_of UBERON:0000948 (line 40950) - duplicates intersection_of: part_of UBERON:0000948
REMOVING: UBERON:0001510 relationship: part_of UBERON:0001465 (line 23583) - duplicates intersection_of: part_of UBERON:0001465
REMOVING: UBERON:0000397 is_a: UBERON:0000483 (line 5832) - duplicates intersection_of: UBERON:0000483
REMOVING: UBERON:4000162 is_a: UBERON:0008897 (line 213631) - duplicates intersection_of: UBERON:0008897
REMOVING: UBERON:2001710 is_a: UBERON:0000982 (line 199181) - duplicates intersection_of: UBERON:0000982
REMOVING: UBERON:6003009 relationship: part_of UBERON:6003007 (line 219301) - duplicates intersection_of: part_of UBERON:6003007
REMOVING: UBERON:0010866 is_a: UBERON:0010862 (line 141523) - duplicates intersection_of: UBERON:0010862
REMOVING: UBERON:0002092 is_a: UBERON:0002363 (line 40777) - duplicates intersection_of: UBERON:0002363
REMOVING: UBERON:0011135 is_a: UBERON:0007844 (line 143475) - duplicates intersection_of: UBERON:0007844
REMOVING: UBERON:8410000 is_a: UBERON:0007651 (line 221452) - duplicates intersection_of: UBERON:0007651
REMOVING: UBERON:6001733 is_a: UBERON:6000007 (line 218881) - duplicates intersection_of: UBERON:6000007
REMOVING: UBERON:6001733 relationship: part_of UBERON:6001730 (line 218885) - duplicates intersection_of: part_of UBERON:6001730
REMOVING: UBERON:6000016 is_a: UBERON:0000914 (line 218315) - duplicates intersection_of: UBERON:0000914
REMOVING: UBERON:6000016 relationship: part_of UBERON:6000015 (line 218318) - duplicates intersection_of: part_of UBERON:6000015
REMOVING: UBERON:6000158 is_a: UBERON:6000007 (line 218494) - duplicates intersection_of: UBERON:6000007
REMOVING: UBERON:6000158 relationship: part_of UBERON:0008816 (line 218499) - duplicates intersection_of: part_of UBERON:0008816
REMOVING: UBERON:0001749 relationship: part_of UBERON:0001132 (line 30023) - duplicates intersection_of: part_of UBERON:0001132
REMOVING: UBERON:0009870 relationship: part_of UBERON:0000945 (line 133764) - duplicates intersection_of: part_of UBERON:0000945
REMOVING: UBERON:0003133 is_a: UBERON:0000062 (line 67517) - duplicates intersection_of: UBERON:0000062
REMOVING: UBERON:0001102 relationship: part_of UBERON:0002182 (line 13006) - duplicates intersection_of: part_of UBERON:0002182
REMOVING: UBERON:0001916 is_a: UBERON:0001986 (line 35363) - duplicates intersection_of: UBERON:0001986
REMOVING: UBERON:0001916 relationship: part_of UBERON:0001980 (line 35366) - duplicates intersection_of: part_of UBERON:0001980
REMOVING: UBERON:6004668 is_a: UBERON:6004646 (line 219645) - duplicates intersection_of: UBERON:6004646
REMOVING: UBERON:6004668 relationship: part_of UBERON:6004663 (line 219648) - duplicates intersection_of: part_of UBERON:6004663
REMOVING: UBERON:2005264 is_a: UBERON:0000982 (line 204936) - duplicates intersection_of: UBERON:0000982
REMOVING: UBERON:2002260 is_a: UBERON:0000982 (line 203267) - duplicates intersection_of: UBERON:0000982
REMOVING: UBERON:0011250 is_a: UBERON:0015063 (line 144809) - duplicates intersection_of: UBERON:0015063
REMOVING: UBERON:2001864 is_a: UBERON:2001915 (line 200471) - duplicates intersection_of: UBERON:2001915
REMOVING: UBERON:0001513 relationship: part_of UBERON:0002387 (line 23637) - duplicates intersection_of: part_of UBERON:0002387
REMOVING: UBERON:0001489 relationship: part_of UBERON:0002398 (line 23075) - duplicates intersection_of: part_of UBERON:0002398
REMOVING: UBERON:2001939 is_a: UBERON:0000982 (line 201057) - duplicates intersection_of: UBERON:0000982
REMOVING: UBERON:0002194 is_a: UBERON:0003893 (line 43943) - duplicates intersection_of: UBERON:0003893
REMOVING: UBERON:6003005 is_a: UBERON:6000002 (line 219271) - duplicates intersection_of: UBERON:6000002
REMOVING: UBERON:6003005 relationship: part_of UBERON:0007023 (line 219274) - duplicates intersection_of: part_of UBERON:0007023
REMOVING: UBERON:0000079 relationship: part_of UBERON:0003101 (line 2252) - duplicates intersection_of: part_of UBERON:0003101
REMOVING: UBERON:6001756 is_a: UBERON:6000030 (line 219022) - duplicates intersection_of: UBERON:6000030
REMOVING: UBERON:6001756 relationship: part_of UBERON:6001746 (line 219026) - duplicates intersection_of: part_of UBERON:6001746
REMOVING: UBERON:4200156 is_a: UBERON:0003821 (line 215141) - duplicates intersection_of: UBERON:0003821
REMOVING: UBERON:6001746 is_a: UBERON:6000020 (line 218990) - duplicates intersection_of: UBERON:6000020
REMOVING: UBERON:6001746 relationship: part_of UBERON:0002548 (line 218994) - duplicates intersection_of: part_of UBERON:0002548
REMOVING: UBERON:0001471 is_a: UBERON:0000014 (line 22604) - duplicates intersection_of: UBERON:0000014
REMOVING: UBERON:0002750 is_a: UBERON:0002309 (line 58754) - duplicates intersection_of: UBERON:0002309
REMOVING: UBERON:0002750 relationship: part_of UBERON:0001896 (line 58757) - duplicates intersection_of: part_of UBERON:0001896
REMOVING: UBERON:2000437 is_a: UBERON:2000089 (line 191838) - duplicates intersection_of: UBERON:2000089
REMOVING: UBERON:0005289 is_a: UBERON:0005283 (line 98733) - duplicates intersection_of: UBERON:0005283
REMOVING: UBERON:0001253 is_a: UBERON:0000030 (line 17013) - duplicates intersection_of: UBERON:0000030
REMOVING: UBERON:0001243 is_a: UBERON:0000042 (line 16777) - duplicates intersection_of: UBERON:0000042
REMOVING: UBERON:2001701 is_a: UBERON:2001919 (line 199103) - duplicates intersection_of: UBERON:2001919
REMOVING: UBERON:2001941 is_a: UBERON:0000982 (line 201078) - duplicates intersection_of: UBERON:0000982
REMOVING: UBERON:2001874 is_a: UBERON:2001916 (line 200555) - duplicates intersection_of: UBERON:2001916
REMOVING: UBERON:0002006 is_a: UBERON:0001851 (line 38168) - duplicates intersection_of: UBERON:0001851
REMOVING: UBERON:6003024 is_a: UBERON:6000021 (line 219394) - duplicates intersection_of: UBERON:6000021
REMOVING: UBERON:6003024 relationship: part_of UBERON:6003023 (line 219398) - duplicates intersection_of: part_of UBERON:6003023
REMOVING: UBERON:0001083 relationship: part_of UBERON:0002082 (line 12522) - duplicates intersection_of: part_of UBERON:0002082
REMOVING: UBERON:0002490 is_a: UBERON:0003685 (line 52432) - duplicates intersection_of: UBERON:0003685
REMOVING: UBERON:0001803 relationship: part_of UBERON:0000965 (line 31751) - duplicates intersection_of: part_of UBERON:0000965
REMOVING: UBERON:0001868 relationship: part_of UBERON:0001443 (line 33452) - duplicates intersection_of: part_of UBERON:0001443
REMOVING: UBERON:0000473 is_a: UBERON:0000991 (line 7077) - duplicates intersection_of: UBERON:0000991
REMOVING: UBERON:2001676 is_a: UBERON:0000982 (line 198882) - duplicates intersection_of: UBERON:0000982
REMOVING: UBERON:0002290 is_a: UBERON:0001886 (line 46637) - duplicates intersection_of: UBERON:0001886
REMOVING: UBERON:2001846 is_a: UBERON:0000982 (line 200320) - duplicates intersection_of: UBERON:0000982
REMOVING: UBERON:2001223 is_a: UBERON:2001915 (line 196441) - duplicates intersection_of: UBERON:2001915
REMOVING: UBERON:0002202 is_a: UBERON:0000009 (line 44243) - duplicates intersection_of: UBERON:0000009
REMOVING: UBERON:0001261 is_a: UBERON:0000030 (line 17240) - duplicates intersection_of: UBERON:0000030
REMOVING: UBERON:4500013 is_a: UBERON:0000477 (line 217428) - duplicates intersection_of: UBERON:0000477
REMOVING: UBERON:0000991 is_a: UBERON:0003133 (line 9940) - duplicates intersection_of: UBERON:0003133
REMOVING: UBERON:6002642 relationship: part_of UBERON:6001731 (line 219265) - duplicates intersection_of: part_of UBERON:6001731
REMOVING: UBERON:0010259 is_a: UBERON:0003104 (line 137407) - duplicates intersection_of: UBERON:0003104
REMOVING: UBERON:0002326 is_a: UBERON:0000030 (line 47504) - duplicates intersection_of: UBERON:0000030
REMOVING: UBERON:2000460 is_a: UBERON:2000089 (line 191974) - duplicates intersection_of: UBERON:2000089
REMOVING: UBERON:0005173 relationship: part_of UBERON:0002417 (line 97439) - duplicates intersection_of: part_of UBERON:0002417
REMOVING: UBERON:0002201 is_a: UBERON:0002049 (line 44222) - duplicates intersection_of: UBERON:0002049
REMOVING: UBERON:6000180 is_a: UBERON:6000029 (line 218616) - duplicates intersection_of: UBERON:6000029
REMOVING: UBERON:6000180 relationship: part_of UBERON:6000171 (line 218620) - duplicates intersection_of: part_of UBERON:6000171
REMOVING: UBERON:0002394 is_a: UBERON:0000058 (line 49668) - duplicates intersection_of: UBERON:0000058
REMOVING: UBERON:0002343 is_a: UBERON:0001015 (line 47992) - duplicates intersection_of: UBERON:0001015
REMOVING: UBERON:6007150 is_a: UBERON:0010758 (line 220081) - duplicates intersection_of: UBERON:0010758
REMOVING: UBERON:6007150 relationship: part_of UBERON:0005895 (line 220085) - duplicates intersection_of: part_of UBERON:0005895
REMOVING: UBERON:0002445 is_a: UBERON:0001480 (line 51253) - duplicates intersection_of: UBERON:0001480
REMOVING: UBERON:0001236 is_a: UBERON:0000958 (line 16571) - duplicates intersection_of: UBERON:0000958
REMOVING: UBERON:2001649 is_a: UBERON:0001091 (line 198687) - duplicates intersection_of: UBERON:0001091
REMOVING: UBERON:2001649 relationship: part_of UBERON:2001648 (line 198690) - duplicates intersection_of: part_of UBERON:2001648
REMOVING: UBERON:0001307 is_a: UBERON:0003893 (line 18522) - duplicates intersection_of: UBERON:0003893
REMOVING: UBERON:2001942 is_a: UBERON:0000982 (line 201089) - duplicates intersection_of: UBERON:0000982
REMOVING: UBERON:2000078 is_a: UBERON:2000089 (line 190267) - duplicates intersection_of: UBERON:2000089
REMOVING: UBERON:2000078 relationship: part_of UBERON:2001069 (line 190270) - duplicates intersection_of: part_of UBERON:2001069
REMOVING: UBERON:6000021 is_a: UBERON:0000914 (line 218361) - duplicates intersection_of: UBERON:0000914
REMOVING: UBERON:6000021 relationship: part_of UBERON:6000020 (line 218364) - duplicates intersection_of: part_of UBERON:6000020
REMOVING: UBERON:6001740 is_a: UBERON:6000014 (line 218921) - duplicates intersection_of: UBERON:6000014
REMOVING: UBERON:6001740 relationship: part_of UBERON:6001730 (line 218925) - duplicates intersection_of: part_of UBERON:6001730
REMOVING: UBERON:2001947 is_a: UBERON:0000982 (line 201129) - duplicates intersection_of: UBERON:0000982
REMOVING: UBERON:0002112 is_a: UBERON:0001135 (line 41482) - duplicates intersection_of: UBERON:0001135
REMOVING: UBERON:0004116 is_a: UBERON:0001021 (line 82014) - duplicates intersection_of: UBERON:0001021
REMOVING: UBERON:6003010 is_a: UBERON:6000007 (line 219307) - duplicates intersection_of: UBERON:6000007
REMOVING: UBERON:6003010 relationship: part_of UBERON:6003007 (line 219311) - duplicates intersection_of: part_of UBERON:6003007
REMOVING: UBERON:0006347 is_a: UBERON:0001637 (line 111551) - duplicates intersection_of: UBERON:0001637
REMOVING: UBERON:2001749 is_a: UBERON:0000982 (line 199505) - duplicates intersection_of: UBERON:0000982
REMOVING: UBERON:0035119 is_a: UBERON:0012111 (line 182478) - duplicates intersection_of: UBERON:0012111
REMOVING: UBERON:0001200 is_a: UBERON:0000009 (line 15601) - duplicates intersection_of: UBERON:0000009
REMOVING: UBERON:0000333 is_a: UBERON:0002530 (line 4751) - duplicates intersection_of: UBERON:0002530
REMOVING: UBERON:0000333 relationship: part_of UBERON:0001242 (line 4754) - duplicates intersection_of: part_of UBERON:0001242
REMOVING: UBERON:6000137 is_a: UBERON:6000002 (line 218468) - duplicates intersection_of: UBERON:6000002
REMOVING: UBERON:6000137 relationship: part_of UBERON:0000922 (line 218471) - duplicates intersection_of: part_of UBERON:0000922
REMOVING: UBERON:6007280 relationship: part_of UBERON:6001730 (line 220154) - duplicates intersection_of: part_of UBERON:6001730
REMOVING: UBERON:0006025 is_a: UBERON:0006012 (line 107730) - duplicates intersection_of: UBERON:0006012
REMOVING: UBERON:0001096 is_a: UBERON:0000060 (line 12870) - duplicates intersection_of: UBERON:0000060
REMOVING: UBERON:0001096 relationship: part_of UBERON:0001043 (line 12873) - duplicates intersection_of: part_of UBERON:0001043
REMOVING: UBERON:6000166 is_a: UBERON:6000015 (line 218536) - duplicates intersection_of: UBERON:6000015
REMOVING: UBERON:6000166 relationship: part_of UBERON:0000922 (line 218540) - duplicates intersection_of: part_of UBERON:0000922
REMOVING: UBERON:0002077 is_a: UBERON:0001851 (line 40340) - duplicates intersection_of: UBERON:0001851
REMOVING: UBERON:2001608 is_a: UBERON:0000982 (line 198432) - duplicates intersection_of: UBERON:0000982
REMOVING: UBERON:6000170 is_a: UBERON:6000019 (line 218585) - duplicates intersection_of: UBERON:6000019
REMOVING: UBERON:6000170 relationship: part_of UBERON:6000166 (line 218589) - duplicates intersection_of: part_of UBERON:6000166
REMOVING: UBERON:2001539 is_a: UBERON:2100623 (line 198017) - duplicates intersection_of: UBERON:2100623
REMOVING: UBERON:0000036 is_a: UBERON:0001305 (line 1183) - duplicates intersection_of: UBERON:0001305
REMOVING: UBERON:0006022 is_a: UBERON:0006012 (line 107719) - duplicates intersection_of: UBERON:0006012
REMOVING: UBERON:8300000 is_a: UBERON:0000014 (line 221263) - duplicates intersection_of: UBERON:0000014
REMOVING: UBERON:2002103 is_a: UBERON:0000477 (line 202431) - duplicates intersection_of: UBERON:0000477
REMOVING: UBERON:0002340 relationship: part_of UBERON:0002182 (line 47901) - duplicates intersection_of: part_of UBERON:0002182
REMOVING: UBERON:6003021 is_a: UBERON:6000018 (line 219374) - duplicates intersection_of: UBERON:6000018
REMOVING: UBERON:6003021 relationship: part_of UBERON:6003018 (line 219378) - duplicates intersection_of: part_of UBERON:6003018
REMOVING: UBERON:4200153 is_a: UBERON:4200154 (line 215120) - duplicates intersection_of: UBERON:4200154
REMOVING: UBERON:6001743 is_a: UBERON:6000017 (line 218954) - duplicates intersection_of: UBERON:6000017
REMOVING: UBERON:6001743 relationship: part_of UBERON:6001741 (line 218958) - duplicates intersection_of: part_of UBERON:6001741
REMOVING: UBERON:2005278 is_a: UBERON:0000982 (line 205049) - duplicates intersection_of: UBERON:0000982
REMOVING: UBERON:0001554 relationship: part_of UBERON:0001464 (line 24533) - duplicates intersection_of: part_of UBERON:0001464
REMOVING: UBERON:0001498 relationship: part_of UBERON:0002387 (line 23305) - duplicates intersection_of: part_of UBERON:0002387
REMOVING: UBERON:0001344 relationship: part_of UBERON:0000996 (line 19346) - duplicates intersection_of: part_of UBERON:0000996
REMOVING: UBERON:6007116 is_a: UBERON:6040003 (line 220057) - duplicates intersection_of: UBERON:6040003
REMOVING: UBERON:6007116 relationship: part_of UBERON:0000922 (line 220060) - duplicates intersection_of: part_of UBERON:0000922
REMOVING: UBERON:0001568 relationship: part_of UBERON:0001737 (line 24855) - duplicates intersection_of: part_of UBERON:0001737
REMOVING: UBERON:4200154 is_a: UBERON:0003821 (line 215127) - duplicates intersection_of: UBERON:0003821
REMOVING: UBERON:0002124 is_a: UBERON:0000958 (line 41772) - duplicates intersection_of: UBERON:0000958
REMOVING: UBERON:0002124 relationship: part_of UBERON:0002370 (line 41775) - duplicates intersection_of: part_of UBERON:0002370
REMOVING: UBERON:6001744 is_a: UBERON:6000018 (line 218967) - duplicates intersection_of: UBERON:6000018
REMOVING: UBERON:6001744 relationship: part_of UBERON:6001741 (line 218971) - duplicates intersection_of: part_of UBERON:6001741
REMOVING: UBERON:0001458 is_a: UBERON:0000014 (line 22238) - duplicates intersection_of: UBERON:0000014
REMOVING: UBERON:0011094 is_a: UBERON:0010913 (line 143110) - duplicates intersection_of: UBERON:0010913
REMOVING: UBERON:0001974 is_a: UBERON:0000030 (line 37254) - duplicates intersection_of: UBERON:0000030
REMOVING: UBERON:0001205 is_a: UBERON:0000009 (line 15769) - duplicates intersection_of: UBERON:0000009
REMOVING: UBERON:0001085 is_a: UBERON:0000014 (line 12564) - duplicates intersection_of: UBERON:0000014
REMOVING: UBERON:2001794 is_a: UBERON:0000982 (line 199882) - duplicates intersection_of: UBERON:0000982
REMOVING: UBERON:2001866 is_a: UBERON:2001919 (line 200493) - duplicates intersection_of: UBERON:2001919
REMOVING: UBERON:0001241 is_a: UBERON:0001983 (line 16689) - duplicates intersection_of: UBERON:0001983
REMOVING: UBERON:0001241 relationship: part_of UBERON:0002108 (line 16693) - duplicates intersection_of: part_of UBERON:0002108
REMOVING: UBERON:6003011 is_a: UBERON:6000008 (line 219317) - duplicates intersection_of: UBERON:6000008
REMOVING: UBERON:6003011 relationship: part_of UBERON:6003007 (line 219321) - duplicates intersection_of: part_of UBERON:6003007
REMOVING: UBERON:0001805 is_a: UBERON:0000045 (line 31805) - duplicates intersection_of: UBERON:0000045
REMOVING: UBERON:0001201 is_a: UBERON:0000042 (line 15660) - duplicates intersection_of: UBERON:0000042
REMOVING: UBERON:0001201 relationship: part_of UBERON:0001167 (line 15664) - duplicates intersection_of: part_of UBERON:0001167
REMOVING: UBERON:6003259 is_a: UBERON:0005090 (line 219419) - duplicates intersection_of: UBERON:0005090
REMOVING: UBERON:6003259 relationship: part_of UBERON:6003218 (line 219422) - duplicates intersection_of: part_of UBERON:6003218
REMOVING: UBERON:0002302 is_a: UBERON:0002349 (line 46957) - duplicates intersection_of: UBERON:0002349
REMOVING: UBERON:2105225 is_a: UBERON:2100271 (line 206097) - duplicates intersection_of: UBERON:2100271
REMOVING: UBERON:8000006 is_a: UBERON:0001137 (line 221151) - duplicates intersection_of: UBERON:0001137
REMOVING: UBERON:2001225 is_a: UBERON:2001917 (line 196463) - duplicates intersection_of: UBERON:2001917
REMOVING: UBERON:0004296 relationship: part_of UBERON:0003456 (line 84785) - duplicates intersection_of: part_of UBERON:0003456
REMOVING: UBERON:0001455 is_a: UBERON:0010721 (line 22166) - duplicates intersection_of: UBERON:0010721
REMOVING: UBERON:2002055 is_a: UBERON:0000982 (line 202037) - duplicates intersection_of: UBERON:0000982
REMOVING: UBERON:0002307 is_a: UBERON:0001886 (line 47065) - duplicates intersection_of: UBERON:0001886
REMOVING: UBERON:0002307 relationship: part_of UBERON:0002285 (line 47068) - duplicates intersection_of: part_of UBERON:0002285
REMOVING: UBERON:0001208 is_a: UBERON:0000009 (line 15840) - duplicates intersection_of: UBERON:0000009
REMOVING: UBERON:6000172 relationship: part_of UBERON:6000171 (line 218609) - duplicates intersection_of: part_of UBERON:6000171
REMOVING: UBERON:2000544 is_a: UBERON:2000089 (line 192435) - duplicates intersection_of: UBERON:2000089
REMOVING: UBERON:2001832 is_a: UBERON:0000982 (line 200239) - duplicates intersection_of: UBERON:0000982
REMOVING: UBERON:6003018 is_a: UBERON:6000015 (line 219338) - duplicates intersection_of: UBERON:6000015
REMOVING: UBERON:6003018 relationship: part_of UBERON:0007023 (line 219342) - duplicates intersection_of: part_of UBERON:0007023
REMOVING: UBERON:0002507 is_a: UBERON:0000029 (line 52803) - duplicates intersection_of: UBERON:0000029
REMOVING: UBERON:4500012 is_a: UBERON:0000477 (line 217418) - duplicates intersection_of: UBERON:0000477
REMOVING: UBERON:0003955 relationship: part_of UBERON:0003655 (line 79472) - duplicates intersection_of: part_of UBERON:0003655
REMOVING: UBERON:0002341 relationship: part_of UBERON:0002184 (line 47929) - duplicates intersection_of: part_of UBERON:0002184
REMOVING: UBERON:0007646 is_a: UBERON:0007645 (line 122222) - duplicates intersection_of: UBERON:0007645
REMOVING: UBERON:2002282 is_a: UBERON:0000982 (line 203419) - duplicates intersection_of: UBERON:0000982
REMOVING: UBERON:6000171 is_a: UBERON:6000020 (line 218595) - duplicates intersection_of: UBERON:6000020
REMOVING: UBERON:6000171 relationship: part_of UBERON:0000922 (line 218599) - duplicates intersection_of: part_of UBERON:0000922
REMOVING: UBERON:2001831 is_a: UBERON:0000982 (line 200228) - duplicates intersection_of: UBERON:0000982
REMOVING: UBERON:0001919 is_a: UBERON:0001986 (line 35420) - duplicates intersection_of: UBERON:0001986
REMOVING: UBERON:0001082 is_a: UBERON:0002348 (line 12495) - duplicates intersection_of: UBERON:0002348
REMOVING: UBERON:0001082 relationship: part_of UBERON:0002082 (line 12498) - duplicates intersection_of: part_of UBERON:0002082
REMOVING: UBERON:0002443 relationship: part_of UBERON:0001776 (line 51195) - duplicates intersection_of: part_of UBERON:0001776
REMOVING: UBERON:0001985 is_a: UBERON:0001986 (line 37587) - duplicates intersection_of: UBERON:0001986
REMOVING: UBERON:0011582 is_a: UBERON:0010912 (line 146455) - duplicates intersection_of: UBERON:0010912
REMOVING: UBERON:0005286 is_a: UBERON:0005283 (line 98660) - duplicates intersection_of: UBERON:0005283
REMOVING: UBERON:0016880 is_a: UBERON:0006598 (line 169070) - duplicates intersection_of: UBERON:0006598
REMOVING: UBERON:0002031 relationship: part_of UBERON:0002185 (line 38974) - duplicates intersection_of: part_of UBERON:0002185
REMOVING: UBERON:6003012 is_a: UBERON:6000009 (line 219328) - duplicates intersection_of: UBERON:6000009
REMOVING: UBERON:6003012 relationship: part_of UBERON:6003007 (line 219332) - duplicates intersection_of: part_of UBERON:6003007
REMOVING: UBERON:0003214 is_a: UBERON:0003215 (line 68266) - duplicates intersection_of: UBERON:0003215
REMOVING: UBERON:6003020 is_a: UBERON:6000017 (line 219361) - duplicates intersection_of: UBERON:6000017
REMOVING: UBERON:6003020 relationship: part_of UBERON:6003018 (line 219365) - duplicates intersection_of: part_of UBERON:6003018
REMOVING: UBERON:0010865 is_a: UBERON:0010862 (line 141514) - duplicates intersection_of: UBERON:0010862
REMOVING: UBERON:6001742 relationship: part_of UBERON:6001741 (line 218945) - duplicates intersection_of: part_of UBERON:6001741
REMOVING: UBERON:0002122 is_a: UBERON:0003893 (line 41727) - duplicates intersection_of: UBERON:0003893
REMOVING: UBERON:0001972 is_a: UBERON:0000009 (line 37222) - duplicates intersection_of: UBERON:0000009
REMOVING: UBERON:0002029 relationship: part_of UBERON:0002110 (line 38905) - duplicates intersection_of: part_of UBERON:0002110
REMOVING: UBERON:0001500 relationship: part_of UBERON:0002398 (line 23344) - duplicates intersection_of: part_of UBERON:0002398
REMOVING: UBERON:6003019 relationship: part_of UBERON:6003018 (line 219352) - duplicates intersection_of: part_of UBERON:6003018
REMOVING: UBERON:4200157 is_a: UBERON:4200155 (line 215148) - duplicates intersection_of: UBERON:4200155
REMOVING: UBERON:0002713 is_a: UBERON:0002912 (line 57846) - duplicates intersection_of: UBERON:0002912
REMOVING: UBERON:6001747 relationship: part_of UBERON:6001746 (line 219004) - duplicates intersection_of: part_of UBERON:6001746
REMOVING: UBERON:6004670 is_a: UBERON:6004648 (line 219658) - duplicates intersection_of: UBERON:6004648
REMOVING: UBERON:6004670 relationship: part_of UBERON:6004663 (line 219663) - duplicates intersection_of: part_of UBERON:6004663
REMOVING: UBERON:2001940 is_a: UBERON:0000982 (line 201067) - duplicates intersection_of: UBERON:0000982
REMOVING: UBERON:0001984 is_a: UBERON:0001983 (line 37559) - duplicates intersection_of: UBERON:0001983
REMOVING: UBERON:2001950 is_a: UBERON:0000982 (line 201159) - duplicates intersection_of: UBERON:0000982
REMOVING: UBERON:2002102 is_a: UBERON:0000477 (line 202421) - duplicates intersection_of: UBERON:0000477
REMOVING: UBERON:2002059 is_a: UBERON:0000982 (line 202074) - duplicates intersection_of: UBERON:0000982
REMOVING: UBERON:0001459 is_a: UBERON:0000014 (line 22263) - duplicates intersection_of: UBERON:0000014
REMOVING: UBERON:0000990 is_a: UBERON:0000467 (line 9883) - duplicates intersection_of: UBERON:0000467
REMOVING: UBERON:0001260 is_a: UBERON:0000042 (line 17214) - duplicates intersection_of: UBERON:0000042
REMOVING: UBERON:6000181 is_a: UBERON:6000030 (line 218627) - duplicates intersection_of: UBERON:6000030
REMOVING: UBERON:6000181 relationship: part_of UBERON:6000171 (line 218631) - duplicates intersection_of: part_of UBERON:6000171
REMOVING: UBERON:2002054 is_a: UBERON:0000982 (line 202026) - duplicates intersection_of: UBERON:0000982
REMOVING: UBERON:4500014 is_a: UBERON:0000477 (line 217438) - duplicates intersection_of: UBERON:0000477
REMOVING: UBERON:0005181 relationship: part_of UBERON:0000915 (line 97549) - duplicates intersection_of: part_of UBERON:0000915
REMOVING: UBERON:4200158 is_a: UBERON:4200156 (line 215155) - duplicates intersection_of: UBERON:4200156
REMOVING: UBERON:0006019 is_a: UBERON:0006012 (line 107708) - duplicates intersection_of: UBERON:0006012
REMOVING: UBERON:0001915 is_a: UBERON:0001986 (line 35348) - duplicates intersection_of: UBERON:0001986
REMOVING: UBERON:0001915 relationship: part_of UBERON:0001982 (line 35351) - duplicates intersection_of: part_of UBERON:0001982
REMOVING: UBERON:0002166 is_a: UBERON:0002165 (line 43234) - duplicates intersection_of: UBERON:0002165
REMOVING: UBERON:0002166 relationship: part_of UBERON:0002081 (line 43238) - duplicates intersection_of: part_of UBERON:0002081
REMOVING: UBERON:0002200 is_a: UBERON:0002049 (line 44203) - duplicates intersection_of: UBERON:0002049
REMOVING: UBERON:2001224 is_a: UBERON:2001916 (line 196452) - duplicates intersection_of: UBERON:2001916
REMOVING: UBERON:0000414 relationship: has_part CL:0000319 (line 6112) - duplicates intersection_of: has_part CL:0000319
REMOVING: UBERON:6001741 is_a: UBERON:6000015 (line 218931) - duplicates intersection_of: UBERON:6000015
REMOVING: UBERON:6001741 relationship: part_of UBERON:0002548 (line 218935) - duplicates intersection_of: part_of UBERON:0002548
REMOVING: UBERON:0002492 is_a: UBERON:0003685 (line 52475) - duplicates intersection_of: UBERON:0003685
REMOVING: UBERON:0001084 is_a: UBERON:0000014 (line 12543) - duplicates intersection_of: UBERON:0000014
REMOVING: UBERON:2002217 is_a: UBERON:0000982 (line 203052) - duplicates intersection_of: UBERON:0000982
REMOVING: UBERON:0000474 is_a: UBERON:0000990 (line 7129) - duplicates intersection_of: UBERON:0000990
REMOVING: UBERON:0000474 relationship: part_of UBERON:0003100 (line 7132) - duplicates intersection_of: part_of UBERON:0003100
REMOVING: UBERON:2001626 is_a: UBERON:0001091 (line 198579) - duplicates intersection_of: UBERON:0001091
REMOVING: UBERON:6001745 is_a: UBERON:6000019 (line 218980) - duplicates intersection_of: UBERON:6000019
REMOVING: UBERON:6001745 relationship: part_of UBERON:6001741 (line 218984) - duplicates intersection_of: part_of UBERON:6001741
REMOVING: UBERON:4200155 is_a: UBERON:0003821 (line 215134) - duplicates intersection_of: UBERON:0003821
REMOVING: UBERON:6001755 is_a: UBERON:6000029 (line 219011) - duplicates intersection_of: UBERON:6000029
REMOVING: UBERON:6001755 relationship: part_of UBERON:6001746 (line 219015) - duplicates intersection_of: part_of UBERON:6001746
REMOVING: UBERON:0001918 is_a: UBERON:0001986 (line 35399) - duplicates intersection_of: UBERON:0001986
REMOVING: UBERON:0001918 relationship: part_of UBERON:0001979 (line 35402) - duplicates intersection_of: part_of UBERON:0001979
REMOVING: UBERON:0001975 is_a: UBERON:0000042 (line 37280) - duplicates intersection_of: UBERON:0000042
REMOVING: UBERON:6003023 is_a: UBERON:6000020 (line 219384) - duplicates intersection_of: UBERON:6000020
REMOVING: UBERON:6003023 relationship: part_of UBERON:0007023 (line 219388) - duplicates intersection_of: part_of UBERON:0007023
REMOVING: UBERON:0002338 is_a: UBERON:0000030 (line 47843) - duplicates intersection_of: UBERON:0000030
REMOVING: UBERON:0002338 relationship: part_of UBERON:0002185 (line 47847) - duplicates intersection_of: part_of UBERON:0002185
REMOVING: UBERON:0003028 is_a: UBERON:0001020 (line 64814) - duplicates intersection_of: UBERON:0001020
REMOVING: UBERON:0003028 relationship: part_of UBERON:0001946 (line 64817) - duplicates intersection_of: part_of UBERON:0001946
REMOVING: UBERON:2000373 is_a: UBERON:2000089 (line 191548) - duplicates intersection_of: UBERON:2000089
REMOVING: UBERON:2001848 is_a: UBERON:0000982 (line 200343) - duplicates intersection_of: UBERON:0000982
REMOVING: UBERON:2001678 is_a: UBERON:0000982 (line 198902) - duplicates intersection_of: UBERON:0000982
REMOVING: UBERON:0002001 is_a: UBERON:0000982 (line 38067) - duplicates intersection_of: UBERON:0000982
REMOVING: UBERON:0001225 is_a: UBERON:0001851 (line 16238) - duplicates intersection_of: UBERON:0001851
REMOVING: UBERON:0003970 is_a: UBERON:0002049 (line 79705) - duplicates intersection_of: UBERON:0002049
REMOVING: UBERON:0006603 is_a: UBERON:0006598 (line 113662) - duplicates intersection_of: UBERON:0006598
REMOVING: UBERON:2002032 is_a: UBERON:0000982 (line 201879) - duplicates intersection_of: UBERON:0000982
REMOVING: UBERON:0000376 is_a: UBERON:0002472 (line 5414) - duplicates intersection_of: UBERON:0002472
REMOVING: UBERON:0003910 is_a: UBERON:0003909 (line 78782) - duplicates intersection_of: UBERON:0003909
REMOVING: UBERON:0003910 relationship: part_of UBERON:0001250 (line 78789) - duplicates intersection_of: part_of UBERON:0001250
REMOVING: UBERON:2001845 is_a: UBERON:0000982 (line 200309) - duplicates intersection_of: UBERON:0000982
REMOVING: UBERON:0003262 relationship: part_of UBERON:0000305 (line 69048) - duplicates intersection_of: part_of UBERON:0000305
REMOVING: UBERON:0002660 is_a: UBERON:0002309 (line 56392) - duplicates intersection_of: UBERON:0002309
REMOVING: UBERON:0002288 is_a: UBERON:0001886 (line 46544) - duplicates intersection_of: UBERON:0001886
REMOVING: UBERON:0002288 relationship: part_of UBERON:0002286 (line 46547) - duplicates intersection_of: part_of UBERON:0002286
REMOVING: UBERON:2000648 is_a: UBERON:0007271 (line 193017) - duplicates intersection_of: UBERON:0007271
REMOVING: UBERON:2000648 relationship: part_of UBERON:0003097 (line 193020) - duplicates intersection_of: part_of UBERON:0003097
REMOVING: UBERON:2001801 is_a: UBERON:0000982 (line 199942) - duplicates intersection_of: UBERON:0000982
REMOVING: UBERON:2000596 is_a: UBERON:2000089 (line 192655) - duplicates intersection_of: UBERON:2000089
REMOVING: UBERON:6000169 is_a: UBERON:6000018 (line 218572) - duplicates intersection_of: UBERON:6000018
REMOVING: UBERON:6000169 relationship: part_of UBERON:6000166 (line 218576) - duplicates intersection_of: part_of UBERON:6000166
REMOVING: UBERON:0001140 is_a: UBERON:0001638 (line 14102) - duplicates intersection_of: UBERON:0001638
REMOVING: UBERON:0012196 is_a: UBERON:0012194 (line 150840) - duplicates intersection_of: UBERON:0012194
REMOVING: UBERON:2001677 is_a: UBERON:0000982 (line 198892) - duplicates intersection_of: UBERON:0000982
REMOVING: UBERON:0003134 is_a: UBERON:0003133 (line 67542) - duplicates intersection_of: UBERON:0003133
REMOVING: UBERON:2001847 is_a: UBERON:0000982 (line 200331) - duplicates intersection_of: UBERON:0000982
REMOVING: UBERON:0001238 is_a: UBERON:0000030 (line 16628) - duplicates intersection_of: UBERON:0000030
REMOVING: UBERON:2001842 is_a: UBERON:0000982 (line 200276) - duplicates intersection_of: UBERON:0000982
REMOVING: UBERON:2001979 is_a: UBERON:0000982 (line 201387) - duplicates intersection_of: UBERON:0000982
REMOVING: UBERON:0001235 is_a: UBERON:0001851 (line 16525) - duplicates intersection_of: UBERON:0001851
REMOVING: UBERON:0001235 relationship: part_of UBERON:0002369 (line 16533) - duplicates intersection_of: part_of UBERON:0002369
REMOVING: UBERON:6001734 is_a: UBERON:6000008 (line 218891) - duplicates intersection_of: UBERON:6000008
REMOVING: UBERON:6001734 relationship: part_of UBERON:6001730 (line 218895) - duplicates intersection_of: part_of UBERON:6001730
REMOVING: UBERON:2002038 is_a: UBERON:0000982 (line 201912) - duplicates intersection_of: UBERON:0000982
REMOVING: UBERON:0002042 is_a: UBERON:0001986 (line 39312) - duplicates intersection_of: UBERON:0001986
REMOVING: UBERON:0002042 relationship: part_of UBERON:0001473 (line 39317) - duplicates intersection_of: part_of UBERON:0001473
REMOVING: UBERON:0001319 is_a: UBERON:0001638 (line 18760) - duplicates intersection_of: UBERON:0001638
REMOVING: UBERON:0004115 is_a: UBERON:0001981 (line 81993) - duplicates intersection_of: UBERON:0001981
REMOVING: UBERON:0001517 relationship: part_of UBERON:0001461 (line 23745) - duplicates intersection_of: part_of UBERON:0001461
REMOVING: UBERON:6001731 is_a: UBERON:6000005 (line 218864) - duplicates intersection_of: UBERON:6000005
REMOVING: UBERON:6001731 relationship: part_of UBERON:6001730 (line 218868) - duplicates intersection_of: part_of UBERON:6001730
REMOVING: UBERON:2001633 is_a: UBERON:0001091 (line 198621) - duplicates intersection_of: UBERON:0001091
REMOVING: UBERON:6001735 is_a: UBERON:6000009 (line 218901) - duplicates intersection_of: UBERON:6000009
REMOVING: UBERON:6001735 relationship: part_of UBERON:6001730 (line 218905) - duplicates intersection_of: part_of UBERON:6001730
REMOVING: UBERON:0001512 relationship: part_of UBERON:0004454 (line 23618) - duplicates intersection_of: part_of UBERON:0004454
REMOVING: UBERON:6000168 is_a: UBERON:6000017 (line 218559) - duplicates intersection_of: UBERON:6000017
REMOVING: UBERON:6000168 relationship: part_of UBERON:6000166 (line 218563) - duplicates intersection_of: part_of UBERON:6000166
REMOVING: UBERON:2002034 is_a: UBERON:0000982 (line 201901) - duplicates intersection_of: UBERON:0000982
REMOVING: UBERON:0002471 relationship: has_skeleton UBERON:0011584 (line 51884) - duplicates intersection_of: has_skeleton UBERON:0011584
REMOVING: UBERON:2001784 is_a: UBERON:0000982 (line 199807) - duplicates intersection_of: UBERON:0000982
REMOVING: UBERON:1600006 is_a: UBERON:2100271 (line 190055) - duplicates intersection_of: UBERON:2100271
REMOVING: UBERON:6000165 is_a: UBERON:6000014 (line 218526) - duplicates intersection_of: UBERON:6000014
REMOVING: UBERON:6000165 relationship: part_of UBERON:0008816 (line 218530) - duplicates intersection_of: part_of UBERON:0008816
REMOVING: UBERON:0000037 is_a: UBERON:0001305 (line 1214) - duplicates intersection_of: UBERON:0001305
REMOVING: UBERON:0002324 relationship: part_of UBERON:0001137 (line 47468) - duplicates intersection_of: part_of UBERON:0001137
REMOVING: UBERON:0002489 is_a: UBERON:0003685 (line 52407) - duplicates intersection_of: UBERON:0003685
REMOVING: UBERON:2001679 is_a: UBERON:0000982 (line 198913) - duplicates intersection_of: UBERON:0000982
REMOVING: UBERON:0004118 is_a: UBERON:0002049 (line 82068) - duplicates intersection_of: UBERON:0002049
REMOVING: UBERON:0001143 is_a: UBERON:0001638 (line 14167) - duplicates intersection_of: UBERON:0001638
REMOVING: UBERON:0003135 is_a: UBERON:0003133 (line 67567) - duplicates intersection_of: UBERON:0003133
REMOVING: UBERON:0002472 relationship: has_skeleton UBERON:0011583 (line 51907) - duplicates intersection_of: has_skeleton UBERON:0011583
REMOVING: UBERON:0001668 is_a: UBERON:0001638 (line 27547) - duplicates intersection_of: UBERON:0001638
REMOVING: UBERON:0002212 relationship: part_of UBERON:0001854 (line 44522) - duplicates intersection_of: part_of UBERON:0001854
REMOVING: UBERON:0000035 is_a: UBERON:0001305 (line 1161) - duplicates intersection_of: UBERON:0001305
REMOVING: UBERON:6000167 relationship: part_of UBERON:6000166 (line 218550) - duplicates intersection_of: part_of UBERON:6000166
REMOVING: UBERON:0004782 relationship: part_of UBERON:0005409 (line 92096) - duplicates intersection_of: part_of UBERON:0005409
REMOVING: UBERON:0014870 is_a: UBERON:0006271 (line 162990) - duplicates intersection_of: UBERON:0006271
REMOVING: UBERON:4200128 is_a: UBERON:0006077 (line 214999) - duplicates intersection_of: UBERON:0006077
REMOVING: UBERON:6001728 is_a: UBERON:6000002 (line 218837) - duplicates intersection_of: UBERON:6000002
REMOVING: UBERON:6001728 relationship: part_of UBERON:0002548 (line 218840) - duplicates intersection_of: part_of UBERON:0002548
REMOVING: UBERON:2001844 is_a: UBERON:0000982 (line 200298) - duplicates intersection_of: UBERON:0000982
REMOVING: UBERON:0000031 relationship: part_of UBERON:0001005 (line 1088) - duplicates intersection_of: part_of UBERON:0001005
REMOVING: UBERON:6000162 is_a: UBERON:6000011 (line 218516) - duplicates intersection_of: UBERON:6000011
REMOVING: UBERON:6000162 relationship: part_of UBERON:0008816 (line 218520) - duplicates intersection_of: part_of UBERON:0008816
REMOVING: UBERON:0001518 relationship: part_of UBERON:0004452 (line 23765) - duplicates intersection_of: part_of UBERON:0004452
REMOVING: UBERON:6007240 is_a: UBERON:0002536 (line 220113) - duplicates intersection_of: UBERON:0002536
REMOVING: UBERON:6007240 relationship: part_of UBERON:0002548 (line 220117) - duplicates intersection_of: part_of UBERON:0002548
REMOVING: UBERON:2001391 is_a: UBERON:2000120 (line 197274) - duplicates intersection_of: UBERON:2000120
REMOVING: UBERON:2001711 is_a: UBERON:0000982 (line 199192) - duplicates intersection_of: UBERON:0000982
REMOVING: UBERON:0001167 is_a: UBERON:0000060 (line 14853) - duplicates intersection_of: UBERON:0000060
REMOVING: UBERON:0001167 relationship: part_of UBERON:0000945 (line 14857) - duplicates intersection_of: part_of UBERON:0000945
REMOVING: UBERON:2000052 is_a: UBERON:2000089 (line 190200) - duplicates intersection_of: UBERON:2000089
REMOVING: UBERON:2000052 relationship: part_of UBERON:2000102 (line 190203) - duplicates intersection_of: part_of UBERON:2000102
REMOVING: UBERON:0001824 relationship: part_of UBERON:0001737 (line 32305) - duplicates intersection_of: part_of UBERON:0001737
REMOVING: UBERON:0016442 is_a: UBERON:0035127 (line 167420) - duplicates intersection_of: UBERON:0035127
REMOVING: UBERON:6001737 is_a: UBERON:6000011 (line 218911) - duplicates intersection_of: UBERON:6000011
REMOVING: UBERON:6001737 relationship: part_of UBERON:6001730 (line 218915) - duplicates intersection_of: part_of UBERON:6001730
REMOVING: UBERON:0002093 is_a: UBERON:0002363 (line 40800) - duplicates intersection_of: UBERON:0002363
REMOVING: UBERON:2001876 is_a: UBERON:2001917 (line 200572) - duplicates intersection_of: UBERON:2001917

SUMMARY: Removed 375 redundant SubClassOf axioms
