# PARSING: BFO_0000050 some UBERON:0002091
# QUERY: ObjectSomeValuesFrom(BFO:0000050 'part of' UBERON:0002091 'appendicular skeleton')
2021-02-13 00:32:35,206 WARN  (ChangeIndexingProcessor:66) [reasoner.indexing.axiomIgnored]ELK does not support ObjectAllValuesFrom. Axiom ignored:
SubClassOf(<http://purl.obolibrary.org/obo/BFO_0000019> ObjectAllValuesFrom(<http://purl.obolibrary.org/obo/BFO_0000050> <http://purl.obolibrary.org/obo/BFO_0000019>))
2021-02-13 00:32:35,218 WARN  (ChangeIndexingProcessor:66) [reasoner.indexing.axiomIgnored]ELK does not support ObjectAllValuesFrom. Axiom ignored:
SubClassOf(<http://purl.obolibrary.org/obo/BFO_0000020> ObjectAllValuesFrom(<http://purl.obolibrary.org/obo/BFO_0000050> <http://purl.obolibrary.org/obo/BFO_0000020>))
2021-02-13 00:32:35,222 WARN  (ChangeIndexingProcessor:66) [reasoner.indexing.axiomIgnored]ELK does not support ObjectAllValuesFrom. Axiom ignored:
SubClassOf(<http://purl.obolibrary.org/obo/BFO_0000003> ObjectAllValuesFrom(<http://purl.obolibrary.org/obo/BFO_0000050> <http://purl.obolibrary.org/obo/BFO_0000003>))
2021-02-13 00:32:35,224 WARN  (ChangeIndexingProcessor:66) [reasoner.indexing.axiomIgnored]ELK does not support ObjectAllValuesFrom. Axiom ignored:
SubClassOf(<http://purl.obolibrary.org/obo/BFO_0000002> ObjectAllValuesFrom(<http://purl.obolibrary.org/obo/BFO_0000050> <http://purl.obolibrary.org/obo/BFO_0000002>))
2021-02-13 00:32:35,227 WARN  (ChangeIndexingProcessor:66) [reasoner.indexing.axiomIgnored]ELK does not support ObjectAllValuesFrom. Axiom ignored:
SubClassOf(<http://purl.obolibrary.org/obo/BFO_0000004> ObjectAllValuesFrom(<http://purl.obolibrary.org/obo/BFO_0000050> <http://purl.obolibrary.org/obo/BFO_0000004>))
2021-02-13 00:32:36,011 WARN  (OWLGraphWrapperExtended:936) Unable to retrieve the value of oboInOwl#id as the identifier for http://owltools.org/Q; we will use an original iri as the identifier.
2021-02-13 00:32:36,013 WARN  (OWLGraphWrapperExtended:936) Unable to retrieve the value of oboInOwl#id as the identifier for http://owltools.org/Q; we will use an original iri as the identifier.
E: Q Q
D: UBERON:0015114 'distal tarsal bone 5 endochondral element'
D: UBERON:0015113 'distal tarsal bone 4 pre-cartilage condensation'
D: UBERON:0015116 'distal tarsal bone 5 pre-cartilage condensation'
D: UBERON:0015115 'distal tarsal bone 5 cartilage'
D: UBERON:0015110 'distal tarsal bone 3 pre-cartilage condensation'
D: UBERON:0015112 'distal tarsal bone 4 cartilage'
D: UBERON:0015111 'distal tarsal bone 4 endochondral element'
D: UBERON:0010900 'tarsometatarsus cartilage element'
D: UBERON:3000818 'margo anterior of scapula'
D: UBERON:3000817 'margo posterior'
D: UBERON:0010903 'tibiotarsus pre-cartilage condensation'
D: UBERON:3000816 'margo fenestralis'
D: UBERON:0010902 'tibiotarsus cartilage element'
D: UBERON:0006633 'coracoid process of scapula'
D: UBERON:3000815 'sternal head of coracoid'
D: UBERON:0010901 'tarsometatarsus pre-cartilage condensation'
D: UBERON:3000814 'glenoid head of coracoid'
D: UBERON:0010907 'parafibula'
D: UBERON:3000813 'sulcus pro cartilagine praecoracoidealis'
D: UBERON:3000811 'glenoid end of clavicle'
D: UBERON:0010905 'clavicle bone primordium'
D: UBERON:0007960 'scapholunate'
D: UBERON:3000819 'margo clavicularis'
D: UBERON:0015103 'distal tarsal bone 1 cartilage'
D: UBERON:0015102 'distal tarsal bone 1 endochondral element'
D: UBERON:0015105 'distal tarsal bone 2 endochondral element'
D: UBERON:0015104 'distal tarsal bone 1 pre-cartilage condensation'
D: UBERON:3010624 'subarticular sesamoid'
D: UBERON:0012078 'fovea capitis of femur'
D: UBERON:0015101 'distal tarsal bone pre-cartilage condensation'
D: UBERON:0015100 'distal tarsal cartilage'
D: UBERON:3000821 'margo suprascapularis'
D: UBERON:3000820 'margo posterior of scapula'
D: UBERON:0015107 'distal tarsal bone 2 pre-cartilage condensation'
D: UBERON:0015106 'distal tarsal bone 2 cartilage'
D: UBERON:0015109 'distal tarsal bone 3 cartilage'
D: UBERON:0015108 'distal tarsal bone 3 endochondral element'
D: UBERON:3000829 'margo scapularis'
D: UBERON:3000828 'margo posterior of cleithrum'
D: UBERON:3000827 'margo anterior of cleithrum'
D: UBERON:3000825 'crista longitudinalis scapula'
D: UBERON:3000824 'tenuitas cristaeformis'
D: UBERON:3000823 'sinus interglenoidalis'
D: UBERON:3000822 'pars suprascapularis'
D: UBERON:0012081 'patella pre-cartilage condensation'
D: UBERON:0012080 'patella cartilage element'
D: UBERON:0007990 'proximal sesamoid bone of pes'
D: UBERON:0007991 'proximal sesamoid bone of manus'
D: UBERON:0006657 'glenoid fossa'
D: UBERON:0004250 'upper arm bone'
D: UBERON:0004251 'hindlimb zeugopod bone'
D: UBERON:0004248 'pedal digit bone'
D: UBERON:0007993 'ulnar sesamoid bone'
D: UBERON:0007997 'sesamoid bone of manus'
D: UBERON:0004249 'manual digit bone'
D: UBERON:0012289 'fused tarsal bones 2 and 3'
D: UBERON:0012288 'centroquartal bone'
D: UBERON:0004412 'proximal epiphysis of femur'
D: UBERON:0004413 'proximal epiphysis of radius'
D: UBERON:0004652 'humerus diaphysis'
D: UBERON:0004410 'distal epiphysis of fibula'
D: UBERON:0002235 'tubercle of rib'
D: UBERON:3000859 'foramen perforans carpi'
D: UBERON:0004411 'proximal epiphysis of humerus'
D: UBERON:0002234 'proximal phalanx of manus'
D: UBERON:0004651 'scapula spine'
D: UBERON:0002231 'body of rib'
D: UBERON:3000856 'intercalary element of fore digit'
D: UBERON:0002230 'head of rib'
D: UBERON:0004418 'proximal epiphysis of phalanx of manual digit 2'
D: UBERON:0004419 'proximal epiphysis of phalanx of manual digit 3'
D: UBERON:0004416 'proximal epiphysis of metacarpal bone'
D: UBERON:0002237 'true rib'
D: UBERON:0002236 'costal cartilage'
D: UBERON:0004417 'proximal epiphysis of phalanx of manual digit 1'
D: UBERON:0012291 'lateral malleolus of fibula'
D: UBERON:0006836 'medial tibial tarsal bone'
D: UBERON:0002239 'floating rib'
D: UBERON:0004414 'proximal epiphysis of phalanx of manus'
D: UBERON:0012290 'fused carpal bones 2 and 3'
D: UBERON:0002238 'false rib'
D: UBERON:0004415 'proximal epiphysis of metatarsal bone'
D: UBERON:0013122 'distal epiphysis of phalanx of pes'
D: UBERON:0016876 'digit 6 digitopodial skeleton'
D: UBERON:0011188 'lesser tubercle of humerus'
D: UBERON:0011187 'ventral tubercle of humerus'
D: UBERON:0013121 'proximal epiphysis of phalanx of pes'
D: UBERON:3000865 'epileon'
D: UBERON:3000862 'pubo-ischium'
D: UBERON:0016878 'digit 8 digitopodial skeleton'
D: UBERON:0016877 'digit 7 digitopodial skeleton'
D: UBERON:0004423 'proximal epiphysis of second metacarpal bone'
D: UBERON:0004424 'proximal epiphysis of third metacarpal bone'
D: UBERON:0004421 'proximal epiphysis of phalanx of manual digit 5'
D: UBERON:0004422 'proximal epiphysis of first metacarpal bone'
D: UBERON:3000869 'ilial protuberance'
D: UBERON:0004420 'proximal epiphysis of phalanx of manual digit 4'
D: UBERON:3000867 'agger limitans anterior of ischium'
D: UBERON:3000866 'agger limitans anterior of ilium'
D: UBERON:0004429 'proximal epiphysis of third metatarsal bone'
D: UBERON:0006849 'scapula'
D: UBERON:0004427 'proximal epiphysis of first metatarsal bone'
D: UBERON:0004428 'proximal epiphysis of second metatarsal bone'
D: UBERON:0004425 'proximal epiphysis of fourth metacarpal bone'
D: UBERON:0004426 'proximal epiphysis of fifth metacarpal bone'
D: UBERON:0014486 'distal phalanx of digit 4'
D: UBERON:0016423 'compact bone of diaphysis'
D: UBERON:0014487 'distal phalanx of digit 5'
D: UBERON:0016422 'compact bone of long bone'
D: UBERON:0014488 'middle phalanx of digit 2'
D: UBERON:0016425 'epiphyseal plate of radius'
D: UBERON:0014489 'middle phalanx of digit 3'
D: UBERON:0017751 'proximal mesopodial cartilage element'
D: UBERON:0014483 'distal phalanx of digit 1'
D: UBERON:4100010 'post-glenoid process'
D: UBERON:0014484 'distal phalanx of digit 2'
D: UBERON:0017750 'proximal mesopodial endochondral element'
D: UBERON:0014485 'distal phalanx of digit 3'
D: UBERON:3000832 'anterior lamina recurvata'
D: UBERON:3000831 'spina acromioidea'
D: UBERON:4100011 'postacetabular buttress'
D: UBERON:3000830 'margo vertebralis'
D: UBERON:4100012 'postacetabular zone'
D: UBERON:4100016 'posterior process of ilium'
D: UBERON:0002497 'acromion'
D: UBERON:0004434 'proximal epiphysis of distal phalanx of manual digit 4'
D: UBERON:3000839 'crista radii'
D: UBERON:0004435 'proximal epiphysis of distal phalanx of manual digit 5'
D: UBERON:0004432 'proximal epiphysis of distal phalanx of manual digit 2'
D: UBERON:0002498 'deltopectoral crest'
D: UBERON:0004433 'proximal epiphysis of distal phalanx of manual digit 3'
D: UBERON:3000837 'crista medialis humeri'
D: UBERON:0004430 'proximal epiphysis of fourth metatarsal bone'
D: UBERON:3000836 'crista lateralis humeri'
D: UBERON:0004431 'proximal epiphysis of fifth metatarsal bone'
D: UBERON:3000834 'posterior lamina recurvata'
D: UBERON:0002495 'long bone'
D: UBERON:3000833 'sinus dorsalis'
D: UBERON:0014490 'middle phalanx of digit 4'
D: UBERON:0014491 'middle phalanx of digit 5'
D: UBERON:0004438 'proximal epiphysis of middle phalanx of manual digit 4'
D: UBERON:0004439 'proximal epiphysis of middle phalanx of manual digit 5'
D: UBERON:0004436 'proximal epiphysis of middle phalanx of manual digit 2'
D: UBERON:0004437 'proximal epiphysis of middle phalanx of manual digit 3'
D: UBERON:0016896 'periosteum of long bone'
D: UBERON:0016413 'medullary cavity of long bone'
D: UBERON:3000842 'capitulum ulnae'
D: UBERON:3000840 'capitulum of radius'
D: UBERON:4100006 'parasternal process'
D: UBERON:4100007 'pectoral articular facet'
D: UBERON:4100004 'ischial peduncle'
D: UBERON:4100005 'second phalanx'
D: UBERON:0004445 'proximal epiphysis of proximal phalanx of manual digit 1'
D: UBERON:0004446 'epiphysis of phalanx'
D: UBERON:0006865 'metaphysis of femur'
D: UBERON:0006864 'distal metaphysis of femur'
D: UBERON:4100008 'pedal claws'
D: UBERON:0007958 'central carpal bone'
D: UBERON:0004443 'proximal epiphysis of proximal phalanx of manual digit 5'
D: UBERON:0004444 'proximal epiphysis of distal phalanx of manual digit 1'
D: UBERON:0007959 'falciform carpal bone'
D: UBERON:4100009 'pedal digit 7 phalanx'
D: UBERON:0006863 'proximal metaphysis of femur'
D: UBERON:0004441 'proximal epiphysis of proximal phalanx of manual digit 3'
D: UBERON:0006862 'diaphysis of femur'
D: UBERON:0006861 'diaphysis proper'
D: UBERON:3000846 'element Y of fore mesopodium'
D: UBERON:0004442 'proximal epiphysis of proximal phalanx of manual digit 4'
D: UBERON:3000844 'sulcus longitudinalis'
D: UBERON:0004440 'proximal epiphysis of proximal phalanx of manual digit 2'
D: UBERON:0004447 'proximal epiphysis of phalanx'
D: UBERON:0004448 'distal epiphysis of phalanx'
D: UBERON:0009991 'lateral condyle of tibia'
D: UBERON:0009990 'medial condyle of tibia'
D: UBERON:0010742 'bone of pelvic complex'
D: UBERON:4200080 'fibular crest'
D: UBERON:0010741 'bone of pectoral complex'
D: UBERON:0010740 'bone of appendage girdle complex'
D: UBERON:0010746 'iliac blade'
D: UBERON:4200076 'trunk armor pectoral fenestra'
D: UBERON:0010747 'body of ilium'
D: UBERON:0006234 'femur pre-cartilage condensation'
D: UBERON:0009984 'medial condyle of femur'
D: UBERON:0009986 'lateral epicondyle of femur'
D: UBERON:0009985 'lateral condyle of femur'
D: UBERON:0009988 'condyle of humerus'
D: UBERON:0009987 'medial epicondyle of femur'
D: UBERON:4200079 'dorsal iliac process'
D: UBERON:0009989 'condyle of tibia'
D: UBERON:4200078 'clavicular facet'
D: UBERON:4200090 'fibular facet of the astragalus'
D: UBERON:4200088 'iliac peduncle of the pubis'
D: UBERON:0010739 'distal carpal bone 5'
D: UBERON:4200087 'iliac peduncle'
D: UBERON:0010738 'distal tarsal bone 5'
D: UBERON:0010737 'distal tarsal bone 4'
D: UBERON:4200086 'iliac neck'
D: UBERON:0006247 'iliac pre-cartilage condensation'
D: UBERON:0006246 'humerus pre-cartilage condensation'
D: UBERON:4200084 'preaxial centrale'
D: UBERON:4200083 'postaxial centrale'
D: UBERON:0006245 'humerus cartilage element'
D: UBERON:4200081 'hypocleideum'
2021-02-13 00:32:36,300 WARN  (OWLGraphWrapperExtended:936) Unable to retrieve the value of oboInOwl#id as the identifier for http://www.w3.org/2002/07/owl#Nothing; we will use an original iri as the identifier.
2021-02-13 00:32:36,301 WARN  (OWLGraphWrapperExtended:936) Unable to retrieve the value of oboInOwl#id as the identifier for http://www.w3.org/2002/07/owl#Nothing; we will use an original iri as the identifier.
D: Nothing Nothing
D: UBERON:4200089 'fibular facet of the calcaneum'
D: UBERON:0010760 'supraglenoid tubercle'
D: UBERON:4200099 'lateral extrascapular'
D: UBERON:4200098 'ischial foot'
D: UBERON:4200095 'infraspinous process'
D: UBERON:0006255 'ischial pre-cartilage condensation'
D: UBERON:0006254 'ischial cartilage element'
D: UBERON:2100623 'basipterygium element'
D: UBERON:0010994 'coronoid process of ulna'
D: UBERON:0010757 'rib 8'
D: UBERON:0010759 'equine distal sesamoid'
D: UBERON:0008449 'trochlear notch'
D: UBERON:0007119 'neck of femur'
D: UBERON:0018667 'neck of scapula'
D: UBERON:0010701 'phalanx cartilage element'
D: UBERON:0010700 'phalanx pre-cartilage condensation'
D: UBERON:4200033 'cleithrum head'
D: UBERON:4200032 'clavicle blade'
D: UBERON:0010703 'forelimb zeugopod skeleton'
D: UBERON:0009949 'humeral diverticulum of clavicular air sac'
D: UBERON:4200030 'antitrochanter'
D: UBERON:0006430 'xiphoid cartilage'
D: UBERON:4200039 'supraacetabular buttress'
D: CL:0002157 'endosteal cell'
D: UBERON:4200038 'subscapular fossa'
D: UBERON:4200037 'supinator process'
D: UBERON:4200036 'internal trochanter'
D: UBERON:4200034 'cnemial crest'
D: UBERON:4200044 'articular surface for the calcaneum on the astragalus'
D: UBERON:4200043 'brevis fossa'
D: UBERON:4200042 'brevis shelf'
D: UBERON:4200040 'acrocoracoid process'
D: UBERON:4200048 'bicipital crest'
D: UBERON:4200046 'astragalo-calcaneal canal'
D: UBERON:4200045 'articular surface for the astragalus on the calcaneum'
D: UBERON:5106049 'digit 2 digitopodial skeleton'
D: UBERON:1600010 'pelvic fin middle radial element'
D: UBERON:0010720 'hindlimb zeugopod skeleton'
D: UBERON:5106048 'digit 1 digitopodial skeleton'
D: UBERON:0010723 'os vesalianum pedis'
D: UBERON:0010721 'distal tarsal bone'
D: UBERON:1600008 'pelvic fin distal radial element'
D: UBERON:0010726 'os vesalianum manus'
D: UBERON:0010725 'accessory navicular bone'
D: UBERON:4200052 'crista tibiofibularis'
D: UBERON:0006214 'carpus pre-cartilage condensation'
D: UBERON:0006213 'carpus cartilage element'
D: UBERON:5106051 'digit 4 digitopodial skeleton'
D: UBERON:4200051 'cotyloid notch'
D: UBERON:5106050 'digit 3 digitopodial skeleton'
D: UBERON:1600006 'paired fin radial element'
D: UBERON:0015180 'neck of talus'
D: UBERON:0009980 'condyle of femur'
D: UBERON:0018673 'neck of fibula'
D: UBERON:0016497 'epicondyle of humerus'
D: UBERON:5106052 'digit 5 digitopodial skeleton'
D: UBERON:0010713 'paired fin skeleton'
D: UBERON:0010712 'limb skeleton subdivision'
D: UBERON:0010711 'pelvic fin skeleton'
D: UBERON:0010710 'pectoral fin skeleton'
D: UBERON:0010714 'iliac cartilage element'
D: UBERON:4200063 'ectocondylar tubercle'
D: UBERON:0010719 'girdle skeleton'
D: UBERON:4200060 'ectepicondylar foramen'
D: UBERON:0010718 'pubic cartilage element'
D: UBERON:0010580 'pedal digit 1 phalanx pre-cartilage condensation'
D: UBERON:0007171 'border of scapula'
D: CL:2000079 'mesenchymal stem cell of femoral bone marrow'
D: UBERON:0007172 'angle of scapula'
D: UBERON:0007173 'lateral border of scapula'
D: UBERON:0010583 'pedal digit 4 phalanx pre-cartilage condensation'
D: UBERON:0007174 'medial border of scapula'
D: UBERON:0010584 'pedal digit 5 phalanx pre-cartilage condensation'
D: UBERON:0007175 'inferior angle of scapula'
D: UBERON:0007176 'superior angle of scapula'
D: UBERON:0010581 'pedal digit 2 phalanx pre-cartilage condensation'
D: UBERON:0010582 'pedal digit 3 phalanx pre-cartilage condensation'
D: UBERON:0010585 'pedal digit phalanx pre-cartilage condensation'
D: UBERON:0010586 'manual digit phalanx pre-cartilage condensation'
D: UBERON:0011679 'proximal tarsal bone'
D: UBERON:0011678 'hindlimb intermedium bone'
D: UBERON:5112262 'manual minor digit (Aves) digitopodial skeleton'
D: UBERON:5112261 'manual major digit (Aves) digitopodial skeleton'
D: UBERON:5112260 'alular digit digitopodial skeleton'
D: UBERON:0008256 'left clavicle'
D: UBERON:0008257 'radial sesamoid'
D: UBERON:4200233 'dorsal clavicular process'
D: UBERON:0010572 'manual digit 3 metacarpus cartilage element'
D: UBERON:0010573 'manual digit 4 metacarpus cartilage element'
D: UBERON:0010570 'manual digit 1 metacarpus cartilage element'
D: UBERON:0010571 'manual digit 2 metacarpus cartilage element'
D: UBERON:0010576 'manual digit 2 phalanx pre-cartilage condensation'
D: UBERON:0010577 'manual digit 3 phalanx pre-cartilage condensation'
D: UBERON:0010574 'manual digit 5 metacarpus cartilage element'
D: UBERON:0010575 'manual digit 1 phalanx pre-cartilage condensation'
D: UBERON:0010578 'manual digit 4 phalanx pre-cartilage condensation'
D: UBERON:0010579 'manual digit 5 phalanx pre-cartilage condensation'
D: UBERON:4200000 'medial blade of ilium'
D: UBERON:4200008 'inter-clavicle joint'
D: UBERON:4200007 'transverse pelvic ridge'
D: UBERON:4200006 'infraglenoid buttress'
D: UBERON:4200004 'intertrochanteric fossa'
D: UBERON:4200002 'coracoid plate'
D: UBERON:4200001 'postpubis'
D: CL:2000057 'femural osteoblast'
D: UBERON:0010129 'femur cartilage element'
D: UBERON:0013633 'intertrochanteric crest'
D: UBERON:0013634 'intertrochanteric line'
D: UBERON:4200011 'pedal centrale'
D: UBERON:4200010 'ventral humeral ridge'
D: UBERON:4200019 'preacetabular process'
D: UBERON:0018099 'distal mesopodial endochondral element'
D: UBERON:0003826 'upper leg bone'
D: UBERON:4200018 'calcaneal tuber'
D: UBERON:4200016 'postbranchial lamina'
D: UBERON:4200014 'lateral tuber of ulna'
D: UBERON:0000313 'portion of cartilage tissue in tibia'
D: UBERON:4200013 'flexor surface'
D: UBERON:0003821 'metapodium bone'
D: UBERON:4200012 'ectepicondylar flange'
D: UBERON:4300192 'branched pelvic fin ray'
D: UBERON:0035878 'subchondral region of epiphysis'
D: UBERON:0011205 'carpometacarpus'
D: UBERON:4200022 'extracleithrum'
D: UBERON:4200021 'astragalus-calcaneum unit'
D: UBERON:4200020 'suprascapular fossa'
D: UBERON:0002504 'lesser trochanter'
D: UBERON:4200029 'adductor crest'
D: UBERON:4200028 'adductor blade'
D: UBERON:4200027 'supraglenoid buttress'
D: UBERON:4200026 'supraglenoid foramen'
D: UBERON:4200025 'ascending process of the astragalus'
D: UBERON:0002503 'greater trochanter'
D: UBERON:2201588 'pectoral fin distal radial cartilage'
D: UBERON:2201587 'pectoral fin proximal radial cartilage'
D: UBERON:0000979 'tibia'
D: UBERON:0010540 'tarsus pre-cartilage condensation'
D: UBERON:0018266 'third phalanx'
D: UBERON:0006286 'radius cartilage element'
D: UBERON:0010543 'acropodial skeleton'
D: UBERON:0006285 'pubic pre-cartilage condensation'
D: UBERON:0010544 'metacarpus skeleton'
D: UBERON:2001852 'postcleithrum 1'
D: UBERON:0010541 'tarsus cartilage element'
D: UBERON:0010547 'pedal digit 1 metatarsal pre-cartilage condensation'
D: UBERON:2001854 'postcleithrum 3'
D: UBERON:2201586 'pectoral fin radial cartilage'
D: UBERON:2001853 'postcleithrum 2'
D: UBERON:0010548 'pedal digit 2 metatarsal pre-cartilage condensation'
D: UBERON:0010545 'metatarsus skeleton'
D: UBERON:0010546 'metapodial skeleton'
D: UBERON:0010549 'pedal digit 3 metatarsal pre-cartilage condensation'
D: UBERON:0004098 'tibial plateaux'
D: UBERON:0000976 'humerus'
D: UBERON:7500046 'proximal-most point of head of femur'
D: UBERON:7500047 'proximal-most point of head of humerus'
D: UBERON:7500048 'proximal-most point of ventral tubercle of humerus'
D: UBERON:7500049 'proximal-most point of greater trochanter of femur'
D: UBERON:4200209 'postaxial process of the ulnare'
D: UBERON:4200208 'pectoral fin intermediate radial bone'
D: UBERON:4200207 'external rim of the coracoid foramen'
D: UBERON:7500041 'tip of digit'
D: UBERON:0006291 'scapula pre-cartilage condensation'
D: UBERON:0006290 'scapula cartilage element'
D: UBERON:0000980 'trochanter'
D: UBERON:0000981 'femur'
D: UBERON:0006287 'radius-ulna pre-cartilage condensation'
D: UBERON:4200206 'internal rim of coracoid foramen'
D: UBERON:0009555 'short pastern bone'
D: UBERON:0009556 'long pastern bone'
D: UBERON:4200204 'humeral facet on radius'
D: UBERON:4200203 'humeral facet on the ulna'
D: UBERON:0009558 'pastern bone'
D: UBERON:2101588 'pectoral fin distal radial element'
D: UBERON:2101586 'pectoral fin radial element'
D: UBERON:2101587 'pectoral fin proximal radial element'
D: UBERON:7500034 'distal-most point of trochlea of humerus'
D: UBERON:0007390 'pectoral appendage cartilage tissue'
D: UBERON:0007391 'pelvic appendage cartilage tissue'
D: UBERON:0011651 'ventral head of rib'
D: UBERON:0010561 'pedal digit 5 metatarsal cartilage element'
D: UBERON:0008000 'sesamoid bone of pes'
D: UBERON:4200219 'middle phalanx of manual digit 1'
D: UBERON:0010560 'pedal digit 4 metatarsal cartilage element'
D: UBERON:0010565 'manual digit 1 metacarpus pre-cartilage condensation'
D: UBERON:0011655 'interclavicle'
D: UBERON:0010566 'manual digit 2 metacarpus pre-cartilage condensation'
D: UBERON:0011652 'dorsal head of rib'
D: UBERON:0010569 'manual digit 5 metacarpus pre-cartilage condensation'
D: UBERON:3001002 'basale commune (tarsal)'
D: UBERON:0010567 'manual digit 3 metacarpus pre-cartilage condensation'
D: UBERON:0010568 'manual digit 4 metacarpus pre-cartilage condensation'
D: UBERON:7500033 'distal-most point of medial condyle of femur'
D: UBERON:3010194 'mediale'
D: UBERON:2000508 'pelvic fin radial bone'
D: UBERON:4200217 'tibial facet of femur'
D: UBERON:4200216 'fibula facet of femur'
D: UBERON:0007389 'paired limb/fin cartilage'
D: UBERON:4200214 'epipodial facet'
D: UBERON:4200213 'deltoid process'
D: UBERON:4200212 'pectoral process of humerus'
D: UBERON:4200211 'postaxial process of the fibula'
D: UBERON:4200210 'postaxial process of the femur'
D: UBERON:0010550 'pedal digit 4 metatarsal pre-cartilage condensation'
D: UBERON:0010551 'pedal digit 5 metatarsal pre-cartilage condensation'
D: UBERON:0008254 'styliform cartilage'
D: UBERON:4200229 'incurrent foramen of ectepicondylar foramen'
D: UBERON:0008255 'right clavicle'
D: UBERON:0010558 'pedal digit 2 metatarsal cartilage element'
D: UBERON:0010559 'pedal digit 3 metatarsal cartilage element'
D: UBERON:0010557 'pedal digit 1 metatarsal cartilage element'
D: UBERON:4200220 'iliac ramus'
D: UBERON:4200228 'excurrent foramen of ectepicondylar foramen'
D: UBERON:4200226 'anteroventral process of cleithrum'
D: UBERON:4200224 'columnar area'
D: UBERON:4200223 'foramen C'
D: UBERON:4200222 'distal groove of humerus'
D: UBERON:4300128 'sacral rib'
D: UBERON:0012124 'avian scapholunar bone'
D: UBERON:4300125 'dorsal iliac ridge'
D: UBERON:3000777 'epicoracoid horn'
D: UBERON:3000776 'glenoid foramen'
D: UBERON:0012126 'fibulare'
D: UBERON:3000774 'ilial shaft'
D: UBERON:3000773 'ilial ridge'
D: UBERON:3000771 'acetabular depression'
D: UBERON:2001416 'pelvic fin distal radial bone 3'
D: UBERON:2001415 'pelvic fin distal radial bone 2'
D: UBERON:0012129 'radial head of humerus'
D: UBERON:0003642 'pedal digit 3 phalanx'
D: UBERON:2001417 'pelvic fin distal radial bone 1'
D: UBERON:4500011 'unbranched pelvic fin ray'
D: UBERON:0003640 'pedal digit 1 phalanx'
D: UBERON:0003641 'pedal digit 2 phalanx'
D: UBERON:3000779 'pectoral fenestra'
D: UBERON:4500010 'unbranched pectoral fin ray'
D: UBERON:3000778 'supracoracoid foramen'
D: UBERON:0003648 'metacarpal bone of digit 4'
D: UBERON:0003649 'metacarpal bone of digit 5'
D: UBERON:0003646 'metacarpal bone of digit 2'
D: UBERON:0003647 'metacarpal bone of digit 3'
D: UBERON:0003645 'metacarpal bone of digit 1'
D: UBERON:3000780 'incisura coracoidea'
D: UBERON:2001881 'rib of vertebra 4'
D: UBERON:2001880 'rib of vertebra 3'
D: UBERON:0013207 'entepicondylar foramen'
D: UBERON:0012359 'pedal digitopodium bone'
D: UBERON:3000787 'collum antibrachii'
D: UBERON:0012358 'manual digitopodium bone'
D: UBERON:3000786 'fossa cubitalis ventralis'
D: UBERON:0012357 'digitopodium bone'
D: UBERON:3000785 'trochlear groove of humerus'
D: UBERON:3000784 'ulnar condyle'
D: UBERON:3000783 'fovea capitis of humerus'
D: UBERON:0013204 'epipubic bone'
D: UBERON:0003653 'metatarsal bone of digit 4'
D: UBERON:0004743 'coracoid bone'
D: UBERON:0003654 'metatarsal bone of digit 5'
D: UBERON:0000144 'trochlea of humerus'
D: UBERON:0003651 'metatarsal bone of digit 2'
D: UBERON:0003652 'metatarsal bone of digit 3'
D: UBERON:0004741 'cleithrum'
D: UBERON:0001470 'glenohumeral joint'
D: UBERON:0003650 'metatarsal bone of digit 1'
D: UBERON:4500009 'paired fin spine'
D: UBERON:4500007 'pectoral fin ray'
D: UBERON:0003656 'mesopodium bone'
D: UBERON:4300106 'ventral limb of posttemporal'
D: UBERON:4300103 'rudimentary pectoral fin ray'
D: UBERON:4300104 'ectocoracoid bone'
D: UBERON:3000755 'pectoral girdle opening'
D: UBERON:3000753 'pars glenoidalis of scapula'
D: UBERON:3000752 'pars acromialis'
D: UBERON:2000544 'pectoral fin actinotrichium'
D: UBERON:2001878 'rib of vertebra 2'
D: UBERON:2000549 'posttemporal'
D: UBERON:0004753 'scapulocoracoid'
D: UBERON:2001879 'rib of vertebra 1'
D: UBERON:0001481 'distal carpal bone'
D: UBERON:3000759 'omosternum'
D: UBERON:0001480 'proximal carpal bone'
D: UBERON:3000757 'zonal area'
D: UBERON:3000756 'crista dorsalis humeri'
D: UBERON:0012131 'centrale'
D: UBERON:4300117 'pelvic fin ray'
D: UBERON:0012130 'olecranon fossa'
D: UBERON:4300119 'glenoid region'
D: UBERON:0012135 'prepollex skeleton'
D: UBERON:3000763 'epicoracoid bridge'
D: UBERON:3000762 'epicoracoid'
D: UBERON:0001012 'head of radius'
D: UBERON:0001010 'diaphysis of ulna'
D: UBERON:3000767 'pelvic girdle opening'
D: UBERON:4500020 'pelvic fin distal radial cartilage'
D: UBERON:0004769 'diaphysis'
D: UBERON:0003608 'hindlimb long bone'
D: UBERON:0014505 'proximal phalanx of digit 5'
D: UBERON:0016928 'metaphysis of fibula'
D: UBERON:2001456 'pectoral fin endoskeletal disc'
D: UBERON:0010388 'proximal segment of rib'
D: UBERON:0014501 'proximal phalanx of digit 1'
D: UBERON:0014502 'proximal phalanx of digit 2'
D: UBERON:0014503 'proximal phalanx of digit 3'
D: UBERON:0014504 'proximal phalanx of digit 4'
D: UBERON:0003606 'limb long bone'
D: UBERON:0002516 'epiphyseal plate'
D: UBERON:0001427 'radiale'
D: UBERON:0003607 'forelimb long bone'
D: UBERON:0001429 'pisiform'
D: UBERON:0001428 'intermedium'
D: UBERON:0001423 'radius bone'
D: UBERON:2102029 'pectoral fin proximal radial element 4'
D: UBERON:2102028 'pectoral fin proximal radial element 3'
D: UBERON:2102027 'pectoral fin proximal radial element 2'
D: UBERON:0001424 'ulna'
D: UBERON:2102026 'pectoral fin proximal radial element 1'
D: UBERON:2000594 'supracleithrum'
D: UBERON:2000596 'pelvic fin actinotrichium'
D: UBERON:2102280 'pectoral fin distal radial element 3'
D: UBERON:0013649 'fused tarsal bones 1 and 2'
D: UBERON:0001430 'distal carpal bone 1'
D: UBERON:2102277 'pectoral fin distal radial element 1'
D: UBERON:0001432 'distal carpal bone 3'
D: UBERON:0001431 'distal carpal bone 2'
D: UBERON:0001438 'metaphysis'
D: UBERON:0001437 'epiphysis'
D: UBERON:0001433 'distal carpal bone 4'
D: UBERON:0001436 'phalanx of manus'
D: UBERON:0001435 'carpal bone'
D: UBERON:2102279 'pectoral fin distal radial element 2'
D: UBERON:0011250 'autopod bone'
D: UBERON:0014762 'fused metapodial bones 2-4'
D: UBERON:1500000 'scapular blade'
D: UBERON:0014763 'fused metatarsal bones 2-4'
D: UBERON:1500006 'paired fin radial bone'
D: UBERON:1500005 'ischial cartilage'
D: UBERON:0005809 'cortex of manus bone'
D: UBERON:0005808 'bone tissue of long bone'
D: UBERON:3000799 'cartilago paraglenoidalis'
D: UBERON:1500009 'pelvic fin basipterygial radial'
D: UBERON:0011015 'iliac fossa'
D: UBERON:0012104 'sesamoid bone of the peroneus longus muscle'
D: UBERON:1500008 'pelvic fin distal radial bone'
D: UBERON:1500007 'mesopterygium cartilage'
D: UBERON:3000792 'anterior ramus of cleithrum'
D: UBERON:0003862 'pedal digit 4 phalanx'
D: UBERON:0001441 'hindlimb skeleton'
D: UBERON:0003620 'manual digit 1 phalanx'
D: UBERON:0003863 'pedal digit 5 phalanx'
D: UBERON:0001440 'forelimb skeleton'
D: UBERON:0001442 'skeleton of manus'
D: UBERON:0001449 'phalanx of pes'
D: UBERON:0001448 'metatarsal bone'
D: UBERON:0003868 'proximal phalanx of pes'
D: UBERON:0001445 'skeleton of pes'
D: UBERON:0003866 'middle phalanx of pes'
D: UBERON:0003867 'distal phalanx of pes'
D: UBERON:0001447 'tarsal bone'
D: UBERON:0003864 'middle phalanx of manus'
D: UBERON:0001446 'fibula'
D: UBERON:0003865 'distal phalanx of manus'
D: UBERON:1500010 'pelvic fin middle radial bone'
D: UBERON:4300156 'anterodorsal crest'
D: UBERON:4300157 'midshaft'
D: UBERON:4300158 'ectepicondylar depression'
D: UBERON:0011248 'procoracoid element'
D: UBERON:0011247 'procoracoid cartilage'
D: UBERON:0011246 'procoracoid bone'
D: UBERON:4300155 'pectoral splint'
D: UBERON:4300151 'pelvic intercleithral cartilage'
D: UBERON:0001452 'distal tarsal bone 1'
D: UBERON:0001451 'navicular bone of pes'
D: UBERON:0001454 'distal tarsal bone 3'
D: UBERON:0001453 'distal tarsal bone 2'
D: UBERON:0001450 'calcaneus'
D: UBERON:0003639 'manual digit 5 phalanx'
D: UBERON:0003637 'manual digit 3 phalanx'
D: UBERON:0003638 'manual digit 4 phalanx'
D: UBERON:0003636 'manual digit 2 phalanx'
D: UBERON:0001455 'cuboid bone'
D: UBERON:3000931 'intercalary element of hind digit'
D: UBERON:0004335 'proximal phalanx of pedal digit 4'
D: UBERON:0004336 'proximal phalanx of pedal digit 5'
D: UBERON:3000938 'postzonal element'
D: UBERON:3000937 'prezonal element'
D: UBERON:0004333 'proximal phalanx of pedal digit 2'
D: UBERON:3000936 'zonal element'
D: UBERON:0004334 'proximal phalanx of pedal digit 3'
D: UBERON:0004331 'proximal phalanx of manual digit 5'
D: UBERON:0004332 'proximal phalanx of pedal digit 1'
D: UBERON:3000934 'foramen perforans tarsi'
D: UBERON:0002395 'talus'
D: UBERON:0004330 'proximal phalanx of manual digit 4'
D: UBERON:0007841 'furcula'
D: UBERON:0007843 'uncinate process of ribs'
D: UBERON:0004337 'distal phalanx of manual digit 1'
D: UBERON:0004338 'proximal phalanx of manual digit 1'
D: UBERON:3010746 'T-shaped terminal phalanx'
D: UBERON:3000942 'firmisternal girdle'
D: UBERON:3000941 'arciferal girdle'
D: UBERON:0006767 'head of femur'
D: UBERON:3000949 'posterior ramus of cleithrum'
D: UBERON:0003253 'neck of rib'
D: UBERON:3000945 'inscriptional rib'
D: UBERON:3000944 'pseudoarciferal girdle'
D: UBERON:3000943 'pseudofirmisternal girdle'
D: UBERON:5111984 'pedal digit 6 digitopodial skeleton'
D: UBERON:5111983 'manual digit 8 digitopodial skeleton'
D: UBERON:5111982 'manual digit 7 digitopodial skeleton'
D: UBERON:5111981 'manual digit 6 digitopodial skeleton'
D: UBERON:0004109 'cortex of humerus'
D: UBERON:0006768 'epiphyseal line'
D: UBERON:0015014 'calcaneum endochondral element'
D: UBERON:0015011 'tibiotarsus endochondral element'
D: UBERON:0015013 'fibula endochondral element'
D: UBERON:0015012 'tarsometatarsus endochondral element'
D: UBERON:0010801 'calcaneum pre-cartilage condensation'
D: UBERON:3010719 'dilated medial process of metacarpal IV'
D: UBERON:3000917 'apophysis distalis of tibiale fibulare'
D: UBERON:3000916 'apophysis proximalis'
D: UBERON:0006775 'zone of epiphyseal plate'
D: UBERON:0006773 'long bone epiphyseal plate ossification zone'
D: UBERON:0006772 'long bone epiphyseal plate hypertrophic zone'
D: UBERON:3000911 'foramen nutritium exterius'
D: UBERON:0006771 'long bone epiphyseal plate proliferative zone'
D: UBERON:0015004 'tibia endochondral element'
D: UBERON:0015003 'ulna endochondral element'
D: UBERON:0013069 'popliteal area'
D: UBERON:0014395 'proximal mesopodial bone'
D: UBERON:0015002 'radius-ulna endochondral element'
D: UBERON:0015001 'radius endochondral element'
D: UBERON:2001586 'pectoral fin radial bone'
D: UBERON:2001588 'pectoral fin distal radial bone'
D: UBERON:2001587 'pectoral fin proximal radial bone'
D: UBERON:2001589 'propterygium cartilage'
D: UBERON:3000922 'prehallux skeleton'
D: UBERON:3000921 'element Y of hind mesopodium'
D: UBERON:0008962 'forelimb bone'
D: UBERON:0006306 'ulna cartilage element'
D: UBERON:2002027 'pectoral fin proximal radial bone 2'
D: UBERON:2002028 'pectoral fin proximal radial bone 3'
D: UBERON:2002026 'pectoral fin proximal radial bone 1'
D: UBERON:2002029 'pectoral fin proximal radial bone 4'
D: UBERON:0006717 'autopodial skeleton'
D: UBERON:0001269 'acetabular part of hip bone'
D: UBERON:0006715 'radio-ulna'
D: UBERON:0006714 'tibiofibula'
D: UBERON:0001028 'diaphysis of radius'
D: UBERON:0012152 'skeleton of pedal digitopodium'
D: UBERON:0012151 'skeleton of manual digitopodium'
D: UBERON:0012150 'skeleton of digitopodium'
D: UBERON:2002019 'pterotic-posttemporal-supracleithrum'
D: UBERON:0004302 'proximal phalanx'
D: UBERON:0001275 'pubis'
D: UBERON:0004300 'distal phalanx'
D: UBERON:0004301 'middle phalanx'
D: UBERON:0001272 'innominate bone'
D: UBERON:3000748 'suprascapula'
D: UBERON:0001274 'ischium'
D: UBERON:0001273 'ilium'
D: UBERON:0003699 'pubic symphysis'
D: UBERON:0013279 'diaphysis of fibula'
D: UBERON:2002001 'anterior dentation of pectoral fin spine'
D: UBERON:2002002 'anterior distal serration of pectoral fin spine'
D: UBERON:2002000 'posterior dentation of pectoral fin spine'
D: UBERON:4000160 'anocleithrum'
D: UBERON:0003466 'forelimb zeugopod bone'
D: UBERON:0004313 'distal phalanx of manual digit 4'
D: UBERON:0003467 'sesamoid bone of gastrocnemius'
D: UBERON:0004314 'distal phalanx of manual digit 5'
D: UBERON:0003464 'hindlimb bone'
D: UBERON:0004311 'distal phalanx of manual digit 2'
D: UBERON:0000199 'neck of radius'
D: UBERON:0004312 'distal phalanx of manual digit 3'
D: UBERON:0007828 'girdle bone/zone'
D: UBERON:0003221 'phalanx'
D: UBERON:0007829 'pectoral girdle bone'
D: UBERON:0003460 'arm bone'
D: UBERON:0002374 'metacarpal bone'
D: UBERON:0003461 'shoulder bone'
D: UBERON:0013280 'diaphysis of tibia'
D: UBERON:0004319 'distal phalanx of pedal digit 5'
D: UBERON:0004317 'distal phalanx of pedal digit 3'
D: UBERON:0004318 'distal phalanx of pedal digit 4'
D: UBERON:0004315 'distal phalanx of pedal digit 1'
D: UBERON:0004316 'distal phalanx of pedal digit 2'
D: UBERON:0004324 'middle phalanx of pedal digit 2'
D: UBERON:0005897 'manus bone'
D: UBERON:0004325 'middle phalanx of pedal digit 3'
D: UBERON:0004322 'middle phalanx of manual digit 4'
D: UBERON:0004323 'middle phalanx of manual digit 5'
D: UBERON:0004320 'middle phalanx of manual digit 2'
D: UBERON:0004321 'middle phalanx of manual digit 3'
D: UBERON:0005893 'leg bone'
D: UBERON:3000965 'basale commune (carpal)'
D: UBERON:0007830 'pelvic girdle bone/zone'
D: UBERON:0007831 'pectoral girdle skeleton'
D: UBERON:0004328 'proximal phalanx of manual digit 2'
D: UBERON:0004329 'proximal phalanx of manual digit 3'
D: UBERON:0007832 'pelvic girdle skeleton'
D: UBERON:0004326 'middle phalanx of pedal digit 4'
D: UBERON:0011091 'skeleton of left pelvic girdle'
D: UBERON:0004327 'middle phalanx of pedal digit 5'
D: UBERON:0005899 'pes bone'
D: UBERON:0011090 'skeleton of right pelvic girdle'
D: UBERON:0015077 'centrale cartilage'
D: UBERON:0018101 'distal mesopodial pre-cartilage condensation'
D: UBERON:0015079 'proximal carpal cartilage'
D: UBERON:0018102 'distal mesopodial bone'
D: UBERON:0015078 'proximal carpal endochondral element'
D: UBERON:4100112 'radial facet'
D: UBERON:2002069 'distal cartilage of posterior process of basipterygium'
D: UBERON:4100116 'posterior distal condyle of femur'
D: UBERON:4100117 'presacral rib'
D: UBERON:4100114 'anterior distal condyle of femur'
D: UBERON:0011959 'glenoid labrum of scapula'
D: UBERON:4200197 'anterior humeral ridge'
D: UBERON:4100118 'trunk rib'
D: UBERON:4200193 'posterodorsal process of ilium'
D: UBERON:4200192 'ulnar facet of the humerus'
D: UBERON:0015084 'distal carpal bone 1 endochondral element'
D: UBERON:0015083 'proximal tarsal bone pre-cartilage condensation'
D: UBERON:0015086 'distal carpal bone 1 pre-cartilage condensation'
D: UBERON:0017261 'intertarsal sesamoid'
D: UBERON:0008775 'proximal epiphysis of fibula'
D: UBERON:0015085 'distal carpal bone 1 cartilage'
D: UBERON:2002070 'internal anterior process of basipterygium'
D: UBERON:0015080 'proximal carpal bone pre-cartilage condensation'
D: UBERON:2002071 'distal cartilage of internal anterior process of basipterygium'
D: UBERON:0015082 'proximal tarsal cartilage'
D: UBERON:0015081 'proximal tarsal endochondral element'
D: UBERON:0015069 'distal carpal cartilage element'
D: UBERON:0009880 'carpal skeleton'
D: UBERON:4000175 'pectoral fin lepidotrichium'
D: UBERON:0015068 'distal carpal endochondral element'
D: UBERON:0015067 'centrale endochondral element'
D: UBERON:0010852 'fibula pre-cartilage condensation'
D: UBERON:0011941 'lateral angle of scapula'
D: UBERON:0010851 'fibula cartilage element'
D: UBERON:4000171 'scapular complex'
D: UBERON:0010850 'tibia pre-cartilage condensation'
D: UBERON:4000173 'pelvic fin lepidotrichium'
D: UBERON:0010853 'capitulum of humerus'
D: UBERON:0018100 'distal mesopodial cartilage element'
D: UBERON:0008786 'third trochanter'
D: UBERON:0008787 'fourth trochanter'
D: UBERON:0009878 'mesopodial skeleton'
D: UBERON:0009879 'tarsal skeleton'
D: UBERON:2002040 'inter-coracoid joint'
D: UBERON:0015099 'distal tarsal endochondral element'
D: UBERON:0010881 'limb cartilage element'
D: UBERON:0015098 'distal carpal bone 5 pre-cartilage condensation'
D: UBERON:2100508 'pelvic fin radial element'
D: UBERON:0010885 'hindlimb cartilage element'
D: UBERON:0011974 'epiphysis of proximal phalanx of pes'
D: UBERON:0010884 'forelimb bone pre-cartilage condensation'
D: UBERON:0011973 'epiphysis of phalanx of pes'
D: UBERON:0010883 'forelimb cartilage element'
D: UBERON:0010882 'limb bone pre-cartilage condensation'
D: UBERON:0011978 'epiphysis of middle phalanx of manus'
D: UBERON:0011977 'epiphysis of proximal phalanx of manus'
D: UBERON:0011976 'epiphysis of distal phalanx of pes'
D: UBERON:0010886 'hindlimb pre-cartilage condensation'
D: UBERON:0011975 'epiphysis of middle phalanx of pes'
D: UBERON:0011979 'epiphysis of distal phalanx of manus'
D: UBERON:0018372 'dorsal supracondylar tubercle'
D: UBERON:0018371 'ventral supracondylar tubercle'
D: UBERON:2002030 'ventral keel of coracoid'
D: UBERON:2002270 'pelvic fin spine'
D: UBERON:0015088 'distal carpal bone 2 cartilage'
D: UBERON:2002277 'pectoral fin distal radial bone 1'
D: UBERON:0015087 'distal carpal bone 2 endochondral element'
D: UBERON:0015089 'distal carpal bone 2 pre-cartilage condensation'
D: UBERON:0011960 'articular capsule of glenohumeral joint'
D: UBERON:2002279 'pectoral fin distal radial bone 2'
D: UBERON:0005055 'zone of long bone'
D: UBERON:0015095 'distal carpal bone 4 pre-cartilage condensation'
D: UBERON:0015094 'distal carpal bone 4 cartilage'
D: UBERON:0015097 'distal carpal bone 5 cartilage'
D: UBERON:0015096 'distal carpal bone 5 endochondral element'
D: UBERON:0018362 'supracondylar tubercle'
D: UBERON:0015091 'distal carpal bone 3 cartilage'
D: UBERON:0015090 'distal carpal bone 3 endochondral element'
D: UBERON:2002280 'pectoral fin distal radial bone 3'
D: UBERON:0015093 'distal carpal bone 4 endochondral element'
D: UBERON:0015092 'distal carpal bone 3 pre-cartilage condensation'
D: UBERON:0015037 'pedal digit 1 metatarsal endochondral element'
D: UBERON:0018305 'bicipital surface'
D: UBERON:0015036 'pedal digit metatarsal endochondral element'
D: UBERON:0015039 'pedal digit 3 metatarsal endochondral element'
D: UBERON:0015038 'pedal digit 2 metatarsal endochondral element'
D: UBERON:0015033 'pedal digit 3 phalanx endochondral element'
D: UBERON:0015032 'pedal digit 2 phalanx endochondral element'
D: UBERON:0015035 'pedal digit 5 phalanx endochondral element'
D: UBERON:0015034 'pedal digit 4 phalanx endochondral element'
D: UBERON:0004382 'epiphysis of humerus'
D: UBERON:0004383 'epiphysis of tibia'
D: UBERON:0004380 'proximal epiphysis'
D: UBERON:0004381 'skeleton of limb'
D: UBERON:2202279 'pectoral fin distal radial cartilage 2'
D: UBERON:2202277 'pectoral fin distal radial cartilage 1'
D: UBERON:0004379 'distal epiphysis'
D: UBERON:4200154 'metapodium bone 6'
D: UBERON:4200153 'metatarsal bone of digit 6'
D: UBERON:0004377 'distal metaphysis'
D: UBERON:4200152 'intertarsale sesamoid'
D: UBERON:0004378 'proximal metaphysis'
D: UBERON:4200150 'accessory foramen'
D: UBERON:0004375 'bone of free limb or fin'
D: UBERON:2202280 'pectoral fin distal radial cartilage 3'
D: UBERON:0015040 'pedal digit 4 metatarsal endochondral element'
D: UBERON:0015042 'manual digit metacarpus endochondral element'
D: UBERON:4200159 'ventral ridge system'
D: UBERON:0015041 'pedal digit 5 metatarsal endochondral element'
D: UBERON:4200158 'metatarsal bone of digit 8'
D: UBERON:4200157 'metatarsal bone of digit 7'
D: UBERON:4200156 'metapodium bone 8'
D: UBERON:4200155 'metapodium bone 7'
D: UBERON:0015026 'manual digit 2 phalanx endochondral element'
D: UBERON:0015025 'manual digit 1 phalanx endochondral element'
D: UBERON:0015028 'manual digit 4 phalanx endochondral element'
D: UBERON:0015027 'manual digit 3 phalanx endochondral element'
D: UBERON:0015022 'hindlimb endochondral element'
D: UBERON:0015021 'forelimb endochondral element'
D: UBERON:0015024 'manual digit phalanx endochondral element'
D: UBERON:0015023 'phalanx endochondral element'
D: UBERON:0004393 'epiphysis of third metacarpal bone'
D: UBERON:0004394 'epiphysis of fourth metacarpal bone'
D: UBERON:0004391 'epiphysis of first metacarpal bone'
D: UBERON:0004392 'epiphysis of second metacarpal bone'
D: UBERON:0015029 'manual digit 5 phalanx endochondral element'
D: UBERON:0004390 'epiphysis of metacarpal bone'
D: UBERON:3000906 'sulcus pro musculo extensori cruris brevis'
D: UBERON:3000905 'caput ossis cruris'
D: UBERON:0004388 'epiphysis of fibula'
D: UBERON:3000904 'apophysis distalis of tibiofibula'
D: UBERON:3000903 'tibial crest'
D: UBERON:0004389 'epiphysis of metatarsal bone'
D: UBERON:0004386 'epiphysis of ulna'
D: UBERON:0004387 'epiphysis of phalanx of manus'
D: UBERON:0004384 'epiphysis of femur'
D: UBERON:0004385 'epiphysis of radius'
D: UBERON:0015031 'pedal digit 1 phalanx endochondral element'
D: UBERON:0015030 'pedal digit phalanx endochondral element'
D: UBERON:4200169 'process 2'
D: UBERON:3000909 'sulcus proximalis ossis cruris'
D: UBERON:3000908 'sulcus distalis ossis cruris'
D: UBERON:4200167 'mesial pelvic ridge'
D: UBERON:4200166 'hindlimb interepipodial space'
D: UBERON:3000907 'eminentia arcuata'
D: UBERON:2002086 'pelvic axillary process'
D: UBERON:0018326 'ilioischiadic foramen'
D: UBERON:0015055 'pubic endochondral element'
D: UBERON:0015054 'iliac endochondral element'
D: UBERON:2002087 'pectoral axillary process'
D: UBERON:0015057 'scapula endochondral element'
D: UBERON:0018322 'fourth phalanx'
D: UBERON:0015056 'ischial endochondral element'
D: UBERON:0010844 'clavicle pre-cartilage condensation'
D: UBERON:0010843 'clavicle cartilage element'
D: UBERON:0010842 'calcaneum cartilage element'
D: UBERON:4200176 'ascending process of clavicle'
D: UBERON:0010849 'tibia cartilage element'
D: UBERON:4200175 'supraglenoid region'
D: UBERON:0010848 'radius-ulna cartilage element'
D: UBERON:0010847 'ulna pre-cartilage condensation'
D: UBERON:4200174 'distal condyle of humerus'
D: UBERON:0004399 'epiphysis of fifth metatarsal bone'
D: UBERON:0010846 'radius pre-cartilage condensation'
D: UBERON:4200173 'dorsal ridge'
D: UBERON:0004397 'epiphysis of third metatarsal bone'
D: UBERON:4200172 'neck of humerus'
D: UBERON:0004398 'epiphysis of fourth metatarsal bone'
D: UBERON:4200171 'process 4'
D: UBERON:0004395 'epiphysis of first metatarsal bone'
D: UBERON:4200170 'process 3'
D: UBERON:0004396 'epiphysis of second metatarsal bone'
D: UBERON:0015061 'limb endochondral element'
D: UBERON:0015064 'autopod cartilage'
D: UBERON:0015063 'autopod endochondral element'
D: UBERON:4200179 'manual claw'
D: UBERON:4200177 'supracondyle tubercle'
D: UBERON:2002074 'external anterior process of basipterygium'
D: UBERON:0018316 'cuboid facet of calcaneum'
D: UBERON:2002075 'distal cartilage of external anterior process of basipterygium'
D: UBERON:0015047 'manual digit 5 metacarpus endochondral element'
D: UBERON:2202029 'pectoral fin proximal radial cartilage 4'
D: UBERON:2202028 'pectoral fin proximal radial cartilage 3'
D: UBERON:2002072 'middle anterior process of basipterygium'
D: UBERON:2202027 'pectoral fin proximal radial cartilage 2'
D: UBERON:2002073 'distal cartilage of middle anterior process of basipterygium'
D: UBERON:0015049 'carpus endochondral element'
D: UBERON:0015044 'manual digit 2 metacarpus endochondral element'
D: UBERON:4400000 'metapterygium cartilage'
D: UBERON:0015043 'manual digit 1 metacarpus endochondral element'
D: UBERON:2002076 'lateral process of basipterygium'
D: UBERON:0015046 'manual digit 4 metacarpus endochondral element'
D: UBERON:0015045 'manual digit 3 metacarpus endochondral element'
D: UBERON:2002077 'lateropterygium'
D: UBERON:0008772 'proximal epiphysis of tibia'
D: UBERON:2202026 'pectoral fin proximal radial cartilage 1'
D: UBERON:0009859 'endosteum'
D: UBERON:4200186 'distal keel of metacarpal III'
D: UBERON:4200185 'entepicondyle fossa'
D: UBERON:4200184 'ulnar tuberosity'
D: UBERON:4200183 'bicipital tuberosity'
D: UBERON:4200182 'lateral tubercle of astragalus'
D: UBERON:4200181 'astragalus head'
D: UBERON:4200180 'semilunate carpal'
D: UBERON:0015050 'tarsus endochondral element'
D: UBERON:0015053 'humerus endochondral element'
D: UBERON:0015052 'femur endochondral element'
D: UBERON:4200119 'pubis-ischium contact'
D: UBERON:4300087 'mesopterygium bone'
D: UBERON:4300088 'metapterygium bone'
D: UBERON:4300089 'propterygium bone'
D: UBERON:4300082 'metapterygium element'
D: UBERON:4300083 'propterygium element'
D: UBERON:4300092 'mesocoracoid element'
D: UBERON:4200118 'pubic peduncle'
D: UBERON:2101416 'pelvic fin distal radial element 3'
D: UBERON:2101417 'pelvic fin distal radial element 1'
D: UBERON:4200117 'pubic boot'
D: UBERON:4200116 'pteroid'
D: UBERON:2101415 'pelvic fin distal radial element 2'
D: UBERON:4200115 'presupracleithrum'
D: UBERON:4200114 'prepubic process'
D: UBERON:4200112 'prepectoral space'
D: UBERON:0009000 'ischial spine'
D: UBERON:0010698 'manual digit metacarpus pre-cartilage condensation'
D: UBERON:0010697 'pedal digit metatarsal cartilage element'
D: UBERON:0010696 'skeleton of pedal acropodium'
D: UBERON:0010699 'manual digit metacarpus cartilage element'
D: UBERON:4440011 'paired fin lepidotrichium'
D: UBERON:4200120 'puboischiadic plate'
D: UBERON:4440010 'pelvic fin radial skeleton'
D: UBERON:3010060 'centrale (fore)'
D: UBERON:3010069 'intermedium (fore)'
D: UBERON:4200127 'suprascapula foramen'
D: UBERON:4200126 'supraacetabular rim'
D: UBERON:4200125 'supraacetabular crest'
D: UBERON:4200123 'scapular process'
D: UBERON:0013750 'metaphysis of tibia'
D: UBERON:0013751 'metaphysis of radius'
D: UBERON:0013752 'diaphysis of metacarpal bone'
D: UBERON:0011575 'styloid process of ulna'
D: UBERON:0013753 'distal epiphysis of metacarpal bone'
D: UBERON:4200131 'trochanteric shelf'
D: UBERON:4200130 'tibial facet of astragalus'
D: UBERON:4200135 'puboischiadic bar'
D: UBERON:1700006 'paired fin radial cartilage'
D: UBERON:0013748 'ulnar metaphysis'
D: UBERON:0013749 'metaphysis of humerus'
D: UBERON:4200141 'prehallical element'
D: UBERON:4200140 'prepollical element'
D: UBERON:4300081 'mesopterygium element'
D: UBERON:0003958 'long bone epiphyseal ossification zone'
D: UBERON:5112138 'pedal digit 8 digitopodial skeleton'
D: UBERON:5112137 'pedal digit 7 digitopodial skeleton'
D: UBERON:3010045 'centrale 1'
D: UBERON:5103631 'pedal digit 1 digitopodial skeleton'
D: UBERON:5103632 'pedal digit 2 digitopodial skeleton'
D: UBERON:5103635 'pedal digit 5 digitopodial skeleton'
D: UBERON:5102544 'individual digit of digitopodial skeleton'
D: UBERON:5103633 'pedal digit 3 digitopodial skeleton'
D: UBERON:0018145 'lumbar rib'
D: UBERON:5103634 'pedal digit 4 digitopodial skeleton'
D: UBERON:0010424 'distal segment of rib'
D: UBERON:2001734 'posterior process of basipterygium'
D: UBERON:2001737 'coracoid foramen'
D: UBERON:5101463 'manual digit 1 digitopodial skeleton'
D: UBERON:5101466 'pedal digit digitopodial skeleton'
D: UBERON:0018144 'cervical rib'
D: UBERON:0007272 'pectoral appendage skeleton'
D: UBERON:0007273 'pelvic appendage skeleton'
D: UBERON:0010683 'pedal digit 4 phalanx cartilage element'
D: UBERON:0010682 'pedal digit 3 phalanx cartilage element'
D: UBERON:0010681 'pedal digit 2 phalanx cartilage element'
D: UBERON:0010680 'pedal digit 1 phalanx cartilage element'
D: UBERON:0013713 'posterior iliac spine'
D: UBERON:0010687 'pedal digit metatarsal pre-cartilage condensation'
D: UBERON:0010686 'manual digit phalanx cartilage element'
D: UBERON:0010685 'pedal digit phalanx cartilage element'
D: UBERON:0010684 'pedal digit 5 phalanx cartilage element'
D: UBERON:0013710 'posterior superior iliac spine'
D: UBERON:0013711 'posterior inferior iliac spine'
D: UBERON:0010688 'skeleton of manual acropodium'
D: UBERON:2000623 'basipterygium bone'
D: UBERON:0013712 'anterior iliac spine'
D: UBERON:3010073 'centrale 2'
D: UBERON:5103624 'manual digit 4 digitopodial skeleton'
D: UBERON:5103625 'manual digit 5 digitopodial skeleton'
D: UBERON:5103622 'manual digit 2 digitopodial skeleton'
D: UBERON:5103623 'manual digit 3 digitopodial skeleton'
D: UBERON:0010676 'manual digit 2 phalanx cartilage element'
D: UBERON:0010675 'manual digit 1 phalanx cartilage element'
D: UBERON:0010679 'manual digit 5 phalanx cartilage element'
D: UBERON:0010678 'manual digit 4 phalanx cartilage element'
D: UBERON:0010677 'manual digit 3 phalanx cartilage element'
D: UBERON:0013707 'iliac spine'
D: UBERON:0013708 'anterior superior iliac spine'
D: UBERON:0013709 'anterior inferior iliac spine'
D: UBERON:4200107 'obturator process of ischium'
D: UBERON:4200104 'metacarpal extensor pit'
D: UBERON:4200103 'median extrascapular'
D: UBERON:4200102 'median dorsal plate'
D: UBERON:4200100 'latissimus dorsi process'
D: UBERON:4300007 'medial pelvic process'
D: UBERON:3000898 'trochanteric crest'
D: UBERON:0035129 'pes cartilage element'
D: UBERON:3000896 'foveal depression'
D: UBERON:0035128 'manus cartilage element'
D: UBERON:2001777 'pelvic fin ray 2'
D: UBERON:3000894 'femoral ridge'
D: UBERON:2001776 'pelvic fin ray 1'
D: UBERON:2001779 'pelvic fin ray 4'
D: UBERON:2001537 'mesocoracoid cartilage'
D: UBERON:2001778 'pelvic fin ray 3'
D: UBERON:2001539 'basipterygium cartilage'
D: UBERON:0004610 'rib 11'
D: UBERON:0004611 'rib 12'
D: UBERON:0001105 'clavicle bone'
D: UBERON:0011141 'appendicular ossicle'
D: UBERON:0014411 'greater sciatic notch'
D: UBERON:4300013 'paired fin radial skeleton'
D: UBERON:0012476 'skeleton of pelvic complex'
D: UBERON:0012475 'skeleton of pectoral complex'
D: UBERON:4300014 'dorsal cleithrum'
D: UBERON:4300015 'ventral cleithrum'
D: UBERON:2001762 'pectoral fin ray 2'
D: UBERON:2001761 'pectoral fin ray 1'
D: UBERON:2001764 'pectoral fin ray 4'
D: UBERON:2001763 'pectoral fin ray 3'
D: UBERON:2001766 'pectoral fin ray 6'
D: UBERON:2001765 'pectoral fin ray 5'
D: UBERON:0014898 'lamina terminalis of ischium'
D: UBERON:2001767 'pectoral fin ray 7'
D: UBERON:0006807 'ectepicondyle of humerus'
D: UBERON:0006806 'entepicondyle of humerus'
D: UBERON:0006805 'sternal end of clavicle'
D: UBERON:0002446 'patella'
D: UBERON:0006803 'obturator foramen'
D: UBERON:0002445 'ulnare'
D: UBERON:0006802 'acetabular rim'
D: UBERON:0006801 'proximal head of humerus'
D: UBERON:0014442 'superior ischial ramus'
D: UBERON:0014443 'inferior ischial ramus'
D: UBERON:0014444 'pubic ramus'
D: UBERON:0014445 'acetabular fossa'
D: UBERON:0012267 'equine splint bone'
D: UBERON:0014440 'ischiopubic ramus'
D: UBERON:0014441 'ischial ramus'
D: UBERON:2001993 'branched pectoral fin ray'
D: UBERON:2001751 'rib of vertebra 5'
D: UBERON:3000876 'spina pelvis anterior'
D: UBERON:2001750 'rib of vertebra 6'
D: UBERON:3000875 'spina pelvis posterior'
D: UBERON:3000874 'crista ischii'
D: UBERON:0012269 'equine hindlimb splint bone'
D: UBERON:2000663 'extrascapula'
D: UBERON:3000873 'pars cylindriformis ilei'
D: UBERON:0012268 'equine forelimb splint bone'
D: UBERON:3000872 'collum ilei'
D: UBERON:0014446 'acetabular notch'
D: UBERON:3000871 'fossula tuberis superioris'
D: UBERON:3000870 'preacetabular expansion'
D: UBERON:2001999 'posterior cleithral process'
D: UBERON:2001998 'posttemporal-supracleithrum'
D: UBERON:0006810 'olecranon'
D: UBERON:3000879 'incisura terminalis'
D: UBERON:3000878 'intumescentia bilateralis superior'
D: UBERON:3000877 'intumescentia bilateralis inferior'
D: UBERON:3010675 'bony nodule of terminal phalanx of hind digit'
D: UBERON:4300237 'rib of vertebra 8'
D: UBERON:0013584 'metapodium bone 4'
D: UBERON:0013585 'metapodium bone 5'
D: UBERON:0013586 'fused metapodial bones 3 and 4'
D: UBERON:0013587 'fused metacarpal bones 3 and 4'
D: UBERON:3010205 'postminimus'
D: UBERON:2201417 'pelvic fin distal radial cartilage 1'
D: UBERON:0013581 'metapodium bone 1'
D: UBERON:2201416 'pelvic fin distal radial cartilage 3'
D: UBERON:0013582 'metapodium bone 2'
D: UBERON:0013583 'metapodium bone 3'
D: UBERON:4300236 'rib of vertebra 7'
D: UBERON:2201415 'pelvic fin distal radial cartilage 2'
D: UBERON:0014430 'sciatic notch'
D: UBERON:0014439 'inferior pubic ramus'
D: UBERON:3000886 'ypsiloid cartilage'
D: UBERON:2000410 'postcleithrum'
D: UBERON:3000884 'epipubis'
D: UBERON:3000883 'recessus coccygealis'
D: UBERON:0013588 'fused metatarsal bones 3 and 4'
D: UBERON:0014436 'lesser sciatic notch'
D: UBERON:3000882 'interilial region'
D: UBERON:0014437 'iliac crest'
D: UBERON:0014438 'superior pubic ramus'
D: UBERON:3000880 'crista hypertrophica ischium'
D: UBERON:0006822 'proximal epiphysis of ulna'
D: UBERON:0004401 'bone tissue of distal epiphysis'
D: UBERON:0004402 'bone tissue of proximal epiphysis'
D: UBERON:0004400 'bone tissue of epiphysis'
D: UBERON:0004409 'distal epiphysis of phalanx of manus'
D: UBERON:3010685 'distal-most prehallical element'
D: UBERON:0004407 'distal epiphysis of radius'
D: UBERON:0004408 'distal epiphysis of ulna'
D: UBERON:3010682 'proximal-most prepollical element'
D: UBERON:0004405 'distal epiphysis of tibia'
D: UBERON:0004406 'distal epiphysis of femur'
D: UBERON:0002225 'costal arch'
D: UBERON:3010684 'proximal-most prehallical element'
D: UBERON:0004403 'periosteum of epiphysis'
D: UBERON:0002228 'rib'
D: UBERON:0004404 'distal epiphysis of humerus'
D: UBERON:3010683 'distal-most prepollical element'
D: UBERON:0035561 'styliform element'
D: UBERON:5102389 'manual digit digitopodial skeleton'
D: UBERON:0013774 'diaphysis of metatarsal bone'
D: UBERON:0008194 'tibiotarsus'
D: UBERON:0008195 'tarsometatarsus'
D: UBERON:0011584 'zeugopodial skeleton'
D: UBERON:0011583 'stylopodial skeleton'
D: UBERON:0011582 'paired limb/fin skeleton'
D: UBERON:0011104 'epiphysis of fifth metacarpal bone'
D: UBERON:2000239 'mesocoracoid bone'
D: UBERON:3010262 'capitulum of radio-ulna'
D: UBERON:4300028 'posterior ventrolateral plate'
D: UBERON:0014882 'distal epiphysis of distal phalanx of manual digit 2'
D: UBERON:0014883 'distal epiphysis of distal phalanx of manual digit 3'
D: UBERON:0014884 'distal epiphysis of distal phalanx of manual digit 4'
D: UBERON:0014885 'distal epiphysis of distal phalanx of manual digit 5'
D: UBERON:4300024 'spinal plate'
D: UBERON:4300025 'posterior dorsolateral plate'
D: UBERON:4300026 'anterior ventrolateral plate'
D: UBERON:0014881 'distal epiphysis of distal phalanx of manual digit 1'
D: UBERON:4300262 'pelvic fin hook'
D: UBERON:4300021 'anterolateral plate'
D: UBERON:4300022 'anteroventral plate'
D: UBERON:4440009 'pectoral fin radial skeleton'
D: UBERON:4300023 'interolateral plate'
D: UBERON:0014409 'metacromion'
D: UBERON:0014886 'distal epiphysis of distal phalanx of manual digit'
D: UBERON:0014887 'distal epiphysis of distal phalanx of digit'
D: UBERON:4300261 'pectoral fin hook'
D: UBERON:0014871 'distal epiphysis of distal phalanx of pedal digit 1'
D: UBERON:0014872 'distal epiphysis of distal phalanx of pedal digit 2'
D: UBERON:0014873 'distal epiphysis of distal phalanx of pedal digit 3'
D: UBERON:0014874 'distal epiphysis of distal phalanx of pedal digit 4'
D: UBERON:2001780 'pelvic fin ray 5'
D: UBERON:0004609 'rib 10'
D: UBERON:2001782 'pelvic fin ray 7'
D: UBERON:2001781 'pelvic fin ray 6'
D: UBERON:0014875 'distal epiphysis of distal phalanx of pedal digit 5'
D: UBERON:2001788 'pelvic splint'
D: UBERON:2001787 'pectoral fin spine'
D: UBERON:0014876 'distal epiphysis of distal phalanx of pedal digit'
D: UBERON:3010240 'Nobelian rod'
D: UBERON:0004607 'rib 7'
D: UBERON:0002428 'limb bone'
D: UBERON:0004608 'rib 9'
D: UBERON:0004605 'rib 5'
D: UBERON:0004606 'rib 6'
D: UBERON:0004603 'rib 3'
D: UBERON:0004604 'rib 4'
D: UBERON:0004601 'rib 1'
D: UBERON:0004602 'rib 2'
# PARSING: UBERON:0002091
# QUERY: UBERON:0002091 'appendicular skeleton'
E: UBERON:0002091 'appendicular skeleton'
2021-02-13 00:32:37,486 WARN  (OWLGraphWrapperExtended:936) Unable to retrieve the value of oboInOwl#id as the identifier for http://www.w3.org/2002/07/owl#Nothing; we will use an original iri as the identifier.
2021-02-13 00:32:37,488 WARN  (OWLGraphWrapperExtended:936) Unable to retrieve the value of oboInOwl#id as the identifier for http://www.w3.org/2002/07/owl#Nothing; we will use an original iri as the identifier.
D: Nothing Nothing
A:BFO:0000004 'independent continuant'
A:BFO:0000002 'continuant'
A:UBERON:0010912 'subdivision of skeleton'
A:UBERON:0000061 'anatomical structure'
A:UBERON:0010000 'multicellular anatomical structure'
A:UBERON:0001062 'anatomical entity'
A:BFO:0000040 'material entity'
A:UBERON:0000465 'material anatomical entity'
2021-02-13 00:32:37,498 WARN  (OWLGraphWrapperExtended:936) Unable to retrieve the value of oboInOwl#id as the identifier for http://www.w3.org/2002/07/owl#Thing; we will use an original iri as the identifier.
2021-02-13 00:32:37,499 WARN  (OWLGraphWrapperExtended:936) Unable to retrieve the value of oboInOwl#id as the identifier for http://www.w3.org/2002/07/owl#Thing; we will use an original iri as the identifier.
A:Thing Thing
A:UBERON:0011216 'organ system subdivision'
