# PARSING: BFO_0000050 some UBERON:0001009
# QUERY: ObjectSomeValuesFrom(BFO:0000050 'part of' UBERON:0001009 'circulatory system')
2021-02-08 16:59:54,722 WARN  (ChangeIndexingProcessor:66) [reasoner.indexing.axiomIgnored]ELK does not support ObjectAllValuesFrom. Axiom ignored:
SubClassOf(<http://purl.obolibrary.org/obo/BFO_0000019> ObjectAllValuesFrom(<http://purl.obolibrary.org/obo/BFO_0000050> <http://purl.obolibrary.org/obo/BFO_0000019>))
2021-02-08 16:59:54,752 WARN  (ChangeIndexingProcessor:66) [reasoner.indexing.axiomIgnored]ELK does not support ObjectAllValuesFrom. Axiom ignored:
SubClassOf(<http://purl.obolibrary.org/obo/BFO_0000020> ObjectAllValuesFrom(<http://purl.obolibrary.org/obo/BFO_0000050> <http://purl.obolibrary.org/obo/BFO_0000020>))
2021-02-08 16:59:54,767 WARN  (ChangeIndexingProcessor:66) [reasoner.indexing.axiomIgnored]ELK does not support ObjectAllValuesFrom. Axiom ignored:
SubClassOf(<http://purl.obolibrary.org/obo/BFO_0000003> ObjectAllValuesFrom(<http://purl.obolibrary.org/obo/BFO_0000050> <http://purl.obolibrary.org/obo/BFO_0000003>))
2021-02-08 16:59:54,772 WARN  (ChangeIndexingProcessor:66) [reasoner.indexing.axiomIgnored]ELK does not support ObjectAllValuesFrom. Axiom ignored:
SubClassOf(<http://purl.obolibrary.org/obo/BFO_0000002> ObjectAllValuesFrom(<http://purl.obolibrary.org/obo/BFO_0000050> <http://purl.obolibrary.org/obo/BFO_0000002>))
2021-02-08 16:59:54,782 WARN  (ChangeIndexingProcessor:66) [reasoner.indexing.axiomIgnored]ELK does not support ObjectAllValuesFrom. Axiom ignored:
SubClassOf(<http://purl.obolibrary.org/obo/BFO_0000004> ObjectAllValuesFrom(<http://purl.obolibrary.org/obo/BFO_0000050> <http://purl.obolibrary.org/obo/BFO_0000004>))
2021-02-08 16:59:57,944 WARN  (OWLGraphWrapperExtended:936) Unable to retrieve the value of oboInOwl#id as the identifier for http://owltools.org/Q; we will use an original iri as the identifier.
2021-02-08 16:59:57,953 WARN  (OWLGraphWrapperExtended:936) Unable to retrieve the value of oboInOwl#id as the identifier for http://owltools.org/Q; we will use an original iri as the identifier.
E: Q Q
D: UBERON:0037144 'wall of heart'
D: UBERON:0001191 'common iliac artery'
D: UBERON:0001190 'ovarian artery'
D: UBERON:0002040 'bronchial artery'
D: UBERON:0001193 'hepatic artery'
D: UBERON:0001192 'left gastric artery'
D: UBERON:0001188 'right testicular artery'
D: UBERON:0004698 'vena cava endothelium'
D: UBERON:0006877 'vasculature of liver'
D: UBERON:0001187 'testicular artery'
D: UBERON:0004699 'outflow tract endothelium'
D: UBERON:0006876 'vasculature of organ'
D: UBERON:0004212 'glomerular capillary'
D: UBERON:0004696 'venous system smooth muscle'
D: UBERON:0001189 'left testicular artery'
D: UBERON:0001184 'renal artery'
D: UBERON:0004695 'arterial system smooth muscle'
D: UBERON:0001183 'inferior mesenteric artery'
D: UBERON:0001186 'left renal artery'
D: UBERON:0001185 'right renal artery'
D: UBERON:0002039 'inferior phrenic vein'
D: UBERON:0003369 'fossa ovalis of heart'
D: CL:1001064 'kidney artery smooth muscle cell'
D: CL:1001068 'kidney venous system smooth muscle cell'
D: CL:1001066 'kidney arteriole smooth muscle cell'
D: UBERON:0003381 'cardiac muscle of right ventricle'
D: UBERON:0003382 'cardiac muscle of left ventricle'
D: UBERON:0003380 'cardiac muscle of left atrium'
D: CL:0000348 'choroidal cell of the eye'
D: UBERON:0003378 'cardiac muscle of auricular region'
D: UBERON:0001198 'superior suprarenal artery'
D: UBERON:0003379 'cardiac muscle of right atrium'
D: UBERON:0001195 'inferior pancreaticoduodenal artery'
D: UBERON:0002042 'lymphatic vessel endothelium'
D: UBERON:0001194 'splenic artery'
D: UBERON:0001197 'ileocolic artery'
D: UBERON:0001196 'middle colic artery'
D: UBERON:0015350 'saphenous artery'
D: UBERON:0002049 'vasculature'
D: CL:1001052 'kidney cortex vein cell'
D: UBERON:0002060 'femoral artery'
D: UBERON:0002062 'endocardial cushion'
D: UBERON:0002061 'truncus arteriosus'
D: UBERON:0002057 'phrenic artery'
D: UBERON:0004236 'arteriole smooth muscle'
D: CL:0000359 'vascular associated smooth muscle cell'
D: UBERON:0004237 'blood vessel smooth muscle'
D: UBERON:0002056 'inferior suprarenal artery'
D: UBERON:0003388 'mesothelium of pericardial cavity'
D: CL:0002539 'aortic smooth muscle cell'
D: UBERON:0004232 'lymphatic vessel smooth muscle'
D: UBERON:0003383 'cardiac muscle tissue of interventricular septum'
D: UBERON:0036285 'wall of left ventricle'
D: UBERON:0036286 'wall of right ventricle'
D: CL:1001045 'kidney cortex artery cell'
D: UBERON:0036289 'anterior wall of right ventricle'
D: UBERON:0036288 'anterior wall of left ventricle'
D: CL:0011019 'mesothelial cell of epicardium'
D: UBERON:0002070 'superior pancreaticoduodenal artery'
D: CL:0002549 'fibroblast of choroid plexus'
D: CL:0002548 'fibroblast of cardiac tissue'
D: UBERON:0004246 'outflow tract smooth muscle'
D: CL:0002545 'thoracic aorta endothelial cell'
D: UBERON:0002064 'common cardinal vein'
D: UBERON:0002063 'sinus venosus'
D: CL:0002544 'aortic endothelial cell'
D: UBERON:0002066 'umbilical vein'
D: CL:0002547 'fibroblast of the aortic adventitia'
D: UBERON:0002065 'posterior cardinal vein'
D: UBERON:0036290 'myocardium of anterior wall of left ventricle'
D: CL:0002543 'vein endothelial cell'
D: UBERON:0036291 'myocardium of anterior wall of right ventricle'
D: UBERON:0013133 'superior phrenic artery'
D: UBERON:0015796 'liver blood vessel'
D: UBERON:0013136 'vein of lip'
D: UBERON:0036256 'iliac lymph sac'
D: UBERON:3010417 'posterior palatine artery'
D: UBERON:0013132 'penicillar arteriole'
D: CL:1001033 'peritubular capillary endothelial cell'
D: UBERON:0036259 'cardial lymph propulsor'
D: CL:1001036 'vasa recta cell'
D: UBERON:0013137 'external pudendal artery'
D: UBERON:0005986 'left branch of atrioventricular bundle'
D: UBERON:0001144 'testicular vein'
D: UBERON:0005985 'coronary vessel'
D: UBERON:0001143 'hepatic vein'
D: UBERON:0005984 'subendocardium layer'
D: UBERON:0001146 'suprarenal vein'
D: UBERON:0001145 'ovarian vein'
D: UBERON:0005983 'heart layer'
D: UBERON:0005982 'Bachmann's bundle'
D: UBERON:0001140 'renal vein'
D: UBERON:0005981 'vena cava sinus'
D: UBERON:0005980 'pectinate muscle'
D: UBERON:0001142 'left renal vein'
D: UBERON:0001141 'right renal vein'
D: CL:0002557 'fibroblast of pulmonary artery'
D: UBERON:3010413 'left channel of ventral aorta'
D: CL:0002554 'fibroblast of lymphatic vessel'
D: UBERON:0005989 'atrioventricular septum'
D: UBERON:0005988 'atrium myocardial trabecula'
D: UBERON:0005987 'right branch of atrioventricular bundle'
D: UBERON:0036260 'embryonic cisterna chyli'
D: UBERON:0013124 'left posterior cardinal vein'
D: UBERON:0013125 'left subcardinal vein'
D: UBERON:0036267 'vulval vein'
D: UBERON:0036269 'penis blood vessel'
D: UBERON:0036268 'pelvic vein'
D: UBERON:2001286 'caudal vein plexus'
D: UBERON:0013126 'vein of abdomen'
D: UBERON:0013127 'pulmonary venous system'
D: UBERON:0005997 'tricuspid valve anulus'
D: UBERON:0005996 'mitral valve cusp'
D: UBERON:0004666 'interventricular septum membranous part'
D: UBERON:0005995 'mitral valve anulus'
D: UBERON:0004663 'aorta wall'
D: UBERON:0006842 'lymphatic capillary'
D: UBERON:0004664 'aorta tunica adventitia'
D: UBERON:0005994 'chorda tendineae'
D: UBERON:0006841 'central vein of liver'
D: UBERON:0005993 'pulmonary valve anulus'
D: UBERON:0005992 'pulmonary valve cusp'
D: UBERON:0005991 'aortic valve anulus'
D: UBERON:0005990 'aortic valve cusp'
D: UBERON:3010424 'right channel of ventral aorta'
D: UBERON:3010423 'larval aorta'
D: UBERON:0004667 'interventricular septum muscular part'
D: UBERON:0005998 'tricuspid valve cusp'
D: UBERON:0038894 'paratracheal lymph node'
D: UBERON:0013151 'choroidal artery'
D: UBERON:0013152 'interventricular foramen of heart'
D: UBERON:0002012 'pulmonary artery'
D: UBERON:0002493 'uterine artery'
D: UBERON:0006851 'renal cortex peritubular capillary'
D: UBERON:0002011 'thoracodorsal artery'
D: UBERON:0002494 'papillary muscle of heart'
D: UBERON:0002017 'portal vein'
D: UBERON:0002016 'pulmonary vein'
D: UBERON:0035392 'cystic vein'
D: UBERON:0013144 'vein of genicular venous plexus'
D: UBERON:0013145 'accessory saphenous vein'
D: UBERON:0013146 'venous system of brain'
D: UBERON:0035395 'branch of left coronary artery'
D: UBERON:3010404 'capillary system of liver'
D: UBERON:0035398 'branch of external carotid artery'
D: UBERON:0013140 'systemic vein'
D: UBERON:0013141 'capillary bed'
D: UBERON:0013142 'soleal vein'
D: UBERON:0013143 'gastrocnemius vein'
D: UBERON:0004690 'pancreaticoduodenal vein'
D: CL:1001005 'glomerular capillary endothelial cell'
D: CL:1001006 'kidney afferent arteriole cell'
D: UBERON:0001182 'superior mesenteric artery'
D: CL:1001009 'kidney efferent arteriole cell'
D: UBERON:0004688 'costo-cervical trunk'
D: CL:0002589 'smooth muscle cell of the brachiocephalic vasculature'
D: UBERON:0007718 'principal artery to limb'
D: CL:0002588 'smooth muscle cell of the umbilical vein'
D: CL:0002585 'retinal blood vessel endothelial cell'
D: CL:0002100 'regular interventricular cardiac myocyte'
D: UBERON:0004689 'naso-frontal vein'
D: CL:0002590 'smooth muscle cell of the brain vasculature'
D: UBERON:0034951 'subcutaneous lymph sac'
D: UBERON:0034950 'lymph sac of lymph heart'
D: UBERON:0034953 'embryonic lymph sac'
D: UBERON:0034952 'intrapleuroperitoneal lymph sac'
D: UBERON:2005219 'choroid plexus vascular circuit'
D: UBERON:0034959 'right lymph heart'
D: UBERON:0034958 'retroperitoneal embryonic lymph sac'
D: UBERON:0004296 'respiratory system lymphatic vessel smooth muscle'
D: UBERON:0005144 'metanephric glomerular capillary'
D: UBERON:0004297 'respiratory system blood vessel smooth muscle'
D: UBERON:0007321 'lateral saphenous vein'
D: CL:0002596 'smooth muscle cell of the carotid artery'
D: CL:0002595 'smooth muscle cell of the subclavian artery'
D: CL:0002592 'smooth muscle cell of the coronary artery'
D: CL:0002591 'smooth muscle cell of the pulmonary artery'
D: CL:0002594 'smooth muscle cell of the umbilical artery'
D: CL:0002593 'smooth muscle cell of the internal thoracic artery'
D: UBERON:0034960 'left lymph heart'
D: UBERON:0006011 'hyaloid vein'
D: UBERON:0011820 'atrioventricular region'
D: UBERON:0034962 'copulatory lymph heart'
D: UBERON:0034961 'embryonic lymph heart'
D: UBERON:0034964 'superficial epigastric artery'
D: UBERON:0034965 'middle thyroid vein'
D: UBERON:0006008 'fibrous ring of heart'
D: UBERON:0006002 'vitelline artery'
D: CL:0002129 'regular atrial cardiac myocyte'
D: UBERON:0006009 'cusp of cardiac valve'
D: UBERON:0007352 'stria vascularis vasculature'
D: UBERON:0010523 'microcirculatory vessel'
D: CL:0002138 'endothelial cell of lymphatic vessel'
D: UBERON:0005168 'renal interlobular vein'
D: CL:0002130 'regular interatrial cardiac myocyte'
D: CL:0002131 'regular ventricular cardiac myocyte'
D: UBERON:0034940 'venous sinus cavity'
D: UBERON:0034949 'lymphatic valve'
D: CL:0002144 'capillary endothelial cell'
D: UBERON:0009536 'vascular element of left lung'
D: UBERON:0009537 'vascular element of right lung'
D: UBERON:0004261 'lower leg blood vessel'
D: UBERON:0002082 'cardiac ventricle'
D: UBERON:0002081 'cardiac atrium'
D: UBERON:0002084 'heart left ventricle'
D: UBERON:0002083 'ductus venosus'
D: UBERON:0004260 'upper arm blood vessel'
D: UBERON:2005259 'continuous capillary'
D: UBERON:0002080 'heart right ventricle'
D: UBERON:0004258 'back blood vessel'
D: UBERON:0002079 'left cardiac atrium'
D: UBERON:0004259 'lower arm blood vessel'
D: UBERON:0002078 'right cardiac atrium'
D: UBERON:0006436 'principal artery to forelimb'
D: UBERON:0004257 'upper leg blood vessel'
D: UBERON:2005260 'fenestrated capillary'
D: UBERON:0006438 'principal artery to hindlimb'
D: UBERON:0018410 'lacteal'
D: UBERON:2005248 'trans-choroid plexus branch'
D: UBERON:0002094 'interventricular septum'
D: UBERON:0004271 'outflow tract pericardium'
D: UBERON:0002089 'thoracodorsal vein'
D: UBERON:0005599 'common dorsal aorta'
D: UBERON:0034927 'arcuate artery of foot'
D: UBERON:0002086 'sinoatrial valve'
D: UBERON:0004265 'outflow tract myocardium'
D: UBERON:0006443 'prinicipal vein of limb'
D: UBERON:0002085 'interatrial septum'
D: UBERON:0002088 'lateral thoracic vein'
D: UBERON:0002087 'atrioventricular canal'
D: UBERON:0007777 'umbilical vein endothelium'
D: UBERON:0005119 'metanephric glomerular mesangium'
D: UBERON:0007778 'umbilical artery endothelium'
D: CL:1001096 'kidney afferent arteriole endothelial cell'
D: CL:1001097 'kidney afferent arteriole smooth muscle cell'
D: CL:1001099 'kidney efferent arteriole endothelial cell'
D: UBERON:0004276 'fourth ventricle choroid plexus epithelium'
D: UBERON:0002099 'cardiac septum'
D: UBERON:0011819 'lumen of atrioventricular canal'
D: UBERON:0004274 'lateral ventricle choroid plexus epithelium'
D: UBERON:0004275 'third ventricle choroid plexus epithelium'
D: UBERON:0002098 'apex of heart'
D: UBERON:0007300 'pectoral appendage blood vessel'
D: UBERON:0007301 'appendage blood vessel'
D: UBERON:0007302 'pectoral appendage vasculature'
D: UBERON:0009966 'internodal tract'
D: UBERON:0007303 'pharyngeal vasculature'
D: UBERON:0007304 'appendage vasculature'
D: UBERON:0009968 'primitive superior sagittal sinus'
D: UBERON:0009967 'spleen venous sinus'
D: UBERON:0007306 'pronephric glomerular capillary'
D: UBERON:0004294 'glomerular capillary endothelium'
D: UBERON:0004292 'cardiac skeleton'
D: UBERON:0007318 'saphenous vein'
D: UBERON:0007319 'medial saphenous vein'
D: UBERON:0034903 'left atrium endocardium'
D: UBERON:0005136 'metanephric glomerular endothelium'
D: UBERON:0005133 'metanephric glomerulus vasculature'
D: UBERON:0007312 'pudendal artery'
D: UBERON:0007798 'vascular system'
D: UBERON:0007314 'superior external pudendal artery'
D: UBERON:0009976 'hypothalamo-hypophyseal system'
D: UBERON:0007315 'internal pudendal artery'
D: UBERON:0007316 'deep external pudendal artery'
D: UBERON:0007317 'superficial external pudendal artery'
D: UBERON:0001629 'carotid body'
D: UBERON:0001628 'posterior communicating artery'
D: CL:2000070 'optic choroid fibroblast'
D: CL:2000071 'mammary microvascular endothelial cell'
D: CL:2000072 'adipose microvascular endothelial cell'
D: UBERON:0035404 'superior hypophysial artery'
D: UBERON:0035403 'hypophysial artery'
D: CL:2000076 'hindlimb stylopod vein endothelial cell'
D: UBERON:0001625 'right coronary artery'
D: UBERON:0001624 'anterior cerebral artery'
D: UBERON:0001627 'middle cerebral artery'
D: UBERON:0001626 'left coronary artery'
D: UBERON:0001621 'coronary artery'
D: UBERON:0001620 'central retinal artery'
D: UBERON:0001623 'dorsal nasal artery'
D: UBERON:0001622 'lacrimal artery'
D: UBERON:0001639 'hepatic portal vein'
D: UBERON:0038929 'infrahyoid lymph node'
D: UBERON:2000716 'afferent portion of pharyngeal arch artery'
D: UBERON:0001636 'posterior cerebral artery'
D: UBERON:0008267 'left supracardinal vein'
D: UBERON:0008268 'right supracardinal vein'
D: UBERON:0001635 'superior cerebellar artery'
D: UBERON:0001638 'vein'
D: UBERON:0001637 'artery'
D: UBERON:0001632 'temporal artery'
D: UBERON:0001631 'thoracic duct'
D: UBERON:0001634 'mesencephalic artery'
D: UBERON:0001633 'basilar artery'
D: CL:2000059 'prostate gland microvascular endothelial cell'
D: UBERON:0012308 'superficial lateral cervical lymph node'
D: CL:2000052 'umbilical artery endothelial cell'
D: UBERON:0001641 'transverse sinus'
D: UBERON:0012309 'superficial anterior cervical lymph node'
D: UBERON:0001640 'celiac artery'
D: UBERON:0009129 'right atrium endocardium'
D: UBERON:0001642 'superior sagittal sinus'
D: CL:2000067 'cardiac atrium fibroblast'
D: CL:2000068 'pericardium fibroblast'
D: UBERON:0009140 'right subcardinal vein'
D: UBERON:0009141 'craniocervical region vein'
D: CL:2000062 'placental villus capillary endothelial cell'
D: CL:2000065 'ovarian microvascular endothelial cell'
D: CL:2000066 'cardiac ventricle fibroblast'
D: UBERON:0001652 'left pulmonary artery'
D: UBERON:0001651 'right pulmonary artery'
D: UBERON:0001658 'middle temporal vein'
D: UBERON:0002505 'spiral modiolar artery'
D: UBERON:0001657 'superficial temporal vein'
D: UBERON:0003835 'abdominal segment blood vessel'
D: UBERON:0009138 'right common cardinal vein'
D: UBERON:0001659 'transverse facial vein'
D: UBERON:0009139 'right posterior cardinal vein'
D: UBERON:0001654 'supraorbital vein'
D: UBERON:0003834 'thoracic segment blood vessel'
D: UBERON:0001653 'facial vein'
D: UBERON:0001656 'retromandibular vein'
D: UBERON:0001655 'submental vein'
D: UBERON:0014903 'primordial vasculature'
D: UBERON:0005195 'deferent duct vein'
D: UBERON:0014904 'intersegmental pulmonary vein'
D: UBERON:0005194 'thoracic vein'
D: UBERON:0005193 'ethmoidal artery'
D: UBERON:0005192 'deferent duct artery'
D: UBERON:0014907 'intersomitic vessel'
D: UBERON:0009548 'hepatic sinusoid of left of lobe of liver'
D: UBERON:0009549 'hepatic sinusoid of right of lobe of liver'
D: CL:2000046 'ventricular cardiac muscle cell'
D: UBERON:0007384 'appendage lymph vessel'
D: UBERON:0007385 'pectoral appendage lymph vessel'
D: UBERON:0007386 'pelvic appendage lymph vessel'
D: CL:2000040 'bladder microvascular endothelial cell'
D: UBERON:0011861 'aorta collagen fibril'
D: CL:2000041 'dermis microvascular lymphatic vessel endothelial cell'
D: CL:2000044 'brain microvascular endothelial cell'
D: CL:2000016 'lung microvascular endothelial cell'
D: CL:2000018 'endothelial cell of coronary artery'
D: UBERON:0034971 'aortic body'
D: UBERON:0011897 'cardiac endomysium'
D: UBERON:0034972 'jugular body'
D: UBERON:0006060 'conotruncus'
D: CL:2000010 'dermis blood vessel endothelial cell'
D: CL:2000011 'dermis lymphatic vessel endothelial cell'
D: UBERON:0035829 'right gastroepiploic artery'
D: UBERON:0034980 'jugular bulb'
D: UBERON:0001618 'buccal artery'
D: UBERON:0001617 'mental artery'
D: UBERON:0034982 'inferior bulb of internal jugular vein'
D: UBERON:0034981 'superior bulb of internal jugular vein'
D: UBERON:0001619 'ophthalmic artery'
D: UBERON:0035830 'left gastroepiploic artery'
D: UBERON:0035835 'apical region of left ventricle'
D: UBERON:0035837 'apical region of heart ventricle'
D: UBERON:0035836 'apical region of right ventricle'
D: CL:2000022 'cardiac septum cell'
D: UBERON:0001614 'superficial temporal artery'
D: UBERON:0001613 'occipital artery'
D: UBERON:0001616 'maxillary artery'
D: UBERON:0001615 'transverse facial artery'
D: UBERON:0001610 'lingual artery'
D: UBERON:0001612 'facial artery'
D: UBERON:0001611 'sublingual artery'
D: UBERON:0010181 'straight venules of kidney'
D: UBERON:0035483 'left suprarenal vein'
D: UBERON:0013218 'rete mirabile'
D: UBERON:0035489 'branch of basilar artery'
D: UBERON:0010189 'right atrium venous valve'
D: UBERON:0010190 'pair of dorsal aortae'
D: UBERON:0010191 'aortic system'
D: UBERON:0001227 'minor calyx'
D: UBERON:0001226 'major calyx'
D: UBERON:0010172 'bulb of aorta'
D: UBERON:0010173 'sinotubular junction'
D: UBERON:0035492 'inferior hypophysial artery'
D: UBERON:0010176 'nutrient foramen artery'
D: CL:1001100 'kidney efferent arteriole smooth muscle cell'
D: UBERON:0010174 'Schweigger-Seidel sheath'
D: CL:2000008 'microvascular endothelial cell'
D: UBERON:0010175 'nutrient foramen vein'
D: UBERON:0015869 'retropharyngeal lymph node'
D: UBERON:0015410 'heart plus pericardium'
D: UBERON:0035462 'anterior parietal artery'
D: UBERON:0005601 'dorsal mesocardium'
D: UBERON:0004754 'foramen ovale of heart'
D: UBERON:0005609 'iliac artery'
D: UBERON:0005608 'hyoid artery'
D: UBERON:0005607 'hyaloid vascular plexus'
D: UBERON:0005606 'hyaloid cavity'
D: UBERON:0010194 'hepatic portal system'
D: UBERON:0010195 'renal portal system'
D: UBERON:0010192 'genital artery'
D: UBERON:0010193 'renal portal vein'
D: UBERON:0010198 'carotid duct'
D: UBERON:0035474 'right subcostal vein'
D: UBERON:0010197 'trunk of common carotid artery'
D: UBERON:0013220 'foramen of Panizza'
D: CL:1001567 'lung endothelial cell'
D: UBERON:0036328 'wall of coronary artery'
D: CL:0019018 'blood vessel smooth muscle cell'
D: CL:0019017 'lymphatic vessel smooth muscle cell'
D: CL:1001568 'pulmonary artery endothelial cell'
D: UBERON:0005612 'intercostal artery'
D: UBERON:0005610 'iliac vein'
D: CL:0000881 'perivascular macrophage'
D: UBERON:0005617 'mesenteric vein'
D: UBERON:0005616 'mesenteric artery'
D: UBERON:0005613 'left dorsal aorta'
D: UBERON:0012322 'ascending cervical artery'
D: UBERON:0012321 'deep cervical artery'
D: UBERON:0012320 'cervical artery'
D: UBERON:0012324 'transverse cervical artery'
D: UBERON:0001661 'deep temporal vein'
D: UBERON:0001660 'maxillary vein'
D: CL:0019021 'endothelial cell of periportal hepatic sinusoid'
D: UBERON:0001663 'cerebral vein'
D: UBERON:0001662 'anterior auricular vein'
D: CL:0019022 'endothelial cell of pericentral hepatic sinusoid'
D: UBERON:0001669 'superior cerebellar vein'
D: UBERON:0003848 'gonadal vein'
D: UBERON:0001668 'cerebellar vein'
D: UBERON:0009149 'foramen primum'
D: UBERON:0003847 'thyroid artery'
D: UBERON:0002511 'trabecula carnea'
D: UBERON:0001664 'inferior cerebral vein'
D: UBERON:0010132 'gastroduodenal artery'
D: UBERON:0036300 'tributary of central retinal vein'
D: UBERON:0012311 'deep anterior cervical lymph node'
D: UBERON:0012310 'deep lateral cervical lymph node'
D: UBERON:0036302 'vasculature of central nervous system plus retina'
D: UBERON:0010131 'conducting tissue of heart'
D: UBERON:0036301 'vasculature of spleen'
D: UBERON:0013648 'masseteric artery'
D: UBERON:0036303 'vasculature of central nervous system'
D: UBERON:0012319 'posterior ethmoidal artery'
D: UBERON:0012318 'anterior ethmoidal artery'
D: UBERON:0001672 'anterior cerebral vein'
D: UBERON:0001671 'temporal vein'
D: UBERON:0001674 'masseteric vein'
D: UBERON:0001673 'central retinal vein'
D: UBERON:0001670 'inferior cerebellar vein'
D: UBERON:0004706 'bulbus cordis'
D: UBERON:0004702 'respiratory system blood vessel endothelium'
D: UBERON:0002522 'tunica media'
D: UBERON:0004700 'arterial system endothelium'
D: UBERON:0004701 'venous system endothelium'
D: UBERON:0010161 'lumen of blood vessel'
D: UBERON:0010160 'lumen of lymphatic vessel'
D: UBERON:0038930 'prelaryngeal lymph node'
D: UBERON:0038931 'thyroid lymph node'
D: UBERON:0004719 'kidney arcuate vein'
D: UBERON:0035422 'circumflex branch of left coronary artery'
D: UBERON:0038934 'superior deep lateral cervical lymph node'
D: UBERON:0038935 'inferior deep lateral cervical lymph node'
D: UBERON:0038932 'pretracheal lymph node'
D: UBERON:0035428 'postcapillary venule'
D: UBERON:0038936 'jugulodigastric lymph node'
D: UBERON:0004711 'jugular vein'
D: UBERON:0035435 'right suprarenal vein'
D: UBERON:0011006 'endocardium of left auricle'
D: UBERON:0011005 'endocardium of auricle'
D: CL:0002618 'endothelial cell of umbilical vein'
D: UBERON:0011007 'endocardium of right auricle'
D: UBERON:0001218 'middle colic vein'
D: UBERON:0001217 'ileal vein'
D: UBERON:0004726 'vasa recta'
D: UBERON:0001219 'ileocolic vein'
D: UBERON:0001214 'pancreatic tributary of splenic vein'
D: UBERON:0001216 'jejunal vein'
D: UBERON:0004722 'deep cervical lymph node'
D: UBERON:0001215 'inferior mesenteric vein'
D: UBERON:0004723 'interlobular artery'
D: UBERON:0016565 'cerebral blood vessel'
D: UBERON:0015231 'circulatory system dorsal vessel'
D: UBERON:0015230 'dorsal vessel heart'
D: UBERON:0016564 'deep cerebral vein'
D: UBERON:0001070 'external carotid artery'
D: UBERON:0004581 'systemic venous system'
D: UBERON:0001072 'posterior vena cava'
D: UBERON:0001071 'superficial cervical artery'
D: UBERON:0004573 'systemic artery'
D: UBERON:0004571 'systemic arterial system'
D: UBERON:0004572 'arterial system'
D: UBERON:0012197 'intercostal vein'
D: UBERON:0015224 'interventricular foramen intermedium'
D: UBERON:3010507 'precaval vein'
D: UBERON:3010506 'postcaval vein'
D: UBERON:0012196 'right superior intercostal vein'
D: UBERON:0015226 'bulbar spiral septum'
D: UBERON:0012195 'left superior intercostal vein'
D: UBERON:0015225 'atrial foramen intermedium'
D: UBERON:0012194 'superior intercostal vein'
D: UBERON:3010503 'oviduct artery'
D: UBERON:3010502 'duodeno-hepatic artery'
D: UBERON:0012199 'posterior intercostal vein'
D: UBERON:0001081 'endocardium of ventricle'
D: UBERON:0001083 'myocardium of ventricle'
D: UBERON:0001082 'epicardium of ventricle'
D: UBERON:0015228 'circulatory organ'
D: UBERON:0016559 'superficial cerebral vein'
D: UBERON:0015227 'peristaltic circulatory vessel'
D: UBERON:0015229 'accessory circulatory organ'
D: UBERON:0005436 'common hepatic artery'
D: UBERON:0006766 'right anterior vena cava'
D: UBERON:0005435 'upper part of cisterna chyli'
D: UBERON:0006765 'left anterior vena cava'
D: UBERON:0006764 'anterior communicating artery'
D: UBERON:0001074 'pericardial cavity'
D: UBERON:0005432 'aortic sac'
D: UBERON:0005431 'anterior spinal artery'
D: UBERON:0004582 'venous system'
D: UBERON:3010501 'duodeno-pancreatic artery'
D: UBERON:3010500 'gastrico-linealis'
D: UBERON:0007610 'tibial artery'
D: UBERON:0005438 'coronary sinus'
D: UBERON:0004115 'blood vessel of tympanic cavity'
D: UBERON:0005440 'ductus arteriosus'
D: CL:0002651 'endothelial cell of venous sinus of spleen'
D: CL:0002653 'squamous endothelial cell'
D: CL:0002652 'endothelial cell of high endothelial venule'
D: UBERON:0007622 'pecten oculi'
D: UBERON:0004118 'vasculature of iris'
D: UBERON:0014399 'sinusoidal space'
D: UBERON:0036168 'Haller's layer'
D: UBERON:0036167 'Sattler's layer'
D: UBERON:0003282 'mesentery of heart'
D: UBERON:0005460 'left vitelline vein'
D: UBERON:0005458 'left umbilical artery'
D: UBERON:0006305 'tunica vasculosa lentis'
D: UBERON:0004126 'trabecular layer of ventricle'
D: UBERON:0001099 'subcostal vein'
D: UBERON:0004127 'compact layer of ventricle'
D: UBERON:0004124 'myocardium trabecular layer'
D: UBERON:0005455 'interventricular groove'
D: UBERON:0004125 'myocardial compact layer'
D: UBERON:0006300 'supracardinal vein'
D: UBERON:0004123 'myocardial layer'
D: CL:0002663 'myocardial endocrine cell of atrium'
D: UBERON:0006309 'venous vitelline plexus'
D: UBERON:0005459 'left umbilical vein'
D: UBERON:0016522 'cavity of right atrium'
D: UBERON:0002354 'cardiac Purkinje fiber'
D: UBERON:0002353 'atrioventricular bundle'
D: UBERON:0002350 'conducting system of heart'
D: UBERON:0002352 'atrioventricular node'
D: UBERON:0002351 'sinoatrial node'
D: UBERON:0004537 'blood vasculature'
D: UBERON:0002357 'serous pericardium'
D: UBERON:0004535 'cardiovascular system'
D: CL:0002671 'endothelial stalk cell'
D: UBERON:0004536 'lymph vasculature'
D: UBERON:0035292 'branch of posterior tibial artery'
D: UBERON:0002359 'fibrous pericardium'
D: UBERON:0016513 'cavity of left atrium'
D: UBERON:0016514 'cavity of left ventricle'
D: UBERON:0004540 'proper plantar digital artery'
D: UBERON:0003210 'blood-cerebrospinal fluid barrier'
D: UBERON:0035261 'posterior temporal artery'
D: UBERON:3010517 'ventral abdominal vein'
D: UBERON:3010519 'Jacobson's vein'
D: UBERON:3010516 'cutaneus magnus'
D: UBERON:3010515 'lateral vein'
D: UBERON:0012187 'frontal artery'
D: UBERON:0004553 'forelimb digital artery'
D: UBERON:0004554 'hindlimb digital artery'
D: UBERON:0004552 'digital artery'
D: UBERON:0012193 'phrenic vein'
D: UBERON:0035273 'superior thoracic artery'
D: UBERON:0015202 'lymph heart'
D: UBERON:0012173 'middle suprarenal artery'
D: UBERON:0002391 'lymph'
D: UBERON:0004564 'hindlimb digital vein'
D: UBERON:0004562 'digital vein'
D: UBERON:0004563 'forelimb digital vein'
D: UBERON:0004561 'proper palmar digital vein'
D: UBERON:3010520 'oviducal vein'
D: UBERON:0007693 'caroticotympanic artery'
D: UBERON:0004183 'placental labyrinth blood vessel'
D: UBERON:0006358 'vasa hyaloidea propria'
D: UBERON:0006356 'epigastric vein'
D: UBERON:0006355 'superior vesical vein'
D: UBERON:0004178 'aorta smooth muscle tissue'
D: UBERON:0006353 'principal vein of hindlimb'
D: UBERON:0007204 'brachiocephalic vasculature'
D: UBERON:0001919 'endothelium of vein'
D: UBERON:0001918 'endothelium of venule'
D: UBERON:0001915 'endothelium of capillary'
D: UBERON:0018335 'lateral dorsal aorta canal'
D: UBERON:0001917 'endothelium of artery'
D: UBERON:0001916 'endothelium of arteriole'
D: UBERON:0006374 'part of afferent arteriole forming the juxtaglomerular complex'
D: UBERON:0004190 'renal glomerulus vasculature'
D: UBERON:0004189 'glomerular endothelium'
D: CL:0000071 'blood vessel endothelial cell'
D: UBERON:0010400 'spleen trabecular vein'
D: UBERON:0010401 'spleen central arteriole'
D: UBERON:0010408 'ocular angle artery'
D: UBERON:0011738 'quadrate lobe hepatic sinusoid'
D: UBERON:0011737 'caudate lobe hepatic sinusoid'
D: UBERON:0009885 'interlobar artery'
D: UBERON:0009887 'interlobar vein'
D: UBERON:0037094 'wall of common carotid artery'
D: UBERON:0007240 'tunica adventitia of artery'
D: UBERON:0007241 'tunica adventitia of vein'
D: UBERON:0007242 'tunica intima of vein'
D: UBERON:0007243 'tunica media of vein'
D: UBERON:0005065 'right ventricular compact myocardium'
D: UBERON:0005064 'left ventricular trabecular myocardium'
D: UBERON:0005063 'left ventricular compact myocardium'
D: CL:0002262 'endothelial cell of sinusoid'
D: UBERON:0007239 'tunica media of artery'
D: UBERON:0005472 'right vitelline vein'
D: UBERON:0005471 'right umbilical vein'
D: UBERON:0005470 'right umbilical artery'
D: UBERON:0005464 'median sacral artery'
D: UBERON:0006310 'vitelline venous plexus'
D: UBERON:0004151 'cardiac chamber'
D: UBERON:0004152 'bulbus arteriosus'
D: UBERON:0005481 'tentorial sinus'
D: UBERON:0004150 'coronary sinus valve'
D: UBERON:0004148 'cardiac vein'
D: UBERON:0004149 'ventriculo bulbo valve'
D: UBERON:0004146 'His-Purkinje system'
D: UBERON:0004145 'outflow tract'
D: UBERON:0005475 'sigmoid sinus'
D: UBERON:0004142 'outflow tract septum'
D: UBERON:0004162 'pulmonary myocardium'
D: UBERON:0006341 'outer renal medulla peritubular capillary'
D: UBERON:0006340 'fourth ventricle choroid plexus stroma'
D: UBERON:0005492 'hyaloid vessel'
D: UBERON:0004160 'proepicardium'
D: UBERON:0005490 'posterior interventricular sulcus'
D: UBERON:0006338 'lateral ventricle choroid plexus stroma'
D: UBERON:0005007 'mucosa of major calyx'
D: UBERON:0004159 'atrial septum intermedium'
D: UBERON:0005489 'anterior interventricular sulcus'
D: UBERON:0005487 'vitelline vein'
D: UBERON:0004155 'atrial septum secundum'
D: UBERON:0005486 'venous dural sinus'
D: UBERON:0004153 'ventricular septum intermedium'
D: UBERON:0005485 'valve of inferior vena cava'
D: CL:2000091 'endometrial microvascular endothelial cells'
D: UBERON:0005484 'tricuspid valve leaflet'
D: UBERON:0004154 'atrial septum primum'
D: UBERON:0008998 'vasculature of brain'
D: UBERON:0006339 'third ventricle choroid plexus stroma'
D: UBERON:0005008 'mucosa of minor calyx'
D: UBERON:2005100 'intervessel commissure'
D: UBERON:2005101 'interray vessel'
D: UBERON:0006351 'principal vein of forelimb'
D: UBERON:2005106 'longitudinal lateral lymphatic vessel'
D: UBERON:0006349 'epigastric artery'
D: UBERON:0006347 'communicating artery'
D: UBERON:0006345 'stapedial artery'
D: UBERON:0007679 'intersomitic vein'
D: UBERON:2005056 'palatocerebral vein'
D: UBERON:2005055 'median palatocerebral vein'
D: UBERON:2005054 'inner optic circle'
D: UBERON:2005053 'nasal ciliary artery'
D: UBERON:0001508 'arch of aorta'
D: UBERON:0035763 'cavity of cardiac chamber'
D: UBERON:0035762 'capillary network of kidney'
D: UBERON:0035765 'subsegmental lymph node'
D: UBERON:0035764 'pulmonary lymph node'
D: UBERON:0001980 'arteriole'
D: UBERON:0001982 'capillary'
D: UBERON:0001981 'blood vessel'
D: UBERON:2005044 'optic artery'
D: UBERON:2005049 'prosencephalic artery'
D: UBERON:2005048 'primitive prosencephalic artery'
D: UBERON:0001515 'thoracic aorta'
D: UBERON:0007299 'choroid plexus of tectal ventricle'
D: UBERON:0001514 'descending aorta'
D: UBERON:0001516 'abdominal aorta'
D: UBERON:2005052 'anterior mesencephalic central artery'
D: UBERON:2005051 'communicating vessel palatocerebral artery'
D: UBERON:2005050 'palatocerebral artery'
D: UBERON:2005034 'parachordal vessel'
D: UBERON:2005032 'optic vein'
D: UBERON:2005031 'dorsal longitudinal vein'
D: UBERON:0003709 'circle of Willis'
D: UBERON:2005038 'supraintestinal vein'
D: UBERON:0001529 'brachiocephalic artery'
D: UBERON:0003707 'sinus of Valsalva'
D: UBERON:2005036 'supraintestinal artery'
D: UBERON:0003708 'carotid sinus'
D: UBERON:0009007 'superficial inguinal lymph node'
D: UBERON:2005022 'opercular artery'
D: UBERON:2005021 'cerebellar central artery'
D: UBERON:2005020 'central artery'
D: UBERON:2005027 'posterior cerebral vein'
D: UBERON:2005026 'primary head sinus'
D: UBERON:2005025 'dorsal longitudinal anastomotic vessel'
D: UBERON:0009025 'gastroepiploic artery'
D: UBERON:0035754 'pulmonary capillary plexus'
D: UBERON:0035753 'capillary plexus'
D: UBERON:0035756 'capillary network of liver'
D: UBERON:0035755 'systemic capillary plexus'
D: UBERON:0035758 'peritubular capillary plexus of kidney'
D: UBERON:0035757 'embryonic capillary plexus'
D: UBERON:0001531 'right common carotid artery plus branches'
D: UBERON:0001530 'common carotid artery plus branches'
D: UBERON:0001537 'anterior tibial artery'
D: UBERON:0001536 'left common carotid artery plus branches'
D: UBERON:0001539 'dorsalis pedis artery'
D: UBERON:0001538 'posterior tibial artery'
D: UBERON:2005030 'dorsal ciliary vein'
D: UBERON:0003712 'cavernous sinus'
D: UBERON:0001533 'subclavian artery'
D: UBERON:0003713 'splenic vein'
D: UBERON:0001532 'internal carotid artery'
D: UBERON:0001535 'vertebral artery'
D: UBERON:0003710 'vasa vasorum'
D: UBERON:0003711 'brachiocephalic vein'
D: UBERON:0001534 'right subclavian artery'
D: UBERON:2005099 'ray vein'
D: UBERON:2005098 'central ray artery'
D: UBERON:2005097 'caudal fin vasculature'
D: UBERON:2001975 'suprabranchial artery'
D: UBERON:0005066 'right ventricular trabecular myocardium'
D: UBERON:0018396 'pulmonary baroreceptor'
D: UBERON:0018397 'posterior superior alveolar artery'
D: UBERON:0018394 'vein baroreceptor'
D: UBERON:0018395 'cardiac baroreceptor'
D: UBERON:0018392 'arterial baroreceptor'
D: UBERON:0018393 'low-pressure baroreceptor'
D: UBERON:2005089 'swim bladder artery'
D: UBERON:2005088 'posterior mesenteric artery'
D: UBERON:2005087 'pectoral vein'
D: UBERON:0034884 'juxtaglomerular arteriole'
D: UBERON:0011742 'aortic valve leaflet'
D: UBERON:0011741 'cardiac valve leaflet'
D: UBERON:0011745 'pulmonary valve leaflets'
D: UBERON:2005093 'nasal vein'
D: UBERON:2005078 'middle mesencephalic central artery'
D: UBERON:2005075 'peripheral cardiac conduction system'
D: UBERON:2005079 'posterior mesencephalic central artery'
D: UBERON:0005092 'right horn of sinus venosus'
D: UBERON:0005091 'left horn of sinus venosus'
D: UBERON:2005080 'anterior mesenteric artery'
D: UBERON:2005085 'nasal artery'
D: UBERON:2005084 'metencephalic artery'
D: UBERON:2005083 'ventral branch nasal ciliary artery'
D: UBERON:2005082 'dorsal branch nasal ciliary artery'
D: UBERON:2005067 'bulbus arteriosus middle layer'
D: UBERON:2005066 'bulbus arteriosus outer layer'
D: UBERON:2005068 'bulbus arteriosus inner layer'
D: UBERON:0011765 'jugular lymph sac'
D: UBERON:0001979 'venule'
D: UBERON:2005074 'central cardiac conduction system'
D: UBERON:2005073 'atrioventricular ring'
D: UBERON:2005072 'endocardial ring'
D: UBERON:0011392 'blood vessel internal elastic membrane'
D: CL:1000147 'heart valve cell'
D: UBERON:2000202 'efferent portion of pharyngeal arch artery'
D: UBERON:0001584 'left subclavian artery'
D: UBERON:0001586 'internal jugular vein'
D: UBERON:0001585 'anterior vena cava'
D: UBERON:0001101 'external jugular vein'
D: UBERON:0005946 'outflow tract of atrium'
D: UBERON:0001104 'anterior jugular vein'
D: UBERON:0001588 'vertebral vein'
D: UBERON:0001587 'subclavian vein'
D: UBERON:0001106 'cephalic vein'
D: UBERON:0001589 'internal thoracic vein'
D: UBERON:0011383 'inferior pancreaticoduodenal vein'
D: UBERON:0035374 'small cardiac vein'
D: UBERON:0009089 'inner medulla vasa recta descending limb'
D: UBERON:0011384 'superior pancreaticoduodenal vein'
D: UBERON:2000673 'hypobranchial artery'
D: UBERON:0012237 'superior phrenic vein'
D: UBERON:2000677 'segmental intercostal artery'
D: UBERON:0012239 'urinary bladder vasculature'
D: UBERON:0005953 'outflow part of right ventricle'
D: UBERON:0001594 'azygos vein'
D: UBERON:0002443 'choroidal blood vessel'
D: UBERON:0001591 'thymic vein'
D: UBERON:0001590 'pericardiacophrenic vein'
D: UBERON:0001593 'venous plexus'
D: UBERON:0001592 'bronchial vein'
D: UBERON:0005956 'outflow part of left ventricle'
D: UBERON:0035380 'branch of anterior cerebral artery'
D: UBERON:0038857 'inferior inguinal lymph node'
D: UBERON:0038855 'superior medial inguinal lymph node'
D: UBERON:0038856 'superior lateral inguinal lymph node'
D: UBERON:0009090 'outer medulla vasa recta descending limb'
D: UBERON:2000666 'filamental artery'
D: UBERON:0009091 'vasa recta ascending limb'
D: UBERON:0009092 'inner medulla vasa recta ascending limb'
D: UBERON:0009093 'outer medulla vasa recta ascending limb'
D: CL:0000513 'cardiac muscle myoblast'
D: UBERON:0002455 'common plantar digital arteries'
D: UBERON:0002454 'dorsal metacarpal artery'
D: UBERON:0004638 'blood vessel endothelium'
D: UBERON:0004639 'renal afferent arteriole'
D: UBERON:0002457 'intersomitic artery'
D: UBERON:0005967 'conotruncal ridge'
D: UBERON:0002456 'internal thoracic artery'
D: UBERON:0002459 'inferior palpebral vein'
D: UBERON:0005966 'outflow part of left atrium'
D: UBERON:0003304 'mesoderm blood island'
D: UBERON:0005965 'outflow part of right atrium'
D: UBERON:0002458 'spinal artery'
D: UBERON:0035350 'branch of middle cerebral artery'
D: UBERON:0012255 'inferior phrenic artery'
D: UBERON:0010078 'optic choroid vascular plexus'
D: UBERON:0012254 'abdominal aorta artery'
D: UBERON:0035359 'branch of brachial artery'
D: UBERON:0001133 'cardiac muscle tissue'
D: UBERON:0005973 'blood-inner ear barrier'
D: UBERON:0002460 'vesical vein'
D: UBERON:0004640 'renal efferent arteriole'
D: UBERON:0006829 'remnant of left anterior vena cava'
D: UBERON:0006828 'trabecula carnea of atrium'
D: UBERON:0005979 'crista terminalis'
D: UBERON:0001139 'common iliac vein'
D: UBERON:0001138 'superior mesenteric vein'
D: UBERON:0004646 'infraorbital artery'
D: UBERON:0009030 'left pulmonary vein'
D: UBERON:0009032 'right pulmonary vein'
D: UBERON:0012200 'anterior intercostal vein'
D: UBERON:0035322 'right common iliac artery'
D: UBERON:0001540 'peroneal artery'
D: UBERON:0001541 'medial plantar artery'
D: UBERON:3010499 'coeliaco-mesenteric artery'
D: UBERON:0001548 'lateral marginal vein'
D: UBERON:0009026 'iliac circumflex artery'
D: UBERON:3010498 'cutaneus artery'
D: UBERON:0009027 'vesical artery'
D: UBERON:0001547 'small saphenous vein'
D: UBERON:0009029 'pudendal vein'
D: UBERON:0001549 'dorsal metatarsal vein'
D: UBERON:0001544 'popliteal vein'
D: UBERON:3010494 'lateral pretrosal artery'
D: UBERON:0001546 'posterior tibial vein'
D: UBERON:0001545 'anterior tibial vein'
D: UBERON:3010496 'mandibular artery'
D: UBERON:0009040 'deep circumflex iliac artery'
D: UBERON:0009041 'superficial circumflex iliac artery'
D: CL:0008022 'endocardial cushion cell'
D: UBERON:0009042 'prostatic venous plexus'
D: UBERON:0014851 'chorda tendinea of left ventricle'
D: UBERON:0014852 'chorda tendinea of right ventricle'
D: UBERON:0009044 'pudendal venous plexus'
D: UBERON:0009046 'inferior external pudendal vein'
D: UBERON:0009047 'superior external pudendal vein'
D: UBERON:0015704 'sagittal sinus'
D: UBERON:0035338 'sphenoparietal sinus'
D: UBERON:0014853 'commissural leaflet of mitral valve'
D: UBERON:0014854 'anterior leaflet of mitral valve'
D: UBERON:0014855 'posterior leaflet of mitral valve'
D: UBERON:0010018 'spiral valve of conus arteriosus'
D: UBERON:0001551 'vein of hindlimb zeugopod'
D: UBERON:0001550 'medial marginal vein'
D: UBERON:0001553 'medial tarsal artery'
D: UBERON:0001552 'kidney arcuate artery'
D: UBERON:0002406 'pericardial sac'
D: UBERON:0002408 'parietal serous pericardium'
D: UBERON:0002407 'pericardium'
D: UBERON:0005912 'transitional epithelium of major calyx'
D: CL:0008035 'microcirculation associated smooth muscle cell'
D: UBERON:0014400 'hepatic sinusoidal space'
D: UBERON:0014401 'renal venous blood vessel'
D: UBERON:0035304 'branch of ulnar artery'
D: UBERON:0035307 'branch of vertebral artery'
D: UBERON:0001561 'subcostal artery'
D: UBERON:0009048 'deep external pudendal vein'
D: UBERON:0009049 'superficial external pudendal vein'
D: UBERON:0011363 'cranial lymph vasculature'
D: UBERON:0011362 'cranial blood vasculature'
D: UBERON:2000214 'hypobranchial vessel'
D: UBERON:3010489 'muscular artery'
D: UBERON:0002425 'visceral serous pericardium'
D: UBERON:0006634 'lingual vein'
D: UBERON:0003123 'pharyngeal arch artery 6'
D: UBERON:0006632 'musculo-phrenic artery'
D: UBERON:0003121 'pharyngeal arch artery 4'
D: UBERON:0006631 'right atrium auricular region'
D: UBERON:0006630 'left atrium auricular region'
D: UBERON:0003122 'pharyngeal arch artery 5'
D: UBERON:0004450 'gastric vein'
D: UBERON:0003120 'pharyngeal arch artery 3'
D: UBERON:0006637 'celiac trunk'
D: UBERON:0006636 'lumbar artery'
D: UBERON:0036067 'superior endocardial cushion'
D: UBERON:0036066 'inferior endocardial cushion'
D: UBERON:0002290 'choroid plexus of fourth ventricle'
D: UBERON:0002288 'choroid plexus of third ventricle'
D: UBERON:0036074 'vein of vestibular aqueduct'
D: UBERON:0005317 'pulmonary artery endothelium'
D: UBERON:0005316 'endocardial endothelium'
D: UBERON:0035186 'valve of foramen ovale'
D: UBERON:0018649 'cardiac muscle tissue of ventricle'
D: UBERON:0005326 'mesonephric glomerulus vasculature'
D: UBERON:0006656 'deep dorsal vein of penis'
D: UBERON:0015125 'anterior internodal tract'
D: UBERON:0035195 'plantar metatarsal artery'
D: UBERON:0035198 'superficial lymphatic vessel'
D: UBERON:0015127 'posterior internodal tract'
D: UBERON:0015126 'middle internodal tract'
D: CL:1001287 'outer medulla vasa recta descending limb cell'
D: CL:1001285 'vasa recta descending limb cell'
D: CL:1001286 'inner medulla vasa recta descending limb cell'
D: UBERON:0004492 'cardiac muscle tissue of cardiac septum'
D: UBERON:0004493 'cardiac muscle tissue of myocardium'
D: UBERON:0004490 'cardiac muscle tissue of atrium'
D: UBERON:0004491 'cardiac muscle tissue of interatrial septum'
D: UBERON:0015129 'epicardial fat'
D: UBERON:0015128 'subepicardial layer of epicardium'
D: UBERON:0005337 'outflow tract of ventricle'
D: UBERON:0005336 'capillary layer of choroid'
D: UBERON:0006666 'great cerebral vein'
D: UBERON:0006665 'accessory hemiazygos vein'
D: UBERON:0006664 'greater palatine artery'
D: UBERON:0006663 'hemiazygos vein'
D: UBERON:0006662 'musculo-phrenic vein'
D: UBERON:0005339 'outflow tract pulmonary component'
D: UBERON:0005338 'outflow tract aortic component'
D: UBERON:0035162 'infraclavicular lymph node'
D: UBERON:2001052 'primordial hindbrain channel'
D: UBERON:2001051 'caudal division of the internal carotid artery'
D: UBERON:0011193 'inferior ophthalmic vein'
D: UBERON:2001054 'lateral dorsal aorta'
D: UBERON:2001053 'future internal carotid artery'
D: UBERON:2001059 'cranial division of the internal carotid artery'
D: UBERON:0001390 'sural artery'
D: UBERON:0016405 'pulmonary capillary'
D: UBERON:0005740 'tunica intima of artery'
D: UBERON:0016890 'intrahepatic branch of portal vein'
D: UBERON:0014695 'deep auricular artery'
D: UBERON:0014696 'anterior choroidal artery'
D: UBERON:0014697 'posterior choroidal artery'
D: UBERON:0014691 'right gastric vein'
D: UBERON:0014692 'superficial epigastric vein'
D: UBERON:0014693 'inferior alveolar artery'
D: UBERON:0014694 'posterior auricular artery'
D: UBERON:0014699 'extraembryonic venous system'
D: UBERON:0001397 'subscapular artery'
D: UBERON:0002243 'cutaneous vein'
D: UBERON:0001396 'lateral thoracic artery'
D: UBERON:0001399 'deep brachial artery'
D: UBERON:0001398 'brachial artery'
D: UBERON:0001395 'thoraco-acromial artery'
D: UBERON:0001394 'axillary artery'
D: UBERON:0002248 'transverse pericardial sinus'
D: UBERON:0011192 'superior ophthalmic vein'
D: UBERON:0011191 'ophthalmic vein'
D: UBERON:0035180 'sigmoid artery'
D: UBERON:0035183 'calcarine artery'
D: UBERON:0002249 'median artery'
D: UBERON:0013397 'stratum argenteum of choroid'
D: UBERON:0013398 'choroidal gland'
D: UBERON:0013399 'blood vessel layer of choroid'
D: UBERON:0002250 'popliteal artery'
D: UBERON:0006618 'atrium auricular region'
D: UBERON:0006615 'venous sinus'
D: UBERON:0003105 'dorsal lateral plate region'
D: UBERON:0035150 'superior cerebral vein'
D: UBERON:0035152 'internal cerebral vein'
D: UBERON:0035151 'dorsal cerebral vein'
D: CL:1000397 'endothelial cell of venous sinus of red pulp of spleen'
D: CL:1000398 'endothelial cell of hepatic sinusoid'
D: UBERON:0002270 'hyaloid artery'
D: UBERON:0003118 'pharyngeal arch artery 1'
D: UBERON:0004449 'cerebral artery'
D: UBERON:0003119 'pharyngeal arch artery 2'
D: UBERON:0018228 'extrahepatic branch of portal vein'
D: UBERON:0018226 'pulmonary part of lymphatic system'
D: UBERON:0018227 'pulmonary lymphatic vessel'
D: UBERON:0009751 'cardiac mesenchyme'
D: UBERON:0018231 'labyrinthine artery'
D: CL:0002350 'endocardial cell'
D: UBERON:0000946 'cardial valve'
D: UBERON:0000947 'aorta'
D: UBERON:0015189 'perineural vascular plexus'
D: UBERON:0000948 'heart'
D: UBERON:0007100 'primary circulatory organ'
D: UBERON:0006252 'intersubcardinal venous anastomosis'
D: UBERON:0034727 'vestibular bulb artery'
D: UBERON:0005396 'carotid artery segment'
2021-02-08 17:00:06,705 WARN  (OWLGraphWrapperExtended:936) Unable to retrieve the value of oboInOwl#id as the identifier for http://www.w3.org/2002/07/owl#Nothing; we will use an original iri as the identifier.
2021-02-08 17:00:06,718 WARN  (OWLGraphWrapperExtended:936) Unable to retrieve the value of oboInOwl#id as the identifier for http://www.w3.org/2002/07/owl#Nothing; we will use an original iri as the identifier.
D: Nothing Nothing
D: UBERON:0018248 'inferior superficial cervical thymic artery'
D: UBERON:2001073 'axial vasculature'
D: UBERON:0018249 'superior superficial cervical thymic artery'
D: UBERON:0018246 'thyroid vein'
D: UBERON:0009771 'left anterior cardinal vein'
D: UBERON:0018247 'cervical thymic artery'
D: UBERON:0009772 'right anterior cardinal vein'
D: UBERON:0018253 'external pudendal vein'
D: UBERON:0018251 'meningeal vein'
D: UBERON:0018252 'internal pudendal vein'
D: CL:0000193 'cardiac muscle cell (sensu Arthopoda)'
D: UBERON:0018250 'middle thyroid artery'
D: UBERON:0009769 'left common cardinal vein'
D: UBERON:0009780 'cardiac muscle tissue of left auricle'
D: UBERON:2001063 'posterior caudal vein'
D: UBERON:2001062 'presumptive mesencephalic artery'
D: UBERON:0034704 'inflow tract of left ventricle'
D: UBERON:0034703 'inflow tract of right ventricle'
D: UBERON:0004087 'vena cava'
D: UBERON:0020550 'auricular blood vessel'
D: UBERON:0018243 'thymic artery'
D: UBERON:0009779 'cardiac muscle tissue of right auricle'
D: UBERON:0015158 'ophthalmotemporal branch of external ophthalmic artery'
D: UBERON:2005012 'afferent filamental artery'
D: UBERON:0015157 'zygomatico-orbital artery'
D: UBERON:2005011 'pseudobranchial artery'
D: UBERON:2005010 'mid cerebral vein'
D: UBERON:2005015 'afferent lamellar arteriole'
D: UBERON:0015156 'terminal branch of ophthalmic artery'
D: UBERON:2005014 'recurrent branch afferent branchial artery'
D: UBERON:2005013 'concurrent branch afferent branchial artery'
D: UBERON:2005019 'efferent lamellar arteriole'
D: UBERON:2005018 'efferent filamental artery'
D: UBERON:2005017 'primordial midbrain channel'
D: UBERON:0006678 'foramen secundum'
D: UBERON:0006675 'venous valve'
D: UBERON:0004494 'cardiac muscle tissue of papillary muscle'
D: UBERON:0015161 'inferior branch of oculomotor nerve'
D: UBERON:0015160 'supraorbital artery'
D: UBERON:0015162 'superior branch of oculomotor nerve'
D: UBERON:0004019 'baroreceptor'
D: UBERON:2005000 'basal communicating artery'
D: UBERON:0004030 'aqueous vein'
D: UBERON:0006690 'deep dorsal vein of clitoris'
D: UBERON:0006687 'median sacral vein'
D: UBERON:0006686 'spinal vein'
D: UBERON:0006200 'caudal humeral circumflex vein'
D: UBERON:0009713 'endocardium of left ventricle'
D: UBERON:0009712 'endocardium of right ventricle'
D: UBERON:0004029 'canal of Schlemm'
D: UBERON:0006207 'aortico-pulmonary spiral septum'
D: UBERON:0015177 'helicine artery'
D: UBERON:0006212 'bulbo-ventricular groove'
D: UBERON:0006694 'cerebellum vasculature'
D: UBERON:0006218 'common atrial chamber'
D: UBERON:0018674 'heart vasculature'
D: UBERON:0015172 'endometrial blood vessel'
D: UBERON:0015171 'uterine spiral artery'
D: UBERON:0015174 'helicine artery of penis'
D: UBERON:0008886 'pulmonary vascular system'
D: UBERON:0015173 'helicine branch of uterine artery'
D: UBERON:0008887 'rectal venous plexus'
D: UBERON:0008888 'vesical venous plexus'
D: UBERON:0008889 'uterine venous plexus'
D: UBERON:0035640 'middle vesical artery'
D: UBERON:0014701 'extraembryonic vascular system'
D: UBERON:0007181 'serosa of infundibulum of uterine tube'
D: UBERON:0007182 'muscle layer of infundibulum of uterine tube'
D: CL:1000891 'kidney arterial blood vessel cell'
D: CL:1000892 'kidney capillary endothelial cell'
D: UBERON:0007186 'pericardial visceral mesothelium'
D: UBERON:0007187 'pericardial parietal mesothelium'
D: UBERON:0007188 'mesothelium of serous pericardium'
D: UBERON:0035655 'paraumbilical vein'
D: CL:1000412 'endothelial cell of arteriole'
D: CL:1000893 'kidney venous blood vessel cell'
D: CL:1000410 'myocyte of atrioventricular node'
D: UBERON:0035659 'deep facial vein'
D: CL:1000413 'endothelial cell of artery'
D: CL:1000414 'endothelial cell of venule'
D: CL:1000409 'myocyte of sinoatrial node'
D: UBERON:0011695 'embryonic cardiovascular system'
D: UBERON:0011694 'embryo portion of umbilical artery'
D: UBERON:0011693 'extraembryonic portion of umbilical artery'
D: UBERON:0010367 'conjunctival vein'
D: UBERON:0011697 'right extraembryonic umbilical artery'
D: UBERON:0010366 'conjunctival vasculature'
D: UBERON:0011696 'left extraembryonic umbilical artery'
D: UBERON:0001889 'trunk of phrenic nerve'
D: UBERON:0019189 'carotid artery endothelium'
D: UBERON:0001404 'radial artery'
D: UBERON:0001406 'ulnar artery'
D: UBERON:0001884 'phrenic nerve'
D: UBERON:0001886 'choroid plexus'
D: UBERON:0001410 'common palmar digital artery'
D: UBERON:0001412 'common palmar digital vein'
D: UBERON:0001411 'basilic vein'
D: UBERON:0001414 'median basilic vein'
D: UBERON:0001413 'brachial vein'
D: UBERON:0006282 'primary head vein'
D: UBERON:0035608 'dura mater lymph vessel'
D: UBERON:2001857 'hyoidean artery'
D: UBERON:0007142 'left internal carotid artery'
D: UBERON:0018255 'jejunal artery'
D: UBERON:0007143 'right internal carotid artery'
D: UBERON:0018256 'lacrimal vein'
D: UBERON:0006296 'subcardinal vein'
D: CL:1000854 'kidney blood vessel cell'
D: UBERON:0000985 'axillary vein'
D: UBERON:0007150 'superior thyroid artery'
D: UBERON:0007151 'mitral valve leaflet'
D: UBERON:0007152 'inferior sagittal sinus'
D: UBERON:0007153 'superior epigastric artery'
D: UBERON:0007154 'inferior epigastric vein'
D: UBERON:0007155 'superior epigastric vein'
D: UBERON:0007146 'posterior spinal artery'
D: UBERON:0007149 'inferior thyroid artery'
D: UBERON:0007160 'inferior petrosal sinus'
D: UBERON:0007156 'inferior thyroid vein'
D: UBERON:0007157 'superior thyroid vein'
D: UBERON:0014786 'extraembryonic umbilical vein'
D: UBERON:0035249 'posterior external jugular vein'
D: UBERON:0014787 'left extraembryonic umbilical vein'
D: UBERON:0014788 'right extraembryonic umbilical vein'
D: UBERON:0014789 'embryo portion of umbilical vein'
D: UBERON:0003643 'respiratory system arterial blood vessel'
D: UBERON:0003644 'kidney arterial blood vessel'
D: UBERON:0014772 'lateral palpebral artery'
D: UBERON:0014773 'medial palpebral artery'
D: UBERON:0035252 'left subcostal vein'
D: UBERON:0014770 'palpebral artery'
D: UBERON:0002320 'glomerular mesangium'
D: UBERON:0001473 'lymphatic vessel'
D: UBERON:0001472 'vaginal venous plexus'
D: CL:1000480 'transitional myocyte of internodal tract'
D: CL:1000481 'transitional myocyte of atrioventricular bundle'
D: CL:1000484 'Purkinje myocyte of atrioventricular bundle'
D: UBERON:0035222 'posterior parietal artery'
D: CL:1000482 'myocardial endocrine cell of interventricular septum'
D: CL:1000483 'Purkinje myocyte of internodal tract'
D: UBERON:0035225 'anterior temporal artery'
D: UBERON:0016509 'cavity of right ventricle'
D: UBERON:0013479 'lung endothelium'
D: UBERON:0002333 'pulmonary trunk'
D: UBERON:0035231 'superficial middle cerebral vein'
D: UBERON:0035234 'medial circumflex femoral vein'
D: UBERON:0035237 'branch of internal carotid artery'
D: UBERON:6001668 'embryonic/larval lymph gland'
D: CL:1000477 'cardiac pacemaker cell of sinoatrial node'
D: CL:1000478 'transitional myocyte of sinoatrial node'
D: CL:1000479 'Purkinje myocyte of atrioventricular node'
D: UBERON:0001496 'ascending aorta'
D: UBERON:0004522 'vasculature of musculoskeletal system'
D: UBERON:0001011 'hemolymph'
D: UBERON:0004523 'papillary muscle of right ventricle'
D: UBERON:0002345 'descending thoracic aorta'
D: UBERON:0004521 'vasculature of muscle organ'
D: UBERON:0004526 'cardiac muscle tissue of trabecula carnea of left ventricle'
D: UBERON:0002349 'myocardium'
D: UBERON:0004524 'papillary muscle of left ventricle'
D: UBERON:0002348 'epicardium'
D: UBERON:0004525 'cardiac muscle tissue of trabecula carnea of right ventricle'
D: UBERON:0016920 'descending trunk of arch of aorta'
D: UBERON:0003609 'aorta elastic tissue'
D: UBERON:0035204 'occipital lymph node'
D: UBERON:0016925 'juxtaductal region of aortic arch'
D: UBERON:0016924 'postductal region of aortic arch'
D: UBERON:0016923 'preductal region of aortic arch'
D: UBERON:0001420 'subscapular vein'
D: UBERON:0001426 'jugular lymphatic vessel'
D: UBERON:0001422 'facial lymphatic vessel'
D: UBERON:0001425 'pectoral lymphatic vessel'
D: UBERON:0010370 'tibial vein'
D: UBERON:0003619 'aorta tunica intima'
D: UBERON:0035213 'basal zone of heart'
D: UBERON:0003610 'heart elastic tissue'
D: UBERON:0003618 'aorta tunica media'
D: UBERON:0022358 'placenta blood vessel'
D: UBERON:0000102 'lung vasculature'
D: UBERON:0003613 'cardiovascular system elastic tissue'
D: UBERON:0019196 'iliac artery endothelium'
D: UBERON:0003614 'blood vessel elastic tissue'
D: UBERON:0035662 'parotid vein'
D: UBERON:0014769 'palpebral vein'
D: UBERON:0014768 'superior palpebral vein'
D: UBERON:0005806 'portal system'
D: UBERON:0005805 'dorsal aorta'
D: UBERON:0005800 'section of aorta'
D: CL:0010005 'atrioventricular bundle cell'
D: CL:0010002 'epithelial cell of umbilical artery'
D: UBERON:0010396 'afferent lymphatic vessel'
D: CL:0010008 'cardiac endothelial cell'
D: UBERON:0010397 'efferent lymphatic vessel'
D: CL:0010006 'cardiac blood vessel endothelial cell'
D: UBERON:0035675 'anterior facial vein'
D: CL:0010007 'His-Purkinje system cell'
D: UBERON:0010399 'spleen trabecular artery'
D: UBERON:0002307 'choroid plexus of lateral ventricle'
D: UBERON:0002302 'myocardium of atrium'
D: UBERON:0003489 'respiratory system capillary endothelium'
D: UBERON:0003482 'vein of trabecular bone'
D: UBERON:0015480 'proper hepatic artery'
D: UBERON:0015482 'right hepatic artery'
D: UBERON:0015481 'left hepatic artery'
D: UBERON:0017646 'internal mammary vein'
D: UBERON:0017643 'external thoracic vein'
D: UBERON:0017640 'unpaired venous dural sinus'
D: UBERON:2000039 'median axial vein'
D: CL:0010022 'cardiac neuron'
D: CL:0010020 'cardiac glial cell'
D: UBERON:0003499 'brain blood vessel'
D: UBERON:0002166 'endocardium of atrium'
D: UBERON:0003497 'abdomen blood vessel'
D: UBERON:0004344 'cardinal vein'
D: UBERON:0003498 'heart blood vessel'
D: UBERON:0003495 'respiratory system arteriole'
D: UBERON:0003496 'head blood vessel'
D: UBERON:0002165 'endocardium'
D: UBERON:0003494 'respiratory system venule'
D: UBERON:0005208 'right atrium valve'
D: UBERON:0005206 'choroid plexus stroma'
D: UBERON:0006544 'kidney vasculature'
D: UBERON:0004365 'vitelline blood vessel'
D: UBERON:0004363 'pharyngeal arch artery'
D: UBERON:0035042 'middle temporal artery'
D: UBERON:0015433 'blood vessel external elastic membrane'
D: UBERON:0035041 'deep temporal artery'
D: UBERON:0035043 'temporal branch of lateral pretrosal artery'
D: UBERON:0017616 'afferent spiracular artery'
D: UBERON:0017617 'efferent spiracular artery'
D: UBERON:0004775 'outer renal medulla vasa recta'
D: UBERON:0005623 'semi-lunar valve'
D: UBERON:0005622 'right dorsal aorta'
D: UBERON:0004776 'inner renal medulla vasa recta'
D: UBERON:0002111 'artery smooth muscle tissue'
D: UBERON:0007807 'connecting stalk vasculature'
D: UBERON:0005629 'vascular plexus'
D: UBERON:0005628 'ileal artery'
D: UBERON:0006958 'great vein of heart'
D: UBERON:0005624 'suprarenal artery'
D: CL:1000291 'myocyte of posterior internodal tract'
D: CL:1001145 'interlobular vein cell'
D: CL:1001142 'arcuate vein cell'
D: UBERON:0001281 'hepatic sinusoid'
D: UBERON:0006965 'vascular cord'
D: UBERON:0003456 'respiratory system lymphatic vessel'
D: UBERON:0004784 'heart ventricle wall'
D: UBERON:0003452 'trabecula carnea cardiac muscle tissue'
D: CL:1000290 'myocyte of middle internodal tract'
D: UBERON:0006966 'coronary capillary'
D: UBERON:0036351 'wall of brachiocephalic artery'
D: UBERON:0015455 'accessory hepatic vein'
D: UBERON:0017635 'paired venous dural sinus'
D: UBERON:0036352 'wall of subclavian artery'
D: UBERON:0017633 'choroid plexus corpora arenacea'
D: CL:1000287 'myocyte of anterior internodal tract'
D: CL:1001131 'vasa recta ascending limb cell'
D: CL:1001138 'interlobular artery cell'
D: UBERON:0003470 'artery of upper lip'
D: CL:1001135 'arcuate artery cell'
D: CL:1000288 'myocyte of atrial branch of anterior internodal tract'
D: CL:1000289 'myocyte of atrial septal branch of anterior internodal tract'
D: UBERON:0017638 'primitive marginal sinus'
D: UBERON:0017637 'marginal venous sinus'
D: UBERON:0002134 'tricuspid valve'
D: UBERON:0004797 'blood vessel layer'
D: UBERON:0002133 'atrioventricular valve'
D: UBERON:0002135 'mitral valve'
D: UBERON:0002137 'aortic valve'
D: UBERON:0003468 'ureteric segment of renal artery'
D: UBERON:0003469 'respiratory system artery'
D: CL:1001123 'kidney outer medulla peritubular capillary cell'
D: CL:1001126 'inner renal medulla vasa recta cell'
D: UBERON:0003480 'vein of clitoris'
D: UBERON:0035039 'rectal artery'
D: UBERON:0003481 'tail vein'
D: CL:1001127 'outer renal medulla vasa recta cell'
D: CL:1001124 'kidney cortex peritubular capillary cell'
D: UBERON:0003477 'vein of upper lip'
D: UBERON:0003478 'vein of lower lip'
D: UBERON:0003475 'ureteric vein'
D: UBERON:0003476 'respiratory system venous blood vessel'
D: UBERON:0002146 'pulmonary valve'
D: UBERON:0003473 'thoracic cavity artery'
D: UBERON:0003474 'meningeal artery'
D: UBERON:0003471 'artery of lower lip'
D: UBERON:0003472 'cerebellar artery'
D: UBERON:0035040 'superior rectal artery'
D: UBERON:0003479 'thoracic cavity vein'
D: UBERON:8410022 'left colic artery'
D: UBERON:8410023 'right colic artery'
D: UBERON:0008783 'dorsal venous arch'
D: UBERON:0005272 'peritubular capillary'
D: UBERON:0011956 'right hepatic vein'
D: UBERON:0011955 'left hepatic vein'
D: UBERON:0005269 'renal cortex vein'
D: UBERON:0005268 'renal cortex artery'
D: UBERON:0011957 'middle hepatic vein'
D: UBERON:0003088 'caudal vein'
D: UBERON:0003086 'caudal artery'
D: UBERON:0003087 'anterior cardinal vein'
D: UBERON:2005320 'dorsal longitudinal lymphatic vessel'
D: UBERON:0016396 'intraglandular lymph node'
D: UBERON:0011944 'subintestinal vein'
D: UBERON:8410017 'left colic vein'
D: UBERON:8410018 'right colic vein'
D: UBERON:0008307 'heart endothelium'
D: UBERON:0008320 'common penile artery'
D: UBERON:0008321 'deep artery of penis'
D: UBERON:0006143 'proper plantar digital vein'
D: UBERON:0006142 'common plantar digital vein'
D: UBERON:0006141 'palmar digital artery'
D: UBERON:0006140 'palmar digital vein'
D: UBERON:2005319 'intersegmental lymph vessel'
D: UBERON:0006139 'plantar digital vein'
D: UBERON:0006138 'plantar digital artery'
D: UBERON:0006137 'proper palmar digital artery'
D: UBERON:0008311 'penile bulb artery'
D: CL:0002495 'fetal cardiomyocyte'
D: CL:0002494 'cardiocyte'
D: UBERON:8410033 'lymph node vein'
D: UBERON:8410034 'lymph node artery'
D: UBERON:2000096 'cardinal system'
D: UBERON:2005304 'caudal fin blood vessel'
D: UBERON:2005303 'caudal fin lymph vessel'
D: UBERON:0006146 'dorsal digital artery of manus'
D: UBERON:0006145 'dorsal digital artery of pes'
D: UBERON:0006144 'medial plantar digital vein'
D: UBERON:0008322 'deep artery of clitoris'
D: UBERON:0009654 'alveolar artery'
D: UBERON:0008323 'dorsal artery of clitoris'
D: UBERON:0009655 'auricular artery'
D: UBERON:0009658 'pancreaticoduodenal artery'
D: UBERON:0009657 'artery of lip'
D: UBERON:0009659 'spermatic artery'
D: UBERON:0018549 'ventral wall of dorsal aorta'
D: UBERON:0006558 'lymphatic part of lymphoid system'
D: UBERON:0004374 'vitelline vasculature'
D: UBERON:0006571 'trabecula carnea of left ventricle'
D: UBERON:0006570 'trabecula carnea of right ventricle'
D: UBERON:0006567 'right ventricle myocardium'
D: UBERON:0006566 'left ventricle myocardium'
D: UBERON:0006564 'superficial palmar arch'
D: UBERON:0006563 'tunica media of pulmonary trunk'
D: UBERON:0005248 'bulbus cordis myocardium'
D: UBERON:0005243 'interventricular septum endocardium'
D: UBERON:0016393 'deep parotid lymph node'
D: UBERON:0016395 'infra-auricular lymph node'
D: UBERON:0016394 'anterior auricular lymph node'
D: UBERON:0003084 'heart primordium'
D: UBERON:0005263 'outflow tract cardiac jelly'
D: UBERON:0005262 'ventricle cardiac jelly'
D: UBERON:0003085 'ventral aorta'
D: UBERON:0005261 'atrium cardiac jelly'
D: CL:0002068 'Purkinje myocyte'
D: CL:0002073 'transitional myocyte'
D: CL:0002072 'nodal myocyte'
D: UBERON:2005295 'axial blood vessel'
D: CL:1000306 'fibroblast of tunica adventitia of artery'
D: UBERON:0035529 'left common iliac artery'
D: UBERON:0015918 'deep lymph node'
D: UBERON:0015917 'superficial lymph node'
D: UBERON:0006199 'posterior auricular vein'
D: UBERON:0000415 'artery wall'
D: CL:0002074 'myocardial endocrine cell'
D: UBERON:0003920 'venous blood vessel'
D: UBERON:0035530 'basal vein'
D: UBERON:0035532 'deep middle cerebral vein'
D: UBERON:0035539 'esophageal artery'
D: CL:0002086 'specialized cardiac myocyte'
D: UBERON:0003930 'atrioventricular canal endocardium'
D: UBERON:0013757 'capillary blood'
D: UBERON:0010246 'choroidal guanine tapetum'
D: UBERON:0010247 'choroidal tapetum cellulosum'
D: UBERON:0010244 'choroid tapetum lucidum'
D: UBERON:0010248 'choroidal tapetum fibrosum'
D: UBERON:0013755 'arterial blood'
D: UBERON:0010249 'posterior meningeal artery'
D: UBERON:0013756 'venous blood'
D: UBERON:0035508 'branch of posterior cerebral artery'
D: CL:0002096 'internodal tract myocyte'
D: CL:0002098 'regular cardiac myocyte'
D: UBERON:0015925 'superficial intraparotid lymph node'
D: UBERON:0012418 'respiratory system venous smooth muscle'
D: UBERON:0012416 'respiratory system arterial smooth muscle'
D: UBERON:0015923 'superficial parotid lymph node'
D: UBERON:0000442 'right testicular vein'
D: UBERON:0003957 'Bruch's membrane'
D: UBERON:0000443 'left testicular vein'
D: UBERON:0001776 'optic choroid'
D: UBERON:0006165 'median dorsal digital artery for digit 1'
D: CL:1000742 'glomerular mesangial cell'
D: UBERON:0006164 'forelimb common dorsal digital arteries'
D: UBERON:0035965 'wall of blood vessel'
D: UBERON:0006163 'dorsal digital artery'
D: UBERON:0008339 'microvascular endothelium'
D: UBERON:0006169 'hindlimb proper dorsal digital arteries'
D: UBERON:0006168 'hindlimb common dorsal digital arteries'
D: UBERON:0006167 'forelimb proper dorsal digital arteries'
D: UBERON:0006166 'lateral dorsal digital artery for digit 5'
D: UBERON:0003909 'sinusoid'
D: UBERON:0003907 'left atrioventricular canal'
D: UBERON:0003908 'right atrioventricular canal'
D: UBERON:0003906 'cardiac jelly'
D: CL:0000708 'leptomeningeal cell'
D: CL:0000704 'endothelial tip cell'
D: UBERON:0006183 'mesonephric glomerular capillary'
D: UBERON:0006182 'mesonephric glomerular mesangium'
D: UBERON:0010204 'tail vasculature'
D: CL:0000706 'choroid plexus epithelial cell'
D: UBERON:0010205 'mesencephalic vein'
D: UBERON:0009687 'middle cardiac vein'
D: UBERON:0009202 'vasa recta descending limb'
D: UBERON:0009689 'anterior inferior cerebellar artery'
D: UBERON:0009688 'posterior inferior cerebellar artery'
D: UBERON:0006198 'dorsal intercostal artery'
D: UBERON:0006197 'auricular vein'
D: UBERON:0003910 'splenic sinusoid'
D: UBERON:0003911 'choroid plexus epithelium'
D: UBERON:0037787 'right occipital lymph node'
D: UBERON:0038638 'lobar lymph node'
D: UBERON:0037788 'left occipital lymph node'
D: UBERON:0038635 'interlobar lymph node'
D: UBERON:0003521 'pes blood vessel'
D: UBERON:0004852 'cardiovascular system endothelium'
D: UBERON:0003522 'manual digit blood vessel'
D: UBERON:0003520 'pelvis blood vessel'
D: UBERON:0004851 'aorta endothelium'
D: UBERON:0001340 'dorsal artery of penis'
D: UBERON:0003529 'respiratory system lymphatic vessel endothelium'
D: UBERON:0003527 'kidney capillary'
D: UBERON:0003526 'respiratory system capillary'
D: UBERON:0003523 'manus blood vessel'
D: UBERON:0003524 'tail blood vessel'
D: CL:1000370 'transitional myocyte of left branch of atrioventricular bundle'
D: UBERON:0010293 'suprachoroid lamina'
D: CL:1000371 'transitional myocyte of right branch of atrioventricular bundle'
D: UBERON:0038641 'segmental lymph node'
D: CL:1000374 'transitional myocyte of posterior division of left branch of atrioventricular bundle'
D: CL:1001221 'arcuate vein smooth muscle cell'
D: CL:1000375 'myocardial endocrine cell of septal division of left branch of atrioventricular bundle'
D: CL:1000372 'transitional myocyte of atrial part of atrioventricular bundle'
D: CL:1000373 'transitional myocyte of ventricular part of atrioventricular bundle'
D: CL:1001220 'arcuate vein endothelial cell'
D: CL:1001223 'interlobulary vein endothelial cell'
D: CL:1000376 'Purkinje myocyte of interventricular septum'
D: CL:1001224 'interlobulary vein smooth muscle cell'
D: UBERON:0002200 'vasculature of head'
D: UBERON:0004864 'vasculature of retina'
D: UBERON:0001355 'deep femoral artery'
D: CL:0000746 'cardiac muscle cell'
D: UBERON:0001354 'inferior epigastric artery'
D: UBERON:0002201 'vasculature of trunk'
D: UBERON:0001357 'inferior rectal artery'
D: UBERON:0001356 'medial circumflex femoral artery'
D: UBERON:0002203 'vasculature of eye'
D: UBERON:0001358 'perineal artery'
D: UBERON:0014685 'pterygoid plexus'
D: UBERON:0014686 'angular vein'
D: CL:1000363 'transitional myocyte of atrial branch of anterior internodal tract'
D: CL:1001210 'outer medulla vasa recta ascending limb cell'
D: UBERON:0037764 'anterior superior deep cervical lymph node'
D: UBERON:0037765 'lateral inferior deep cervical lymph node'
D: CL:1000364 'transitional myocyte of anterior internodal tract'
D: CL:1000361 'transitional myocyte of interatrial septum'
D: UBERON:0037763 'lateral superior deep cervical lymph node'
D: CL:1000362 'transitional myocyte of interventricular septum'
D: CL:1001214 'arcuate artery smooth muscle cell'
D: CL:1000367 'transitional myocyte of posterior internodal tract'
D: CL:1000368 'transitional myocyte of anterior division of left branch of atrioventricular bundle'
D: CL:1000365 'transitional myocyte of atrial septal branch of anterior internodal tract'
D: UBERON:0037766 'anterior inferior deep cervical lymph node'
D: CL:1001213 'arcuate artery endothelial cell'
D: CL:1000366 'transitional myocyte of middle internodal tract'
D: CL:1000369 'transitional myocyte of septal division of left branch of atrioventricular bundle'
D: CL:1001216 'interlobulary artery endothelial cell'
D: CL:1001217 'interlobulary artery smooth muscle cell'
D: UBERON:0001363 'great saphenous vein'
D: CL:1001209 'inner medulla vasa recta ascending limb cell'
D: UBERON:0005720 'hindbrain venous system'
D: UBERON:0001360 'deep circumflex iliac vein'
D: UBERON:0004870 'superficial cervical lymph node'
D: UBERON:0001362 'perineal vein'
D: UBERON:0001361 'femoral vein'
D: UBERON:0014690 'left gastric vein'
D: UBERON:0022292 'splenic arteriole'
D: UBERON:0004889 'lobar bronchus vasculature'
D: UBERON:3010200 'vasculature of respiratory integument'
D: UBERON:0005734 'tunica adventitia of blood vessel'
D: UBERON:0010260 'umbilical blood vessel'
D: UBERON:0001309 'internal iliac artery'
D: UBERON:2000484 'celiacomesenteric artery'
D: UBERON:0012441 'endothelium of peritubular capillary'
D: UBERON:0001308 'external iliac artery'
D: UBERON:0000457 'cavernous artery'
D: UBERON:0010250 'middle meningeal artery'
D: UBERON:0010251 'anterior meningeal artery'
D: UBERON:0036422 'wall of pulmonary artery'
D: UBERON:0013768 'great vessel of heart'
D: UBERON:0003970 'placental labyrinth vasculature'
D: UBERON:0001311 'inferior vesical artery'
D: UBERON:0001310 'umbilical artery'
D: UBERON:0001317 'internal iliac vein'
D: UBERON:0001316 'external iliac vein'
D: UBERON:0001319 'vaginal vein'
D: UBERON:0001318 'inferior vesical vein'
D: UBERON:0001313 'iliolumbar artery'
D: UBERON:0001312 'superior vesical artery'
D: UBERON:0001315 'superior gluteal artery'
D: UBERON:0001314 'obturator artery'
D: UBERON:0010283 'oblique pericardial sinus'
D: UBERON:0034693 'cremasteric artery'
D: UBERON:0003509 'arterial blood vessel'
D: UBERON:0034698 'inflow tract of ventricle'
D: UBERON:0035545 'deep lymphatic vessel'
D: UBERON:0034697 'inflow tract'
D: UBERON:0037722 'right retropharyngeal lymph node'
D: UBERON:0035547 'posterior ciliary vein'
D: UBERON:0034699 'inflow tract of atrium'
D: UBERON:0037723 'left retropharyngeal lymph node'
D: UBERON:0035546 'uveal vein'
D: UBERON:0035549 'vasculature of integument'
D: UBERON:0035548 'colic artery'
D: UBERON:0001320 'iliolumbar vein'
D: UBERON:0003983 'conus arteriosus'
D: UBERON:0003500 'corneal blood vessel'
D: UBERON:0001321 'obturator vein'
D: UBERON:0003507 'arm blood vessel'
D: UBERON:0003508 'pedal digit blood vessel'
D: UBERON:0003505 'trachea blood vessel'
D: UBERON:0003506 'chest blood vessel'
D: UBERON:0003503 'leg blood vessel'
D: UBERON:0003504 'respiratory system blood vessel'
D: UBERON:0003501 'retina blood vessel'
D: UBERON:0003502 'neck blood vessel'
D: UBERON:0035550 'superficial vein'
D: UBERON:0035552 'deep vein'
D: UBERON:0035551 'deep vasculature'
D: UBERON:0035554 'right cardiac chamber'
D: UBERON:0035553 'left cardiac chamber'
D: UBERON:0010279 'pericardial sinus'
D: CL:1000310 'adipocyte of epicardial fat of right ventricle'
D: UBERON:0010277 'mesocardium'
D: CL:1000311 'adipocyte of epicardial fat of left ventricle'
D: CL:1000309 'epicardial adipocyte'
D: UBERON:0003510 'eyelid blood vessel'
D: UBERON:0001330 'pampiniform plexus'
D: UBERON:0003511 'iris blood vessel'
D: UBERON:0003518 'main bronchus blood vessel'
D: UBERON:0004849 'respiratory system venous endothelium'
D: UBERON:0003519 'thoracic cavity blood vessel'
D: UBERON:0003516 'hindlimb blood vessel'
D: UBERON:0004848 'respiratory system arterial endothelium'
D: UBERON:0003517 'kidney blood vessel'
D: UBERON:0003514 'limb blood vessel'
D: UBERON:0003515 'forelimb blood vessel'
D: UBERON:0003512 'lung blood vessel'
D: UBERON:3010243 'ventricular musculature'
D: UBERON:0003513 'trunk blood vessel'
# PARSING: UBERON:0001009
# QUERY: UBERON:0001009 'circulatory system'
E: UBERON:0001009 'circulatory system'
D: UBERON:0009054 'open circulatory system'
D: UBERON:6001664 'embryonic/larval circulatory system'
D: UBERON:0009055 'closed circulatory system'
D: UBERON:0009056 'two-pass circulatory system'
D: UBERON:0009057 'one-pass circulatory system'
2021-02-08 17:00:11,857 WARN  (OWLGraphWrapperExtended:936) Unable to retrieve the value of oboInOwl#id as the identifier for http://www.w3.org/2002/07/owl#Nothing; we will use an original iri as the identifier.
2021-02-08 17:00:11,863 WARN  (OWLGraphWrapperExtended:936) Unable to retrieve the value of oboInOwl#id as the identifier for http://www.w3.org/2002/07/owl#Nothing; we will use an original iri as the identifier.
D: Nothing Nothing
A:BFO:0000004 'independent continuant'
A:BFO:0000002 'continuant'
A:UBERON:0000061 'anatomical structure'
A:UBERON:0001062 'anatomical entity'
A:BFO:0000040 'material entity'
A:UBERON:0000465 'material anatomical entity'
A:UBERON:0000467 'anatomical system'
2021-02-08 17:00:11,914 WARN  (OWLGraphWrapperExtended:936) Unable to retrieve the value of oboInOwl#id as the identifier for http://www.w3.org/2002/07/owl#Thing; we will use an original iri as the identifier.
2021-02-08 17:00:11,923 WARN  (OWLGraphWrapperExtended:936) Unable to retrieve the value of oboInOwl#id as the identifier for http://www.w3.org/2002/07/owl#Thing; we will use an original iri as the identifier.
A:Thing Thing
