# PARSING: BFO_0000050 some UBERON:0010323
# QUERY: ObjectSomeValuesFrom(BFO:0000050 'part of' UBERON:0010323 'cranial skeletal system')
2021-02-08 17:03:08,819 WARN  (ChangeIndexingProcessor:66) [reasoner.indexing.axiomIgnored]ELK does not support ObjectAllValuesFrom. Axiom ignored:
SubClassOf(<http://purl.obolibrary.org/obo/BFO_0000019> ObjectAllValuesFrom(<http://purl.obolibrary.org/obo/BFO_0000050> <http://purl.obolibrary.org/obo/BFO_0000019>))
2021-02-08 17:03:08,851 WARN  (ChangeIndexingProcessor:66) [reasoner.indexing.axiomIgnored]ELK does not support ObjectAllValuesFrom. Axiom ignored:
SubClassOf(<http://purl.obolibrary.org/obo/BFO_0000020> ObjectAllValuesFrom(<http://purl.obolibrary.org/obo/BFO_0000050> <http://purl.obolibrary.org/obo/BFO_0000020>))
2021-02-08 17:03:08,863 WARN  (ChangeIndexingProcessor:66) [reasoner.indexing.axiomIgnored]ELK does not support ObjectAllValuesFrom. Axiom ignored:
SubClassOf(<http://purl.obolibrary.org/obo/BFO_0000003> ObjectAllValuesFrom(<http://purl.obolibrary.org/obo/BFO_0000050> <http://purl.obolibrary.org/obo/BFO_0000003>))
2021-02-08 17:03:08,869 WARN  (ChangeIndexingProcessor:66) [reasoner.indexing.axiomIgnored]ELK does not support ObjectAllValuesFrom. Axiom ignored:
SubClassOf(<http://purl.obolibrary.org/obo/BFO_0000002> ObjectAllValuesFrom(<http://purl.obolibrary.org/obo/BFO_0000050> <http://purl.obolibrary.org/obo/BFO_0000002>))
2021-02-08 17:03:08,876 WARN  (ChangeIndexingProcessor:66) [reasoner.indexing.axiomIgnored]ELK does not support ObjectAllValuesFrom. Axiom ignored:
SubClassOf(<http://purl.obolibrary.org/obo/BFO_0000004> ObjectAllValuesFrom(<http://purl.obolibrary.org/obo/BFO_0000050> <http://purl.obolibrary.org/obo/BFO_0000004>))
2021-02-08 17:03:11,300 WARN  (OWLGraphWrapperExtended:936) Unable to retrieve the value of oboInOwl#id as the identifier for http://owltools.org/Q; we will use an original iri as the identifier.
2021-02-08 17:03:11,303 WARN  (OWLGraphWrapperExtended:936) Unable to retrieve the value of oboInOwl#id as the identifier for http://owltools.org/Q; we will use an original iri as the identifier.
E: Q Q
D: UBERON:0018622 'lower canine tooth'
D: UBERON:2001250 'pharyngobranchial 2 bone'
D: UBERON:0018623 'lower secondary incisor tooth'
D: UBERON:2001252 'pharyngobranchial 3 bone'
D: UBERON:0013174 'sigmoid process of tympanic bone'
D: UBERON:2002101 'branchiostegal ray series'
D: UBERON:0016440 'glabella region of bone'
D: UBERON:0018621 'upper canine tooth'
D: UBERON:2001251 'pharyngobranchial 4 cartilage'
D: UBERON:0016442 'median palatine suture'
D: UBERON:2002102 'epibranchial series'
D: UBERON:2002103 'ceratobranchial series'
D: UBERON:0002279 'vestibular aqueduct'
D: UBERON:0010908 'paraglossale'
D: UBERON:0003129 'skull'
D: UBERON:0003128 'cranium'
D: UBERON:0018613 'secondary upper tooth'
D: UBERON:0018614 'permanent lower tooth'
D: UBERON:0012074 'bony part of hard palate'
D: UBERON:0012073 'tooth of palatine bone'
D: UBERON:2001241 'ceratobranchial 3 bone'
D: UBERON:2001240 'ceratobranchial 4 bone'
D: UBERON:2001243 'epibranchial 1 bone'
D: UBERON:2001242 'ceratobranchial 2 bone'
D: UBERON:2001245 'epibranchial 4 bone'
D: UBERON:2001244 'epibranchial 5 cartilage'
D: UBERON:2001247 'epibranchial 3 bone'
D: UBERON:2001246 'epibranchial 2 bone'
D: UBERON:0018617 'primary lower tooth'
D: UBERON:0018616 'primary upper tooth'
D: UBERON:0008828 'presphenoid bone'
D: UBERON:0017313 'cingulum of lower canine tooth'
D: UBERON:0018644 'deciduous molar tooth 1'
D: UBERON:0018645 'incisor region of dentition'
D: UBERON:2001230 'pharyngeal arch 6 skeleton'
D: UBERON:3010832 'occipital segment'
D: UBERON:0017312 'cingulum of upper canine tooth'
D: UBERON:0018643 'deciduous molar tooth 2'
D: UBERON:2001232 'pharyngeal arch 5 skeleton'
D: UBERON:2001231 'pharyngeal arch 4 skeleton'
D: UBERON:2001234 'hypobranchial 4 bone'
D: UBERON:2001233 'hypobranchial 1 bone'
D: UBERON:2001236 'hypobranchial 2 bone'
D: UBERON:2001235 'hypobranchial 3 bone'
D: UBERON:0018409 'infra-orbital groove of maxilla'
D: UBERON:2001237 'ceratobranchial 1 bone'
D: UBERON:0018648 'upper premolar 4'
D: UBERON:0018407 'infra-orbital foramen of maxilla'
D: UBERON:2001239 'ceratobranchial 5 bone'
D: UBERON:0002295 'scala media'
D: UBERON:3010831 'occipito-petrosal'
D: UBERON:3010830 'spicule'
D: UBERON:0016455 'upper lateral secondary incisor tooth'
D: UBERON:0016452 'upper secondary premolar tooth'
D: UBERON:0016454 'upper central secondary incisor tooth'
D: UBERON:2001221 'anterior copula'
D: UBERON:2001220 'basibranchial copula'
D: UBERON:0016453 'lower secondary premolar tooth'
D: UBERON:2000376 'infraorbital'
D: UBERON:2001223 'basibranchial 1 bone'
D: UBERON:2001222 'posterior copula'
D: UBERON:2001225 'basibranchial 3 bone'
D: UBERON:2001224 'basibranchial 2 bone'
D: UBERON:2001226 'basibranchial 4 bone'
D: UBERON:0010910 'opisthotic'
D: UBERON:2001229 'pharyngeal arch 7 skeleton'
D: UBERON:2001228 'pharyngeal arch 3 skeleton'
D: UBERON:0006668 'carotid canal'
D: UBERON:0006667 'pituitary fossa'
D: CL:1000191 'pillar cell'
D: UBERON:0006428 'basisphenoid bone'
D: UBERON:0014465 'antorbital fenestra'
D: UBERON:0013135 'interdental plate'
D: UBERON:0036254 'piriform aperture'
D: UBERON:0036253 'orifice of skull'
D: UBERON:0016881 'craniopharyngeal canal'
D: UBERON:3000610 'trochlear foramen'
D: UBERON:0004654 'temporal process of zygomatic bone'
D: UBERON:3000619 'tympanosquamosal'
D: UBERON:0004655 'zygomatic process of temporal bone'
D: CL:0002556 'fibroblast of periodontium'
D: CL:0002315 'supporting cell of cochlea'
D: UBERON:0004658 'mandible head'
D: UBERON:0004659 'mandible neck'
D: UBERON:0002478 'orbitosphenoid'
D: UBERON:0005745 'optic foramen'
D: UBERON:0004657 'mandible condylar process'
D: UBERON:2001281 'branchiostegal ray 2'
D: UBERON:0016631 'actinopterygian frontal-parietal joint'
D: UBERON:2001280 'branchiostegal ray 3'
D: UBERON:0002491 'lambdoid suture'
D: UBERON:0002490 'frontal suture'
D: UBERON:0002244 'premaxilla'
D: UBERON:3000628 'ventral ramus of squamosal'
D: UBERON:0004661 'mandible temporal crest'
D: UBERON:0004660 'mandible coronoid process'
D: UBERON:0002241 'chondrocranium'
D: UBERON:0002489 'coronal suture'
D: UBERON:0006605 'tectum synoticum'
D: UBERON:0006604 'lamina orbitonasalis'
D: UBERON:0018602 'lower lateral incisor tooth'
D: UBERON:0018603 'upper central incisor tooth'
D: UBERON:0018600 'lower second primary molar tooth'
D: UBERON:0018601 'lower central incisor tooth'
D: UBERON:2001274 'coronomeckelian'
D: UBERON:2002120 'orbitosphenoid septum'
D: UBERON:0018608 'permanent molar tooth 1'
D: UBERON:2001279 'branchiostegal ray 1'
D: UBERON:0018607 'permanent molar tooth 2'
D: UBERON:0018604 'upper lateral incisor tooth'
D: UBERON:0002496 'stapes base'
D: UBERON:0002492 'sagittal suture'
D: UBERON:0012072 'palatal part of dermatocranium'
D: UBERON:0003107 'Meckel's cartilage'
D: UBERON:0012071 'palate bone'
D: UBERON:0003108 'suspensorium'
D: UBERON:0012070 'palatal tooth'
D: UBERON:2000171 'interhyal bone'
D: UBERON:3000601 'tectum nasi'
D: UBERON:0017748 'lower primary incisor tooth'
D: UBERON:0016418 'nasion'
D: UBERON:0003356 'epithelium of nasal septum'
D: UBERON:0003112 'olfactory region'
D: UBERON:0003355 'epithelium of incisor'
D: UBERON:0003113 'dermatocranium'
D: UBERON:0003110 'otic region'
D: UBERON:3000605 'tentacular foramen'
D: UBERON:0003111 'sphenoid region'
D: UBERON:0008809 'foramina of scarpa'
D: UBERON:0008895 'splanchnocranium'
D: UBERON:4200091 'ethomosphenoid region'
D: UBERON:0006495 'osseus cochlear canal'
D: UBERON:0006494 'apex of arytenoid'
D: UBERON:0010733 'alisphenoid cartilage element'
D: UBERON:0010732 'alisphenoid pre-cartilage condensation'
D: UBERON:0006006 'metoptic pillar'
D: UBERON:0006248 'incus pre-cartilage condensation'
2021-02-08 17:03:12,053 WARN  (OWLGraphWrapperExtended:936) Unable to retrieve the value of oboInOwl#id as the identifier for http://www.w3.org/2002/07/owl#Nothing; we will use an original iri as the identifier.
2021-02-08 17:03:12,056 WARN  (OWLGraphWrapperExtended:936) Unable to retrieve the value of oboInOwl#id as the identifier for http://www.w3.org/2002/07/owl#Nothing; we will use an original iri as the identifier.
D: Nothing Nothing
D: UBERON:3000195 'foramen perilymphaticus inferius'
D: UBERON:3000193 'foramen perilymphaticum accessorium'
D: UBERON:3000192 'foramen perilymphaticum'
D: UBERON:0011611 'ceratohyal bone'
D: UBERON:0011610 'ceratohyal cartilage'
D: UBERON:0006262 'malleus pre-cartilage condensation'
D: UBERON:0011615 'basihyal cartilage'
D: UBERON:0011614 'basihyal element'
D: UBERON:0011613 'hypohyal element'
D: UBERON:0011612 'hypohyal cartilage'
D: UBERON:0011619 'stylohyoid bone'
D: UBERON:0011618 'basihyal bone'
D: UBERON:0010752 'exoccipital cartilage element'
D: UBERON:0010751 'squamous part of temporal bone primordium'
D: UBERON:0010750 'prefrontal bone'
D: UBERON:0006271 'orbital fissure'
D: UBERON:0011603 'coronoid tooth'
D: UBERON:0011608 'hyomandibular element'
D: UBERON:0011607 'hyomandibular cartilage'
D: UBERON:0011606 'hyomandibular bone'
D: UBERON:0011609 'ceratohyal element'
D: UBERON:0018242 'palatine bone horizontal plate'
D: UBERON:0007115 'deciduous tooth'
D: UBERON:0007116 'primary dentition'
D: UBERON:0018424 'petrosal foramen'
D: UBERON:0006682 'hypoglossal canal'
D: UBERON:0005342 'malleus head'
D: UBERON:0006673 'mandibular canal'
D: UBERON:0006672 'incisive canal'
D: UBERON:0016492 'foramen spinosum of sphenoid bone'
D: UBERON:0018415 'ethmoid foramen'
D: UBERON:3010828 'commissura terminales of hyoid apparatus'
D: UBERON:0018413 'facial nerve canal'
D: UBERON:3010827 'anterior prenasal cartilage'
D: UBERON:0018653 'anterior ethmoidal foramen'
D: UBERON:0018654 'posterior ethmoidal foramen'
D: UBERON:3010821 'hyoquadrate process'
D: UBERON:3010824 'processus triangularis of palatoquadrate cartilage'
D: UBERON:0018651 'foramen lacerum'
D: UBERON:0016476 'primary incisor tooth'
D: UBERON:0018652 'maxillary recess'
D: UBERON:0004273 'cartilaginous joint suture'
D: UBERON:0005355 'malleus neck'
D: UBERON:0005354 'malleus processus brevis'
D: UBERON:0006684 'sphenoidal fontanelle'
D: UBERON:0006683 'posterior fontanelle'
D: UBERON:3010820 'suboccular arch'
D: UBERON:0007774 'secondary dentition'
D: CL:0002168 'border cell of cochlea'
D: UBERON:0007775 'secondary tooth'
D: CL:0002163 'internal pillar cell of cochlea'
D: UBERON:0006209 'basioccipital cartilage element'
D: CL:0002165 'phalangeal cell'
D: CL:0002164 'external pillar cell of cochlea'
D: CL:0002172 'interdental cell of cochlea'
D: UBERON:0010728 'sphenoid lesser wing pre-cartilage condensation'
D: UBERON:0010727 'sutural bone'
D: UBERON:0006231 'facial bone primordium'
D: UBERON:0034900 'palatine process of premaxilla'
D: UBERON:0006228 'exoccipital pre-cartilage condensation'
D: UBERON:0006227 'ethmoid bone primordium'
D: UBERON:0034909 'intermaxillary suture'
D: UBERON:0009977 'natal tooth'
D: UBERON:0007799 'mixed dentition'
D: UBERON:0007170 'squamous part of occipital bone'
D: UBERON:3000131 'dilatatio alaris'
D: UBERON:0035880 'zygomaticomaxillary suture'
D: UBERON:0035882 'sphenomaxillary suture'
D: UBERON:0035881 'ethmoidomaxillary suture'
D: UBERON:0035884 'maxillary-premaxillary suture'
D: UBERON:0035883 'lacrimomaxillary suture'
D: UBERON:0008266 'periodontal ligament'
D: UBERON:0013616 'primary molar tooth'
D: UBERON:0013617 'upper primary molar tooth'
D: UBERON:0010349 'otic capsule pre-cartilage condensation'
D: UBERON:3000375 'palatine process of the pars facialis of the maxilla'
D: UBERON:0013618 'secondary molar tooth'
D: UBERON:0013619 'upper secondary molar tooth'
D: UBERON:4200239 'shagreen tooth field'
D: UBERON:4200238 'coronoid fang'
D: UBERON:4200237 'posterior coronoid bone'
D: UBERON:4200236 'anterior coronoid bone'
D: UBERON:0001863 'scala vestibuli'
D: UBERON:4200235 'postcoronoid bone'
D: UBERON:4200234 'precoronoid bone'
D: UBERON:0001864 'scala tympani'
D: UBERON:3000384 'parasagittal crest'
D: UBERON:3000381 'paranasal commissure'
D: UBERON:3000380 'palatoquadrate articular process'
D: UBERON:0018299 'mandibular symphyseal tooth'
D: UBERON:3000389 'paries nasi'
D: UBERON:3000388 'parasphenoid tooth'
D: UBERON:3000387 'subotic alae'
D: UBERON:3000386 'cultriform process'
D: UBERON:4200242 'median postrostral bone'
D: UBERON:4200241 'postrostral bone'
D: UBERON:4200240 'fronto-ethmoidal shield'
D: UBERON:2001805 'articular bone'
D: UBERON:4200248 'hypophysial region'
D: UBERON:4200247 'lateral parasymphysial foramen'
D: UBERON:4200246 'mesial parasymphysial foramen'
D: UBERON:4200245 'parasymphysial plate'
D: UBERON:4200244 'anterior supraorbital bone'
D: UBERON:4200243 'surangular pit line'
D: UBERON:3000591 'suprasphenoid'
D: CL:2000058 'calvarial osteoblast'
D: UBERON:3000590 'supraorbital flange'
D: UBERON:3000117 'crista subnasalis'
D: UBERON:3000115 'crista lateralis of premaxilla'
D: UBERON:3000599 'taenia tecti marginalis'
D: UBERON:3000113 'crista intermedia'
D: UBERON:4300181 'posterior sclerotic cartilage'
D: UBERON:3000112 'crista dentalis of premaxilla'
D: UBERON:4300182 'anterior sclerotic cartilage'
D: UBERON:3000111 'crista dentalis of maxilla'
D: UBERON:3000110 'crista contacta'
D: UBERON:4200251 'meckelian foramen'
D: UBERON:4200250 'meckelian bone'
D: UBERON:3000118 'crista supraorbitalis'
D: UBERON:0013620 'lower primary molar tooth'
D: UBERON:4300196 'processus descendens of sphenoid'
D: UBERON:3000368 'otoccipital'
D: UBERON:3000367 'otic ramus of squamosal'
D: UBERON:4300199 'postsplenial'
D: UBERON:0013621 'lower secondary molar tooth'
D: UBERON:0035879 'frontomaxillary suture'
D: UBERON:3000365 'otic process'
D: UBERON:3000364 'otic plate of pterygoid'
D: UBERON:3000363 'otic ligament'
D: CL:0005015 'inner phalangeal cell'
D: UBERON:0002501 'oval window'
D: UBERON:0002500 'zygomatic arch'
D: UBERON:0002502 'round window of inner ear'
D: UBERON:7500057 'upper fourth secondary molar tooth'
D: UBERON:7500058 'upper fourth secondary premolar tooth'
D: UBERON:7500059 'upper third secondary premolar tooth'
D: UBERON:0011871 'nasomaxillary suture'
D: UBERON:0007374 'incus cartilage element'
D: UBERON:0011631 'tabular bone'
D: UBERON:2001610 'quadrate dorsal process'
D: UBERON:0011630 'intertemporal bone'
D: UBERON:0011637 'prearticular bone'
D: UBERON:7500052 'lower fourth secondary molar tooth'
D: UBERON:3000179 'foramen acusticum'
D: UBERON:3000178 'footplate of pars media plectri'
D: UBERON:2001611 'quadrate posterodorsal process'
D: UBERON:0011636 'surangular bone'
D: UBERON:7500053 'lower fourth secondary premolar tooth'
D: UBERON:2001856 'gill ray'
D: UBERON:7500054 'lower third secondary premolar tooth'
D: UBERON:0035848 'infraorbital margin'
D: UBERON:3000177 'flange of quadratojugal'
D: UBERON:0011635 'splenial bone'
D: UBERON:2001855 'hyomandibular condyle for the opercle'
D: UBERON:0011634 'ectopterygoid bone'
D: UBERON:0010309 'palpebral bone'
D: UBERON:2001858 'suprapharyngobranchial'
D: UBERON:2000527 'pharyngobranchial bone'
D: UBERON:2001616 'lateral ethmoid wing'
D: UBERON:0035849 'orbital margin'
D: UBERON:2001615 'sphenotic spine'
D: UBERON:0011639 'frontoparietal bone'
D: UBERON:0010308 'os opticus'
D: UBERON:2001859 'pharyngobranchial 1 tooth plate'
D: UBERON:0018275 'posthypocrista of deciduous premolar 5'
D: UBERON:0001825 'paranasal sinus'
D: UBERON:0018273 'caniniform region'
D: UBERON:0018274 'postcingulum of deciduous premolar 5'
D: UBERON:3000185 'foramen endolymphaticum'
D: UBERON:3000183 'foramen acusticum posterius'
D: UBERON:3000182 'foramen acusticum minus'
D: UBERON:3000181 'foramen acusticum maius'
D: UBERON:3000180 'foramen acusticum anterius'
D: UBERON:0035850 'infraorbital bridge'
D: UBERON:0001839 'bony labyrinth'
D: UBERON:0011622 'thyrohyoid bone'
D: UBERON:0011621 'thyrohyoid cartilage'
D: UBERON:0011620 'basihyal lingual process'
D: UBERON:0035612 'nasal turbinal'
D: UBERON:0006294 'stapes pre-cartilage condensation'
D: UBERON:0011626 'tympanohyoid cartilage'
D: UBERON:0011625 'inferior horn of thyroid cartilage'
D: UBERON:0011624 'superior horn of thyroid cartilage'
D: UBERON:2001603 'maxilla ascending process'
D: UBERON:0011623 'horn of thyroid cartilage'
D: UBERON:2001604 'lateral ethmoid palatine process'
D: UBERON:0011629 'supratemporal bone'
D: UBERON:2001607 'basipterygoid process of parasphenoid'
D: UBERON:0011628 'early premaxilla'
D: UBERON:0011627 'orbital part of frontal bone'
D: UBERON:2001609 'pharyngobranchial 2 bone uncinate process'
D: UBERON:0018265 'anterior root of zygomatic arch'
D: UBERON:3000394 'pars articularis of mandibular arch'
D: CL:2000017 'fibroblast of peridontal ligament'
D: UBERON:0010321 'skeletal element of eye region'
D: UBERON:3000399 'pars externa plectri'
D: UBERON:3000155 'extremitas anterior'
D: UBERON:0010326 'optic pedicel'
D: UBERON:2001833 'premaxillary tooth row'
D: UBERON:0018297 'resorption pit'
D: UBERON:0001845 'perilymph'
D: UBERON:0001844 'cochlea'
D: UBERON:0010310 'nictitating membrane lamina'
D: UBERON:0010311 'scleral sesamoid bone'
D: UBERON:2001823 'epibranchial 4 bone uncinate process'
D: UBERON:2001822 'epibranchial 3 bone uncinate process'
D: UBERON:2001825 'urohyal lateral process'
D: UBERON:2001826 'urohyal median process'
D: UBERON:0018284 'lower premolar 1'
D: UBERON:0018285 'lower premolar 2'
D: UBERON:0018282 'lower molar 3'
D: UBERON:0001852 'endolymph'
D: UBERON:0018283 'lower pharyngobranchial toothplate'
D: UBERON:0018281 'lower deciduous premolar 5'
D: UBERON:4300127 'nuchal crest'
D: UBERON:0009194 'basisphenoid cartilage condenstion'
D: UBERON:0013454 'spheno-maxillary fossa'
D: UBERON:0012360 'bone of jaw'
D: UBERON:0013455 'spheno-petrosal fissure'
D: UBERON:0009197 'basioccipital pre-cartilage condensation'
D: UBERON:0009198 'craniofacial suture'
D: UBERON:0009199 'facial suture'
D: UBERON:2001650 'pharyngobranchial 2 tooth plate'
D: UBERON:2001892 'interhyal element'
D: UBERON:0013450 'simian shelf'
D: UBERON:2001894 'hypobranchial 1 element'
D: UBERON:2001652 'pharyngobranchial 3 tooth plate'
D: UBERON:2001651 'pharyngobranchial 2 tooth'
D: UBERON:2001893 'hypobranchial element'
D: UBERON:2001654 'upper pharyngeal 4 tooth plate'
D: UBERON:2001896 'hypobranchial 3 element'
D: UBERON:2001412 'epiotic'
D: UBERON:0035007 'nasal concha cartilage'
D: UBERON:2001895 'hypobranchial 2 element'
D: UBERON:2001653 'pharyngobranchial 3 tooth'
D: UBERON:2001898 'ceratobranchial element'
D: UBERON:2001655 'upper pharyngeal 4 tooth'
D: UBERON:2001897 'hypobranchial 4 element'
D: UBERON:0009191 'sphenoid bone pre-cartilage condensation'
D: UBERON:2001658 'upper pharyngeal tooth plate'
D: UBERON:0009192 'basisphenoid pre-cartilage condensation'
D: UBERON:0009193 'sphenoid cartilage element'
D: UBERON:0013217 'zygomatic plate'
D: UBERON:2001899 'ceratobranchial 1 element'
D: UBERON:0013459 'stephanion'
D: UBERON:4500012 'hypobranchial series'
D: UBERON:2001659 'upper pharyngeal tooth'
D: UBERON:4500014 'basibranchial series'
D: UBERON:4500013 'pharyngobranchial series'
D: UBERON:3000539 'recessus marsupiatus of premaxilla'
D: UBERON:3010576 'prenasal (amphibians)'
D: UBERON:0003407 'cartilage of nasal septum'
D: UBERON:4500016 'premaxilla articular process'
D: UBERON:4500018 'premaxilla maxillary process'
D: UBERON:4500017 'interarcual bone'
D: UBERON:0013442 'postorbital process'
D: UBERON:0013685 'foramen of skull'
D: UBERON:4300134 'lateral commissure'
D: UBERON:0012111 'diastema'
D: UBERON:0012110 'frontal process of zygomatic bone'
D: UBERON:0012115 'dental comb'
D: UBERON:4300132 'glossopharyngeal nerve foramen'
D: UBERON:0011267 'quadratojugal bone'
D: UBERON:3000543 'retroarticular process'
D: UBERON:0013687 'pericranium'
D: UBERON:0013445 'pterygomaxillary fissure'
D: UBERON:2001403 'supraethmoid'
D: UBERON:0013447 'sagittal crest'
D: UBERON:3000540 'recessus vaginiformis'
D: UBERON:0013448 'sagittal keel'
D: UBERON:2001404 'preethmoid bone'
D: UBERON:0004742 'dentary'
D: UBERON:2001407 'infraorbital 2'
D: UBERON:2001649 'basihyal tooth'
D: UBERON:2001406 'kinethmoid bone'
D: UBERON:2001648 'basihyal tooth plate'
D: UBERON:0004740 'basibranchial bone'
D: UBERON:2001409 'infraorbital 4'
D: UBERON:2001408 'infraorbital 3'
D: UBERON:3000547 'rostral process'
D: UBERON:3010583 'basibranchial I'
D: UBERON:4500005 'prenasal ossicle'
D: UBERON:0004746 'prootic bone'
D: UBERON:0003415 'mesenchyme of nasal septum'
D: UBERON:0004747 'supraoccipital bone'
D: UBERON:3010585 'basibranchial II'
D: UBERON:0004744 'articular/anguloarticular'
D: UBERON:0004745 'parasphenoid'
D: UBERON:0003414 'mesenchyme of mandible'
D: UBERON:4300106 'ventral limb of posttemporal'
D: UBERON:3010557 'triangular process'
D: UBERON:0013471 'retromolar space'
D: UBERON:3010559 'retroarticular process of the palatoquadrate'
D: UBERON:3000512 'processus zygomatico-maxillaris'
D: UBERON:2001632 'ectopterygoid tooth'
D: UBERON:2001874 'basibranchial 2 cartilage'
D: UBERON:2001634 'pharyngobranchial 1 cartilage'
D: UBERON:2001876 'basibranchial 3 cartilage'
D: UBERON:3000993 'otic and occipital'
D: UBERON:2001636 'pharyngobranchial 4 bone'
D: UBERON:2001635 'pharyngobranchial 1 bone'
D: CL:0000634 'Claudius cell'
D: UBERON:2000549 'posttemporal'
D: CL:0000635 'Deiter's cell'
D: UBERON:3000519 'pseudodentary tooth'
D: UBERON:0004751 'hypohyal bone'
D: UBERON:3000518 'pseudodentary'
D: UBERON:0004752 'palatoquadrate cartilage'
D: UBERON:3000516 'pseudobasal process'
D: UBERON:3000515 'pseudoangular'
D: CL:0000633 'Hensen cell'
D: UBERON:3000998 'suprarostral cartilage'
D: UBERON:0003666 'upper jaw molar'
D: UBERON:0003667 'lower jaw molar'
D: UBERON:0013463 'temporal fossa'
D: UBERON:0013222 'otic notch'
D: UBERON:0011287 'rostral organ'
D: UBERON:0013460 'suprainiac fossa'
D: UBERON:0013462 'sylvian point'
D: UBERON:3000524 'pterygoquadrate'
D: UBERON:3000523 'pterygoid process of palatoquadrate'
D: UBERON:2001620 'lagenar capsule'
D: UBERON:2001865 'basibranchial 4 cartilage'
D: UBERON:2001864 'basibranchial 1 cartilage'
D: UBERON:0013468 'zygomatic fossa'
D: UBERON:2001867 'post-ceratobranchial cartilage'
D: UBERON:0013469 'external occipital protuberance'
D: UBERON:2001866 'basibranchial 5 cartilage'
D: UBERON:2001626 'premaxillary tooth'
D: UBERON:0003672 'dentition'
D: UBERON:3000527 'quadrate process of palatoquadrate'
D: UBERON:3010565 'pila preoptica'
D: UBERON:0005619 'secondary palatal shelf'
D: UBERON:3010564 'carotid foramen'
D: UBERON:0004528 'alveolar ridge of mandible'
D: UBERON:3010566 'prootic foramen'
D: UBERON:0004768 'bone of lower jaw'
D: UBERON:0004527 'alveolar process of maxilla'
D: UBERON:3010560 'anterior process of the palatoquadrate'
D: UBERON:0004766 'cranial bone'
D: UBERON:3010563 'craniopalatine foramen'
D: UBERON:3010562 'suboccular foramen'
D: UBERON:0004767 'vomerine tooth'
D: UBERON:2001690 'anterior cartilage of palatine'
D: UBERON:0013411 'cranial cavity'
D: UBERON:0013653 'velar skeleton'
D: UBERON:2001692 'median premaxilla'
D: UBERON:2001691 'posterior cartilage of palatine'
D: UBERON:2000363 'hypobranchial bone'
D: UBERON:0010389 'pterygoid bone'
D: UBERON:2001696 'gongyloid cartilage'
D: UBERON:0015837 'incisor dental pulp'
D: UBERON:2001695 'mediopharyngobranchial'
D: UBERON:2000127 'antorbital'
D: UBERON:0013412 'crotaphion'
D: UBERON:3000332 'oculomotor foramen'
D: UBERON:0011238 'mesethmoid bone'
D: UBERON:3000572 'sphenethmoid'
D: UBERON:3010130 'taenia tecti transversalis'
D: UBERON:0002510 'anterior fontanel'
D: UBERON:3010138 'trabecular horn'
D: UBERON:0002517 'basicranium'
D: UBERON:3010132 'taenia tecti medialis'
D: UBERON:3010131 'orbital cartilages'
D: UBERON:3000582 'sulcus dentalis of premaxilla'
D: UBERON:3000581 'sulcus dentalis of maxilla'
D: UBERON:3000580 'stylus of pars media plectri'
D: UBERON:2001681 'cornu mesial process'
D: UBERON:4300178 'inner tooth row of dentary'
D: UBERON:4300179 'inner tooth row of premaxilla'
D: UBERON:0010372 'uncinate process of ethmoid'
D: UBERON:3000348 'os basale'
D: UBERON:0012315 'incisive foramen'
D: UBERON:0013406 'bregma'
D: UBERON:2000356 'gill raker'
D: UBERON:2001686 'bony shelf above orbit'
D: UBERON:4300177 'replacement tooth row'
D: UBERON:3000344 'orbitonasal foramen'
D: UBERON:2001689 'pterygoquadrate cartilage'
D: UBERON:3000586 'superior prenasal cartilage'
D: UBERON:3000101 'hyale'
D: UBERON:2001688 'palatine cartilage'
D: UBERON:0013403 'asterion of skull'
D: UBERON:3000341 'optic fenestra'
D: UBERON:0012316 'primitive palate'
D: UBERON:3000583 'sulcus for Meckels cartilage'
D: UBERON:0001679 'ethmoid bone'
D: UBERON:3010146 'lacrimal'
D: UBERON:0001676 'occipital bone'
D: UBERON:3010142 'occipital arch'
D: UBERON:0001677 'sphenoid bone'
D: UBERON:0015851 'upper right incisor tusk'
D: UBERON:0015850 'upper left incisor tusk'
D: UBERON:0016942 'rostral margin of orbit'
D: UBERON:0015853 'dental pulp of median incisor tusk'
D: UBERON:0015852 'narwhal tusk'
D: UBERON:3010118 'quadrato-orbital commissure'
D: UBERON:2001674 'infraorbital 6'
D: UBERON:2000585 'kinethmoid cartilage'
D: UBERON:2001432 'anterior sclerotic bone'
D: UBERON:4300142 'internal carotid foramen'
D: UBERON:2000587 'sphenotic'
D: UBERON:2000103 'supramaxilla'
D: UBERON:2001675 'mesethmoid cornu'
D: UBERON:2001433 'posterior sclerotic bone'
D: UBERON:4300144 'profundus foramen'
D: UBERON:0016944 'upper premolar tooth'
D: UBERON:0016943 'lower premolar tooth'
D: UBERON:0012109 'zygomatic process of frontal bone'
D: UBERON:2000104 'suprapreopercle'
D: UBERON:0013436 'porion'
D: UBERON:0012108 'postorbital bar'
D: UBERON:2000348 'exoccipital posteroventral region'
D: UBERON:0001683 'jugal bone'
D: UBERON:0001682 'palatine bone'
D: UBERON:0001685 'hyoid bone'
D: UBERON:0001684 'mandible'
D: UBERON:0001681 'nasal bone'
D: UBERON:0001680 'lacrimal bone'
D: UBERON:0001687 'stapes bone'
D: UBERON:0001686 'auditory ossicle bone'
D: UBERON:0001689 'malleus bone'
D: UBERON:0001688 'incus bone'
D: UBERON:0015840 'incisor dental lamina'
D: UBERON:0013420 'groove for sigmoid sinus'
D: UBERON:0015842 'incisor enamel organ'
D: UBERON:0013422 'infratemporal fossa'
D: UBERON:0015841 'molar dental lamina'
D: UBERON:0011002 'articular cartilage element'
D: UBERON:0011244 'perpendicular plate of ethmoid'
D: UBERON:3010128 'taeniae tecti marginalis'
D: UBERON:0010155 'parietomastoid suture'
D: UBERON:0011242 'ethmoid cartilage'
D: UBERON:2001661 'basibranchial tooth plate'
D: UBERON:2001660 'basibranchial tooth'
D: UBERON:0011241 'ethmoid region'
D: UBERON:0015848 'incisor tusk'
D: UBERON:2001663 'basibranchial 4 tooth'
D: UBERON:0013427 'occipital bun'
D: UBERON:0010158 'sphenozygomatic suture'
D: UBERON:0013428 'ophryon'
D: UBERON:0010159 'occipitomastoid suture'
D: UBERON:2001662 'basibranchial 4 tooth plate'
D: UBERON:0015847 'upper left incisor tooth'
D: UBERON:0011004 'pharyngeal arch cartilage'
D: UBERON:2000576 'pterotic'
D: UBERON:2001665 'basibranchial 2 tooth'
D: UBERON:0010156 'sphenofrontal suture'
D: UBERON:2001664 'basibranchial 2 tooth plate'
D: UBERON:0011245 'infra-orbital canal of maxilla'
D: UBERON:0010157 'sphenoparietal suture'
D: UBERON:3000323 'nasopremaxilla'
D: UBERON:3000565 'skeletal support for eminentia olfactoria'
D: UBERON:0013423 'jugal point'
D: UBERON:2000336 'preopercle vertical limb'
D: UBERON:2001425 'basal plate cartilage'
D: UBERON:3000563 'seydels palatal process'
D: UBERON:0013424 'anatomical point connecting sagittal and lambdoidal sutures'
D: UBERON:0015846 'incisor mesenchyme'
D: UBERON:2000337 'basioccipital posterodorsal region'
D: UBERON:0013426 'obelion'
D: UBERON:0001694 'petrous part of temporal bone'
D: UBERON:0001693 'exoccipital bone'
D: UBERON:0001695 'squamous part of temporal bone'
D: UBERON:3000329 'oblique cartilage'
D: UBERON:0001692 'basioccipital bone'
D: UBERON:3000569 'solum nasi'
D: UBERON:0001698 'foramen ovale of skull'
D: UBERON:0001697 'orbit of skull'
D: UBERON:2000284 'subopercle'
D: UBERON:2001137 'ventral tooth row'
D: UBERON:2000289 'preopercle horizontal limb'
D: UBERON:2001139 'mediodorsal tooth row'
D: UBERON:0018508 'foramen of nasal bone'
D: UBERON:0002397 'maxilla'
D: UBERON:0002396 'vomer'
D: UBERON:0004339 'vault of skull'
D: UBERON:3000948 'articular process'
D: UBERON:0004103 'alveolar ridge'
D: UBERON:0004108 'clivus of occipital bone'
D: UBERON:0015015 'supraoccipital endochondral element'
D: UBERON:0015017 'incus endochondral element'
D: UBERON:0015016 'stapes endochondral element'
D: UBERON:0013074 'cornual diverticulum'
D: UBERON:2000264 'preopercle'
D: UBERON:0015018 'malleus endochondral element'
D: UBERON:0003268 'tooth of lower jaw'
D: UBERON:0005446 'foramen rotundum'
D: UBERON:0005687 'orbitosphenoid cartilage element'
D: UBERON:0008959 'auditory bulla'
D: UBERON:0003267 'tooth of upper jaw'
D: UBERON:0013068 'palatine torus'
D: UBERON:2000250 'opercle'
D: UBERON:2000495 'infraorbital 5'
D: UBERON:0014397 'lateral process of malleus'
D: UBERON:0005456 'jugular foramen'
D: UBERON:0003277 'skeleton of upper jaw'
D: UBERON:0003278 'skeleton of lower jaw'
D: UBERON:0001098 'incisor tooth'
D: UBERON:2002020 'hypomaxilla'
D: UBERON:4300207 'submandibular bone'
D: UBERON:0011079 'angular bone'
D: UBERON:4300200 'postparietal shield'
D: UBERON:2002023 'second preethmoid bone'
D: UBERON:0011078 'endolymphatic space'
D: UBERON:4300201 'subepiotic fossa'
D: UBERON:4300202 'endoskeletal cranial joint'
D: UBERON:2002021 'ascending process of the parasphenoid'
D: UBERON:4300203 'tectum orbitale'
D: UBERON:2002022 'dermethmoid'
D: UBERON:2002269 'interarcual cartilage'
D: UBERON:0017615 'vomerine dentition'
D: UBERON:0003686 'tooth socket'
D: UBERON:0003687 'foramen magnum'
D: UBERON:0007804 'sclerotic ring'
D: UBERON:0005620 'primary palate'
D: UBERON:0003685 'cranial suture'
D: UBERON:0004771 'posterior nasal aperture'
D: UBERON:0006959 'mandible angular process'
D: UBERON:0005869 'maxillary process of inferior nasal concha'
D: UBERON:0006713 'foramen cecum of frontal bone'
D: UBERON:0003689 'sella turcica'
D: UBERON:0036144 'incisive duct'
D: UBERON:2002012 'dentary foramen'
D: UBERON:2002013 'ascending limb of ceratobranchial 5 bone'
D: UBERON:0035298 'tuberculum sellae'
D: UBERON:2002011 'lateral fontanel of frontal'
D: UBERON:2002016 'pharyngobranchial 4 tooth plate'
D: UBERON:2002017 'anterior limb of ceratobranchial 5 bone'
D: UBERON:2002014 'ascending limb of ceratobranchial 5 cartilage'
D: UBERON:3000500 'processus posterior of maxilla'
D: UBERON:2002257 'premaxilla dentigerous process'
D: UBERON:2002015 'pharyngobranchial tooth plate'
D: UBERON:2002018 'anterior limb of ceratobranchial 5 cartilage'
D: UBERON:2002019 'pterotic-posttemporal-supracleithrum'
D: UBERON:0006723 'cochlear modiolus'
D: UBERON:0006722 'manubrium of malleus'
D: UBERON:3000509 'processus suprafenestralis'
D: UBERON:0006721 'alisphenoid bone'
D: UBERON:0001035 'dento-alveolar joint'
D: UBERON:0003451 'lower jaw incisor'
D: UBERON:3000505 'processus pterygoideus of maxilla'
D: UBERON:0005871 'palatine process of maxilla'
D: UBERON:0003450 'upper jaw incisor'
D: UBERON:0004546 'cribriform plate'
D: UBERON:0006724 'osseus spiral lamina'
D: UBERON:2001151 'tooth 4MD'
D: UBERON:2001150 'tooth 2D'
D: UBERON:2001152 'tooth 3MD'
D: UBERON:2002005 'canal plate'
D: UBERON:3000953 'ceratobranchials II--IV'
D: UBERON:3000952 'posterior radial'
D: UBERON:3000951 'anterior radial'
D: UBERON:3000950 'os triangulare'
D: UBERON:2002009 'medial cartilage of palatine'
D: UBERON:0026584 'tympanic canal'
D: UBERON:0002375 'cricoid cartilage'
D: UBERON:0005886 'post-hyoid pharyngeal arch skeleton'
D: UBERON:0005884 'hyoid arch skeleton'
D: UBERON:0003462 'facial bone'
D: UBERON:3000956 'hypobranchial II'
D: UBERON:3000955 'ceratobranchial I'
D: UBERON:3000954 'hypobranchial I'
D: UBERON:0026586 'vestibular canal'
D: UBERON:0005404 'frontonasal suture'
D: UBERON:3010528 'articular process of palatoquadrate'
D: UBERON:0011085 'palatoquadrate arch'
D: UBERON:2001382 'epibranchial bone uncinate process'
D: UBERON:2001140 'dorsal tooth row'
D: UBERON:2001142 'tooth 5V'
D: UBERON:3010525 'frontoparietal fenestra'
D: UBERON:2001141 'tooth 1V'
D: UBERON:2001144 'tooth 2V'
D: UBERON:2001143 'tooth 4V'
D: UBERON:2001146 'tooth 1MD'
D: UBERON:2001145 'tooth 3V'
D: UBERON:2001148 'tooth 1D'
D: UBERON:2001147 'tooth 2MD'
D: UBERON:0005654 'lower jaw molar epithelium'
D: UBERON:0005653 'upper jaw molar epithelium'
D: UBERON:0005411 'bony otic capsule'
D: UBERON:0005410 'cartilaginous otic capsule'
D: UBERON:3000966 'angulosplenial'
D: UBERON:0005659 'primary palate epithelium'
D: UBERON:0005658 'secondary palatal shelf epithelium'
D: UBERON:0007833 'osseus semicircular canal'
D: UBERON:0018349 'pharyngeal apophysis'
D: UBERON:0018347 'pars canalicularis of petrosal'
D: UBERON:0018589 'lower first primary molar tooth'
D: UBERON:0018348 'petrosal bone'
D: UBERON:0018346 'parietal notch'
D: UBERON:0018588 'upper first primary molar tooth'
D: UBERON:4200198 'incisor process'
D: UBERON:4100119 'extratemporal bone'
D: UBERON:0006597 'quadrate bone'
D: UBERON:0018594 'upper lateral primary incisor tooth'
D: UBERON:0018353 'quadrate condyle'
D: UBERON:0018595 'lower central primary incisor tooth'
D: UBERON:0018351 'precerebral fontanelle'
D: UBERON:0018593 'upper central primary incisor tooth'
D: UBERON:0018591 'upper primary incisor tooth'
D: UBERON:0017249 'incisive process of premaxilla'
D: UBERON:0018338 'medial cotyla'
D: UBERON:0018339 'metotic fissure'
D: UBERON:0018578 'lower first secondary molar tooth'
D: UBERON:0018336 'maxillary shank'
D: UBERON:0018579 'lower second secondary molar tooth'
D: UBERON:0018337 'medial condyle of quadrate'
D: UBERON:0018576 'upper second secondary molar tooth'
D: UBERON:0018334 'lateral condyle of quadrate'
D: UBERON:0018577 'upper third secondary molar tooth'
D: UBERON:0018574 'lower second secondary premolar tooth'
D: UBERON:0018333 'labial cartilage'
D: UBERON:0009640 'hypophyseal cartilage'
D: UBERON:0018575 'upper first secondary molar tooth'
D: UBERON:4100100 'parasphenoid flange'
D: UBERON:0009639 'body of sphenoid'
D: UBERON:0018341 'nasal process of premaxilla'
D: UBERON:0018583 'primary canine tooth'
D: UBERON:0018584 'secondary canine tooth'
D: UBERON:0007215 'trabecula cranii'
D: UBERON:0009636 'prechordal cartilage'
D: UBERON:0008788 'posterior cranial fossa'
D: UBERON:0009635 'parachordal cartilage'
D: UBERON:0018580 'lower third secondary molar tooth'
D: UBERON:0008789 'cranial fossa'
D: UBERON:0037089 'wall of orbit'
D: UBERON:3000074 'cartilago orbitalis'
D: CL:0002490 'organ of Corti supporting cell'
D: UBERON:0018365 'supratemporal process'
D: UBERON:0010889 'ectethmoid'
D: UBERON:3000079 'cartilago retronarina'
D: UBERON:3000078 'cartilago prootico-occipitalis'
D: UBERON:0007223 'osseus cochlea'
D: UBERON:0018375 'deciduous premolar 5'
D: UBERON:0018373 'vidian canal'
D: UBERON:0017269 'primary premolar tooth'
D: UBERON:0018359 'subolfactory process'
D: UBERON:0018598 'lower primary canine tooth'
D: UBERON:0018599 'upper second primary molar tooth'
D: UBERON:0018596 'lower lateral primary incisor tooth'
D: UBERON:0018354 'recessus vena jugularis'
D: UBERON:0018597 'upper primary canine tooth'
D: UBERON:0017272 'lower primary premolar tooth'
D: UBERON:0018361 'suborbital shelf'
D: UBERON:0017270 'secondary premolar tooth'
D: UBERON:0018360 'suborbital foramen'
D: UBERON:0017271 'upper primary premolar tooth'
D: UBERON:0018301 'upper deciduous premolar 5'
D: UBERON:0018302 'upper molar 1'
D: UBERON:0018542 'mandibular symphyseal region'
D: UBERON:0018300 'upper canine 1'
D: UBERON:0018550 'secondary incisor tooth'
D: UBERON:0018551 'central incisor tooth'
D: UBERON:0005480 'superior orbital fissure'
D: UBERON:0006326 'base of arytenoid'
D: UBERON:0005236 'osseus labyrinth vestibule'
D: UBERON:0017692 'internal surface of cranial base'
D: UBERON:0017690 'internal surface of frontal bone'
D: UBERON:0015059 'orbitosphenoid endochondral element'
D: UBERON:0015058 'alisphenoid endochondral element'
D: UBERON:0018568 'lower central secondary incisor tooth'
D: UBERON:0018323 'hyoid articular area'
D: UBERON:2002089 'gular plate'
D: UBERON:0018321 'foramen for glossopharyngeal nerve'
D: UBERON:0018329 'interpterygoid region'
D: UBERON:0018330 'interpterygoid vacuity'
D: UBERON:0018572 'upper second secondary premolar tooth'
D: UBERON:0018573 'lower first secondary premolar tooth'
D: UBERON:0018331 'intraramal joint'
D: UBERON:0018570 'lower lateral secondary incisor tooth'
D: UBERON:0018571 'upper first secondary premolar tooth'
D: UBERON:2002092 'rostral cartilage'
D: UBERON:0015060 'sphenoid endochondral element'
D: UBERON:0015048 'basioccipital endochondral element'
D: UBERON:0018314 'choanal groove'
D: UBERON:0018554 'primary lateral incisor tooth'
D: UBERON:0018552 'lateral incisor tooth'
D: UBERON:0018553 'primary central incisor tooth'
D: UBERON:0018318 'entocarotid fossa'
D: UBERON:0005018 'mucosa of nasal septum'
D: UBERON:0006106 'cochlear canal'
D: UBERON:0006586 'otolymph'
D: UBERON:0018561 'upper secondary canine tooth'
D: UBERON:0015051 'exoccipital endochondral element'
D: UBERON:0018562 'lower secondary canine tooth'
D: UBERON:2002080 'spina occipitalis'
D: UBERON:3000494 'processus lingualis of pterygoid'
D: UBERON:3000493 'processus internus of pseudoangular'
D: UBERON:0009470 'postsphenoidal bone'
D: UBERON:3000492 'processus infrafenestralis'
D: UBERON:0010220 'arytenoid pre-cartilage condensation'
D: UBERON:0011310 'masseteric fossa'
D: UBERON:0010221 'laryngeal associated mesenchyme'
D: UBERON:3000018 'anterior ramus of pterygoid'
D: UBERON:3000017 'anterior process of pars palatina of maxilla'
D: UBERON:3000016 'anterior nasal wall'
D: UBERON:3000015 'anterior maxillary process'
D: UBERON:2001930 'accessory vomerine tooth plate'
D: UBERON:3000255 'lamina anterior of pars facialis'
D: UBERON:3000012 'angulosplenial coronoid process'
D: UBERON:3000254 'lamella alaris'
D: UBERON:2001934 'rostral plate'
D: UBERON:0001740 'arytenoid cartilage'
D: UBERON:0009468 'basiotic bone'
D: UBERON:0001742 'epiglottic cartilage'
D: UBERON:0001741 'corniculate cartilage'
D: UBERON:3000263 'lamina precerebralis'
D: UBERON:3000020 'anterolateral process of frontoparietal'
D: CL:0002084 'Boettcher cell'
D: UBERON:0034680 'laryngeal prominence'
D: UBERON:0010213 'laryngeal pre-cartilage condensation'
D: UBERON:0010214 'cricoid pre-cartilage condensation'
D: UBERON:0010212 'laryngeal apparatus'
D: UBERON:0010215 'arytenoid swellings'
D: UBERON:3000022 'antorbital process'
D: UBERON:3000264 'lamina superior'
D: UBERON:3010061 'anterior quadratocranial commissure'
D: UBERON:0010219 'thyroid pre-cartilage condensation'
D: UBERON:0011309 'body of mandible'
D: UBERON:2001929 'epioccipital posterior process'
D: UBERON:0001758 'periodontium'
D: UBERON:0003932 'cartilage element of chondrocranium'
D: UBERON:0003933 'cranial cartilage'
D: UBERON:0001755 'distal part of styloid process of temporal bone'
D: UBERON:2005275 'hyomandibular foramen'
D: UBERON:3000237 'infrarostral cartilage'
D: UBERON:0011576 'supraorbital ridge'
D: UBERON:0034898 'alveolar ridge of premaxilla'
D: UBERON:3000234 'inferior prenasal cartilage'
D: UBERON:2001911 'pharyngobranchial 2 element'
D: UBERON:2001910 'pharyngobranchial 1 element'
D: UBERON:0001760 'frontal sinus'
D: UBERON:2001913 'pharyngobranchial 4 element'
D: UBERON:2001912 'pharyngobranchial 3 element'
D: UBERON:2001915 'basibranchial 1 element'
D: UBERON:0001762 'turbinate bone'
D: UBERON:2001917 'basibranchial 3 element'
D: UBERON:2001916 'basibranchial 2 element'
D: UBERON:2001919 'basibranchial 5 element'
D: UBERON:2001918 'basibranchial 4 element'
D: UBERON:4200139 'palatoquadrate element'
D: UBERON:0001764 'maxillary sinus'
D: UBERON:0000209 'tetrapod frontal bone'
D: UBERON:0013746 'basibranchial element'
D: UBERON:3000006 'alveolar foramen'
D: UBERON:0013747 'basibranchial cartilage'
D: UBERON:3000003 'alary process of premaxilla'
D: UBERON:3000002 'alary cartilage'
D: UBERON:3000486 'processus ascendens plectri'
D: UBERON:2001900 'ceratobranchial 2 element'
D: UBERON:2001902 'ceratobranchial 4 element'
D: UBERON:2001901 'ceratobranchial 3 element'
D: UBERON:2001904 'epibranchial element'
D: UBERON:2001903 'ceratobranchial 5 element'
D: UBERON:2001906 'epibranchial 2 element'
D: UBERON:2001905 'epibranchial 1 element'
D: UBERON:2001908 'epibranchial 4 element'
D: UBERON:2001907 'epibranchial 3 element'
D: UBERON:2001909 'pharyngobranchial element'
D: UBERON:0003954 'squamoparietal suture'
D: UBERON:3000294 'median prenasal process'
D: UBERON:3000052 'braincase and otic capsule skeleton'
D: UBERON:3000051 'braincase and otic capsule opening'
D: UBERON:0001706 'nasal septum'
D: UBERON:3000050 'braincase and auditory apparatus'
D: UBERON:3000292 'medial ramus of pterygoid'
D: UBERON:3000290 'medial inferior prenasal cartilage'
D: UBERON:0017298 'cingulum of upper incisor tooth'
D: UBERON:0001708 'jaw skeleton'
D: UBERON:0017299 'cingulum of lower incisor tooth'
D: UBERON:3000059 'capsular process'
D: UBERON:2001733 'mesethmoid ventral diverging lamella'
D: UBERON:0035967 'alveolar mucosa'
D: UBERON:3010094 'quadratoethmoid process'
D: UBERON:2001978 'maxillary tooth row'
D: UBERON:2001739 'anterior cranial fontanel'
D: UBERON:3010092 'basitrabecular process'
D: UBERON:0001703 'neurocranium'
D: UBERON:0009680 'set of upper jaw teeth'
D: UBERON:0018136 'maxillary fenestra'
D: UBERON:0010892 'mesethmoid element'
D: UBERON:0018137 'premaxillary fenestra'
D: UBERON:0011985 'infraorbital sinus'
D: UBERON:2001960 'ceratobranchial 4 bone distal cartilage'
D: UBERON:2001962 'hypobranchial 1 bone distal cartilage'
D: UBERON:2001961 'ceratobranchial 5 bone distal cartilage'
D: UBERON:2001964 'epibranchial 3 bone uncinate process cartilage'
D: UBERON:3000069 'cartilago infranarina'
D: UBERON:3000068 'cartilago ectochoanalis'
D: UBERON:2001963 'hypobranchial 2 bone distal cartilage'
D: UBERON:2001966 'epibranchial 5 element'
D: UBERON:2001965 'epibranchial 4 bone uncinate process cartilage'
D: UBERON:0017296 'cingulum of incisor tooth'
D: UBERON:0009678 'tooth row'
D: UBERON:0009679 'set of lower jaw teeth'
D: UBERON:3000031 'ascending process of palatoquadrate'
D: UBERON:0011772 'lower jaw opening'
D: UBERON:0011770 'mentomeckelian'
D: UBERON:0002819 'apex of cochlea'
D: UBERON:0014802 'highest nuchal line attachment site'
D: UBERON:0014803 'superior nuchal line attachment site'
D: UBERON:3000038 'basimandibulare'
D: UBERON:2000620 'autopalatine'
D: UBERON:0014804 'median nuchal line attachment site'
D: UBERON:3000037 'basicranial fenestra'
D: UBERON:0014805 'inferior nuchal line attachment site'
D: UBERON:0011773 'upper jaw opening'
D: UBERON:0035942 'space between upper and lower jaws'
D: UBERON:3000036 'basal process of palatoquadrate'
D: UBERON:2001952 'dentary tooth row'
D: UBERON:0014801 'nuchal line attachment site'
D: UBERON:2001957 'epibranchial 2 bone proximal cartilage'
D: UBERON:2001956 'epibranchial 1 bone proximal cartilage'
D: UBERON:2001959 'ceratobranchial 4 bone proximal cartilage'
D: UBERON:2000627 'posterior ceratohyal'
D: UBERON:2001958 'ceratobranchial 3 bone distal cartilage'
D: UBERON:0001724 'sphenoidal sinus'
D: UBERON:0009203 'internasal suture'
D: UBERON:0001725 'cranial synchondrosis'
D: UBERON:3000284 'margo tympanicus of pterygoid'
D: UBERON:3000283 'margo orbitalis of squamosal'
D: UBERON:3000282 'margo orbitalis of pterygoid'
D: UBERON:3000281 'margo orbitalis of maxilla'
D: UBERON:0001739 'laryngeal cartilage'
D: UBERON:0001738 'thyroid cartilage'
D: UBERON:3000280 'margo mandibularis of pterygoid'
D: UBERON:3000288 'maxillopalatine'
D: UBERON:2001702 'infraorbital 7'
D: UBERON:0035958 'preoptic pillar'
D: UBERON:2001701 'basibranchial 5 bone'
D: UBERON:0035957 'antotic pillar'
D: UBERON:2001704 'infraorbital 9'
D: UBERON:0035959 'orbital pillar'
D: UBERON:2001703 'infraorbital 8'
D: UBERON:2001706 'infraorbital 11'
D: UBERON:2001705 'infraorbital 10'
D: UBERON:2001708 'dermosphenotic'
D: UBERON:2001707 'infraorbital 12'
D: UBERON:2001709 'infraorbital series'
D: UBERON:0019253 'upper secondary incisor tooth'
D: UBERON:0000401 'mandibular ramus'
D: UBERON:0018160 'anterior process of malleus'
D: UBERON:0011152 'dorsal hyoid arch skeleton'
D: UBERON:4300249 'lateral occipital foramen'
D: UBERON:0035123 'palatomaxillary suture'
D: UBERON:4300002 'palatine prong'
D: UBERON:4300244 'premaxillary tooth 3'
D: UBERON:0011156 'facial skeleton'
D: UBERON:3010458 'suprarostral ala'
D: UBERON:4300246 'dentary tooth 2'
D: UBERON:4300247 'dentary tooth 3'
D: UBERON:0011153 'ventral hyoid arch skeleton'
D: UBERON:0005709 'upper jaw incisor epithelium'
D: UBERON:2001531 'epibranchial 4 cartilage'
D: UBERON:0035127 'suture of hard palate'
D: UBERON:3000656 'processus posterodorsalis of lamella alaris'
D: UBERON:3000655 'processus dorsalis of lamella alaris'
D: UBERON:2001530 'epibranchial 2 cartilage'
D: UBERON:0011159 'primary subdivision of cranial skeletal system'
D: UBERON:0011158 'primary subdivision of skull'
D: UBERON:2001533 'pharyngobranchial cartilage'
D: UBERON:3000654 'pars jugalis'
D: UBERON:2001532 'sublingual dorsal cartilage'
D: UBERON:3000653 'pars glenoidalis of quadratojugal'
D: UBERON:4300243 'premaxillary tooth 2'
D: UBERON:0011157 'cuneiform cartilage'
D: UBERON:3000652 'fossa maxillaris'
D: UBERON:2001534 'pharyngobranchial 3 cartilage'
D: UBERON:2000203 'rhinosphenoid'
D: UBERON:3000651 'lamina anterior of maxilla'
D: UBERON:3000650 'processus frontalis of maxilla'
D: UBERON:2001536 'pharyngobranchial 2 cartilage'
D: UBERON:0005700 'upper jaw molar odontogenic papilla'
D: UBERON:3010690 'fetal tooth'
D: UBERON:3000659 'postchoanal process'
D: UBERON:3000658 'prechoanal process'
D: UBERON:3000657 'dentigerous process'
D: UBERON:0005708 'lower jaw incisor odontogenic papilla'
D: UBERON:0005707 'upper jaw incisor odontogenic papilla'
D: UBERON:0005705 'primary palate mesenchyme'
D: UBERON:0005704 'secondary palatal shelf mesenchyme'
D: UBERON:0005945 'neurocranial trabecula'
D: UBERON:0005701 'lower jaw molar odontogenic papilla'
D: UBERON:4300017 'rostrodermethmoid'
D: UBERON:0035130 'auditory ossicle endochondral element'
D: UBERON:0035132 'auditory ossicle pre-cartilage element'
D: UBERON:0035131 'auditory ossicle cartilage element'
D: UBERON:0010297 'endochondral scleral ossicle'
D: UBERON:0010055 'stapes cartilage element'
D: UBERON:0010298 'intramembranous scleral ossicle'
D: UBERON:0010296 'scleral skeletal element'
D: UBERON:0010054 'malleus cartilage element'
D: UBERON:3000667 'pars reuniens'
D: UBERON:2001520 'ceratobranchial 1 cartilage'
D: UBERON:4300252 'ethmo-palatine cartilage'
D: UBERON:2001522 'hypobranchial cartilage'
D: UBERON:0035139 'anterior nasal spine of maxilla'
D: UBERON:3000664 'hyoid plate'
D: UBERON:2000674 'interopercle'
D: UBERON:2001521 'ceratobranchial 5 cartilage'
D: UBERON:2001524 'hypobranchial 1 cartilage'
D: UBERON:3000663 'parahyoid'
D: UBERON:2001523 'hypobranchial 4 cartilage'
D: UBERON:3000662 'processus posterior of parasphenoid'
D: UBERON:2001526 'hypobranchial 3 cartilage'
D: UBERON:3000661 'crista vomeri'
D: UBERON:3000660 'margo choanalis'
D: UBERON:2001525 'hypobranchial 2 cartilage'
D: UBERON:2001528 'epibranchial 1 cartilage'
D: UBERON:2001527 'epibranchial cartilage'
D: UBERON:0005710 'lower jaw incisor epithelium'
D: UBERON:2001529 'epibranchial 3 cartilage'
D: UBERON:3000668 'hyoglossal sinus'
D: UBERON:0004867 'orbital cavity'
D: UBERON:0004865 'actinopterygian parietal bone'
D: UBERON:0004866 'actinopterygian frontal bone'
D: UBERON:0014684 'Helicoprion tooth whorl'
D: UBERON:0013113 'angular/surangular bone'
D: UBERON:0014682 'tooth whorl'
D: UBERON:0014683 'parasymphisial tooth whorl'
D: UBERON:3000634 'vomerine canal'
D: UBERON:2001511 'interhyal cartilage'
D: UBERON:2000422 'retroarticular'
D: UBERON:2001994 'gill raker row'
D: UBERON:2001752 'pre-narial cartilage'
D: UBERON:2001997 'parietal-supraoccipital'
D: UBERON:2001515 'taenia marginalis posterior'
D: UBERON:0006811 'occipital condyle'
D: UBERON:0002453 'ethmoid sinus'
D: UBERON:2001517 'ceratobranchial 2 cartilage'
D: UBERON:2001516 'ceratobranchial cartilage'
D: UBERON:2001519 'ceratobranchial 4 cartilage'
D: UBERON:2001518 'ceratobranchial 3 cartilage'
D: UBERON:3000639 'zygomatic ramus of squamosal'
D: UBERON:0004637 'otic capsule'
D: UBERON:0006813 'nasal skeleton'
D: UBERON:0006812 'mental foramen'
D: UBERON:0011163 'supraoccipital pre-cartilage condensation'
D: UBERON:0011162 'supraoccipital cartilage element'
D: UBERON:0011161 'spheno-occipital synchondrosis'
D: UBERON:0011160 'nasal suture'
D: UBERON:0011167 'septomaxilla bone'
D: UBERON:0011164 'neurocranium bone'
D: UBERON:0035116 'diastema between upper central incisors'
D: UBERON:2001740 'posterior cranial fontanel'
D: UBERON:3000645 'corpus'
D: UBERON:3000644 'processus lingularis of nasal skeleton'
D: UBERON:0035115 'diastema between central incisors'
D: UBERON:3000401 'pars facialis of maxillopalatine'
D: UBERON:0011169 'postorbital bone'
D: UBERON:0011168 'postfrontal bone'
D: UBERON:0035117 'diastema between lower central incisors'
D: UBERON:3000400 'pars facialis of maxilla'
D: UBERON:3000642 'maxillopalatine tooth'
D: UBERON:2001502 'epiphyseal bar'
D: UBERON:3000640 'arcus praeoccipitalis'
D: UBERON:0035119 'diastema between incisors'
D: UBERON:2000657 'entopterygoid'
D: UBERON:2001504 'occipital arch cartilage'
D: UBERON:2001989 'mandibular-hyoid median cartilage'
D: UBERON:2000658 'epibranchial bone'
D: UBERON:0002221 'fontanelle'
D: UBERON:2001505 'taenia marginalis anterior'
D: UBERON:2001747 'lateral mesethmoid wing'
D: UBERON:2000419 'pterosphenoid'
D: UBERON:2001508 'trabecula communis'
D: UBERON:3000408 'pars media plectri'
D: UBERON:3000649 'anterior process of vomer'
D: UBERON:3000406 'pars interna plectri'
D: UBERON:3000648 'crista praeopercularis'
D: UBERON:3000647 'crista interna'
D: UBERON:3000646 'margo libera'
D: UBERON:0002229 'interparietal bone'
D: UBERON:0004649 'sphenoid bone pterygoid process'
D: UBERON:0003317 'odontogenic papilla of incisor'
D: UBERON:3000450 'posterior mental process'
D: UBERON:2000240 'metapterygoid'
D: UBERON:0011594 'dentary tooth'
D: UBERON:0011593 'maxillary tooth'
D: UBERON:0014626 'base of cochlear canal'
D: UBERON:0011599 'lenticular process of incus bone'
D: UBERON:4300285 'second preethmoid cartilage'
D: UBERON:0011598 'coronoid bone'
D: UBERON:4300286 'second preethmoid element'
D: UBERON:2000488 'ceratobranchial bone'
D: UBERON:0014628 'vestibular fissure of the cochlear canal'
D: UBERON:2001577 'premaxilla ascending process'
D: UBERON:0014629 'terminal part of the cochlear canal'
D: UBERON:0011597 'bone of upper jaw'
D: UBERON:3000454 'postnasal wall'
D: UBERON:3000453 'posterolateral vomerine process'
D: UBERON:2001578 'anterior dorsomedial process of autopalatine'
D: UBERON:0014624 'basis modioli'
D: UBERON:3000451 'posterior ramus of pterygoid'
D: UBERON:0003720 'anterior cranial fossa'
D: UBERON:0000210 'tetrapod parietal bone'
D: UBERON:0003960 'styloid process of temporal bone'
D: UBERON:3000459 'prearticular coronoid process'
D: UBERON:0005902 'occipital region'
D: UBERON:0003966 'gonial bone'
D: UBERON:0003722 'middle cranial fossa'
D: UBERON:0011343 'medial surface of mandible'
D: UBERON:0011342 'surface of mandible'
D: UBERON:0005919 'supreme nasal concha'
D: UBERON:2000474 'intercalar'
D: UBERON:3000226 'hyolaryngeal complex'
D: UBERON:3000467 'preorbital process of the pars facialis of the maxilla'
D: UBERON:0011344 'lateral surface of mandible'
D: UBERON:2000476 'branchiostegal ray'
D: UBERON:0013767 'frontal process of maxilla'
D: UBERON:0003973 'nasal concha of ethmoid bone'
D: UBERON:0000221 'supraauricular point'
D: UBERON:0003971 'interfrontal bone'
D: UBERON:0004825 'dental lamina'
D: UBERON:0011130 'temporomandibular joint primordium'
D: UBERON:3000670 'anterior process of hyoid apparatus'
D: UBERON:2001793 'pharyngobranchial 4 bone uncinate process'
D: UBERON:2001792 'pharyngobranchial 3 bone uncinate process'
D: UBERON:4300269 'epioccipital bridge'
D: UBERON:3000678 'esophageal process'
D: UBERON:3000677 'lateral process of cricoid cartilage'
D: UBERON:2001797 'epibranchial 1 bone uncinate process'
D: UBERON:3000676 'bronchial process'
D: UBERON:2000224 'quadrate ventral process'
D: UBERON:3000434 'planum antorbitale'
D: UBERON:3000433 'pineal foramen'
D: UBERON:2000223 'infraorbital 1'
D: UBERON:2001796 'epibranchial 2 bone uncinate process'
D: UBERON:0010289 'scleral cartilage'
D: UBERON:3000432 'pila metoptica'
D: UBERON:2000226 'lateral ethmoid bone'
D: UBERON:3000431 'pila antoptica'
D: UBERON:3000673 'posteromedial process'
D: UBERON:3000672 'posterolateral process'
D: UBERON:3000671 'anterolateral process of hyoid plate'
D: UBERON:0005920 'superior nasal concha'
D: UBERON:3000438 'planum internasale'
D: UBERON:3000437 'planum conchale'
D: UBERON:0005925 'ethmoidal process of inferior nasal concha'
D: UBERON:0010290 'scleral ossicle'
D: UBERON:0005922 'inferior nasal concha'
D: UBERON:0005921 'middle nasal concha'
D: UBERON:3000681 'hyoid apparatus opening'
D: UBERON:3000680 'manubrium of hyale'
D: UBERON:0010272 'hyoid apparatus'
D: UBERON:2000691 'supraorbital bone'
D: UBERON:0011122 'cricoarytenoid joint'
D: UBERON:0010273 'zone of hyoid bone'
D: UBERON:4300279 'outer tooth row of dentary'
D: UBERON:0011121 'cricothyroid joint'
D: UBERON:0011120 'laryngeal joint'
D: UBERON:2000692 'symplectic'
D: UBERON:0014870 'inferior orbital fissure'
D: UBERON:3000689 'prominentia apicalis ventralis'
D: UBERON:3000446 'posterior condyle'
D: UBERON:2000694 'ceratobranchial 5 tooth'
D: UBERON:3000688 'prominentia apicalis dorsalis'
D: UBERON:2001783 'supraoccipital crest'
D: UBERON:2000452 'urohyal'
D: UBERON:4300275 'suborbital stay'
D: UBERON:2001544 'sublingual cartilage'
D: UBERON:3000687 'processus confluens'
D: UBERON:4300034 'antorbital cartilage'
D: UBERON:2000699 'entopterygoid vertical strut'
D: UBERON:3000443 'plectral apparatus'
D: UBERON:3000685 'foramen nervi hypoglossi'
D: UBERON:2001545 'sublingual ventral cartilage'
D: UBERON:4300270 'outer tooth row of premaxilla'
D: UBERON:3000441 'planum triangulare'
D: UBERON:3000683 'sinus nervi hypoglossi'
D: UBERON:3000440 'planum terminale'
D: UBERON:0003995 'subarcuate fossa'
D: UBERON:3000209 'frontoparietal fontanelle'
D: UBERON:3000449 'posterior maxillary process dorsal process'
D: UBERON:3000448 'posterior maxillary process'
D: UBERON:0003998 'hyoid bone lesser horn'
D: UBERON:0003999 'hyoid bone body'
D: UBERON:0003997 'hyoid bone greater horn'
# PARSING: UBERON:0010323
# QUERY: UBERON:0010323 'cranial skeletal system'
E: UBERON:0010323 'cranial skeletal system'
2021-02-08 17:03:16,285 WARN  (OWLGraphWrapperExtended:936) Unable to retrieve the value of oboInOwl#id as the identifier for http://www.w3.org/2002/07/owl#Nothing; we will use an original iri as the identifier.
2021-02-08 17:03:16,288 WARN  (OWLGraphWrapperExtended:936) Unable to retrieve the value of oboInOwl#id as the identifier for http://www.w3.org/2002/07/owl#Nothing; we will use an original iri as the identifier.
D: Nothing Nothing
D: UBERON:3010013 'larval chondrocranium'
A:BFO:0000004 'independent continuant'
A:BFO:0000002 'continuant'
A:UBERON:0010000 'multicellular anatomical structure'
A:UBERON:0000061 'anatomical structure'
A:UBERON:0001062 'anatomical entity'
A:UBERON:0000075 'subdivision of skeletal system'
A:BFO:0000040 'material entity'
A:UBERON:0000465 'material anatomical entity'
2021-02-08 17:03:16,327 WARN  (OWLGraphWrapperExtended:936) Unable to retrieve the value of oboInOwl#id as the identifier for http://www.w3.org/2002/07/owl#Thing; we will use an original iri as the identifier.
2021-02-08 17:03:16,329 WARN  (OWLGraphWrapperExtended:936) Unable to retrieve the value of oboInOwl#id as the identifier for http://www.w3.org/2002/07/owl#Thing; we will use an original iri as the identifier.
A:Thing Thing
A:UBERON:0011216 'organ system subdivision'
