# PARSING: BFO_0000050 some UBERON:0001007
# QUERY: ObjectSomeValuesFrom(BFO:0000050 'part of' UBERON:0001007 'digestive system')
2021-02-13 00:30:17,564 WARN  (ChangeIndexingProcessor:66) [reasoner.indexing.axiomIgnored]ELK does not support ObjectAllValuesFrom. Axiom ignored:
SubClassOf(<http://purl.obolibrary.org/obo/BFO_0000019> ObjectAllValuesFrom(<http://purl.obolibrary.org/obo/BFO_0000050> <http://purl.obolibrary.org/obo/BFO_0000019>))
2021-02-13 00:30:17,576 WARN  (ChangeIndexingProcessor:66) [reasoner.indexing.axiomIgnored]ELK does not support ObjectAllValuesFrom. Axiom ignored:
SubClassOf(<http://purl.obolibrary.org/obo/BFO_0000020> ObjectAllValuesFrom(<http://purl.obolibrary.org/obo/BFO_0000050> <http://purl.obolibrary.org/obo/BFO_0000020>))
2021-02-13 00:30:17,580 WARN  (ChangeIndexingProcessor:66) [reasoner.indexing.axiomIgnored]ELK does not support ObjectAllValuesFrom. Axiom ignored:
SubClassOf(<http://purl.obolibrary.org/obo/BFO_0000003> ObjectAllValuesFrom(<http://purl.obolibrary.org/obo/BFO_0000050> <http://purl.obolibrary.org/obo/BFO_0000003>))
2021-02-13 00:30:17,582 WARN  (ChangeIndexingProcessor:66) [reasoner.indexing.axiomIgnored]ELK does not support ObjectAllValuesFrom. Axiom ignored:
SubClassOf(<http://purl.obolibrary.org/obo/BFO_0000002> ObjectAllValuesFrom(<http://purl.obolibrary.org/obo/BFO_0000050> <http://purl.obolibrary.org/obo/BFO_0000002>))
2021-02-13 00:30:17,584 WARN  (ChangeIndexingProcessor:66) [reasoner.indexing.axiomIgnored]ELK does not support ObjectAllValuesFrom. Axiom ignored:
SubClassOf(<http://purl.obolibrary.org/obo/BFO_0000004> ObjectAllValuesFrom(<http://purl.obolibrary.org/obo/BFO_0000050> <http://purl.obolibrary.org/obo/BFO_0000004>))
2021-02-13 00:30:18,422 WARN  (OWLGraphWrapperExtended:936) Unable to retrieve the value of oboInOwl#id as the identifier for http://owltools.org/Q; we will use an original iri as the identifier.
2021-02-13 00:30:18,423 WARN  (OWLGraphWrapperExtended:936) Unable to retrieve the value of oboInOwl#id as the identifier for http://owltools.org/Q; we will use an original iri as the identifier.
E: Q Q
D: UBERON:0018622 'lower canine tooth'
D: UBERON:0018623 'lower secondary incisor tooth'
D: UBERON:0018621 'upper canine tooth'
D: UBERON:0016442 'median palatine suture'
D: UBERON:2002108 'buccal papilla'
D: UBERON:0006877 'vasculature of liver'
D: UBERON:0008814 'pharyngeal arch system'
D: UBERON:0003368 'epithelium of hard palate'
D: UBERON:0008815 'pharyngeal slit'
D: UBERON:0003123 'pharyngeal arch artery 6'
D: UBERON:0008817 'thymus primordium endoderm'
D: UBERON:0004697 'Peyer's patch germinal center'
D: UBERON:0003121 'pharyngeal arch artery 4'
D: UBERON:0003122 'pharyngeal arch artery 5'
D: UBERON:0003361 'epithelium of sublingual gland'
D: CL:0000577 'type EC enteroendocrine cell'
D: UBERON:0004693 'Peyer's patch epithelium'
D: UBERON:0006870 'endostyle'
D: UBERON:0003120 'pharyngeal arch artery 3'
D: UBERON:0018613 'secondary upper tooth'
D: UBERON:0018614 'permanent lower tooth'
D: UBERON:0012074 'bony part of hard palate'
D: UBERON:0012073 'tooth of palatine bone'
D: UBERON:6001845 'insect cephalopharyngeal skeleton'
D: UBERON:6001848 'insect epipharyngeal sclerite'
D: UBERON:0018617 'primary lower tooth'
D: UBERON:0018616 'primary upper tooth'
D: UBERON:0001199 'mucosa of stomach'
D: UBERON:0004226 'gastrointestinal system smooth muscle'
D: UBERON:0008827 'murine forestomach'
D: UBERON:0004221 'intestine smooth muscle'
D: UBERON:0004222 'stomach smooth muscle'
D: UBERON:0004220 'large intestine smooth muscle'
D: CL:0000584 'enterocyte'
D: UBERON:0036072 'respiratory primordium epithelium'
D: UBERON:0036073 'respiratory primordium mesenchyme'
D: UBERON:0036274 'tonsillar pillar'
D: UBERON:0017313 'cingulum of lower canine tooth'
D: UBERON:0013195 'parakeratinized epithelium of gingiva'
D: UBERON:0017312 'cingulum of upper canine tooth'
D: UBERON:0004240 'gall bladder smooth muscle'
D: UBERON:0018409 'infra-orbital groove of maxilla'
D: UBERON:0015139 'infundibulum of gallbladder'
D: UBERON:0018648 'upper premolar 4'
D: UBERON:0018407 'infra-orbital foramen of maxilla'
D: CL:0002538 'intrahepatic cholangiocyte'
D: UBERON:0008836 'liver bud'
D: UBERON:0002294 'biliary system'
D: UBERON:0005562 'thymus primordium'
D: UBERON:0003384 'skeletal muscle tissue of pharynx'
D: UBERON:0004238 'spleen smooth muscle'
D: UBERON:0008835 'hepatic diverticulum'
D: UBERON:0004239 'small intestine smooth muscle'
D: UBERON:0016455 'upper lateral secondary incisor tooth'
D: UBERON:0016452 'upper secondary premolar tooth'
D: UBERON:0016454 'upper central secondary incisor tooth'
D: UBERON:0016453 'lower secondary premolar tooth'
D: UBERON:2001467 'pharyngeal mesoderm'
D: UBERON:0003398 'mesentery of jejunum'
D: UBERON:0005334 'oral lamina propria'
D: UBERON:0003396 'mesentery of colon'
D: UBERON:0003397 'mesentery of duodenum'
D: UBERON:0003394 'mesentery of hindgut'
D: UBERON:0003395 'mesentery of rectum'
D: UBERON:0036294 'mucosa of lip'
D: UBERON:0006669 'alveolar canal'
D: UBERON:0036293 'oral frenulum'
D: UBERON:0015796 'liver blood vessel'
D: UBERON:0016885 'epithelium of terminal part of digestive tract'
D: UBERON:0013135 'interdental plate'
D: UBERON:0016886 'muscle tissue of terminal part of digestive tract'
D: CL:3000000 'ciliated epithelial cell of esophagus'
D: UBERON:0011198 'muscle layer of large intestine'
D: UBERON:0012287 'Rathkes pouch epithelium'
D: UBERON:0013132 'penicillar arteriole'
D: UBERON:0036019 'castor sac'
D: UBERON:0013138 'coronary ligament of liver'
D: UBERON:0013139 'ligament of liver'
D: UBERON:0003323 'mesenchyme of upper jaw'
D: UBERON:0001143 'hepatic vein'
D: UBERON:0003324 'mesenchyme of lower jaw'
D: UBERON:0004650 'tongue keratinized epithelium'
D: CL:0002552 'fibroblast of gingiva'
D: UBERON:0016890 'intrahepatic branch of portal vein'
D: UBERON:0003329 'submucosa of anal canal'
D: UBERON:0004658 'mandible head'
D: UBERON:0000059 'large intestine'
D: UBERON:0004659 'mandible neck'
D: UBERON:0004657 'mandible condylar process'
D: UBERON:0001149 'bare area of liver'
D: UBERON:0011185 'gastrointestinal sphincter'
D: UBERON:0014453 'gustatory epithelium of palate'
D: UBERON:0011184 'epithelium of crypt of Lieberkuhn'
D: UBERON:0012273 'periampullary region of duodenum'
D: UBERON:0012272 'minor duodenal papilla'
D: UBERON:0012271 'major duodenal papilla'
D: UBERON:0011189 'lamina propria of large intestine'
D: UBERON:0035177 'abdominal part of esophagus'
D: UBERON:0014451 'tongue taste bud'
D: UBERON:0014693 'inferior alveolar artery'
D: UBERON:0014452 'gustatory epithelium of tongue'
D: UBERON:0001160 'fundus of stomach'
D: UBERON:0002244 'premaxilla'
D: UBERON:0003334 'serosa of rectum'
D: UBERON:0001155 'colon'
D: UBERON:0001154 'vermiform appendix'
D: UBERON:0003335 'serosa of colon'
D: UBERON:0003332 'submucosa of duodenum'
D: UBERON:0001157 'transverse colon'
D: UBERON:0001156 'ascending colon'
D: UBERON:0003333 'submucosa of jejunum'
D: UBERON:0006841 'central vein of liver'
D: UBERON:0003330 'submucosa of rectum'
D: UBERON:0004661 'mandible temporal crest'
D: UBERON:0003331 'submucosa of colon'
D: UBERON:0001153 'caecum'
D: UBERON:0004660 'mandible coronoid process'
D: UBERON:0001152 'cystic duct'
D: CL:0002563 'intestinal epithelial cell'
D: UBERON:0006606 'mandibular symphysis'
D: UBERON:0001159 'sigmoid colon'
D: UBERON:0001158 'descending colon'
D: UBERON:0003336 'serosa of duodenum'
D: UBERON:0003337 'serosa of jejunum'
D: UBERON:0035383 'lateral wall of nasopharynx'
D: UBERON:0013155 '1st arch mandibular ectoderm'
D: UBERON:0018602 'lower lateral incisor tooth'
D: UBERON:0013156 '1st arch mandibular endoderm'
D: UBERON:0018603 'upper central incisor tooth'
D: UBERON:0013157 '1st arch maxillary-mandibular cleft'
D: UBERON:0018600 'lower second primary molar tooth'
D: UBERON:0013158 'foregut-midgut junction gland'
D: UBERON:0018601 'lower central incisor tooth'
D: UBERON:2001274 'coronomeckelian'
D: UBERON:0035386 'space of Mall'
D: UBERON:0013154 '1st arch maxillary endoderm'
D: UBERON:0035149 'gingival epithelial attachment'
D: UBERON:0001171 'portal lobule'
D: UBERON:0001170 'mesentery of small intestine'
D: UBERON:0018604 'upper lateral incisor tooth'
D: UBERON:0001166 'pylorus'
D: UBERON:0001165 'pyloric antrum'
D: UBERON:0003346 'mucosa of rectum'
D: UBERON:0001168 'wall of small intestine'
D: UBERON:0003343 'mucosa of oral region'
D: UBERON:0001167 'wall of stomach'
D: UBERON:0001162 'cardia of stomach'
D: UBERON:0003342 'mucosa of anal canal'
D: UBERON:0001161 'body of stomach'
D: UBERON:0001164 'greater curvature of stomach'
D: UBERON:0003582 'nasopharynx connective tissue'
D: UBERON:0001163 'lesser curvature of stomach'
D: CL:0000155 'peptic cell'
D: UBERON:0003107 'Meckel's cartilage'
D: UBERON:0001169 'wall of large intestine'
D: UBERON:0012070 'palatal tooth'
D: CL:0002571 'hepatic mesenchymal stem cell'
D: UBERON:0014475 'endostylar duct'
D: UBERON:3010404 'capillary system of liver'
D: CL:1000397 'endothelial cell of venous sinus of red pulp of spleen'
D: UBERON:0003360 'epithelium of parotid gland'
D: UBERON:2002116 'epibranchial organ'
D: CL:1000398 'endothelial cell of hepatic sinusoid'
D: UBERON:0017748 'lower primary incisor tooth'
D: UBERON:0001177 'left hepatic duct'
D: UBERON:0003114 'pharyngeal arch 3'
D: UBERON:0006866 'terminal part of digestive tract'
D: UBERON:0003115 'pharyngeal arch 4'
D: UBERON:0008804 'stylopharyngeus muscle'
D: UBERON:0003357 'epithelium of tongue'
D: UBERON:0001176 'right hepatic duct'
D: UBERON:0008805 'gingival groove'
D: UBERON:0003354 'epithelium of rectum'
D: UBERON:0008806 'buccal funnel'
D: UBERON:0001173 'biliary tree'
D: UBERON:3000605 'tentacular foramen'
D: UBERON:0003352 'epithelium of midgut'
D: UBERON:0001172 'hepatic acinus'
D: UBERON:0003353 'epithelium of hindgut'
D: UBERON:0008809 'foramina of scarpa'
D: UBERON:0001175 'common hepatic duct'
D: UBERON:0001174 'common bile duct'
D: UBERON:0003351 'pharyngeal epithelium'
D: UBERON:0003118 'pharyngeal arch artery 1'
D: UBERON:0003119 'pharyngeal arch artery 2'
D: UBERON:0003358 'epithelium of soft palate'
D: CL:0000162 'parietal cell'
D: UBERON:0003116 'pharyngeal arch 5'
D: UBERON:0002029 'epithelium of gall bladder'
D: UBERON:0003359 'epithelium of submandibular gland'
D: UBERON:0008802 'cheek pouch'
D: UBERON:0003117 'pharyngeal arch 6'
D: UBERON:0008420 'buccal epithelium'
D: UBERON:0007331 'maxillary rhamphotheca'
D: UBERON:0006242 'gall bladder primordium'
D: UBERON:0007329 'pancreatic duct'
D: UBERON:0035805 'muscle layer of sigmoid colon'
D: UBERON:0034719 'lip taste bud'
D: UBERON:0004058 'biliary ductule'
D: UBERON:0006235 'foregut-midgut junction'
D: CL:0002599 'smooth muscle cell of the esophagus'
D: CL:0002353 'fetal liver hematopoietic progenitor cell'
D: UBERON:0008896 'post-hyoid pharyngeal arch'
D: UBERON:0009502 'ventral mesentery of mesentery of foregut-midgut junction'
D: UBERON:0009503 'mesenchyme of hindgut'
D: UBERON:0034721 'pharyngeal taste bud'
D: UBERON:0034724 'esophageal taste bud'
D: UBERON:0007332 'mandibular rhamphotheca'
2021-02-13 00:30:18,709 WARN  (OWLGraphWrapperExtended:936) Unable to retrieve the value of oboInOwl#id as the identifier for http://www.w3.org/2002/07/owl#Nothing; we will use an original iri as the identifier.
2021-02-13 00:30:18,710 WARN  (OWLGraphWrapperExtended:936) Unable to retrieve the value of oboInOwl#id as the identifier for http://www.w3.org/2002/07/owl#Nothing; we will use an original iri as the identifier.
D: Nothing Nothing
D: UBERON:0000945 'stomach'
D: CL:0000182 'hepatocyte'
D: UBERON:0008428 'ceratoglossus'
D: UBERON:2001076 'intestinal bulb'
D: UBERON:0006264 'mouth-foregut junction'
D: UBERON:0011850 'acinus of salivary gland'
D: UBERON:0006260 'lingual swellings'
D: UBERON:0005171 'hepatic duct'
D: UBERON:0034932 'epithelium of biliary system'
D: UBERON:0034934 'Weber's gland'
D: UBERON:0034937 'pharyngeal bar'
D: UBERON:0006257 'laryngotracheal groove'
D: UBERON:0017164 'dorsal cloacal gland'
D: UBERON:0009522 'lateral lingual swelling epithelium'
D: UBERON:0007361 'ruminant reticulum'
D: UBERON:0007362 'omasum'
D: UBERON:0007122 'pharyngeal pouch 1'
D: UBERON:0007364 'reticulorumen'
D: UBERON:0006272 'oronasal cavity'
D: UBERON:0010756 'spleen follicular dendritic cell network'
D: UBERON:0011603 'coronoid tooth'
D: UBERON:0011602 'gingiva of lower jaw'
D: UBERON:0011601 'gingiva of upper jaw'
D: UBERON:0011847 'acinus of parotid gland'
D: UBERON:0018242 'palatine bone horizontal plate'
D: UBERON:0007356 'crop'
D: UBERON:0007357 'proventriculus'
D: UBERON:0007358 'abomasum'
D: UBERON:0007359 'ruminant forestomach'
D: UBERON:0009539 'mesenchyme of submandibular gland primordium'
D: UBERON:2005012 'afferent filamental artery'
D: UBERON:0016485 'supragingival dental plaque'
D: UBERON:2005015 'afferent lamellar arteriole'
D: UBERON:0016484 'subgingival dental plaque'
D: UBERON:2005256 'intervillus pockets'
D: UBERON:2005014 'recurrent branch afferent branchial artery'
D: UBERON:2005013 'concurrent branch afferent branchial artery'
D: UBERON:0008860 'intermediate gastric gland'
D: UBERON:2005019 'efferent lamellar arteriole'
D: UBERON:2005018 'efferent filamental artery'
D: UBERON:0010706 'parenchyma of caudate lobe of liver'
D: UBERON:0008858 'pyloric canal'
D: UBERON:0008859 'cardiac gastric gland'
D: UBERON:0010704 'parenchyma of quadrate lobe of liver'
D: UBERON:0006676 'muscularis mucosa'
D: UBERON:0006673 'mandibular canal'
D: UBERON:0006672 'incisive canal'
D: UBERON:0008856 'stomach muscularis externa'
D: UBERON:0008857 'stomach smooth muscle circular layer'
D: UBERON:0016478 'liver stroma'
D: UBERON:0016479 'capsule of liver'
D: UBERON:3010821 'hyoquadrate process'
D: UBERON:0015142 'falciform fat'
D: UBERON:0009960 'esophagus smooth muscle circular layer'
D: UBERON:3010824 'processus triangularis of palatoquadrate cartilage'
D: UBERON:0018410 'lacteal'
D: UBERON:0009959 'lumen of oropharynx'
D: UBERON:0010937 'salpingopharyngeus muscle'
D: UBERON:0006689 'frenulum of tongue'
D: UBERON:0006688 'sublingual caruncle'
D: UBERON:0005597 'lung primordium'
D: UBERON:0006685 'pharyngeal tubercle'
D: UBERON:0005353 'spleen perifollicular zone'
D: UBERON:0008861 'pyloric gastric gland'
D: CL:0002166 'epithelial cell of Malassez'
D: UBERON:0016480 'interlobular stroma of liver'
D: UBERON:0008862 'stomach smooth muscle inner oblique layer'
D: UBERON:3010820 'suboccular arch'
D: UBERON:0008863 'stomach smooth muscle outer longitudinal layer'
D: UBERON:0016482 'dental plaque'
D: CL:0002170 'keratinized cell of the oral mucosa'
D: UBERON:0009971 'principal gastric gland'
D: UBERON:0009970 'epithelium of pancreatic duct'
D: UBERON:0004041 'spleen primary B follicle'
D: UBERON:0004042 'spleen secondary B follicle'
D: UBERON:0006217 'cloacal membrane'
D: UBERON:0006216 'cervical sinus of His'
D: UBERON:0006699 'foramen cecum of tongue'
D: UBERON:0006211 'buccopharyngeal membrane'
D: CL:0002178 'epithelial cell of stomach'
D: UBERON:0009961 'esophagus smooth muscle longitudinal layer'
D: UBERON:0009722 'entire pharyngeal arch endoderm'
D: CL:0002179 'foveolar cell of stomach'
D: UBERON:0007303 'pharyngeal vasculature'
D: UBERON:0009967 'spleen venous sinus'
D: CL:0002181 'mucus neck cell of gastric gland'
D: CL:0002180 'mucous cell of stomach'
D: UBERON:0016499 'esophageal-pneumatic duct sphincter'
D: CL:0002183 'stem cell of gastric gland'
D: CL:0002182 'surface mucosal cell of stomach'
D: UBERON:0034900 'palatine process of premaxilla'
D: UBERON:0004045 'tailgut'
D: UBERON:0006223 'dorsal meso-oesophagus'
D: UBERON:0034909 'intermaxillary suture'
D: UBERON:2005174 'ventral liver lobe'
D: UBERON:0010341 '1st arch mesenchyme from head mesenchyme'
D: UBERON:0007177 'lamina propria of mucosa of colon'
D: UBERON:0010345 '4th arch mesenchyme from head mesenchyme'
D: UBERON:0035401 'posterior wall of nasopharynx'
D: UBERON:0010343 '2nd arch mesenchyme from head mesenchyme'
D: UBERON:0014705 'median lingual swelling epithelium'
D: UBERON:0013617 'upper primary molar tooth'
D: UBERON:0010344 '3rd arch mesenchyme from head mesenchyme'
D: CL:2000074 'splenocyte'
D: CL:1001516 'intestinal enteroendocrine cell'
D: UBERON:0010347 '6th arch mesenchyme from head mesenchyme'
D: UBERON:0013612 'lower jaw cingulum'
D: UBERON:3000375 'palatine process of the pars facialis of the maxilla'
D: UBERON:0006081 'fundus of gallbladder'
D: UBERON:0013613 'upper jaw cingulum'
D: UBERON:0013619 'upper secondary molar tooth'
D: UBERON:4200238 'coronoid fang'
D: UBERON:4200237 'posterior coronoid bone'
D: UBERON:4200236 'anterior coronoid bone'
D: UBERON:4200235 'postcoronoid bone'
D: CL:0002196 'hepatic oval stem cell'
D: UBERON:4200234 'precoronoid bone'
D: CL:0002195 'hepatic stem cell'
D: UBERON:3000380 'palatoquadrate articular process'
D: UBERON:0004908 'upper digestive tract'
D: UBERON:0018299 'mandibular symphyseal tooth'
D: UBERON:0004906 'ectodermal part of digestive tract'
D: UBERON:0004907 'lower digestive tract'
D: CL:1000411 'endothelial cell of Peyer's patch'
D: CL:1000415 'epithelial cell of gall bladder'
D: UBERON:0010338 '1st arch maxillary mesenchyme from head mesenchyme'
D: UBERON:0010339 '1st arch mandibular mesenchyme from head mesenchyme'
D: UBERON:0010336 'mandibular process mesenchyme from neural crest'
D: UBERON:0010337 'mandibular process mesenchyme from head mesenchyme'
D: UBERON:2001805 'articular bone'
D: UBERON:2000716 'afferent portion of pharyngeal arch artery'
D: UBERON:0007178 'muscularis mucosae of colon'
D: UBERON:0004902 'urogenital sinus epithelium'
D: UBERON:0009116 'thymoid'
D: UBERON:4200247 'lateral parasymphysial foramen'
D: UBERON:4200246 'mesial parasymphysial foramen'
D: UBERON:0009119 'branchial basket'
D: UBERON:4200245 'parasymphysial plate'
D: UBERON:4200243 'surangular pit line'
D: UBERON:2005170 'extrahepatic duct'
D: UBERON:0010360 'pharyngeal arch mesenchyme from head mesenchyme'
D: UBERON:0009130 'dorsal meso-duodenum'
D: UBERON:0008285 'rumen epithelium'
D: UBERON:0013636 'epithelium of intestinal villus'
D: UBERON:0011698 'midgut loop'
D: UBERON:0013638 'horny papilla of tongue'
D: UBERON:3000115 'crista lateralis of premaxilla'
D: UBERON:0014727 'intercalated duct of salivary gland'
D: CL:2000051 'splenic fibroblast'
D: UBERON:0013639 'mechanical papilla of tongue'
D: UBERON:3000597 'symphysis maxillaris'
D: UBERON:3000112 'crista dentalis of premaxilla'
D: CL:2000053 'splenic endothelial cell'
D: CL:1000405 'epithelial cell of appendix'
D: UBERON:3000111 'crista dentalis of maxilla'
D: CL:2000055 'liver dendritic cell'
D: UBERON:3000110 'crista contacta'
D: UBERON:4200251 'meckelian foramen'
D: UBERON:4200250 'meckelian bone'
D: UBERON:0014729 'striated duct of salivary gland'
D: UBERON:0004915 'sphincter of hepatopancreatic ampulla'
D: UBERON:0000317 'colonic mucosa'
D: UBERON:0004913 'hepatopancreatic ampulla'
D: UBERON:0004914 'duodenal papilla'
D: UBERON:0004912 'biliary bud'
D: UBERON:0003820 'prostate bud'
D: UBERON:0000314 'cecum mucosa'
D: CL:2000069 'gallbladder fibroblast'
D: UBERON:0013620 'lower primary molar tooth'
D: UBERON:0004928 'submucosa of appendix'
D: UBERON:0009145 'pharyngeal region of foregut'
D: UBERON:0004929 'submucosa of ascending colon'
D: UBERON:4300199 'postsplenial'
D: UBERON:0011201 'muscle layer of small intestine'
D: UBERON:0013621 'lower secondary molar tooth'
D: UBERON:3000365 'otic process'
D: UBERON:3000363 'otic ligament'
D: UBERON:0010359 'pharyngeal arch mesenchyme from neural crest'
D: UBERON:0000320 'duodenal mucosa'
D: UBERON:0004926 'submucosa of cystic duct'
D: UBERON:0000569 'ileocecal valve'
D: UBERON:0004927 'submucosa of cecum'
D: UBERON:0000328 'gut wall'
D: UBERON:0004924 'submucosa of pharynx'
D: UBERON:0004925 'submucosa of laryngopharynx'
D: UBERON:0003832 'esophagus muscle'
D: UBERON:0000325 'gastric gland'
D: UBERON:0001655 'submental vein'
D: UBERON:0004921 'subdivision of digestive tract'
D: UBERON:7500057 'upper fourth secondary molar tooth'
D: UBERON:7500058 'upper fourth secondary premolar tooth'
D: UBERON:0007371 'superior surface of tongue'
D: UBERON:7500059 'upper third secondary premolar tooth'
D: UBERON:0009550 'endoderm of foregut-midgut junction'
D: UBERON:0007373 'inferior surface of tongue'
D: UBERON:0001829 'major salivary gland'
D: UBERON:0035840 'esophagogastric junction muscularis mucosa'
D: UBERON:0001828 'gingiva'
D: UBERON:0034995 'jaw mesenchyme'
D: UBERON:0005196 'spleen germinal center'
D: UBERON:2001610 'quadrate dorsal process'
D: UBERON:0035844 'lower esophagus muscularis mucosa'
D: UBERON:0035843 'lower esophagus submucosa'
D: UBERON:7500052 'lower fourth secondary molar tooth'
D: UBERON:0011637 'prearticular bone'
D: UBERON:0011636 'surangular bone'
D: UBERON:7500053 'lower fourth secondary premolar tooth'
D: UBERON:0011878 'muscle layer of esophagus'
D: UBERON:2001611 'quadrate posterodorsal process'
D: UBERON:7500054 'lower third secondary premolar tooth'
D: UBERON:0011635 'splenial bone'
D: UBERON:3000177 'flange of quadratojugal'
D: UBERON:0011877 'margin of tongue'
D: UBERON:0011876 'body of tongue'
D: UBERON:0011634 'ectopterygoid bone'
D: UBERON:0011638 'pharyngeal arch 8'
D: UBERON:0007123 'pharyngeal pouch 2'
D: UBERON:0007365 'rumen'
D: UBERON:0007124 'pharyngeal pouch 3'
D: UBERON:0007366 'ruminant stomach'
D: UBERON:0007125 'pharyngeal pouch 4'
D: UBERON:0007367 'surface of tongue'
D: UBERON:0007126 'pharyngeal pouch 5'
D: UBERON:0007127 'pharyngeal pouch 6'
D: UBERON:0009548 'hepatic sinusoid of left of lobe of liver'
D: UBERON:0009549 'hepatic sinusoid of right of lobe of liver'
D: UBERON:0001838 'sublingual duct'
D: UBERON:0018257 'submucosa of digestive tract'
D: UBERON:0001837 'duct of salivary gland'
D: UBERON:0006293 'spleen primordium'
D: UBERON:0034767 'buccal vestibule'
D: UBERON:2001603 'maxilla ascending process'
D: UBERON:8400023 'liver subserosa'
D: UBERON:8400024 'subcapsular region of liver'
D: UBERON:0011628 'early premaxilla'
D: UBERON:8400021 'liver serosa'
D: UBERON:0001834 'upper lip'
D: UBERON:0001833 'lip'
D: UBERON:0001835 'lower lip'
D: UBERON:0001830 'minor salivary gland'
D: UBERON:0018261 'muscular coat of digestive tract'
D: UBERON:0001832 'sublingual gland'
D: UBERON:0001831 'parotid gland'
D: UBERON:3000394 'pars articularis of mandibular arch'
D: UBERON:3001003 'cloacal fold'
D: UBERON:0012504 'adventitia of esophagus'
D: UBERON:0012503 'serosa of fundus of stomach'
D: UBERON:0006298 'submandibular gland primordium'
D: UBERON:0018297 'resorption pit'
D: UBERON:0009566 'intestinal submucosa'
D: UBERON:0007147 'lumen of midgut'
D: UBERON:0007148 'lumen of hindgut'
D: UBERON:0008250 'cardiac stomach'
D: UBERON:0011640 'palatoglossal arch'
D: UBERON:0001617 'mental artery'
D: UBERON:0008253 'Aristotle's lantern'
D: UBERON:0009584 '1st arch mandibular mesenchyme'
D: UBERON:0011642 'oral epithelium from ectoderm'
D: UBERON:0035833 'lower esophagus muscularis layer'
D: UBERON:0035834 'lower esophagus mucosa'
D: CL:0000845 'marginal zone B cell'
D: UBERON:0014916 'velar vocal fold'
D: UBERON:0008246 'pyloric stomach'
D: UBERON:0018284 'lower premolar 1'
D: UBERON:0007158 'lumen of anal canal'
D: UBERON:0018285 'lower premolar 2'
D: UBERON:0008248 'echinoderm pyloric cecum'
D: UBERON:0007159 'lumen of colon'
D: UBERON:0018282 'lower molar 3'
D: UBERON:0001610 'lingual artery'
D: UBERON:0001611 'sublingual artery'
D: UBERON:0018281 'lower deciduous premolar 5'
D: UBERON:0035240 'posterior wall of oropharynx'
D: UBERON:0010183 'liver trabecula'
D: UBERON:0014783 'cloacal muscle'
D: CL:1001592 'gall bladder glandular cell'
D: UBERON:0013695 'colon endothelium'
D: UBERON:0014784 'transverse cloacal muscle'
D: UBERON:0013696 'tonsil epithelium'
D: UBERON:0012360 'bone of jaw'
D: UBERON:0014785 'levator cloacae'
D: UBERON:4300129 'dorsal pelvic gland'
D: CL:1001595 'rectum glandular cell'
D: UBERON:0035243 'anal sinus'
D: CL:1001596 'salivary gland glandular cell'
D: UBERON:0014780 'palatine aponeurosis'
D: UBERON:0013450 'simian shelf'
D: UBERON:0006919 'tongue squamous epithelium'
D: UBERON:0036337 'wall of appendix'
D: UBERON:0012367 'muscle layer of intestine'
D: CL:1001598 'small intestine glandular cell'
D: UBERON:0013217 'zygomatic plate'
D: UBERON:3000539 'recessus marsupiatus of premaxilla'
D: UBERON:0006918 'parakeratinized epithelium of tongue'
D: UBERON:0003408 'gland of digestive tract'
D: UBERON:0003409 'gland of tongue'
D: UBERON:0006916 'non-keratinized epithelium of tongue'
D: UBERON:4500016 'premaxilla articular process'
D: UBERON:0000378 'tongue muscle'
D: UBERON:0006913 'lip epithelium'
D: UBERON:0006912 'urinary bladder muscularis mucosa'
D: UBERON:4500018 'premaxilla maxillary process'
D: UBERON:4300138 'labial region'
D: UBERON:4300139 'posterolingual region'
D: CL:1000495 'small intestine goblet cell'
D: CL:2000006 'tonsil germinal center B cell'
D: CL:1001585 'appendix glandular cell'
D: UBERON:0036343 'wall of gallbladder'
D: UBERON:0010174 'Schweigger-Seidel sheath'
D: UBERON:0012111 'diastema'
D: UBERON:4300137 'lingual region'
D: CL:1001588 'colon glandular cell'
D: UBERON:4300130 'lateral pelvic gland'
D: CL:1001589 'duodenum glandular cell'
D: UBERON:0011268 'sublingua'
D: UBERON:0011267 'quadratojugal bone'
D: UBERON:4300133 'upper jaw symphyseal region'
D: UBERON:3000543 'retroarticular process'
D: UBERON:0013688 'tonsil germinal center'
D: UBERON:0013689 'appendix lymphoid tissue'
D: UBERON:3000540 'recessus vaginiformis'
D: UBERON:0014779 'liver reticuloendothelial system'
D: CL:0000865 'gastrointestinal tract (lamina propria) macrophage'
D: UBERON:0004742 'dentary'
D: UBERON:0006921 'stomach squamous epithelium'
D: UBERON:2001406 'kinethmoid bone'
D: UBERON:0006920 'esophagus squamous epithelium'
D: UBERON:0004982 'mucosa of epiglottis'
D: UBERON:0003410 'oropharyngeal gland'
D: UBERON:0003894 'liver primordium'
D: UBERON:3000547 'rostral process'
D: UBERON:0003419 'mesenchyme of parotid'
D: UBERON:0001239 'muscularis mucosae of large intestine'
D: UBERON:3010589 'cloacal papilla'
D: UBERON:0003417 'mesenchyme of soft palate'
D: UBERON:0003418 'mesenchyme of submandibular gland'
D: UBERON:0006925 'digestive system gland'
D: UBERON:0000388 'epiglottis'
D: UBERON:0004988 'mucosa of cystic duct'
D: UBERON:0004989 'mucosa of appendix'
D: UBERON:0003416 'mesenchyme of tongue'
D: UBERON:0006924 'stomach glandular epithelium'
D: UBERON:0001238 'lamina propria of small intestine'
D: UBERON:0004744 'articular/anguloarticular'
D: UBERON:0004987 'mucosa of laryngopharynx'
D: UBERON:0003414 'mesenchyme of mandible'
D: UBERON:0016500 'muscularis mucosa of fundus of urinary bladder'
D: UBERON:0013474 'middle part of esophagus'
D: UBERON:0013475 'gustatory gland'
D: UBERON:0013476 'dermal layer of tongue'
D: UBERON:0016502 'stomach fundus lumen'
D: UBERON:0016501 'muscularis mucosae of fundus of stomach'
D: CL:1001573 'nasopharyngeal epithelial cell'
D: UBERON:0013471 'retromolar space'
D: UBERON:0013472 'upper esophagus'
D: UBERON:0013473 'lower esophagus'
D: CL:1001572 'colon endothelial cell'
D: CL:1001577 'tonsil squamous cell'
D: CL:1000488 'cholangiocyte'
D: CL:1000489 'reticular cell of splenic cord'
D: UBERON:3000512 'processus zygomatico-maxillaris'
D: UBERON:2001632 'ectopterygoid tooth'
D: UBERON:0035228 'tonsillar fossa'
D: CL:1001576 'oral mucosa squamous cell'
D: UBERON:0013478 'cecal tonsil'
D: CL:0000869 'tonsillar macrophage'
D: UBERON:0016505 'Mullerian tubercle'
D: UBERON:0001243 'serosa of intestine'
D: CL:0000876 'splenic white pulp macrophage'
D: UBERON:0004995 'mucosa of body of stomach'
D: UBERON:0000396 'vallate papilla'
D: CL:0000877 'splenic tingible body macrophage'
D: UBERON:0006931 'stomach glandular region mucosa'
D: UBERON:0001242 'intestinal mucosa'
D: UBERON:0004996 'mucosa of cardia of stomach'
D: UBERON:3000519 'pseudodentary tooth'
D: UBERON:0004993 'mucosa of sigmoid colon'
D: UBERON:0000397 'colonic epithelium'
D: UBERON:0002334 'submandibular duct'
D: UBERON:0001245 'anus'
D: UBERON:0003420 'mesenchyme of sublingual gland'
D: UBERON:0004994 'mucosa of fundus of stomach'
D: UBERON:3000518 'pseudodentary'
D: UBERON:0004752 'palatoquadrate cartilage'
D: CL:0000872 'splenic marginal zone macrophage'
D: UBERON:0004991 'mucosa of transverse colon'
D: CL:0000873 'splenic metallophillic macrophage'
D: UBERON:0004992 'mucosa of descending colon'
D: UBERON:3000516 'pseudobasal process'
D: CL:0000874 'splenic red pulp macrophage'
D: UBERON:0001241 'crypt of Lieberkuhn of small intestine'
D: CL:0000632 'hepatic stellate cell'
D: UBERON:3000515 'pseudoangular'
D: UBERON:0004990 'mucosa of ascending colon'
D: UBERON:0001240 'muscularis mucosae of intestine'
D: UBERON:3000998 'suprarostral cartilage'
D: CL:0000870 'Peyer's patch macrophage'
D: CL:0000871 'splenic macrophage'
D: UBERON:0004999 'mucosa of biliary tree'
D: UBERON:0005605 'intrahepatic part of hepatic duct'
D: UBERON:0001247 'falciform ligament'
D: UBERON:0004757 'rectal salt gland'
D: UBERON:0000399 'jejunal mucosa'
D: UBERON:0005604 'extrahepatic part of hepatic duct'
D: UBERON:0001246 'interlobular bile duct'
D: UBERON:0003424 'mesenchyme of hard palate'
D: UBERON:0004997 'mucosa of pyloric antrum'
D: UBERON:0001249 'spleen lymphoid follicle'
D: UBERON:0003666 'upper jaw molar'
D: UBERON:0000159 'anal canal'
D: UBERON:0003667 'lower jaw molar'
D: UBERON:0004998 'mucosa of pylorus'
D: UBERON:0005602 'dorsal mesogastrium'
D: UBERON:0001248 'hilum of spleen'
D: UBERON:0014790 'lingual septum'
D: UBERON:0012377 'muscle layer of jejunum'
D: UBERON:0012376 'retromolar triangle'
D: UBERON:3000523 'pterygoid process of palatoquadrate'
D: UBERON:0011289 'pharyngobasilar fascia'
D: UBERON:0000164 'primitive urogenital sinus'
D: UBERON:2001626 'premaxillary tooth'
D: UBERON:0000165 'mouth'
D: UBERON:0000166 'oral opening'
D: UBERON:0000167 'oral cavity'
D: UBERON:0001250 'red pulp of spleen'
D: UBERON:0004760 'gland of anal canal'
D: UBERON:0000160 'intestine'
D: UBERON:3000527 'quadrate process of palatoquadrate'
D: UBERON:0000162 'cloaca'
D: CL:0000885 'gut-associated lymphoid tissue macrophage'
D: UBERON:0000163 'embryonic cloaca'
D: UBERON:0001251 'marginal zone of spleen'
D: UBERON:0002108 'small intestine'
D: UBERON:0005619 'secondary palatal shelf'
D: UBERON:0004528 'alveolar ridge of mandible'
D: UBERON:0004768 'bone of lower jaw'
D: UBERON:0003679 'mouth floor'
D: UBERON:0000168 'proximal-distal subdivision of colon'
D: UBERON:0004527 'alveolar process of maxilla'
D: UBERON:0002107 'liver'
D: UBERON:0004767 'vomerine tooth'
D: UBERON:0002106 'spleen'
D: UBERON:2001692 'median premaxilla'
D: UBERON:0010386 'Peyer's patch follicle'
D: UBERON:0035444 'triangular ligament of liver'
D: UBERON:0004939 'submucosa of common bile duct'
D: UBERON:0010384 'lumen of laryngopharynx'
D: UBERON:0010387 'Peyer's patch T cell area'
D: CL:1000222 'stomach neuroendocrine cell'
D: CL:0019029 'centrilobular region hepatocyte'
D: UBERON:0015833 'foregut epithelium'
D: CL:0019028 'midzonal region hepatocyte'
D: UBERON:0013656 'dulla'
D: UBERON:0015834 'duodenum lamina propria'
D: CL:0019026 'periportal region hepatocyte'
D: UBERON:0004930 'submucosa of transverse colon'
D: CL:0019021 'endothelial cell of periportal hepatic sinusoid'
D: UBERON:0022361 'lung field'
D: UBERON:0000331 'ileal mucosa'
D: CL:0019022 'endothelial cell of pericentral hepatic sinusoid'
D: CL:0019020 'extrahepatic cholangiocyte'
D: UBERON:0004937 'submucosa of pylorus'
D: UBERON:0004938 'submucosa of biliary tree'
D: UBERON:0004935 'submucosa of cardia of stomach'
D: UBERON:0004936 'submucosa of pyloric antrum'
D: UBERON:0004933 'submucosa of fundus of stomach'
D: UBERON:0000333 'intestinal gland'
D: UBERON:0004934 'submucosa of body of stomach'
D: UBERON:0004931 'submucosa of descending colon'
D: UBERON:0004932 'submucosa of sigmoid colon'
D: UBERON:3000582 'sulcus dentalis of premaxilla'
D: UBERON:3000581 'sulcus dentalis of maxilla'
D: UBERON:0013640 'internal cheek pouch'
D: UBERON:0013641 'external cheek pouch'
D: UBERON:0035450 'cervical part of esophagus'
D: UBERON:0036301 'vasculature of spleen'
D: UBERON:4300174 'actinopterygian pyloric caecum'
D: UBERON:0016915 'vermilion'
D: UBERON:0012313 '1st arch maxillary ectoderm'
D: UBERON:0035216 'thoracic part of esophagus'
D: UBERON:0013644 'duodenal ampulla'
D: UBERON:0016910 'frenulum of lip'
D: UBERON:0016913 'frenulum of lower lip'
D: UBERON:0016912 'frenulum of upper lip'
D: UBERON:3000583 'sulcus for Meckels cartilage'
D: UBERON:0004940 'submucosa of common hepatic duct'
D: UBERON:0004941 'submucosa of right hepatic duct'
D: CL:0019032 'intestinal tuft cell'
D: UBERON:0016919 'lower vermilion'
D: CL:0019031 'intestine goblet cell'
D: UBERON:0016918 'upper vermilion'
D: UBERON:0004946 'submucosa of ileum'
D: UBERON:0022357 'mesentery of ileum'
D: UBERON:0004942 'submucosa of left hepatic duct'
D: UBERON:3010144 'odontoids'
D: UBERON:0015851 'upper right incisor tusk'
D: CL:0009005 'salivary gland cell'
D: UBERON:0015850 'upper left incisor tusk'
D: UBERON:0015853 'dental pulp of median incisor tusk'
D: UBERON:0015852 'narwhal tusk'
D: UBERON:0012102 'buccal salivary gland'
D: CL:0009009 'paneth cell of epithelium of large intestine'
D: UBERON:0011253 'gland of anal sac'
D: UBERON:2001430 'pneumatic duct'
D: UBERON:0010169 'moustache'
D: UBERON:0012106 'baleen plate bristle'
D: UBERON:0012105 'baleen plate'
D: UBERON:2000103 'supramaxilla'
D: UBERON:0016944 'upper premolar tooth'
D: UBERON:0016943 'lower premolar tooth'
D: CL:1000447 'epithelial cell of stratum germinativum of esophagus'
D: UBERON:3010590 'amphibian cloacal gland'
D: UBERON:0001682 'palatine bone'
D: UBERON:0001201 'serosa of stomach'
D: UBERON:0001200 'submucosa of stomach'
D: UBERON:0001684 'mandible'
D: UBERON:0001207 'mucosa of large intestine'
D: UBERON:0001206 'serosa of small intestine'
D: UBERON:0001209 'serosa of large intestine'
D: UBERON:0001208 'submucosa of large intestine'
D: UBERON:0002539 'pharyngeal arch'
D: UBERON:0000355 'pharyngeal mucosa'
D: UBERON:0001203 'muscularis mucosae of stomach'
D: UBERON:0001202 'pyloric sphincter'
D: UBERON:0001205 'submucosa of small intestine'
D: UBERON:0001204 'mucosa of small intestine'
D: CL:0009015 'Peyer's patch follicular dendritic cell'
D: CL:0009016 'intestinal crypt stem cell of large intestine'
D: CL:0009017 'intestinal crypt stem cell of small intestine'
D: UBERON:0014510 'lamina of omasum'
D: CL:0009018 'lymphocyte of large intestine lamina propria'
D: UBERON:0010154 'inner lining mucosa of the abomasum'
D: UBERON:0006909 'lumen of digestive tract'
D: UBERON:0012330 'nasal-associated lymphoid tissue'
D: UBERON:0010153 'rumen papilla'
D: UBERON:0015847 'upper left incisor tooth'
D: UBERON:0010398 'spleen marginal sinus'
D: UBERON:3000323 'nasopremaxilla'
D: UBERON:0010399 'spleen trabecular artery'
D: UBERON:0011245 'infra-orbital canal of maxilla'
D: CL:1000438 'epithelial cell of wall of inferior part of anal canal'
D: UBERON:0001210 'muscularis mucosae of small intestine'
D: CL:1001517 'stomach enteroendocrine cell'
D: UBERON:0001212 'duodenal gland'
D: UBERON:0001211 'Peyer's patch'
D: CL:0002621 'gingival epithelial cell'
D: CL:0002624 'paneth cell of the appendix'
D: CL:0002623 'acinar cell of salivary gland'
D: CL:0000682 'M cell of gut'
D: UBERON:0006905 'mandibular process mesenchyme'
D: CL:0000684 'littoral cell of liver'
D: CL:0009011 'transit amplifying cell of large intestine'
D: UBERON:0001213 'intestinal villus'
D: CL:0009012 'transit amplifying cell of small intestine'
D: UBERON:0001458 'skin of lip'
D: CL:0009014 'Peyer's patch lymphocyte'
D: UBERON:2001371 'pancreatic system'
D: UBERON:0014389 'gustatory papilla of tongue'
D: CL:0011108 'colon epithelial cell'
D: UBERON:0017653 'intermaxillary salivary gland'
D: UBERON:0015232 'nematode pharynx'
D: UBERON:0006756 'median lingual swelling'
D: CL:0002637 'keratinized epithelial cell of the anal canal'
D: CL:0002636 'nonkeratinized epithelial cell of inferior part of anal canal'
D: UBERON:0002397 'maxilla'
D: UBERON:0005666 '4th arch endoderm'
D: UBERON:0005665 '3rd arch endoderm'
D: UBERON:0005664 '2nd arch endoderm'
D: UBERON:0002399 'lesser omentum'
D: UBERON:0002394 'bile duct'
D: UBERON:0005662 '4th arch ectoderm'
D: CL:0002635 'nonkeratinized epithelial cell of anal column'
D: UBERON:0005661 '3rd arch ectoderm'
D: UBERON:0002396 'vomer'
D: UBERON:0001065 'parotid main excretory duct'
D: UBERON:0005660 '2nd arch ectoderm'
D: UBERON:0001064 'ventral pancreatic duct'
D: CL:0002634 'epithelial cell of anal column'
D: UBERON:0014390 'muscle layer of ileum'
D: UBERON:0015482 'right hepatic artery'
D: UBERON:0015481 'left hepatic artery'
D: UBERON:0005429 'dorsal pancreatic duct'
D: UBERON:0006757 'lateral lingual swelling'
D: UBERON:0003260 'endoderm of hindgut'
D: UBERON:0003261 'thyroid primordium endoderm'
D: UBERON:2001129 'pharyngeal pouches 2-6'
D: UBERON:0005677 'caecum mesentery'
D: UBERON:0003258 'endoderm of foregut'
D: UBERON:0008947 'respiratory primordium'
D: UBERON:0004103 'alveolar ridge'
D: CL:0002402 'Peyer's patch B cell'
D: CL:0002643 'nonkeratinized cell of stratum corneum of esophageal epithelium'
D: UBERON:0001073 'ileocecal junction'
D: CL:0002642 'epithelial cell of esophageal cardiac gland'
D: CL:0002641 'epithelial cell of esophageal gland proper'
D: UBERON:0003259 'endoderm of midgut'
D: UBERON:0005691 '4th arch mesenchyme'
D: UBERON:0005690 '3rd arch mesenchyme'
D: UBERON:0003268 'tooth of lower jaw'
D: CL:0002659 'glandular cell of stomach'
D: UBERON:0005689 '2nd arch mesenchyme'
D: CL:0002658 'glandular cell of the large intestine'
D: UBERON:0005686 'caecum dorsal mesentery'
D: UBERON:0003267 'tooth of upper jaw'
D: UBERON:0005685 'midgut dorsal mesentery'
D: CL:0002655 'epithelial cell of stratum spinosum of esophageal epithelium'
D: CL:0002654 'epithelial cell of stratum corneum of esophageal epithelium'
D: CL:0002657 'glandular cell of esophagus'
D: UBERON:0004117 'pharyngeal pouch'
D: UBERON:0005207 'tonsil capsule'
D: UBERON:0013067 'colorectal mucosa'
D: UBERON:0013068 'palatine torus'
D: UBERON:0035076 'parotid gland myoepithelium'
D: UBERON:0035078 'parotid gland interlobular duct'
D: UBERON:0003283 'mesentery of oesophagus'
D: UBERON:0003281 'mesentery of stomach'
D: UBERON:0004368 'Reichert's cartilage'
D: UBERON:0003277 'skeleton of upper jaw'
D: UBERON:0003278 'skeleton of lower jaw'
D: UBERON:0001096 'wall of esophagus'
D: UBERON:0005452 'hepatic cord'
D: UBERON:0004362 'pharyngeal arch 1'
D: UBERON:0004363 'pharyngeal arch artery'
D: UBERON:0017612 'cingulum of lower jaw molar'
D: UBERON:2002020 'hypomaxilla'
D: UBERON:0017613 'cingulum of upper jaw molar'
D: UBERON:0035286 'lateral wall of oropharynx'
D: UBERON:0035046 'parotid gland intercalated duct'
D: UBERON:0011079 'angular bone'
D: UBERON:0035045 'parotid gland intralobular duct'
D: UBERON:0035048 'parotid gland excretory duct'
D: UBERON:0035047 'parotid gland striated duct'
D: UBERON:0035049 'excretory duct of salivary gland'
D: UBERON:0017616 'afferent spiracular artery'
D: UBERON:0017617 'efferent spiracular artery'
D: UBERON:0002112 'smooth muscle of esophagus'
D: UBERON:0001265 'trabecula of spleen'
D: UBERON:0003686 'tooth socket'
D: UBERON:0002114 'duodenum'
D: UBERON:0005620 'primary palate'
D: UBERON:0001266 'splenic cord'
D: UBERON:0003682 'palatal muscle'
D: UBERON:0002110 'gall bladder'
D: UBERON:0001262 'wall of intestine'
D: CL:0002673 'tongue muscle cell'
D: UBERON:0006959 'mandible angular process'
D: UBERON:0002116 'ileum'
D: UBERON:0005626 'ventral mesogastrium'
D: UBERON:0006957 'submandibular gland primordium epithelium'
D: UBERON:0002115 'jejunum'
D: UBERON:0005867 'mandibular prominence'
D: UBERON:0006956 'buccal mucosa'
D: UBERON:0035053 'interlobular duct of salivary gland'
D: UBERON:0013485 'crypt of Lieberkuhn of colon'
D: UBERON:0016511 'lamina propria of fundus of stomach'
D: UBERON:0013244 'vaginal plate'
D: UBERON:0013486 'crypt of Lieberkuhn of appendix'
D: UBERON:0013245 'sinovaginal bulb'
D: UBERON:0036144 'incisive duct'
D: UBERON:0016512 'lumen of duodenum'
D: UBERON:0015423 'hilar portion of hepatic duct'
D: UBERON:0013481 'crypt of Lieberkuhn of ileum'
D: UBERON:0012399 'large intestine smooth muscle longitudinal layer'
D: UBERON:2002012 'dentary foramen'
D: UBERON:0012398 'large intestine smooth muscle circular layer'
D: UBERON:0013482 'crypt of Lieberkuhn of duodenum'
D: UBERON:0013483 'crypt of Lieberkuhn of jejunum'
D: UBERON:0016519 'muscularis mucosae of jejunum'
D: UBERON:3000500 'processus posterior of maxilla'
D: UBERON:0001281 'hepatic sinusoid'
D: UBERON:2002257 'premaxilla dentigerous process'
D: UBERON:0001280 'liver parenchyma'
D: UBERON:0016517 'lumen of jejunum'
D: UBERON:0001276 'epithelium of stomach'
D: UBERON:0004786 'gastrointestinal system mucosa'
D: UBERON:0005875 '4th arch pharyngeal cleft'
D: UBERON:3000509 'processus suprafenestralis'
D: UBERON:0005874 '3rd arch pharyngeal cleft'
D: UBERON:0003453 'large intestine Peyer's patch'
D: UBERON:0001278 'epithelium of large intestine'
D: UBERON:0005873 '2nd arch pharyngeal cleft'
D: UBERON:0003454 'small intestine Peyer's patch'
D: UBERON:0001277 'intestinal epithelium'
D: UBERON:0001035 'dento-alveolar joint'
D: UBERON:0005872 '1st arch pharyngeal cleft'
D: UBERON:0004782 'gastrointestinal system serosa'
D: UBERON:0003451 'lower jaw incisor'
D: UBERON:0005871 'palatine process of maxilla'
D: UBERON:3000505 'processus pterygoideus of maxilla'
D: CL:0002203 'brush cell of epithelium proper of large intestine'
D: UBERON:0004783 'gall bladder serosa'
D: UBERON:0004780 'gastrointestinal system lamina propria'
D: UBERON:0003450 'upper jaw incisor'
D: UBERON:0004781 'gall bladder lamina propria'
D: UBERON:0006729 'liver perisinusoidal space'
D: UBERON:0006728 'liver left medial lobe'
D: UBERON:0006727 'liver left lateral lobe'
D: CL:0002680 'PP cell of intestine'
D: UBERON:0001279 'portal triad'
D: UBERON:0005879 'pharyngeal cleft'
D: UBERON:0005637 'pyloric region epithelium'
D: UBERON:0005636 'caecum epithelium'
D: UBERON:0003216 'hard palate'
D: UBERON:0015455 'accessory hepatic vein'
D: CL:1000282 'smooth muscle fiber of ascending colon'
D: CL:1000283 'smooth muscle fiber of transverse colon'
D: CL:1000280 'smooth muscle cell of colon'
D: UBERON:0016545 'pharyngeal ectoderm'
D: CL:1000281 'smooth muscle cell of cecum'
D: CL:1000286 'smooth muscle cell of rectum'
D: CL:1000284 'smooth muscle fiber of descending colon'
D: UBERON:0035267 'neck of gallbladder'
D: CL:1000285 'smooth muscle cell of sigmoid colon'
D: UBERON:0016547 'lower foregut region endoderm'
D: UBERON:0001045 'midgut'
D: UBERON:0006976 'peptonephridium'
D: UBERON:0005644 'midgut duodenum epithelium'
D: UBERON:0005402 'philtrum'
D: UBERON:0001044 'saliva-secreting gland'
D: UBERON:0005643 'foregut duodenum epithelium'
D: UBERON:0001046 'hindgut'
D: UBERON:0002372 'tonsil'
D: UBERON:0001283 'bile canaliculus'
D: UBERON:0001041 'foregut'
D: UBERON:0004794 'esophagus secretion'
D: UBERON:0001282 'intralobular bile duct'
D: UBERON:0001043 'esophagus'
D: UBERON:0001042 'chordate pharynx'
D: UBERON:0002373 'palatine tonsil'
D: UBERON:0004550 'gastroesophageal sphincter'
D: UBERON:0005409 'alimentary part of gastrointestinal system'
D: UBERON:0035270 'roof of nasopharynx'
D: UBERON:0036362 'wall of anal canal'
D: UBERON:0011085 'palatoquadrate arch'
D: UBERON:3010528 'articular process of palatoquadrate'
D: UBERON:0015445 'anterior lingual gland duct'
D: UBERON:0012172 'stomach primordium'
D: CL:1000275 'smooth muscle cell of small intestine'
D: CL:1000276 'smooth muscle fiber of duodenum'
D: UBERON:0035037 'jaw epithelium'
D: UBERON:0011087 'pharyngeal arch 7'
D: CL:1000279 'smooth muscle cell of large intestine'
D: CL:1000277 'smooth muscle fiber of jejunum'
D: CL:1000278 'smooth muscle fiber of ileum'
D: UBERON:0017627 'rectal valve'
D: UBERON:0017626 'transverse folds of rectum'
D: UBERON:0003235 'epithelium of upper jaw'
D: UBERON:0003236 'epithelium of lower jaw'
D: UBERON:0005654 'lower jaw molar epithelium'
D: UBERON:0005653 'upper jaw molar epithelium'
D: UBERON:0001052 'rectum'
D: UBERON:0001051 'hypopharynx'
D: UBERON:3000966 'angulosplenial'
D: CL:0002221 'keratinized squamous cell of esophagus'
D: UBERON:0005659 'primary palate epithelium'
D: UBERON:0012181 'tonsil crypt'
D: UBERON:0005658 'secondary palatal shelf epithelium'
D: UBERON:0018589 'lower first primary molar tooth'
D: UBERON:0007690 'early pharyngeal endoderm'
D: UBERON:0018103 'posterior fascicle of palatopharyngeus'
D: UBERON:8410024 'intestinal junction'
D: UBERON:0009870 'zone of stomach'
D: UBERON:0018588 'upper first primary molar tooth'
D: UBERON:0005032 'mucosa of lower lip'
D: UBERON:0004185 'endodermal part of digestive tract'
D: UBERON:0005031 'mucosa of upper lip'
D: UBERON:0006360 'tongue intermolar eminence'
D: UBERON:0011956 'right hepatic vein'
D: UBERON:0003091 'thyroid primordium'
D: UBERON:0011955 'left hepatic vein'
D: UBERON:0011954 'stomach non-glandular region'
D: UBERON:0011953 'stomach glandular region'
D: UBERON:4200198 'incisor process'
D: UBERON:0006359 'mesoduodenum'
D: UBERON:0011957 'middle hepatic vein'
D: UBERON:0005025 'mucosa of uvula'
D: UBERON:0005024 'mucosa of soft palate'
D: UBERON:0006597 'quadrate bone'
D: UBERON:0005023 'mucosa of oropharynx'
D: UBERON:0005022 'mucosa of nasopharynx'
D: UBERON:0018594 'upper lateral primary incisor tooth'
D: UBERON:0018111 'muscle layer of rectum'
D: UBERON:0018595 'lower central primary incisor tooth'
D: UBERON:0018353 'quadrate condyle'
D: UBERON:0001902 'epithelium of small intestine'
D: UBERON:0018593 'upper central primary incisor tooth'
D: UBERON:0009867 'Hatschek's diverticulum'
D: UBERON:0018591 'upper primary incisor tooth'
D: UBERON:0007689 'thyroid diverticulum'
D: UBERON:0009869 'Hatschek's right diverticulum'
D: UBERON:0009868 'Hatschek's left diverticulum'
D: UBERON:0018338 'medial cotyla'
D: UBERON:0017249 'incisive process of premaxilla'
D: UBERON:0018336 'maxillary shank'
D: UBERON:0018578 'lower first secondary molar tooth'
D: UBERON:0018337 'medial condyle of quadrate'
D: UBERON:0018579 'lower second secondary molar tooth'
D: UBERON:0008791 'rugal fold of stomach'
D: UBERON:0018334 'lateral condyle of quadrate'
D: UBERON:0018576 'upper second secondary molar tooth'
D: UBERON:2002057 'gill opening'
D: UBERON:0018577 'upper third secondary molar tooth'
D: UBERON:0018574 'lower second secondary premolar tooth'
D: UBERON:0018575 'upper first secondary molar tooth'
D: UBERON:0008310 'nasopharyngeal gland'
D: UBERON:8410016 'descending sigmoid junction'
D: UBERON:0018333 'labial cartilage'
D: UBERON:0009882 'anal column'
D: UBERON:0005033 'mucosa of gallbladder'
D: UBERON:0018341 'nasal process of premaxilla'
D: UBERON:8410019 'jejuno-ileal junction'
D: UBERON:0018580 'lower third secondary molar tooth'
D: UBERON:0009890 'anterior intestinal portal'
D: UBERON:0010400 'spleen trabecular vein'
D: UBERON:0010401 'spleen central arteriole'
D: UBERON:0005052 'gizzard'
D: UBERON:0005050 'liver papillary process'
D: UBERON:0011738 'quadrate lobe hepatic sinusoid'
D: UBERON:0011737 'caudate lobe hepatic sinusoid'
D: UBERON:0005046 'mucosa of hard palate'
D: CL:0002254 'epithelial cell of small intestine'
D: CL:0002251 'epithelial cell of alimentary canal'
D: UBERON:0008799 'transverse palatine fold'
D: CL:0002250 'intestinal crypt stem cell'
D: CL:0002253 'epithelial cell of large intestine'
D: CL:0002252 'epithelial cell of esophagus'
D: UBERON:0019206 'tongue papilla epithelium'
D: UBERON:0018598 'lower primary canine tooth'
D: UBERON:0018599 'upper second primary molar tooth'
D: UBERON:0018112 'rectum smooth muscle tissue'
D: UBERON:0018596 'lower lateral primary incisor tooth'
D: UBERON:0018597 'upper primary canine tooth'
D: UBERON:8400007 'liver lobule centrilobular region'
D: UBERON:8400008 'liver lobule midzonal region'
D: UBERON:8400001 'hepatic acinus zone 1'
D: UBERON:8400002 'hepatic acinus zone 3'
D: UBERON:8400005 'metabolic zone of liver'
D: UBERON:8400006 'liver lobule periportal region'
D: UBERON:8400003 'hepatic acinus zone 2'
D: CL:0002266 'type D cell of small intestine'
D: UBERON:0009654 'alveolar artery'
D: CL:0002265 'type D cell of colon'
D: UBERON:0017272 'lower primary premolar tooth'
D: CL:0002267 'type D cell of stomach'
D: UBERON:0007237 '1st arch mandibular component'
D: UBERON:0017271 'upper primary premolar tooth'
D: UBERON:0007238 '1st arch maxillary component'
D: CL:0002264 'type A cell of stomach'
D: CL:0002271 'type EC1 enteroendocrine cell'
D: CL:0002270 'type EC2 enteroendocrine cell'
D: UBERON:0018301 'upper deciduous premolar 5'
D: UBERON:0018543 'lumen of intestine'
D: UBERON:0018302 'upper molar 1'
D: UBERON:0018542 'mandibular symphyseal region'
D: UBERON:0018300 'upper canine 1'
D: UBERON:0003294 'gland of foregut'
D: UBERON:0003286 'foregut region of duodenum'
D: UBERON:0005222 'liver left lobe parenchyma'
D: UBERON:0003287 'midgut region of duodenum'
D: UBERON:0003284 'mesentery of midgut'
D: UBERON:0005221 'liver right lobe parenchyma'
D: UBERON:0008971 'left colon'
D: UBERON:0008972 'right colon'
D: CL:0002273 'type ECL enteroendocrine cell'
D: UBERON:0008978 'anal sac'
D: UBERON:2005126 'intestinal bulb epithelium'
D: UBERON:0006330 'anterior lingual gland'
D: UBERON:0011904 'gastrolith'
D: UBERON:0011903 'gizzard smooth muscle'
D: UBERON:0005477 'stomach fundus epithelium'
D: UBERON:0003295 'pharyngeal gland'
D: UBERON:0006562 'pharynx'
D: UBERON:0007652 'esophageal sphincter'
D: UBERON:0008989 'submocosal esophageal gland'
D: UBERON:8410000 'duodeno-jejunal junction'
D: UBERON:0018568 'lower central secondary incisor tooth'
D: UBERON:0004163 'anterior ectodermal midgut'
D: UBERON:0005003 'mucosa of left hepatic duct'
D: UBERON:0003066 'pharyngeal arch 2'
D: UBERON:0005002 'mucosa of right hepatic duct'
D: UBERON:0005001 'mucosa of common hepatic duct'
D: UBERON:0006574 'pectinate line'
D: UBERON:0005000 'mucosa of common bile duct'
D: UBERON:0018572 'upper second secondary premolar tooth'
D: UBERON:0018331 'intraramal joint'
D: UBERON:0008994 'equine glandular stomach'
D: UBERON:0018573 'lower first secondary premolar tooth'
D: UBERON:0018570 'lower lateral secondary incisor tooth'
D: UBERON:0018571 'upper first secondary premolar tooth'
D: UBERON:2002092 'rostral cartilage'
D: UBERON:0009844 'urogenital sinus lumen'
D: UBERON:0009847 'prostate field'
D: UBERON:0009846 'embryonic cloacal epithelium'
D: UBERON:0018314 'choanal groove'
D: UBERON:2005346 'extrapancreatic duct'
D: UBERON:0009860 'ascidian digestive gland'
D: UBERON:0005020 'mucosa of tongue'
D: UBERON:0006588 'round ligament of liver'
D: UBERON:0018561 'upper secondary canine tooth'
D: UBERON:0018562 'lower secondary canine tooth'
D: UBERON:0009854 'digestive tract diverticulum'
D: UBERON:0009855 'echinoderm gastric caecum'
D: UBERON:0005019 'mucosa of palate'
D: CL:0002071 'enterocyte of epithelium of large intestine'
D: UBERON:3000493 'processus internus of pseudoangular'
D: UBERON:3000492 'processus infrafenestralis'
D: UBERON:0034670 'palatal taste bud'
D: UBERON:0009471 'dorsum of tongue'
D: UBERON:0011310 'masseteric fossa'
D: UBERON:0003929 'digestive tract epithelium'
D: UBERON:0003928 'digestive system duct'
D: UBERON:0012402 'small intestine smooth muscle longitudinal layer'
D: UBERON:3000017 'anterior process of pars palatina of maxilla'
D: UBERON:0012401 'small intestine smooth muscle circular layer'
D: UBERON:0011318 'capsule of temporomandibular joint'
D: UBERON:0010228 'ruminal fluid'
D: UBERON:3000255 'lamina anterior of pars facialis'
D: UBERON:3000012 'angulosplenial coronoid process'
D: UBERON:2001935 'oral disk'
D: UBERON:0011319 'disk of temporomandibular joint'
D: UBERON:0013739 'base of crypt of Lieberkuhn'
D: CL:0002079 'pancreatic ductal cell'
D: UBERON:0001742 'epiglottic cartilage'
D: UBERON:0001984 'crypt of Lieberkuhn of large intestine'
D: UBERON:0001983 'crypt of Lieberkuhn'
D: UBERON:0009480 'endoderm of buccopharyngeal membrane'
D: UBERON:0009482 'associated mesenchyme of foregut-midgut junction'
D: UBERON:0009483 'mesentery of foregut-midgut junction'
D: UBERON:0009484 'dorsal mesentery of mesentery of foregut-midgut junction'
D: UBERON:0011303 'lamprey sucker'
D: UBERON:0035536 'body of gallbladder'
D: UBERON:3000022 'antorbital process'
D: UBERON:3010061 'anterior quadratocranial commissure'
D: UBERON:0011309 'body of mandible'
D: UBERON:0009478 'associated mesenchyme of midgut'
D: UBERON:0009479 'ectoderm of buccopharyngeal membrane'
D: UBERON:0000424 'gastric pit'
D: UBERON:0009494 'pharyngeal arch mesenchymal region'
D: UBERON:2005273 'intestinal mucosal muscle'
D: UBERON:0010242 'anterior buccal gland'
D: UBERON:0012421 'urodeum'
D: UBERON:2005279 'enteric circular muscle'
D: UBERON:0012420 'coprodeum'
D: UBERON:0010240 'zygomatic gland'
D: UBERON:0003949 'tubal tonsil'
D: UBERON:0009497 'epithelium of foregut-midgut junction'
D: UBERON:0010241 'molar gland'
D: UBERON:0012425 'striated border microvillus layer'
D: UBERON:3000237 'infrarostral cartilage'
D: UBERON:0034898 'alveolar ridge of premaxilla'
D: UBERON:0012427 'intestinal brush border layer'
D: UBERON:0001761 'future foramen cecum'
D: UBERON:0003705 'Meckel's diverticulum'
D: UBERON:0003703 'extrahepatic bile duct'
D: UBERON:0003704 'intrahepatic bile duct'
D: UBERON:0001764 'maxillary sinus'
D: UBERON:0003700 'temporomandibular joint'
D: UBERON:0013740 'wall of crypt of Lieberkuhn'
D: UBERON:0013741 'base of crypt of Lieberkuhn of large intestine'
D: UBERON:0004809 'salivary gland epithelium'
D: UBERON:0012652 'colorectum'
D: UBERON:0011320 'ligament of temporomandibular joint'
D: UBERON:0012651 'mucosa of gastroduodenal junction'
D: UBERON:0012650 'gastroduodenal junction'
D: UBERON:0004808 'gastrointestinal system epithelium'
D: UBERON:0010235 'uvular muscle'
D: UBERON:3000006 'alveolar foramen'
D: UBERON:0011566 'lumen of esophagus'
D: UBERON:0035756 'capillary network of liver'
D: UBERON:0011565 'lumen of gastrointestinal system'
D: UBERON:0010234 'palatopharyngeus muscle'
D: UBERON:0013742 'wall of crypt of Lieberkuhn of large intestine'
D: UBERON:3000003 'alary process of premaxilla'
D: UBERON:0010239 'spiral colon'
D: UBERON:0013743 'base of crypt of Lieberkuhn of small intestine'
D: UBERON:0013501 'cloacal sphincter'
D: UBERON:0013744 'wall of crypt of Lieberkuhn of small intestine'
D: UBERON:0013502 '5th arch mesenchyme'
D: UBERON:0010238 'torus pylorus'
D: UBERON:0012419 'taenia coli'
D: UBERON:0023541 'conical papilla'
D: UBERON:3000295 'median symphysis'
D: UBERON:0001709 'upper jaw region'
D: UBERON:0009670 'rectal lumen'
D: UBERON:0018149 'angle of oral opening'
D: UBERON:0007250 'lingual tonsil'
D: UBERON:0009672 'oronasal membrane'
D: UBERON:0008582 'superior longitudinal muscle of tongue'
D: UBERON:0009671 'nasal fin'
D: UBERON:0008583 'transverse muscle of tongue'
D: UBERON:0017298 'cingulum of upper incisor tooth'
D: UBERON:0008584 'vertical muscle of tongue'
D: UBERON:0008342 'intestinal villus of duodenum'
D: UBERON:0001708 'jaw skeleton'
D: UBERON:0017299 'cingulum of lower incisor tooth'
D: UBERON:0008585 'levator veli palatini'
D: UBERON:0008343 'intestinal villus of jejunum'
D: UBERON:0001949 'gingival epithelium'
D: UBERON:0010423 'primary lymphoid nodule of tonsil'
D: UBERON:0011510 'cloacal bursa'
D: UBERON:0010421 'spleen B cell corona'
D: UBERON:0035967 'alveolar mucosa'
D: UBERON:0010426 'oropharyngeal choana'
D: UBERON:3010094 'quadratoethmoid process'
D: UBERON:3010091 'upper lip protuberances'
D: UBERON:0009669 'embryonic cloacal lumen'
D: UBERON:0018150 'skin of lower lip'
D: UBERON:0018151 'skin of upper lip'
D: UBERON:0009680 'set of upper jaw teeth'
D: UBERON:0018136 'maxillary fenestra'
D: UBERON:0001959 'white pulp of spleen'
D: UBERON:0018137 'premaxillary fenestra'
D: UBERON:0001716 'secondary palate'
D: UBERON:0008596 'mentalis muscle'
D: UBERON:0008586 'tensor veli palatini'
D: UBERON:0008344 'intestinal villus of ileum'
D: UBERON:0008345 'ileal epithelium'
D: UBERON:0008346 'duodenal epithelium'
D: UBERON:0001951 'epithelium of nasopharynx'
D: UBERON:0009679 'set of lower jaw teeth'
D: UBERON:0001952 'epithelium of oropharynx'
D: UBERON:0001710 'lower jaw region'
D: UBERON:3000031 'ascending process of palatoquadrate'
D: UBERON:0011772 'lower jaw opening'
D: UBERON:0001728 'nasopharynx'
D: UBERON:0009210 'pharyngeal membrane'
D: UBERON:0011770 'mentomeckelian'
D: UBERON:0003905 'bursal follicle'
D: UBERON:0001729 'oropharynx'
D: UBERON:0009695 'epithelium of laryngopharynx'
D: UBERON:3000038 'basimandibulare'
D: UBERON:0012621 'muscle of Aristotle's lantern'
D: UBERON:2000620 'autopalatine'
D: UBERON:0011773 'upper jaw opening'
D: UBERON:0035942 'space between upper and lower jaws'
D: UBERON:3000036 'basal process of palatoquadrate'
D: UBERON:0011535 'chondroglossus muscle'
D: UBERON:0001960 'periarterial lymphatic sheath'
D: UBERON:0003903 'bursa of Fabricius'
D: UBERON:0003904 'bursal plica'
D: UBERON:0001723 'tongue'
D: UBERON:0001726 'papilla of tongue'
D: UBERON:0001962 'gut-associated lymphoid tissue'
D: UBERON:0009207 'geschmacksstreifen'
D: UBERON:3000281 'margo orbitalis of maxilla'
D: UBERON:3000288 'maxillopalatine'
D: UBERON:0009213 'pharyngeal membrane of 1st arch'
D: UBERON:0001735 'tonsillar ring'
D: UBERON:0009697 'epithelium of appendix'
D: UBERON:0001976 'epithelium of esophagus'
D: UBERON:0001734 'palatine uvula'
D: UBERON:0009215 'pharyngeal membrane of 2nd arch'
D: UBERON:0019253 'upper secondary incisor tooth'
D: UBERON:0009216 'pharyngeal membrane of 3rd arch'
D: UBERON:0001736 'submandibular gland'
D: UBERON:0003910 'splenic sinusoid'
D: UBERON:0001731 'cavity of pharynx'
D: UBERON:0009217 'pharyngeal membrane of 4th arch'
D: UBERON:0001972 'submucosa of esophagus'
D: UBERON:0000400 'jejunal epithelium'
D: UBERON:0001975 'serosa of esophagus'
D: UBERON:0001733 'soft palate'
D: UBERON:0000401 'mandibular ramus'
D: UBERON:0001732 'pharyngeal tonsil'
D: UBERON:0001974 'lamina propria of esophagus'
D: UBERON:0012483 'serosa of cloaca'
D: UBERON:0012482 'submucosa of cloaca'
D: UBERON:0012481 'cloacal epithelium'
D: UBERON:0010060 'pharyngeal opening of pharyngotympanic tube'
D: UBERON:0010061 'lumen of nasopharynx'
D: UBERON:0035120 'fauces'
D: UBERON:0012480 'cloacal mucosa'
D: UBERON:4300002 'palatine prong'
D: UBERON:4300244 'premaxillary tooth 3'
D: UBERON:0012486 'muscle layer of cloaca'
D: UBERON:3010458 'suprarostral ala'
D: UBERON:0035122 'interincisive suture'
D: UBERON:0012485 'cloacal villus'
D: UBERON:0036214 'rectosigmoid junction'
D: UBERON:4300246 'dentary tooth 2'
D: UBERON:0005709 'upper jaw incisor epithelium'
D: UBERON:4300247 'dentary tooth 3'
D: UBERON:0035127 'suture of hard palate'
D: UBERON:0035126 'transverse palatine suture'
D: UBERON:0012489 'muscle layer of colon'
D: UBERON:2000202 'efferent portion of pharyngeal arch artery'
D: UBERON:3000654 'pars jugalis'
D: UBERON:4300243 'premaxillary tooth 2'
D: UBERON:0012488 'muscle layer of duodenum'
D: UBERON:3000653 'pars glenoidalis of quadratojugal'
D: UBERON:3000652 'fossa maxillaris'
D: UBERON:3000651 'lamina anterior of maxilla'
D: UBERON:3000650 'processus frontalis of maxilla'
D: UBERON:0005700 'upper jaw molar odontogenic papilla'
D: UBERON:0022281 'epithelium of crypt of Lieberkuhn of large intestine'
D: UBERON:3000659 'postchoanal process'
D: UBERON:3000658 'prechoanal process'
D: UBERON:3000657 'dentigerous process'
D: UBERON:0001581 'depressor labii inferioris'
D: UBERON:0002439 'myenteric nerve plexus'
D: UBERON:0005708 'lower jaw incisor odontogenic papilla'
D: UBERON:0005707 'upper jaw incisor odontogenic papilla'
D: UBERON:0005705 'primary palate mesenchyme'
D: UBERON:0005704 'secondary palatal shelf mesenchyme'
D: UBERON:0012490 'muscle layer of anal canal'
D: UBERON:0004854 'gastrointestinal system mesentery'
D: UBERON:0005701 'lower jaw molar odontogenic papilla'
D: UBERON:4300017 'rostrodermethmoid'
D: UBERON:0012472 'hepatoduodenal ligament'
D: UBERON:0010052 'mucosa of dorsum of tongue'
D: UBERON:0012471 'hepatogastric ligament'
D: UBERON:0010050 'infralabial gland'
D: UBERON:0010056 'future tongue'
D: UBERON:0012474 'hepatic cecum'
D: UBERON:0035377 'transverse fold of rectum'
D: UBERON:0010059 'hypoglossal cord'
D: UBERON:4300252 'ethmo-palatine cartilage'
D: UBERON:0012479 'urodeal gland'
D: UBERON:0010057 'hypopharyngeal eminence'
D: UBERON:0012478 'cloacal gland'
D: UBERON:0035139 'anterior nasal spine of maxilla'
D: UBERON:0022280 'epithelium of crypt of Lieberkuhn of small intestine'
D: UBERON:3000661 'crista vomeri'
D: UBERON:3000660 'margo choanalis'
D: UBERON:0005711 'foregut duodenum mesentery'
D: UBERON:0005710 'lower jaw incisor epithelium'
D: UBERON:0001113 'lobe of liver'
D: UBERON:0022275 'colic flexure'
D: UBERON:0022277 'hepatic flexure of colon'
D: UBERON:0022276 'splenic flexure of colon'
D: UBERON:0001115 'left lobe of liver'
D: UBERON:0001357 'inferior rectal artery'
D: UBERON:0001114 'right lobe of liver'
D: UBERON:0001117 'caudate lobe of liver'
D: UBERON:0002448 'fungiform papilla'
D: UBERON:0001116 'quadrate lobe of liver'
D: UBERON:0002447 'palatine gland'
D: UBERON:0005712 'midgut duodenum mesentery'
D: UBERON:0014684 'Helicoprion tooth whorl'
D: UBERON:0016621 'lunge feeding organ'
D: CL:1000360 'microfold cell of epithelium proper of large intestine'
D: UBERON:0016620 'ventral throat pleat'
D: UBERON:0016622 'lunge feeding organ papilla'
D: UBERON:0009099 'typhlosole'
D: UBERON:0014683 'parasymphisial tooth whorl'
D: UBERON:2001990 'epibranchial arborescent organ'
D: UBERON:0016629 'branch of Y-shaped fibrocartilage skeleton of ventral pouch'
D: UBERON:3000634 'vomerine canal'
D: UBERON:0016628 'stem of Y-shaped fibrocartilage skeleton of ventral pouch'
D: UBERON:2000422 'retroarticular'
D: UBERON:2000666 'filamental artery'
D: UBERON:0016624 'lunge feeding vibrissa'
D: CL:0000508 'type G enteroendocrine cell'
D: CL:0000510 'paneth cell'
D: UBERON:0012270 'forestomach-glandular stomach junction'
D: UBERON:0006812 'mental foramen'
D: UBERON:0012494 'muscularis mucosae of duodenum'
D: UBERON:0012498 'serosa of appendix'
D: UBERON:0012256 'digestive syncytial vacuole'
D: CL:1000353 'microfold cell of epithelium of small intestine'
D: UBERON:0012497 'muscularis mucosae of rectum'
D: UBERON:0016618 'baleen feeding system'
D: UBERON:0035116 'diastema between upper central incisors'
D: UBERON:3000645 'corpus'
D: CL:1000356 'microfold cell of epithelium proper of duodenum'
D: UBERON:0035115 'diastema between central incisors'
D: CL:1000357 'microfold cell of epithelium proper of jejunum'
D: CL:1000354 'microfold cell of epithelium of intestinal villus'
D: UBERON:3000401 'pars facialis of maxillopalatine'
D: UBERON:0035117 'diastema between lower central incisors'
D: UBERON:0016619 'Y-shaped fibrocartilage skeleton of ventral pouch'
D: CL:1000355 'microfold cell of epithelium proper of small intestine'
D: UBERON:3000642 'maxillopalatine tooth'
D: UBERON:3000400 'pars facialis of maxilla'
D: UBERON:0015766 'epithelium of duct of salivary gland'
D: UBERON:0035119 'diastema between incisors'
D: UBERON:2000657 'entopterygoid'
D: CL:1000358 'microfold cell of epithelium proper of ileum'
D: CL:1000359 'microfold cell of epithelium proper of appendix'
D: UBERON:0022292 'splenic arteriole'
D: UBERON:0004641 'spleen capsule'
D: UBERON:3000649 'anterior process of vomer'
D: UBERON:3000647 'crista interna'
D: UBERON:3000646 'margo libera'
D: UBERON:0002468 'foliate papilla'
D: UBERON:0004647 'liver lobule'
D: UBERON:0004648 'esophagus muscularis mucosa'
D: UBERON:0010081 'future common hepatic duct'
D: UBERON:0002467 'filiform papilla'
D: UBERON:0002469 'esophagus mucosa'
D: UBERON:0011592 'future upper lip'
D: UBERON:3000450 'posterior mental process'
D: UBERON:0010022 'ventral part of pharyngeal pouch 1'
D: UBERON:0010264 'hepatopancreas'
D: CL:1000341 'enterocyte of epithelium proper of jejunum'
D: UBERON:0011596 'future lower lip'
D: UBERON:2000240 'metapterygoid'
D: CL:1000342 'enterocyte of epithelium proper of ileum'
D: UBERON:0010023 'dorsal part of pharyngeal pouch 2'
D: UBERON:0010265 'mollusc hepatopancreas'
D: UBERON:0011595 'jaw region'
D: UBERON:0003729 'mouth mucosa'
D: UBERON:0011594 'dentary tooth'
D: CL:1000340 'enterocyte of epithelium proper of duodenum'
D: UBERON:0011593 'maxillary tooth'
D: UBERON:0010021 'dorsal part of pharyngeal pouch 1'
D: CL:1000345 'paneth cell of epithelium of crypt of Lieberkuhn of small intestine'
D: UBERON:0010026 'ventral part of pharyngeal pouch 3'
D: UBERON:0015716 'anal canal epithelium'
D: UBERON:0010027 'dorsal part of pharyngeal pouch 4'
D: CL:1000346 'vacuolar absorptive cell of epithelium proper of large intestine'
D: CL:1000343 'paneth cell of epithelium of small intestine'
D: UBERON:0011598 'coronoid bone'
D: UBERON:0010266 'arthropod hepatopancreas'
D: UBERON:2001577 'premaxilla ascending process'
D: UBERON:0010024 'ventral part of pharyngeal pouch 2'
D: CL:1000344 'paneth cell of epithelium proper of small intestine'
D: UBERON:0010025 'dorsal part of pharyngeal pouch 3'
D: UBERON:0011597 'bone of upper jaw'
D: UBERON:3000453 'posterolateral vomerine process'
D: UBERON:2001578 'anterior dorsomedial process of autopalatine'
D: UBERON:0010028 'ventral part of pharyngeal pouch 4'
D: CL:1000347 'vacuolar absorptive cell of epithelium of colon'
D: UBERON:0010029 'dorsal part of pharyngeal pouch 5'
D: UBERON:1000024 'parenchyma of spleen'
D: UBERON:3000459 'prearticular coronoid process'
D: UBERON:0005905 'insect labrum'
D: UBERON:1000023 'spleen pulp'
D: UBERON:0011343 'medial surface of mandible'
D: UBERON:0010253 '1st arch maxillary mesenchyme from neural crest'
D: UBERON:0011342 'surface of mandible'
D: UBERON:0010012 'upper beak'
D: UBERON:0010254 '2nd arch mesenchyme from neural crest'
D: UBERON:0008199 'chin'
D: UBERON:0010252 '1st arch mandibular mesenchyme from neural crest'
D: CL:1000334 'enterocyte of epithelium of small intestine'
D: UBERON:0011347 'raphe of hard palate'
D: UBERON:0010257 '6th arch mesenchyme from neural crest'
D: UBERON:0010016 'spiral valve of intestine'
D: UBERON:0011346 'palatine raphe'
D: CL:1000335 'enterocyte of epithelium of intestinal villus'
D: UBERON:0010255 '3rd arch mesenchyme from neural crest'
D: UBERON:3000467 'preorbital process of the pars facialis of the maxilla'
D: UBERON:0011345 'pharyngeal raphe'
D: UBERON:2001324 'enteric musculature'
D: UBERON:0010013 'lower beak'
D: UBERON:0010256 '4th arch mesenchyme from neural crest'
D: UBERON:0011344 'lateral surface of mandible'
D: CL:1000338 'enterocyte of epithelium of crypt of Lieberkuhn of small intestine'
D: CL:1000339 'enterocyte of epithelium proper of small intestine'
D: UBERON:0013765 'digestive system element'
D: UBERON:0011349 'pterygomandibular raphe'
D: UBERON:0010259 '1st arch mesenchyme from neural crest'
D: UBERON:0010017 'spiral valve of cystic duct'
D: CL:1000337 'enterocyte of epithelium of duodenal gland'
D: UBERON:0011348 'raphe of soft palate'
D: UBERON:0013525 'stomach lumen'
D: UBERON:0013767 'frontal process of maxilla'
D: UBERON:0004820 'bile duct epithelium'
D: UBERON:0001555 'digestive tract'
D: UBERON:0004823 'intrahepatic bile duct epithelium'
D: UBERON:1000011 'labial commissure'
D: UBERON:0004822 'extrahepatic bile duct epithelium'
D: UBERON:0010040 'stomach non-glandular epithelium'
D: UBERON:0014400 'hepatic sinusoidal space'
D: UBERON:0012465 'lumen of terminal part of digestive tract'
D: CL:1000320 'large intestine goblet cell'
D: UBERON:0010045 '1st arch maxillary mesenchyme'
D: UBERON:0012464 'cloacal vent'
D: UBERON:0012463 'cloacal lumen'
D: UBERON:0010042 '1st arch mesenchyme'
D: UBERON:0012462 'proctodeum portion of cloaca'
D: UBERON:0010048 'Duvernoy's gland'
D: CL:1000323 'pyloric gastric gland goblet cell'
D: CL:1000324 'duodenal goblet cell'
D: UBERON:0010049 'supralabial gland'
D: UBERON:2000224 'quadrate ventral process'
D: UBERON:0010046 'entire pharyngeal arch associated mesenchyme'
D: CL:1000321 'large intestine crypt goblet cell'
D: CL:1000322 'pancreatic goblet cell'
D: UBERON:0010047 'oral gland'
D: CL:1000327 'appendix goblet cell'
D: CL:1000325 'jejunal goblet cell'
D: CL:1000326 'ileal goblet cell'
D: UBERON:0004831 'esophagus skeletal muscle'
D: UBERON:0004834 'hepatic duct smooth muscle'
D: UBERON:1000000 'chin ventral margin'
D: UBERON:0003985 'major sublingual duct'
D: UBERON:0003986 'minor sublingual duct'
D: UBERON:0004833 'lip skeletal muscle'
D: UBERON:0010030 'ventral part of pharyngeal pouch 5'
D: UBERON:0010033 'posterior part of tongue'
D: UBERON:0010034 'copula linguae'
D: UBERON:0010031 '6th arch mesenchyme'
D: UBERON:0010032 'anterior part of tongue'
D: UBERON:2000695 'labial cavities'
D: UBERON:0010038 'fundic gastric gland'
D: UBERON:0035313 'posterior wall of laryngopharynx'
D: UBERON:3000446 'posterior condyle'
D: CL:1000313 'gastric goblet cell'
D: UBERON:2000699 'entopterygoid vertical strut'
D: CL:1000317 'intestinal villus goblet cell'
D: UBERON:0010039 'food storage organ'
D: CL:1000314 'gastric cardiac gland goblet cell'
D: CL:1000315 'principal gastric gland goblet cell'
D: UBERON:0001573 'styloglossus'
D: UBERON:0001572 'hyoglossus muscle'
D: CL:0002504 'enteric smooth muscle cell'
D: UBERON:0001575 'extrinsic muscle of tongue'
D: UBERON:0001574 'palatoglossus muscle'
D: UBERON:0001571 'genioglossus muscle'
D: CL:0002502 'type M enteroendocrine cell'
D: UBERON:0002424 'oral epithelium'
D: UBERON:0002423 'hepatobiliary system'
D: UBERON:0001576 'intrinsic muscle of tongue'
# PARSING: UBERON:0001007
# QUERY: UBERON:0001007 'digestive system'
E: UBERON:0001007 'digestive system'
2021-02-13 00:30:20,299 WARN  (OWLGraphWrapperExtended:936) Unable to retrieve the value of oboInOwl#id as the identifier for http://www.w3.org/2002/07/owl#Nothing; we will use an original iri as the identifier.
2021-02-13 00:30:20,301 WARN  (OWLGraphWrapperExtended:936) Unable to retrieve the value of oboInOwl#id as the identifier for http://www.w3.org/2002/07/owl#Nothing; we will use an original iri as the identifier.
D: Nothing Nothing
D: UBERON:6001842 'insect embryonic/larval digestive system'
A:BFO:0000004 'independent continuant'
A:BFO:0000002 'continuant'
A:UBERON:0000061 'anatomical structure'
A:UBERON:0001062 'anatomical entity'
A:BFO:0000040 'material entity'
A:UBERON:0000465 'material anatomical entity'
A:UBERON:0000467 'anatomical system'
2021-02-13 00:30:20,312 WARN  (OWLGraphWrapperExtended:936) Unable to retrieve the value of oboInOwl#id as the identifier for http://www.w3.org/2002/07/owl#Thing; we will use an original iri as the identifier.
2021-02-13 00:30:20,313 WARN  (OWLGraphWrapperExtended:936) Unable to retrieve the value of oboInOwl#id as the identifier for http://www.w3.org/2002/07/owl#Thing; we will use an original iri as the identifier.
A:Thing Thing
