# PARSING: BFO_0000050 some UBERON:0002405
# QUERY: ObjectSomeValuesFrom(BFO:0000050 'part of' UBERON:0002405 'immune system')
2021-02-13 00:31:16,486 WARN  (ChangeIndexingProcessor:66) [reasoner.indexing.axiomIgnored]ELK does not support ObjectAllValuesFrom. Axiom ignored:
SubClassOf(<http://purl.obolibrary.org/obo/BFO_0000019> ObjectAllValuesFrom(<http://purl.obolibrary.org/obo/BFO_0000050> <http://purl.obolibrary.org/obo/BFO_0000019>))
2021-02-13 00:31:16,497 WARN  (ChangeIndexingProcessor:66) [reasoner.indexing.axiomIgnored]ELK does not support ObjectAllValuesFrom. Axiom ignored:
SubClassOf(<http://purl.obolibrary.org/obo/BFO_0000020> ObjectAllValuesFrom(<http://purl.obolibrary.org/obo/BFO_0000050> <http://purl.obolibrary.org/obo/BFO_0000020>))
2021-02-13 00:31:16,501 WARN  (ChangeIndexingProcessor:66) [reasoner.indexing.axiomIgnored]ELK does not support ObjectAllValuesFrom. Axiom ignored:
SubClassOf(<http://purl.obolibrary.org/obo/BFO_0000003> ObjectAllValuesFrom(<http://purl.obolibrary.org/obo/BFO_0000050> <http://purl.obolibrary.org/obo/BFO_0000003>))
2021-02-13 00:31:16,503 WARN  (ChangeIndexingProcessor:66) [reasoner.indexing.axiomIgnored]ELK does not support ObjectAllValuesFrom. Axiom ignored:
SubClassOf(<http://purl.obolibrary.org/obo/BFO_0000002> ObjectAllValuesFrom(<http://purl.obolibrary.org/obo/BFO_0000050> <http://purl.obolibrary.org/obo/BFO_0000002>))
2021-02-13 00:31:16,505 WARN  (ChangeIndexingProcessor:66) [reasoner.indexing.axiomIgnored]ELK does not support ObjectAllValuesFrom. Axiom ignored:
SubClassOf(<http://purl.obolibrary.org/obo/BFO_0000004> ObjectAllValuesFrom(<http://purl.obolibrary.org/obo/BFO_0000050> <http://purl.obolibrary.org/obo/BFO_0000004>))
2021-02-13 00:31:17,503 WARN  (OWLGraphWrapperExtended:936) Unable to retrieve the value of oboInOwl#id as the identifier for http://owltools.org/Q; we will use an original iri as the identifier.
2021-02-13 00:31:17,505 WARN  (OWLGraphWrapperExtended:936) Unable to retrieve the value of oboInOwl#id as the identifier for http://owltools.org/Q; we will use an original iri as the identifier.
E: Q Q
D: CL:0002509 'CD103-positive, langerin-positive lymph node dendritic cell'
D: CL:0002508 'langerin-negative, CD103-negative lymph node dendritic cell'
D: UBERON:0008817 'thymus primordium endoderm'
D: UBERON:0004697 'Peyer's patch germinal center'
D: CL:0002512 'CD11b-high, CD103-negative, langerin-negative lymph node dendritic cell'
D: CL:0002511 'CD11b-low, CD103-negative, langerin-negative lymph node dendritic cell'
D: CL:0000576 'monocyte'
D: CL:0002514 'Vgamma5-negative CD8alpha alpha positive gamma-delta intraepithelial T cell'
D: UBERON:0004693 'Peyer's patch epithelium'
D: CL:0002513 'Vgamma5-positive CD8alpha alpha positive gamma-delta intraepithelial T cell'
D: CL:0002510 'CD103-negative, langerin-positive lymph node dendritic cell'
D: UBERON:0038002 'upper intercostal lymph node'
D: UBERON:0038003 'lower intercostal lymph node'
D: UBERON:0038001 'sternal lymph node'
D: CL:0002527 'immature CD14-positive dermal dendritic cell'
D: CL:0002526 'CD14-positive dermal dendritic cell'
D: CL:0002529 'CD1a-positive dermal dendritic cell'
D: CL:0002528 'mature CD14-positive dermal dendritic cell'
D: UBERON:0002042 'lymphatic vessel endothelium'
D: CL:0000588 'odontoclast'
D: CL:0000582 'neutrophilic metamyelocyte'
D: CL:0000583 'alveolar macrophage'
D: CL:0000580 'neutrophilic myelocyte'
D: CL:0000581 'peritoneal macrophage'
D: UBERON:0038695 'proximal superior pancreatic lymph node'
D: UBERON:0036274 'tonsillar pillar'
D: UBERON:0038696 'distal superior pancreatic lymph node'
D: UBERON:0038694 'hepatoportal lymph node'
D: UBERON:0038699 'anterior inferior pancreaticoduodenal lymph node'
D: UBERON:0038697 'anterior superior pancreaticoduodenal lymph node'
D: UBERON:0038698 'posterior superior pancreaticoduodenal lymph node'
D: CL:0001202 'CD86-positive plasmablast'
D: UBERON:0004232 'lymphatic vessel smooth muscle'
D: CL:0002534 'mature CD16-positive myeloid dendritic cell'
D: CL:0001203 'CD8-positive, alpha-beta memory T cell, CD45RO-positive'
D: CL:0002533 'immature CD16-positive myeloid dendritic cell'
D: CL:0001204 'CD4-positive, alpha-beta memory T cell, CD45RO-positive'
D: UBERON:0005562 'thymus primordium'
D: CL:0002530 'immature CD1a-positive dermal dendritic cell'
D: CL:0002532 'CD16-positive myeloid dendritic cell'
D: CL:0001200 'lymphocyte of B lineage, CD19-positive'
D: CL:0002531 'mature CD1a-positive dermal dendritic cell'
D: CL:0001201 'B cell, CD19-positive'
D: UBERON:0004238 'spleen smooth muscle'
D: UBERON:0035198 'superficial lymphatic vessel'
D: CL:0000129 'microglial cell'
D: CL:0002540 'mesenchymal stem cell of the bone marrow'
D: CL:0002300 'type-7 epithelial cell of thymus'
D: UBERON:0016401 'pancreaticoduodenal lymph node'
D: UBERON:0035162 'infraclavicular lymph node'
D: CL:0011025 'exhausted T cell'
D: UBERON:0016402 'mesocolic lymph node'
D: UBERON:0036256 'iliac lymph sac'
D: UBERON:0013132 'penicillar arteriole'
D: CL:3000001 'Hofbauer cell'
D: CL:0011024 'double negative T regulatory cell'
D: CL:0002554 'fibroblast of lymphatic vessel'
D: UBERON:0035171 'obturator lymph node'
D: UBERON:0037590 'lateral axillary lymph node'
D: UBERON:0036260 'embryonic cisterna chyli'
D: UBERON:0038684 'superior left gastric lymph node'
D: UBERON:0038685 'inferior left gastric lymph node'
D: UBERON:0038687 'visceral lymph node of abdomen'
D: UBERON:0006842 'lymphatic capillary'
D: CL:0000145 'professional antigen presenting cell'
D: UBERON:0002006 'cortex of lymph node'
D: UBERON:0038691 'common hepatic lymph node'
D: UBERON:0002007 'medulla of lymph node'
D: UBERON:0038651 'superior mediastinal lymph node'
D: UBERON:0038894 'paratracheal lymph node'
D: UBERON:0037560 'superficial axillary lymph node'
D: UBERON:0012069 'epithelium-associated lymphoid tissue'
D: UBERON:0037566 'diaphragmatic lymph node'
D: UBERON:0038897 'superior tracheobronchial lymph node'
D: CL:0001009 'immature dermal dendritic cell'
D: CL:0001004 'immature CD8_alpha-positive CD11b-negative dendritic cell'
D: CL:0001005 'mature CD8_alpha-positive CD11b-negative dendritic cell'
D: CL:0002338 'CD56-positive, CD161-positive immature natural killer cell, human'
D: CL:0001006 'dermal dendritic cell'
D: CL:0001007 'interstitial dendritic cell'
D: CL:0001000 'CD8_alpha-positive CD11b-negative dendritic cell'
D: CL:0001001 'immature CD8_alpha-negative CD11b-negative dendritic cell'
D: CL:0001002 'mature CD8_alpha-negative CD11b-negative dendritic cell'
D: CL:0001003 'mature CD8_alpha-negative CD11b-positive dendritic cell'
D: CL:1000397 'endothelial cell of venous sinus of red pulp of spleen'
D: CL:0002109 'B220-positive CD38-positive naive B cell'
D: CL:0002108 'CD38-negative IgG memory B cell'
D: CL:0002105 'CD38-positive IgG memory B cell'
D: CL:0002347 'CD27-high, CD11b-high natural killer cell, mouse'
D: CL:0001015 'CD8_alpha-low Langerhans cell'
D: CL:0002104 'IgG-negative double negative memory B cell'
D: CL:0001016 'immature CD1a-positive Langerhans cell'
D: CL:0002346 'Dx5-negative, NK1.1-positive immature natural killer cell, mouse'
D: CL:0002107 'IgD-negative CD38-positive IgG memory B cell'
D: CL:0001017 'mature CD1a-positive Langerhans cell'
D: CL:0002349 'CD27-high, CD11b-low natural killer cell, mouse'
D: CL:0002106 'IgD-positive CD38-positive IgG memory B cell'
D: CL:0001018 'immature CD8_alpha-low Langerhans cell'
D: CL:0002348 'CD27-low, CD11b-high natural killer cell, mouse'
D: CL:0002343 'decidual natural killer cell, human'
D: CL:0002101 'CD38-positive naive B cell'
D: CL:0001011 'immature interstitial dendritic cell'
D: CL:0002103 'IgG-positive double negative memory B cell'
D: CL:0002345 'CD27-low, CD11b-low immature natural killer cell, mouse'
D: CL:0001013 'mature interstitial dendritic cell'
D: CL:0002102 'CD38-negative naive B cell'
D: CL:0001014 'CD1a-positive Langerhans cell'
D: CL:0002344 'CD56-negative, CD161-positive immature natural killer cell, human'
D: UBERON:0037580 'left gastric lymph node'
D: CL:0001010 'mature dermal dendritic cell'
D: UBERON:0039168 'colic lymph node'
D: UBERON:0018226 'pulmonary part of lymphatic system'
D: UBERON:0039167 'bronchopulmonary lymph node'
D: UBERON:0018227 'pulmonary lymphatic vessel'
D: UBERON:0034951 'subcutaneous lymph sac'
D: UBERON:0034950 'lymph sac of lymph heart'
D: UBERON:0034953 'embryonic lymph sac'
D: UBERON:0034952 'intrapleuroperitoneal lymph sac'
D: UBERON:0034958 'retroperitoneal embryonic lymph sac'
D: CL:0002119 'CD38-positive IgG-negative class switched memory B cell'
D: UBERON:0010748 'lymph node follicle'
D: CL:0002116 'B220-low CD38-positive unswitched memory B cell'
D: CL:0002115 'B220-positive CD38-positive unswitched memory B cell'
D: CL:0002118 'CD38-negative IgG-negative class switched memory B cell'
D: UBERON:0004296 'respiratory system lymphatic vessel smooth muscle'
D: CL:0002117 'IgG-negative class switched memory B cell'
D: CL:0001022 'CD115-positive monocyte'
D: CL:0002112 'B220-positive CD38-negative unswitched memory B cell'
D: CL:0002111 'CD38-negative unswitched memory B cell'
D: CL:0002114 'CD38-positive unswitched memory B cell'
D: UBERON:0009744 'lymph node medullary sinus'
D: CL:0002113 'B220-low CD38-negative unswitched memory B cell'
D: UBERON:0009745 'lymph node medullary cord'
D: CL:0001020 'mature CD8_alpha-low Langerhans cell'
D: CL:0002110 'B220-low CD38-positive naive B cell'
D: CL:0002127 'innate effector T cell'
D: CL:0002126 'CD25-positive, CD27-positive immature gamma-delta T cell'
D: CL:0002128 'Tc17 cell'
D: CL:0002123 'B220-low CD38-positive IgG-negative class switched memory B cell'
D: CL:0002365 'medullary thymic epithelial cell'
D: UBERON:0038093 'jejunal lymph node'
D: UBERON:0038094 'inferior rectal lymph node'
D: CL:0002122 'B220-positive CD38-positive IgG-negative class switched memory B cell'
D: CL:0002364 'cortical thymic epithelial cell'
2021-02-13 00:31:17,707 WARN  (OWLGraphWrapperExtended:936) Unable to retrieve the value of oboInOwl#id as the identifier for http://www.w3.org/2002/07/owl#Nothing; we will use an original iri as the identifier.
2021-02-13 00:31:17,708 WARN  (OWLGraphWrapperExtended:936) Unable to retrieve the value of oboInOwl#id as the identifier for http://www.w3.org/2002/07/owl#Nothing; we will use an original iri as the identifier.
D: Nothing Nothing
D: CL:0002125 'CD27-negative gamma-delta T cell'
D: CL:0002124 'CD27-positive gamma-delta T cell'
D: CL:0002121 'CD24-negative CD38-negative IgG-negative class switched memory B cell'
D: CL:0002120 'CD24-positive CD38-negative IgG-negative class switched memory B cell'
D: UBERON:0018244 'superficial cervical thymus'
D: UBERON:0018245 'deep cervical thymus'
D: CL:0001048 'activated CD4-positive, CD25-positive, CCR4-positive, alpha-beta regulatory T cell, human'
D: CL:0002138 'endothelial cell of lymphatic vessel'
D: CL:0001049 'activated CD8-positive, alpha-beta T cell, human'
D: CL:0001044 'effector CD4-positive, alpha-beta T cell'
D: CL:0001045 'naive CCR4-positive regulatory T cell'
D: CL:0001046 'memory CCR4-positive regulatory T cell'
D: CL:0002378 'immature Vgamma2-positive fetal thymocyte'
D: CL:0001047 'CD4-positive, CD25-positive, CCR4-positive, alpha-beta regulatory T cell'
D: CL:0001041 'CD8-positive, CXCR3-positive, alpha-beta regulatory T cell'
D: CL:0001042 'T-helper 22 cell'
D: CL:0001043 'activated CD4-positive, alpha-beta T cell, human'
D: CL:0001050 'effector CD8-positive, alpha-beta T cell'
D: UBERON:0010753 'lymph node secondary follicle'
D: UBERON:0010756 'spleen follicular dendritic cell network'
D: UBERON:0010755 'secondary follicle corona'
D: UBERON:0010754 'germinal center'
D: UBERON:0034949 'lymphatic valve'
D: CL:0001055 'CD14-positive, CD16-low monocyte'
D: CL:0001056 'dendritic cell, human'
D: CL:0001057 'myeloid dendritic cell, human'
D: CL:0001058 'plasmacytoid dendritic cell, human'
D: CL:0001051 'CD4-positive, CXCR3-negative, CCR6-negative, alpha-beta T cell'
D: CL:0001052 'CD8-positive, CXCR3-negative, CCR6-negative, alpha-beta T cell'
D: UBERON:0039164 'medial sacral lymph node'
D: UBERON:0039163 'lateral sacral lymph node'
D: CL:0001053 'IgD-negative memory B cell'
D: UBERON:0039162 'inferior ileocolic lymph node'
D: CL:0001054 'CD14-positive monocyte'
D: CL:0002150 'epithelioid macrophage'
D: UBERON:0038037 'subclavian lymph node'
D: CL:0002398 'Gr1-positive, CD43-positive monocyte'
D: CL:0002397 'CD14-positive, CD16-positive monocyte'
D: CL:0001067 'group 1 innate lymphoid cell'
D: CL:0001068 'ILC1'
D: CL:0001069 'group 2 innate lymphoid cell'
D: CL:0002399 'CD1c-positive myeloid dendritic cell'
D: CL:0001062 'effector memory CD8-positive, alpha-beta T cell, terminally differentiated'
D: CL:0002394 'CD141-positive myeloid dendritic cell'
D: CL:0002393 'intermediate monocyte'
D: CL:0002396 'CD14-low, CD16-positive monocyte'
D: CL:0002395 'Gr1-high classical monocyte'
D: CL:0001065 'innate lymphoid cell'
D: CL:0001071 'group 3 innate lymphoid cell'
D: CL:0001072 'CD34-negative, CD117-positive innate lymphoid cell, human'
D: UBERON:0038048 'antebrachial lymph node'
D: UBERON:0018410 'lacteal'
D: UBERON:0005353 'spleen perifollicular zone'
D: UBERON:0016481 'bronchial lymph node'
D: CL:0001077 'ILC1, human'
D: CL:0001078 'group 3 innate lymphoid cell, human'
D: CL:0001079 'NKp44-positive group 3 innate lymphoid cell, human'
D: CL:0001073 'CD34-negative, CD56-positive, CD117-positive innate lymphoid cell, human'
D: UBERON:0038053 'cardiophrenic angle lymph node'
D: CL:0001074 'CD34-positive, CD56-positive, CD117-positive common innate lymphoid precursor, human'
D: UBERON:0038054 'retrocrural lymph node'
D: CL:0001075 'KLRG1-positive innate lymphoid cell, human'
D: CL:0001076 'NKp46-positive innate lymphoid cell, human'
D: CL:0001080 'NKp44-negative group 3 innate lymphoid cell, human'
D: CL:0001081 'group 2 innate lymphoid cell, human'
D: CL:0001082 'immature innate lymphoid cell'
D: UBERON:0004041 'spleen primary B follicle'
D: UBERON:0004042 'spleen secondary B follicle'
D: CL:0001087 'effector memory CD4-positive, alpha-beta T cell, terminally differentiated'
D: UBERON:0009967 'spleen venous sinus'
D: CL:2000079 'mesenchymal stem cell of femoral bone marrow'
D: CL:2000074 'splenocyte'
D: UBERON:0038920 'buccinator lymph node'
D: CL:1000411 'endothelial cell of Peyer's patch'
D: UBERON:0038923 'malar lymph node'
D: UBERON:0038922 'nasolabial lymph node'
D: CL:2000085 'mononuclear cell of umbilical cord'
D: UBERON:0038925 'lingual lymph node'
D: UBERON:0038929 'infrahyoid lymph node'
D: UBERON:0009114 'cervical thymus'
D: UBERON:0009115 'thoracic thymus'
D: UBERON:0009116 'thymoid'
D: UBERON:0001631 'thoracic duct'
D: UBERON:0007195 'stroma of bone marrow'
D: CL:2000051 'splenic fibroblast'
D: UBERON:0012308 'superficial lateral cervical lymph node'
D: CL:2000053 'splenic endothelial cell'
D: UBERON:0012307 'anterior cervical lymph node'
D: UBERON:0012306 'lateral cervical lymph node'
D: CL:2000054 'hepatic pit cell'
D: CL:2000055 'liver dendritic cell'
D: UBERON:0012309 'superficial anterior cervical lymph node'
D: UBERON:0002509 'mesenteric lymph node'
D: UBERON:0002508 'celiac lymph node'
D: UBERON:0038900 'inferior tracheobronchial lymph node'
D: CL:0000800 'mature gamma-delta T cell'
D: CL:0000801 'gamma-delta intraepithelial T cell'
D: CL:0000802 'CD8-alpha alpha positive, gamma-delta intraepithelial T cell'
D: UBERON:0002507 'abdominal lymph node'
D: CL:0000807 'DN3 thymocyte'
D: CL:0000808 'DN4 thymocyte'
D: UBERON:0005196 'spleen germinal center'
D: CL:0000809 'double-positive, alpha-beta thymocyte'
D: CL:0000803 'CD4-negative CD8-negative gamma-delta intraepithelial T cell'
D: CL:0000805 'immature single positive thymocyte'
D: CL:0000806 'DN2 thymocyte'
D: CL:0000810 'CD4-positive, alpha-beta thymocyte'
D: UBERON:0035608 'dura mater lymph vessel'
D: CL:0000811 'CD8-positive, alpha-beta thymocyte'
D: CL:0000813 'memory T cell'
D: UBERON:0007384 'appendage lymph vessel'
D: UBERON:0007385 'pectoral appendage lymph vessel'
D: UBERON:0007386 'pelvic appendage lymph vessel'
D: CL:0000818 'transitional stage B cell'
D: CL:0000819 'B-1 B cell'
D: CL:2000041 'dermis microvascular lymphatic vessel endothelial cell'
D: CL:0000814 'mature NK T cell'
D: CL:0000815 'regulatory T cell'
D: CL:0000816 'immature B cell'
D: CL:0000817 'precursor B cell'
D: CL:0000821 'B-1b B cell'
D: CL:0000822 'B-2 B cell'
D: CL:0000823 'immature natural killer cell'
D: CL:0000824 'mature natural killer cell'
D: CL:0000820 'B-1a B cell'
D: CL:2000011 'dermis lymphatic vessel endothelial cell'
D: UBERON:0009102 'supraneural body'
D: CL:0000843 'follicular B cell'
D: CL:0000844 'germinal center B cell'
D: CL:0000845 'marginal zone B cell'
D: CL:0000840 'immature conventional dendritic cell'
D: CL:0000841 'mature conventional dendritic cell'
D: CL:0000842 'mononuclear cell'
D: UBERON:0015872 'mandibular lymph node'
D: UBERON:0013696 'tonsil epithelium'
D: UBERON:0015871 'facial lymph node'
D: UBERON:0015870 'lymph node of head'
D: UBERON:0015877 'parietal pelvic lymph node'
D: UBERON:0015876 'pelvic lymph node'
D: UBERON:0015878 'common iliac lymph node'
D: CL:0000612 'eosinophilic myelocyte'
D: CL:0000614 'basophilic myelocyte'
D: CL:2000001 'peripheral blood mononuclear cell'
D: UBERON:0035495 'hilum of lymph node'
D: UBERON:0015863 'gastric lymph node'
D: CL:2000006 'tonsil germinal center B cell'
D: UBERON:0010174 'Schweigger-Seidel sheath'
D: UBERON:0015860 'visceral abdominal lymph node'
D: UBERON:0015869 'retropharyngeal lymph node'
D: UBERON:0015866 'pyloric lymph node'
D: UBERON:0015865 'pancreaticosplenic lymph node'
D: UBERON:0013688 'tonsil germinal center'
D: UBERON:0013689 'appendix lymphoid tissue'
D: UBERON:0015868 'lymph node of epiploic foramen'
D: UBERON:0014779 'liver reticuloendothelial system'
D: UBERON:0015867 'cystic lymph node'
D: CL:0000623 'natural killer cell'
D: CL:0000865 'gastrointestinal tract (lamina propria) macrophage'
D: CL:0000866 'thymic macrophage'
D: CL:0000624 'CD4-positive, alpha-beta T cell'
D: UBERON:0001473 'lymphatic vessel'
D: CL:0000867 'secondary lymphoid organ macrophage'
D: CL:0000625 'CD8-positive, alpha-beta T cell'
D: CL:0000868 'lymph node macrophage'
D: CL:0000861 'elicited macrophage'
D: CL:0000862 'suppressor macrophage'
D: CL:0000863 'inflammatory macrophage'
D: CL:0000864 'tissue-resident macrophage'
D: CL:0000860 'classical monocyte'
D: UBERON:0015895 'proximal deep inguinal lymph node'
D: CL:1001577 'tonsil squamous cell'
D: UBERON:0038736 'juxta-arterial ileal lymph node'
D: UBERON:0038737 'intermediate jejunal lymph node'
D: CL:1000489 'reticular cell of splenic cord'
D: UBERON:0038734 'visceral pre-aortic lymph node'
D: UBERON:0035228 'tonsillar fossa'
D: UBERON:0038735 'juxta-arterial jejunal lymph node'
D: UBERON:0013478 'cecal tonsil'
D: CL:0000869 'tonsillar macrophage'
D: UBERON:0038738 'intermediate ileal lymph node'
D: CL:0000876 'splenic white pulp macrophage'
D: CL:0000877 'splenic tingible body macrophage'
D: CL:0000878 'central nervous system macrophage'
D: CL:0000879 'meningeal macrophage'
D: CL:0000872 'splenic marginal zone macrophage'
D: CL:0000873 'splenic metallophillic macrophage'
D: CL:0000874 'splenic red pulp macrophage'
D: CL:0000875 'non-classical monocyte'
D: CL:0000870 'Peyer's patch macrophage'
D: CL:0000871 'splenic macrophage'
D: UBERON:0006936 'thymus subcapsular epithelium'
D: UBERON:0001249 'spleen lymphoid follicle'
D: UBERON:0001248 'hilum of spleen'
D: UBERON:0003425 'renal lymph node'
D: UBERON:0015884 'presymphysial lymph node'
D: UBERON:0015883 'gluteal lymph node'
D: UBERON:0015880 'external iliac lymph node'
D: UBERON:0015881 'internal iliac lymph node'
D: UBERON:0038746 'gastro-epiploic lymph node'
D: CL:0019017 'lymphatic vessel smooth muscle cell'
D: CL:0019015 'lung parenchyma resident eosinophil'
D: CL:0000887 'lymph node subcapsular sinus macrophage'
D: CL:0000888 'lymph node tingible body macrophage'
D: CL:0000889 'myeloid suppressor cell'
D: CL:0000647 'multinucleated giant cell'
D: CL:0000883 'thymic cortical macrophage'
D: UBERON:0001250 'red pulp of spleen'
D: CL:0000884 'mucosa-associated lymphoid tissue macrophage'
D: CL:0000885 'gut-associated lymphoid tissue macrophage'
D: UBERON:0001251 'marginal zone of spleen'
D: CL:0000886 'nasal and broncial associated lymphoid tissue macrophage'
D: CL:0000880 'choroid-plexus macrophage'
D: CL:0000881 'perivascular macrophage'
D: CL:0000882 'thymic medullary macrophage'
D: UBERON:0002106 'spleen'
D: UBERON:0038952 'subpyloric lymph node'
D: UBERON:0038953 'retropyloric lymph node'
D: UBERON:0010386 'Peyer's patch follicle'
D: UBERON:0038951 'suprapyloric lymph node'
D: UBERON:0035204 'occipital lymph node'
D: UBERON:0010387 'Peyer's patch T cell area'
D: UBERON:0037865 'jugular lymph node'
D: CL:0000898 'naive T cell'
D: CL:0000899 'T-helper 17 cell'
D: UBERON:0000332 'yellow bone marrow'
D: CL:0000894 'DN1 thymic pro-T cell'
D: CL:0000895 'naive thymus-derived CD4-positive, alpha-beta T cell'
D: CL:0000896 'activated CD4-positive, alpha-beta T cell'
D: CL:0000897 'CD4-positive, alpha-beta memory T cell'
D: CL:0000890 'alternatively activated macrophage'
D: UBERON:0001426 'jugular lymphatic vessel'
D: UBERON:0003846 'thymus epithelium'
D: CL:0000893 'thymocyte'
D: UBERON:0001422 'facial lymphatic vessel'
D: UBERON:0001425 'pectoral lymphatic vessel'
D: UBERON:0012311 'deep anterior cervical lymph node'
D: UBERON:0012310 'deep lateral cervical lymph node'
D: UBERON:0036301 'vasculature of spleen'
D: CL:1000697 'kidney interstitial suppressor macrophage'
D: CL:1000698 'kidney resident macrophage'
D: CL:1000695 'kidney interstitial alternatively activated macrophage'
D: CL:1000696 'kidney interstitial inflammatory macrophage'
D: UBERON:0035219 'parasternal lymph node'
D: CL:1000699 'kidney resident dendritic cell'
D: UBERON:0038727 'juxta-intestinal mesenteric lymph node'
D: UBERON:0002520 'submandibular lymph node'
D: UBERON:0002527 'pancreatic lymph node'
D: UBERON:0002526 'lumbar lymph node'
D: UBERON:0002528 'sacral lymph node'
D: UBERON:0002525 'brachial lymph node'
D: UBERON:0002524 'mediastinal lymph node'
D: UBERON:0010160 'lumen of lymphatic vessel'
D: UBERON:0038930 'prelaryngeal lymph node'
D: UBERON:0038931 'thyroid lymph node'
D: UBERON:0038934 'superior deep lateral cervical lymph node'
D: UBERON:0015859 'hepatic lymph node'
D: UBERON:0038935 'inferior deep lateral cervical lymph node'
D: UBERON:0038932 'pretracheal lymph node'
D: UBERON:0037601 'left parietal lumbar lymph node'
D: UBERON:0038938 'accessory cervical lymph node'
D: UBERON:0038936 'jugulodigastric lymph node'
D: UBERON:0015857 'parotid lymph node'
D: CL:0009015 'Peyer's patch follicular dendritic cell'
D: UBERON:0010392 'B cell domain'
D: CL:0010004 'mononuclear cell of bone marrow'
D: UBERON:0010393 'T cell domain'
D: CL:0009018 'lymphocyte of large intestine lamina propria'
D: UBERON:0010396 'afferent lymphatic vessel'
D: UBERON:0010397 'efferent lymphatic vessel'
D: UBERON:0038700 'posterior inferior pancreaticoduodenal lymph node'
D: UBERON:0010394 'lymphocyte domain'
D: UBERON:0010395 'lymph node primary follicle'
D: UBERON:0012330 'nasal-associated lymphoid tissue'
D: UBERON:0037614 'appendicular lymph node'
D: UBERON:0037615 'pararectal lymph node'
D: UBERON:0010398 'spleen marginal sinus'
D: UBERON:0038943 'superior diaphragmatic lymph node'
D: UBERON:0010399 'spleen trabecular artery'
D: UBERON:0038707 'anterior pancreaticoduodenal lymph node'
D: CL:0010001 'stromal cell of bone marrow'
D: UBERON:0000363 'reticuloendothelial system'
D: CL:0002628 'immature microglial cell'
D: UBERON:0001211 'Peyer's patch'
D: UBERON:0000361 'red bone marrow'
D: UBERON:0004722 'deep cervical lymph node'
D: CL:0009014 'Peyer's patch lymphocyte'
D: UBERON:0015472 'tracheobronchial lymph node'
D: CL:0002629 'mature microglial cell'
D: UBERON:0003483 'thymus lymphoid tissue'
D: CL:0000451 'dendritic cell'
D: CL:0000453 'Langerhans cell'
D: UBERON:0038124 'medial diaphragmatic lymph node'
D: CL:0011114 'segmented neutrophil of bone marrow'
D: UBERON:0015469 'splenic lymph node'
D: CL:0002406 'immature Vgamma2-positive thymocyte'
D: CL:0002405 'gamma-delta thymocyte'
D: UBERON:0005435 'upper part of cisterna chyli'
D: CL:0002408 'immature Vgamma2-negative thymocyte'
D: CL:0002407 'mature Vgamma2-positive thymocyte'
D: CL:0002402 'Peyer's patch B cell'
D: CL:0002401 'mature dendritic epithelial T cell precursor'
D: CL:0002404 'fetal thymocyte'
D: CL:0002403 'mature Vgamma2-positive fetal thymocyte'
D: CL:0002400 'Fraction B/C precursor B cell'
D: CL:0002409 'mature Vgamma2-negative thymocyte'
D: CL:0002416 'mature Vgamma1.1-positive, Vdelta6.3-positive thymocyte'
D: CL:0002419 'mature T cell'
D: CL:0002413 'mature Vgamma1.1-positive, Vdelta6.3-negative thymocyte'
D: CL:0002412 'Vgamma1.1-positive, Vdelta6.3-positive thymocyte'
D: CL:0000235 'macrophage'
D: CL:0000236 'B cell'
D: CL:0002415 'immature Vgamma1.1-positive, Vdelta6.3-positive thymocyte'
D: CL:0002414 'immature Vgamma1.1-positive, Vdelta6.3-negative thymocyte'
D: CL:0002411 'Vgamma1.1-positive, Vdelta6.3-negative thymocyte'
D: UBERON:0005207 'tonsil capsule'
D: UBERON:0037494 'paracardial gastric lymph node'
D: UBERON:0035079 'deep intraparotid lymph node'
D: UBERON:0038587 'paracardiac lymph node'
D: UBERON:0002194 'capsule of lymph node'
D: CL:0002428 'double-positive blast'
D: UBERON:0005457 'left thymus lobe'
D: CL:0002427 'resting double-positive thymocyte'
D: CL:0002429 'CD69-positive double-positive thymocyte'
D: CL:0002424 'DN2b thymocyte'
D: CL:0002423 'DN2a thymocyte'
D: CL:0002426 'CD11b-positive, CD27-positive natural killer cell, mouse'
D: UBERON:0001097 'axillary lymph node'
D: CL:0002420 'immature T cell'
D: CL:0000484 'connective tissue type mast cell'
D: UBERON:0035080 'intraparotid lymph node'
D: CL:0000485 'mucosal type mast cell'
D: UBERON:0038796 'lymph node along bile duct'
D: UBERON:0001265 'trabecula of spleen'
D: CL:0002439 'NKGA2-positive natural killer cell, mouse'
D: CL:0002438 'NK1.1-positive natural killer cell, mouse'
D: UBERON:0001266 'splenic cord'
D: CL:0002677 'naive regulatory T cell'
D: CL:0002435 'CD69-positive, CD8-positive single-positive thymocyte'
D: CL:0002434 'CD24-positive, CD8 single-positive thymocyte'
D: CL:0002437 'mature CD8 single-positive thymocyte'
D: CL:0002679 'natural helper lymphocyte'
D: CL:0002436 'mature CD4 single-positive thymocyte'
D: CL:0002678 'memory regulatory T cell'
D: CL:0002431 'CD4-positive, CD8-intermediate double-positive thymocyte'
D: CL:0002430 'CD4-intermediate, CD8-positive double-positive thymocyte'
D: CL:0002433 'CD69-positive, CD4-positive single-positive thymocyte'
D: CL:0002432 'CD24-positive, CD4 single-positive thymocyte'
D: CL:0000492 'CD4-positive helper T cell'
D: UBERON:0004536 'lymph vasculature'
D: UBERON:0002370 'thymus'
D: UBERON:0002123 'cortex of thymus'
D: UBERON:0002122 'capsule of thymus'
D: UBERON:0003456 'respiratory system lymphatic vessel'
D: CL:0002449 'CD94-positive Ly49CI-positive natural killer cell, mouse'
D: UBERON:0003453 'large intestine Peyer's patch'
D: UBERON:0002125 'thymus lobule'
D: UBERON:0003454 'small intestine Peyer's patch'
D: UBERON:0002124 'medulla of thymus'
D: CL:0002446 'Ly49CI-negative natural killer cell, mouse'
D: CL:0002445 'Ly49D-negative natural killer cell, mouse'
D: CL:0002448 'Ly49H-negative natural killer cell, mouse'
D: CL:0002447 'CD94-negative natural killer cell, mouse'
D: CL:0002442 'CD94-negative, Ly49CI-negative natural killer cell, mouse'
D: CL:0002441 'CD94-positive natural killer cell, mouse'
D: CL:0002444 'Ly49H-positive natural killer cell, mouse'
D: CL:0002443 'Ly49CI-positive natural killer cell, mouse'
D: CL:0002440 'Ly49D-positive natural killer cell, mouse'
D: UBERON:0037480 'supramammary lymph node'
D: UBERON:0015453 'subcutaneous lymph node'
D: CL:0002218 'immature dendritic epithelial T cell precursor'
D: CL:0002457 'epidermal Langerhans cell'
D: UBERON:0002372 'tonsil'
D: UBERON:0002371 'bone marrow'
D: CL:0002456 'CD8_alpha-positive plasmactyoid dendritic cell'
D: UBERON:0004791 'thymus trabecula'
D: CL:0002459 'langerin-negative dermal dendritic cell'
D: CL:0002458 'langerin-positive dermal dendritic cell'
D: UBERON:0002373 'palatine tonsil'
D: CL:0002455 'CD8_alpha-negative plasmactyoid dendritic cell'
D: CL:0002454 'Cd4-negative, CD8_alpha-negative, CD11b-positive dendritic cell'
D: UBERON:0038784 'pararectal lymph node of pelvis'
D: UBERON:0038787 'superior ileocolic lymph node'
D: UBERON:0035279 'supraclavicular lymph node'
D: UBERON:0002391 'lymph'
D: CL:0002468 'Gr1-low myeloid suppressor cell'
D: CL:0002467 'Gr1-high myeloid suppressor cell'
D: CL:0002469 'MHC-II-negative classical monocyte'
D: CL:0000043 'mature basophil'
D: CL:0002464 'SIRPa-negative adipose dendritic cell'
D: CL:0002463 'SIRPa-positive adipose dendritic cell'
D: CL:0002466 'small intestine serosal dendritic cell'
D: CL:0002465 'CD11b-positive dendritic cell'
D: CL:0002460 'CD8alpha-negative thymic conventional dendritic cell'
D: UBERON:0012181 'tonsil crypt'
D: CL:0000041 'mature eosinophil'
D: CL:0002462 'adipose dendritic cell'
D: CL:0002461 'CD103-positive dendritic cell'
D: CL:0002479 'F4/80-positive adipose macrophage'
D: CL:0002478 'F4/80-negative adipose macrophage'
D: CL:0002475 'lymphoid MHC-II-negative non-classical monocyte'
D: CL:0002474 'lymphoid MHC-II-negative classical monocyte'
D: CL:0002477 'adipose macrophage'
D: CL:0002476 'bone marrow macrophage'
D: CL:0002471 'MHC-II-negative non-classical monocyte'
D: CL:0002470 'MHC-II-positive classical monocyte'
D: CL:0002473 'MHC-II-high non-classical monocyte'
D: CL:0002472 'MHC-II-low non-classical monocyte'
D: UBERON:2005320 'dorsal longitudinal lymphatic vessel'
D: UBERON:0016397 'submental lymph node'
D: UBERON:0016396 'intraglandular lymph node'
D: UBERON:0016399 'lymph node of upper limb'
D: UBERON:0016398 'lymph node of lower limb'
D: CL:0002247 'pleural macrophage'
D: CL:0002489 'double negative thymocyte'
D: CL:0002002 'Kit-positive granulocyte monocyte progenitor'
D: CL:0002001 'CD34-positive, CD38-positive granulocyte monocyte progenitor'
D: CL:0002240 'marrow fibroblast'
D: UBERON:0010400 'spleen trabecular vein'
D: UBERON:0010401 'spleen central arteriole'
D: UBERON:2005319 'intersegmental lymph vessel'
D: CL:0002496 'intraepithelial lymphocyte'
D: UBERON:2005303 'caudal fin lymph vessel'
D: UBERON:0005057 'immune organ'
D: CL:0002027 'CD9-positive, CD41-positive megakaryocyte cell'
D: CL:0002026 'CD34-negative, CD41-positive, CD42-positive megakaryocyte cell'
D: CL:0000084 'T cell'
D: CL:0000091 'Kupffer cell'
D: CL:0000092 'osteoclast'
D: UBERON:0006561 'non-lymphatic part of lymphoid system'
D: UBERON:0006558 'lymphatic part of lymphoid system'
D: UBERON:0005469 'right thymus lobe'
D: CL:0002039 'immature NK T cell stage I'
D: CL:0002038 'T follicular helper cell'
D: UBERON:0002195 'trabecula of lymph node'
D: UBERON:0005463 'subcapsular sinus of lymph node'
D: CL:0002037 'CD2-positive, CD5-positive, CD44-positive alpha-beta intraepithelial T cell'
D: UBERON:0007643 'node of ligamentum arteriosum'
D: UBERON:0007644 'thoracic lymph node'
D: CL:0000094 'granulocyte'
D: CL:0000096 'mature neutrophil'
D: CL:0000097 'mast cell'
D: CL:0002040 'immature NK T cell stage II'
D: UBERON:0005483 'thymus lobe'
D: CL:0002049 'Fraction C precursor B cell'
D: CL:0002048 'late pro-B cell'
D: CL:0002047 'Fraction B precursor B cell'
D: CL:0002042 'immature NK T cell stage IV'
D: CL:0002041 'immature NK T cell stage III'
D: CL:0002293 'epithelial cell of thymus'
D: CL:0002051 'CD38-high pre-BCR positive cell'
D: CL:0002050 'Fraction C' precursor B cell'
D: UBERON:0016386 'paraaortic lymph node'
D: UBERON:0038139 'retro-aortic lymph node'
D: UBERON:0038137 'parietal pre-aortic lymph node'
D: CL:0002057 'CD14-positive, CD16-negative classical monocyte'
D: CL:0002299 'type-2 epithelial cell of thymus'
D: UBERON:0016393 'deep parotid lymph node'
D: UBERON:0016392 'mastoid lymph node'
D: CL:0002298 'type-5 epithelial cell of thymus'
D: CL:0002056 'Fraction F mature B cell'
D: UBERON:0016395 'infra-auricular lymph node'
D: CL:0002059 'CD8alpha-positive thymic conventional dendritic cell'
D: UBERON:0016394 'anterior auricular lymph node'
D: CL:0002058 'Gr1-low non-classical monocyte'
D: CL:0002295 'type-6 epithelial cell of thymus'
D: CL:0002053 'CD22-positive, CD38-low small pre-B cell'
D: CL:0002294 'type-1 epithelial cell of thymus'
D: CL:0002052 'Fraction D precursor B cell'
D: UBERON:0016391 'thymic lymph node'
D: CL:0002055 'CD38-negative immature B cell'
D: CL:0002297 'type-3 epithelial cell of thymus'
D: UBERON:0016390 'auricular lymph node'
D: CL:0002054 'Fraction E immature B cell'
D: CL:0002296 'type-4 epithelial cell of thymus'
D: CL:0002060 'melanophage'
D: UBERON:0016378 'ileocolic lymph node'
D: CL:0002061 'T-helper 9 cell'
D: UBERON:0016374 'sciatic lymph node'
D: UBERON:2005106 'longitudinal lateral lymphatic vessel'
D: UBERON:0016382 'prescapular lymph node'
D: UBERON:0035520 'anterior mediastinal lymph node'
D: UBERON:0035765 'subsegmental lymph node'
D: UBERON:0035764 'pulmonary lymph node'
D: UBERON:0015918 'deep lymph node'
D: UBERON:0015917 'superficial lymph node'
D: UBERON:0001745 'secondary nodular lymphoid tissue'
D: UBERON:0001744 'lymphoid tissue'
D: CL:0000900 'naive thymus-derived CD8-positive, alpha-beta T cell'
D: CL:0000901 'Tr1 cell'
D: CL:0002089 'group 2 innate lymphoid cell, mouse'
D: CL:0002087 'nongranular leukocyte'
D: CL:0002092 'bone marrow cell'
D: UBERON:0003949 'tubal tonsil'
D: CL:1001610 'bone marrow hematopoietic cell'
D: CL:0000906 'activated CD8-positive, alpha-beta T cell'
D: CL:0000907 'central memory CD8-positive, alpha-beta T cell'
D: CL:0000908 'CD8-positive, alpha-beta cytokine secreting effector T cell'
D: CL:0000909 'CD8-positive, alpha-beta memory T cell'
D: CL:0000902 'induced T-regulatory cell'
D: CL:0000903 'natural T-regulatory cell'
D: CL:0000904 'central memory CD4-positive, alpha-beta T cell'
D: CL:0000905 'effector memory CD4-positive, alpha-beta T cell'
D: CL:0000910 'cytotoxic T cell'
D: CL:0000911 'effector T cell'
D: CL:0000912 'helper T cell'
D: UBERON:0009006 'deep inguinal lymph node'
D: UBERON:0009007 'superficial inguinal lymph node'
D: CL:0000917 'Tc1 cell'
D: UBERON:0015925 'superficial intraparotid lymph node'
D: CL:0000918 'Tc2 cell'
D: CL:0000919 'CD8-positive, CD25-positive, alpha-beta regulatory T cell'
D: UBERON:0015926 'cranial deep lymph node'
D: CL:0000913 'effector memory CD8-positive, alpha-beta T cell'
D: CL:1001603 'lung macrophage'
D: CL:0000914 'immature NK T cell'
D: CL:0000915 'CD8-alpha-alpha-positive, alpha-beta intraepithelial T cell'
D: UBERON:0015923 'superficial parotid lymph node'
D: CL:0000916 'dendritic epidermal T cell'
D: UBERON:0015922 'accessory mandibular lymph node'
D: CL:0000920 'CD8-positive, CD28-negative, alpha-beta regulatory T cell'
D: CL:0000921 'type I NK T cell'
D: CL:0000922 'type II NK T cell'
D: CL:0000923 'CD4-positive type I NK T cell'
D: UBERON:0000444 'lymphoid follicle'
D: UBERON:0007250 'lingual tonsil'
D: CL:0000928 'activated CD4-negative, CD8-negative type I NK T cell'
D: UBERON:0010422 'primary nodular lymphoid tissue'
D: UBERON:0010423 'primary lymphoid nodule of tonsil'
D: CL:0000929 'CD4-negative, CD8-negative type I NK T cell secreting interferon-gamma'
D: UBERON:0010420 'lymph node follicular corona'
D: UBERON:0010421 'spleen B cell corona'
D: CL:0000924 'CD4-negative, CD8-negative type I NK T cell'
D: CL:0000925 'activated CD4-positive type I NK T cell'
D: CL:0000926 'CD4-positive type I NK T cell secreting interferon-gamma'
D: CL:0000927 'CD4-positive type I NK T cell secreting interleukin-4'
D: CL:0000931 'activated type II NK T cell'
D: CL:0000932 'type II NK T cell secreting interferon-gamma'
D: CL:0000933 'type II NK T cell secreting interleukin-4'
D: CL:0000934 'CD4-positive, alpha-beta cytotoxic T cell'
D: CL:0000930 'CD4-negative, CD8-negative type I NK T cell secreting interleukin-4'
D: UBERON:0001959 'white pulp of spleen'
D: CL:0000939 'CD16-positive, CD56-dim natural killer cell, human'
D: CL:0000935 'CD4-negative, CD8-negative, alpha-beta intraepithelial T cell'
D: UBERON:0010416 'lymph node B cell domain'
D: CL:0000937 'pre-natural killer cell'
D: CL:0000938 'CD16-negative, CD56-bright natural killer cell, human'
D: CL:0000942 'thymic plasmacytoid dendritic cell'
D: CL:0000943 'Be1 Cell'
D: UBERON:0010417 'lymph node T cell domain'
D: CL:0000944 'Be2 cell'
D: CL:0000945 'lymphocyte of B lineage'
D: CL:0000940 'mucosal invariant T cell'
D: CL:0000941 'thymic conventional dendritic cell'
D: CL:0000946 'antibody secreting cell'
D: CL:0000947 'IgE plasma cell'
D: CL:0000948 'IgE memory B cell'
D: CL:0000949 'IgD plasmablast'
D: CL:0000953 'preBCR-negative large pre-B-II cell'
D: CL:0000954 'small pre-B-II cell'
D: UBERON:0001960 'periarterial lymphatic sheath'
D: CL:0000955 'pre-B-II cell'
D: CL:0000956 'pre-B-I cell'
D: CL:0000950 'IgE plasmablast'
D: CL:0000951 'IgE short lived plasma cell'
D: CL:0000952 'preBCR-positive large pre-B-II cell'
D: UBERON:0001962 'gut-associated lymphoid tissue'
D: UBERON:0001961 'mucosa-associated lymphoid tissue'
D: UBERON:0001963 'bronchial-associated lymphoid tissue'
D: UBERON:0011765 'jugular lymph sac'
D: CL:0000957 'large pre-B-II cell'
D: CL:0000958 'T1 B cell'
D: CL:0000959 'T2 B cell'
D: CL:0000964 'Bm2' B cell'
D: CL:0000965 'Bm3 B cell'
D: CL:0000966 'Bm4 B cell'
D: CL:0000967 'Bm5 B cell'
D: CL:0000960 'T3 B cell'
D: CL:0000961 'Bm1 B cell'
D: CL:0000962 'Bm2 B cell'
D: CL:0000963 'Bm3-delta B cell'
D: UBERON:0001735 'tonsillar ring'
D: UBERON:0003910 'splenic sinusoid'
D: UBERON:0001732 'pharyngeal tonsil'
D: UBERON:0037540 'lateral external iliac lymph node'
D: UBERON:0038871 'supratrochlear lymph node'
D: UBERON:0037541 'interiliac lymph node'
D: UBERON:0038870 'cubital lymph node'
D: UBERON:0038633 'aortopulmonary lymph node'
D: UBERON:0038634 'para-aortic thoracic lymph node'
D: UBERON:0037787 'right occipital lymph node'
D: UBERON:0038632 'pericardial lymph node'
D: UBERON:0038879 'anterior diaphragmatic lymph node'
D: UBERON:0037548 'superior gluteal lymph node'
D: UBERON:0037549 'inferior gluteal lymph node'
D: UBERON:0038638 'lobar lymph node'
D: UBERON:0037788 'left occipital lymph node'
D: UBERON:0038635 'interlobar lymph node'
D: UBERON:0037789 'right apical axillary lymph node'
D: UBERON:0038878 'lateral diaphragmatic lymph node'
D: CL:0000968 'Be cell'
D: CL:0000969 'regulatory B cell'
D: CL:0000975 'short lived plasma cell'
D: CL:0000976 'IgA short lived plasma cell'
D: UBERON:0004850 'lymph node endothelium'
D: CL:0000977 'IgG short lived plasma cell'
D: CL:0000978 'IgM short lived plasma cell'
D: CL:0000971 'IgM memory B cell'
D: CL:0000972 'class switched memory B cell'
D: CL:0000973 'IgA memory B cell'
D: CL:0000974 'long lived plasma cell'
D: UBERON:0003529 'respiratory system lymphatic vessel endothelium'
D: CL:0000970 'unswitched memory B cell'
D: UBERON:0037790 'left apical axillary lymph node'
D: UBERON:0038882 'posterior diaphragmatic lymph node'
D: UBERON:0037793 'right subscapular axillary lymph node'
D: UBERON:0010051 'dorsal patch of Leydig's organ'
D: UBERON:0035371 'retroperitoneal lymph node'
D: UBERON:0037794 'left subscapular axillary lymph node'
D: UBERON:0038641 'segmental lymph node'
D: UBERON:0037797 'right central axillary lymph node'
D: UBERON:0037798 'left central axillary lymph node'
D: UBERON:0037795 'right pectoral axillary lymph node'
D: UBERON:0038885 'brachiocephalic lymph node'
D: UBERON:0037796 'left pectoral axillary lymph node'
D: UBERON:0037559 'anorectal lymph node'
D: UBERON:0012236 'intercostal lymph node'
D: UBERON:0038888 'posterior mediastinal lymph node'
D: UBERON:0038647 'lymph node of inferior pulmonary ligament'
D: CL:0000979 'IgG memory B cell'
D: CL:0000738 'leukocyte'
D: CL:0000986 'IgM plasma cell'
D: CL:0000987 'IgA plasma cell'
D: CL:0000989 'CD11c-low plasmacytoid dendritic cell'
D: CL:0000982 'IgG plasmablast'
D: CL:0000983 'IgM plasmablast'
D: CL:0000984 'IgA plasmablast'
D: CL:0000985 'IgG plasma cell'
D: UBERON:0000029 'lymph node'
D: CL:0000980 'plasmablast'
D: CL:0000981 'double negative memory B cell'
D: UBERON:0037764 'anterior superior deep cervical lymph node'
D: UBERON:0037522 'ileal lymph node'
D: UBERON:0038853 'superficial popliteal lymph node'
D: UBERON:0038854 'deep popliteal lymph node'
D: UBERON:0037765 'lateral inferior deep cervical lymph node'
D: UBERON:0037763 'lateral superior deep cervical lymph node'
D: UBERON:0037521 'preterminal colic lymph node'
D: UBERON:0038857 'inferior inguinal lymph node'
D: UBERON:0013119 'haemal node'
D: UBERON:0037527 'superior pancreaticoduodenal lymph node'
D: UBERON:0038855 'superior medial inguinal lymph node'
D: UBERON:0037766 'anterior inferior deep cervical lymph node'
D: UBERON:0038856 'superior lateral inguinal lymph node'
D: UBERON:0037528 'inferior pancreaticoduodenal lymph node'
D: UBERON:0038859 'intermediate deep inguinal lymph node'
D: CL:0000997 'immature CD8_alpha-negative CD11b-positive dendritic cell'
D: CL:0000998 'CD8_alpha-negative CD11b-negative dendritic cell'
D: CL:0000999 'CD4-positive CD11b-positive dendritic cell'
D: CL:0000993 'mature CD11c-low plasmacytoid dendritic cell'
D: UBERON:0004870 'superficial cervical lymph node'
D: CL:0000994 'immature CD11c-negative plasmacytoid dendritic cell'
D: CL:0000996 'mature CD11c-negative plasmacytoid dendritic cell'
D: CL:0000990 'conventional dendritic cell'
D: CL:0000991 'CD11c-negative plasmacytoid dendritic cell'
D: CL:0000992 'immature CD11c-low plasmacytoid dendritic cell'
D: UBERON:0038860 'distal deep inguinal lymph node'
D: UBERON:0037530 'inferior pancreatic lymph node'
D: UBERON:0038861 'tibial lymph node'
D: UBERON:0038864 'fibular lymph node'
D: UBERON:0037533 'intermediate common iliac lymph node'
D: UBERON:0037534 'lateral common iliac lymph node'
D: UBERON:0037531 'intestinal lymph node'
D: UBERON:0037532 'medial common iliac lymph node'
D: UBERON:0038868 'paramammary lymph node'
D: UBERON:0037538 'medial external iliac lymph node'
D: UBERON:0037535 'subaortic common iliac lymph node'
D: UBERON:0038867 'interpectoral lymph node'
D: UBERON:0037536 'promontory lymph node'
D: UBERON:0037539 'intermediate external iliac lymph node'
D: CL:0000766 'myeloid leukocyte'
D: UBERON:0022292 'splenic arteriole'
D: CL:0000767 'basophil'
D: UBERON:0004641 'spleen capsule'
D: CL:0000768 'immature basophil'
D: CL:0000769 'basophilic metamyelocyte'
D: UBERON:0002465 'lymphoid system'
D: UBERON:0000040 'Leydig's organ'
D: UBERON:0037500 'subscapular axillary lymph node'
D: UBERON:0037501 'pectoral axillary lymph node'
D: UBERON:0037502 'central axillary lymph node'
D: UBERON:0010266 'arthropod hepatopancreas'
D: UBERON:0037503 'apical axillary lymph node'
D: CL:0000777 'mesangial phagocyte'
D: CL:0000778 'mononuclear osteoclast'
D: CL:0000779 'multinuclear osteoclast'
D: UBERON:0001542 'inguinal lymph node'
D: UBERON:1000024 'parenchyma of spleen'
D: CL:0000773 'eosinophilic metamyelocyte'
D: CL:0000774 'band form eosinophil'
D: CL:0000775 'neutrophil'
D: CL:0000776 'immature neutrophil'
D: CL:0000770 'band form basophil'
D: CL:0000771 'eosinophil'
D: CL:0000772 'immature eosinophil'
D: UBERON:0003968 'peripheral lymph node'
D: UBERON:1000023 'spleen pulp'
D: UBERON:0001543 'popliteal lymph node'
D: UBERON:0037995 'supramandibular lymph node'
D: UBERON:0037515 'juxta-arterial mesenteric lymph node'
D: UBERON:0010015 'ventral patch of Leydig's organ'
D: UBERON:0037998 'external jugular lymph node'
D: UBERON:0010014 'epigonal organ'
D: UBERON:0037514 'intermediate mesenteric lymph node'
D: UBERON:0037518 'epicolic lymph node'
D: UBERON:0038849 'craniocervical lymph node'
D: CL:0000546 'T-helper 2 cell'
D: CL:0000788 'naive B cell'
D: CL:0000789 'alpha-beta T cell'
D: CL:0000542 'lymphocyte'
D: CL:0000784 'plasmacytoid dendritic cell'
D: CL:0000785 'mature B cell'
D: CL:0000786 'plasma cell'
D: CL:0000545 'T-helper 1 cell'
D: CL:0000787 'memory B cell'
D: CL:0000780 'multinuclear odontoclast'
D: CL:0000781 'mononuclear odontoclast'
D: CL:0000782 'myeloid dendritic cell'
D: UBERON:0009039 'lymph node germinal center'
D: UBERON:0035545 'deep lymphatic vessel'
D: UBERON:0037722 'right retropharyngeal lymph node'
D: UBERON:0037723 'left retropharyngeal lymph node'
D: UBERON:0038818 'posterior ancreaticoduodenal lymph node'
D: CL:0000557 'granulocyte monocyte progenitor cell'
D: CL:0000799 'immature gamma-delta T cell'
D: CL:0000795 'CD8-positive, alpha-beta regulatory T cell'
D: CL:0000796 'CD8-alpha-beta-positive, alpha-beta intraepithelial T cell'
D: CL:0000797 'alpha-beta intraepithelial T cell'
D: CL:0000556 'megakaryocyte'
D: CL:0000798 'gamma-delta T cell'
D: CL:0000791 'mature alpha-beta T cell'
D: CL:0000792 'CD4-positive, CD25-positive, alpha-beta regulatory T cell'
D: CL:0000793 'CD4-positive, alpha-beta intraepithelial T cell'
D: CL:0000794 'CD8-positive, alpha-beta cytotoxic T cell'
D: UBERON:0003987 'Hassall's corpuscle'
D: UBERON:0003988 'thymus corticomedullary boundary'
D: CL:0000790 'immature alpha-beta T cell'
D: UBERON:0011363 'cranial lymph vasculature'
D: CL:0002505 'liver CD103-negative dendritic cell'
D: CL:0002507 'langerin-positive lymph node dendritic cell'
D: CL:0002506 'liver CD103-positive dendritic cell'
D: CL:0000560 'band form neutrophil'
D: UBERON:0002429 'cervical lymph node'
# PARSING: UBERON:0002405
# QUERY: UBERON:0002405 'immune system'
E: UBERON:0002405 'immune system'
2021-02-13 00:31:18,671 WARN  (OWLGraphWrapperExtended:936) Unable to retrieve the value of oboInOwl#id as the identifier for http://www.w3.org/2002/07/owl#Nothing; we will use an original iri as the identifier.
2021-02-13 00:31:18,673 WARN  (OWLGraphWrapperExtended:936) Unable to retrieve the value of oboInOwl#id as the identifier for http://www.w3.org/2002/07/owl#Nothing; we will use an original iri as the identifier.
D: Nothing Nothing
A:BFO:0000004 'independent continuant'
A:BFO:0000002 'continuant'
A:UBERON:0000061 'anatomical structure'
A:UBERON:0001062 'anatomical entity'
A:BFO:0000040 'material entity'
A:UBERON:0000465 'material anatomical entity'
A:UBERON:0000467 'anatomical system'
2021-02-13 00:31:18,685 WARN  (OWLGraphWrapperExtended:936) Unable to retrieve the value of oboInOwl#id as the identifier for http://www.w3.org/2002/07/owl#Thing; we will use an original iri as the identifier.
2021-02-13 00:31:18,686 WARN  (OWLGraphWrapperExtended:936) Unable to retrieve the value of oboInOwl#id as the identifier for http://www.w3.org/2002/07/owl#Thing; we will use an original iri as the identifier.
A:Thing Thing
