# PARSING: BFO_0000050 some UBERON:0001285
# QUERY: ObjectSomeValuesFrom(BFO:0000050 'part of' UBERON:0001285 'nephron')
2021-02-13 00:29:47,525 WARN  (ChangeIndexingProcessor:66) [reasoner.indexing.axiomIgnored]ELK does not support ObjectAllValuesFrom. Axiom ignored:
SubClassOf(<http://purl.obolibrary.org/obo/BFO_0000019> ObjectAllValuesFrom(<http://purl.obolibrary.org/obo/BFO_0000050> <http://purl.obolibrary.org/obo/BFO_0000019>))
2021-02-13 00:29:47,536 WARN  (ChangeIndexingProcessor:66) [reasoner.indexing.axiomIgnored]ELK does not support ObjectAllValuesFrom. Axiom ignored:
SubClassOf(<http://purl.obolibrary.org/obo/BFO_0000020> ObjectAllValuesFrom(<http://purl.obolibrary.org/obo/BFO_0000050> <http://purl.obolibrary.org/obo/BFO_0000020>))
2021-02-13 00:29:47,539 WARN  (ChangeIndexingProcessor:66) [reasoner.indexing.axiomIgnored]ELK does not support ObjectAllValuesFrom. Axiom ignored:
SubClassOf(<http://purl.obolibrary.org/obo/BFO_0000003> ObjectAllValuesFrom(<http://purl.obolibrary.org/obo/BFO_0000050> <http://purl.obolibrary.org/obo/BFO_0000003>))
2021-02-13 00:29:47,541 WARN  (ChangeIndexingProcessor:66) [reasoner.indexing.axiomIgnored]ELK does not support ObjectAllValuesFrom. Axiom ignored:
SubClassOf(<http://purl.obolibrary.org/obo/BFO_0000002> ObjectAllValuesFrom(<http://purl.obolibrary.org/obo/BFO_0000050> <http://purl.obolibrary.org/obo/BFO_0000002>))
2021-02-13 00:29:47,543 WARN  (ChangeIndexingProcessor:66) [reasoner.indexing.axiomIgnored]ELK does not support ObjectAllValuesFrom. Axiom ignored:
SubClassOf(<http://purl.obolibrary.org/obo/BFO_0000004> ObjectAllValuesFrom(<http://purl.obolibrary.org/obo/BFO_0000050> <http://purl.obolibrary.org/obo/BFO_0000004>))
2021-02-13 00:29:48,901 WARN  (OWLGraphWrapperExtended:936) Unable to retrieve the value of oboInOwl#id as the identifier for http://owltools.org/Q; we will use an original iri as the identifier.
2021-02-13 00:29:48,903 WARN  (OWLGraphWrapperExtended:936) Unable to retrieve the value of oboInOwl#id as the identifier for http://owltools.org/Q; we will use an original iri as the identifier.
E: Q Q
D: UBERON:0014388 'kidney collecting duct epithelium'
D: CL:1000022 'mesonephric nephron tubule epithelial cell'
D: CL:1001111 'kidney loop of Henle thin descending limb epithelial cell'
D: UBERON:0007298 'pronephric proximal convoluted tubule'
D: UBERON:0005151 'metanephric proximal tubule'
D: CL:1000547 'kidney inner medulla collecting duct epithelial cell'
D: CL:1000548 'kidney outer medulla collecting duct epithelial cell'
D: CL:1000546 'kidney medulla collecting duct epithelial cell'
D: UBERON:0005788 'lamina rara interna'
D: UBERON:0005149 'metanephric connecting tubule'
D: UBERON:0005787 'lamina densa of glomerular basement membrane'
D: UBERON:0005148 'metanephric S-shaped body'
D: UBERON:0004212 'glomerular capillary'
D: UBERON:0005146 'metanephric nephron tubule'
D: UBERON:0004211 'nephron epithelium'
D: UBERON:0005144 'metanephric glomerular capillary'
D: UBERON:0004739 'pronephric glomerulus'
D: UBERON:0001229 'renal corpuscle'
D: UBERON:0007685 'region of nephron tubule'
D: UBERON:0004737 'metanephric collecting duct'
D: UBERON:0009622 'pronephric proximal straight tubule'
D: UBERON:0002319 'mesangium'
D: UBERON:0004736 'metanephric glomerulus'
D: UBERON:0005789 'lamina rara externa'
D: CL:1001100 'kidney efferent arteriole smooth muscle cell'
D: UBERON:0012352 'mesangial matrix'
D: CL:1000494 'nephron tubule epithelial cell'
D: UBERON:0005164 'ascending limb of loop of Henle'
D: UBERON:0006374 'part of afferent arteriole forming the juxtaglomerular complex'
D: CL:1001225 'kidney collecting duct cell'
D: UBERON:0004196 'proximal convoluted tubule segment 1'
D: UBERON:0004193 'loop of Henle ascending limb thin segment'
D: CL:1001108 'kidney loop of Henle medullary thick ascending limb epithelial cell'
D: CL:1001109 'kidney loop of Henle cortical thick ascending limb epithelial cell'
D: CL:1001106 'kidney loop of Henle thick ascending limb epithelial cell'
D: UBERON:0004190 'renal glomerulus vasculature'
D: CL:1001107 'kidney loop of Henle thin ascending limb epithelial cell'
D: UBERON:0002321 'extraglomerular mesangium'
D: UBERON:0001232 'collecting duct of renal tubule'
D: UBERON:0001231 'nephron tubule'
D: UBERON:0002320 'glomerular mesangium'
D: CL:0002523 'mesonephric glomerular visceral epithelial cell'
D: UBERON:0004188 'glomerular epithelium'
D: UBERON:0005310 'pronephric nephron tubule'
D: UBERON:0004189 'glomerular endothelium'
D: CL:0002525 'metanephric glomerular visceral epithelial cell'
D: UBERON:0001230 'glomerular capsule'
2021-02-13 00:29:48,990 WARN  (OWLGraphWrapperExtended:936) Unable to retrieve the value of oboInOwl#id as the identifier for http://www.w3.org/2002/07/owl#Nothing; we will use an original iri as the identifier.
2021-02-13 00:29:48,991 WARN  (OWLGraphWrapperExtended:936) Unable to retrieve the value of oboInOwl#id as the identifier for http://www.w3.org/2002/07/owl#Nothing; we will use an original iri as the identifier.
D: Nothing Nothing
D: UBERON:0005319 'mesonephric collecting duct'
D: UBERON:2005292 'distal late tubule'
D: CL:1000090 'pronephric nephron tubule epithelial cell'
D: UBERON:2005311 'pronephric glomerular capsule epithelium'
D: UBERON:0009651 'nephron tubule basement membrane'
D: CL:1000123 'metanephric nephron tubule epithelial cell'
D: UBERON:0012428 'proximal convoluted tubule brush border'
D: CL:1000768 'kidney connecting tubule epithelial cell'
D: UBERON:0005326 'mesonephric glomerulus vasculature'
D: UBERON:3011120 'early proximal tubule'
D: UBERON:0005325 'mesonephric glomerulus'
D: UBERON:0005324 'mesonephric macula densa'
D: UBERON:0006534 'renal convoluted tubule'
D: UBERON:0005202 'distal straight tubule macula densa'
D: UBERON:0005167 'papillary duct'
D: UBERON:0006376 'premacula segment of distal straight tubule'
D: UBERON:0004197 'proximal convoluted tubule segment 2'
D: UBERON:0004639 'renal afferent arteriole'
D: UBERON:0005329 'mesonephric nephron tubule'
D: UBERON:0002335 'macula densa'
D: UBERON:3011121 'late distal segment'
D: UBERON:0003546 'distal convoluted tubule macula densa'
D: UBERON:0005327 'mesonephric glomerular epithelium'
D: CL:1000510 'kidney glomerular epithelial cell'
D: UBERON:0005185 'renal medulla collecting duct'
D: CL:1000507 'kidney tubule cell'
D: CL:0002307 'brush border cell of the proximal tubule'
D: CL:0002306 'epithelial cell of proximal tubule'
D: UBERON:0004640 'renal efferent arteriole'
D: UBERON:0006542 'outer medulla outer stripe loop of Henle'
D: UBERON:0006541 'outer medulla inner stripe loop of Henle'
D: CL:0002305 'epithelial cell of distal tubule'
D: UBERON:0005330 'mesonephric nephron epithelium'
D: CL:1000909 'kidney loop of Henle epithelial cell'
D: CL:1001431 'kidney collecting duct principal cell'
D: UBERON:0009035 'renal straight tubule'
D: CL:1000742 'glomerular mesangial cell'
D: CL:1001432 'kidney collecting duct intercalated cell'
D: UBERON:0034997 'renal medulla loop of Henle'
D: UBERON:0034996 'outer renal medulla loop of Henle'
D: CL:1000746 'glomerular cell'
D: UBERON:0004135 'distal tubule'
D: CL:1000615 'kidney cortex tubule cell'
D: UBERON:0004136 'intermediate tubule'
D: UBERON:0005102 'late distal convoluted tubule'
D: CL:0000653 'glomerular visceral epithelial cell'
D: UBERON:0004134 'proximal tubule'
D: UBERON:0005101 'early distal convoluted tubule'
D: UBERON:0005100 'long descending thin limb'
D: UBERON:0005749 'glomerular tuft'
D: UBERON:0004810 'nephron tubule epithelium'
D: CL:1000452 'parietal epithelial cell'
D: CL:1001021 'kidney loop of Henle descending limb epithelial cell'
D: CL:1000450 'epithelial cell of glomerular capsule'
D: UBERON:0005120 'metanephric late distal convoluted tubule'
D: UBERON:0006175 'pronephric distal tubule'
D: CL:1000453 'epithelial cell of intermediate tubule'
D: CL:1000850 'macula densa epithelial cell'
D: CL:1000454 'kidney collecting duct epithelial cell'
D: UBERON:0006173 'pronephric proximal tubule'
D: CL:1000612 'kidney corpuscule cell'
D: UBERON:0005117 'metanephric distal convoluted tubule'
D: UBERON:0003455 'inner renal medulla loop of Henle'
D: CL:1000849 'kidney distal convoluted tubule epithelial cell'
D: UBERON:0005116 'metanephric descending thin limb'
D: UBERON:0005115 'metanephric cortical collecting duct'
D: UBERON:0005114 'metanephric ascending thin limb'
D: UBERON:0005751 'visceral layer of glomerular capsule'
D: UBERON:0005750 'glomerular parietal epithelium'
D: UBERON:0005119 'metanephric glomerular mesangium'
D: UBERON:0005118 'metanephric early distal convoluted tubule'
D: CL:1001096 'kidney afferent arteriole endothelial cell'
D: CL:1001097 'kidney afferent arteriole smooth muscle cell'
D: CL:1001099 'kidney efferent arteriole endothelial cell'
D: CL:1001016 'kidney loop of Henle ascending limb epithelial cell'
D: UBERON:0001290 'proximal straight tubule'
D: CL:1000720 'kidney papillary duct intercalated cell'
D: UBERON:0005130 'metanephric loop of Henle'
D: UBERON:0005097 'renal connecting tubule'
D: UBERON:0001292 'distal convoluted tubule'
D: UBERON:0005096 'descending thin limb'
D: UBERON:0001291 'thick ascending limb of loop of Henle'
D: UBERON:0006183 'mesonephric glomerular capillary'
D: CL:1000449 'epithelial cell of nephron'
D: UBERON:0006182 'mesonephric glomerular mesangium'
D: CL:1000721 'kidney papillary duct principal cell'
D: UBERON:0001287 'proximal convoluted tubule'
D: CL:1000716 'kidney outer medulla collecting duct principal cell'
D: UBERON:0007307 'pronephric glomerular basement membrane'
D: CL:1000838 'kidney proximal convoluted tubule epithelial cell'
D: UBERON:0007308 'pronephric distal early tubule'
D: UBERON:0001286 'Bowman's space'
D: UBERON:0006337 'distal early tubule'
D: CL:1000717 'kidney outer medulla collecting duct intercalated cell'
D: UBERON:0006854 'distal straight tubule postmacula segment'
D: UBERON:0005127 'metanephric thick ascending limb'
D: UBERON:0005126 'metanephric S1'
D: CL:1000714 'kidney cortex collecting duct principal cell'
D: UBERON:0006853 'renal cortex tubule'
D: UBERON:0001289 'descending limb of loop of Henle'
D: UBERON:0001288 'loop of Henle'
D: UBERON:0006852 'glomerular visceral epithelium'
D: CL:1000715 'kidney cortex collecting duct intercalated cell'
D: UBERON:0005125 'metanephric proximal straight tubule'
D: UBERON:0005124 'metanephric proximal convoluted tubule'
D: UBERON:0005123 'metanephric prebend segment'
D: UBERON:0004032 'podocyte slit diaphragm'
D: UBERON:0000074 'renal glomerulus'
D: CL:1000718 'kidney inner medulla collecting duct principal cell'
D: CL:1000839 'kidney proximal straight tubule epithelial cell'
D: UBERON:0005122 'metanephric macula densa'
D: UBERON:0004033 'podocyte slit junction'
D: UBERON:0005121 'metanephric long descending thin limb bend'
D: CL:1000719 'kidney inner medulla collecting duct intercalated cell'
D: CL:0002173 'extraglomerular mesangial cell'
D: UBERON:0005129 'metanephric distal tubule'
D: UBERON:0007306 'pronephric glomerular capillary'
D: UBERON:0006190 'mesonephric distal tubule'
D: CL:1000550 'kidney papillary duct principal epithelial cell'
D: CL:1001005 'glomerular capillary endothelial cell'
D: UBERON:0004294 'glomerular capillary endothelium'
D: CL:1001006 'kidney afferent arteriole cell'
D: UBERON:0005141 'metanephric short descending thin limb'
D: CL:1001009 'kidney efferent arteriole cell'
D: UBERON:0006192 'mesonephric proximal tubule'
D: UBERON:0004203 'cortical collecting duct'
D: UBERON:0005139 'metanephric long descending thin limb'
D: UBERON:0005777 'glomerular basement membrane'
D: UBERON:0008408 'distal tubular epithelium'
D: UBERON:0004204 'outer medullary collecting duct'
D: CL:1000549 'kidney cortex collecting duct epithelial cell'
D: UBERON:0005136 'metanephric glomerular endothelium'
D: UBERON:0005135 'metanephric glomerular epithelium'
D: UBERON:0005134 'metanephric nephron epithelium'
D: UBERON:0005133 'metanephric glomerulus vasculature'
D: UBERON:0006189 'mesonephric connecting tubule'
D: UBERON:0005099 'short descending thin limb'
D: CL:0002188 'glomerular endothelial cell'
D: UBERON:0004207 'prebend segment of loop of Henle'
D: UBERON:0008404 'proximal tubular epithelium'
D: UBERON:0004205 'inner medullary collecting duct'
D: UBERON:0004206 'long descending thin limb bend'
# PARSING: UBERON:0001285
# QUERY: UBERON:0001285 'nephron'
E: UBERON:0001285 'nephron'
D: UBERON:0005322 'mesonephric nephron'
D: UBERON:0005132 'metanephric long nephron'
D: UBERON:0005110 'metanephric nephron'
D: UBERON:0004195 'short nephron'
2021-02-13 00:29:49,266 WARN  (OWLGraphWrapperExtended:936) Unable to retrieve the value of oboInOwl#id as the identifier for http://www.w3.org/2002/07/owl#Nothing; we will use an original iri as the identifier.
2021-02-13 00:29:49,267 WARN  (OWLGraphWrapperExtended:936) Unable to retrieve the value of oboInOwl#id as the identifier for http://www.w3.org/2002/07/owl#Nothing; we will use an original iri as the identifier.
D: Nothing Nothing
D: UBERON:0005140 'metanephric short nephron'
D: UBERON:0005309 'pronephric nephron'
D: UBERON:0004194 'long nephron'
A:BFO:0000004 'independent continuant'
A:CARO:0000000 'anatomical entity'
A:BFO:0000002 'continuant'
A:UBERON:0000061 'anatomical structure'
A:UBERON:0010000 'multicellular anatomical structure'
A:UBERON:0001062 'anatomical entity'
A:UBERON:0000064 'organ part'
A:BFO:0000040 'material entity'
A:CARO:0030000 'biological entity'
A:UBERON:0000465 'material anatomical entity'
2021-02-13 00:29:49,285 WARN  (OWLGraphWrapperExtended:936) Unable to retrieve the value of oboInOwl#id as the identifier for http://www.w3.org/2002/07/owl#Thing; we will use an original iri as the identifier.
2021-02-13 00:29:49,286 WARN  (OWLGraphWrapperExtended:936) Unable to retrieve the value of oboInOwl#id as the identifier for http://www.w3.org/2002/07/owl#Thing; we will use an original iri as the identifier.
A:Thing Thing
