# PARSING: BFO_0000050 some UBERON:0001004
# QUERY: ObjectSomeValuesFrom(BFO:0000050 'part of' UBERON:0001004 'respiratory system')
2021-02-08 17:02:04,095 WARN  (ChangeIndexingProcessor:66) [reasoner.indexing.axiomIgnored]ELK does not support ObjectAllValuesFrom. Axiom ignored:
SubClassOf(<http://purl.obolibrary.org/obo/BFO_0000019> ObjectAllValuesFrom(<http://purl.obolibrary.org/obo/BFO_0000050> <http://purl.obolibrary.org/obo/BFO_0000019>))
2021-02-08 17:02:04,161 WARN  (ChangeIndexingProcessor:66) [reasoner.indexing.axiomIgnored]ELK does not support ObjectAllValuesFrom. Axiom ignored:
SubClassOf(<http://purl.obolibrary.org/obo/BFO_0000020> ObjectAllValuesFrom(<http://purl.obolibrary.org/obo/BFO_0000050> <http://purl.obolibrary.org/obo/BFO_0000020>))
2021-02-08 17:02:04,182 WARN  (ChangeIndexingProcessor:66) [reasoner.indexing.axiomIgnored]ELK does not support ObjectAllValuesFrom. Axiom ignored:
SubClassOf(<http://purl.obolibrary.org/obo/BFO_0000003> ObjectAllValuesFrom(<http://purl.obolibrary.org/obo/BFO_0000050> <http://purl.obolibrary.org/obo/BFO_0000003>))
2021-02-08 17:02:04,204 WARN  (ChangeIndexingProcessor:66) [reasoner.indexing.axiomIgnored]ELK does not support ObjectAllValuesFrom. Axiom ignored:
SubClassOf(<http://purl.obolibrary.org/obo/BFO_0000002> ObjectAllValuesFrom(<http://purl.obolibrary.org/obo/BFO_0000050> <http://purl.obolibrary.org/obo/BFO_0000002>))
2021-02-08 17:02:04,230 WARN  (ChangeIndexingProcessor:66) [reasoner.indexing.axiomIgnored]ELK does not support ObjectAllValuesFrom. Axiom ignored:
SubClassOf(<http://purl.obolibrary.org/obo/BFO_0000004> ObjectAllValuesFrom(<http://purl.obolibrary.org/obo/BFO_0000050> <http://purl.obolibrary.org/obo/BFO_0000004>))
2021-02-08 17:02:09,650 WARN  (OWLGraphWrapperExtended:936) Unable to retrieve the value of oboInOwl#id as the identifier for http://owltools.org/Q; we will use an original iri as the identifier.
2021-02-08 17:02:09,656 WARN  (OWLGraphWrapperExtended:936) Unable to retrieve the value of oboInOwl#id as the identifier for http://owltools.org/Q; we will use an original iri as the identifier.
E: Q Q
D: UBERON:0012087 'air capillary of parabronchus'
D: UBERON:0012086 'lumen of parabronchus'
D: UBERON:0012085 'lumen of tertiary bronchus'
D: UBERON:0012084 'lumen of secondary bronchus'
D: UBERON:3010613 'laryngo-tracheal chamber'
D: UBERON:0015472 'tracheobronchial lymph node'
D: UBERON:0014385 'aryepiglottic fold'
D: UBERON:0012088 'lateroobronchus'
D: UBERON:0003492 'bronchus reticular lamina'
D: UBERON:0003490 'respiratory system reticular lamina'
D: UBERON:0008815 'pharyngeal slit'
D: UBERON:0003489 'respiratory system capillary endothelium'
D: UBERON:0003126 'trachea'
D: UBERON:0003123 'pharyngeal arch artery 6'
D: UBERON:0003365 'epithelium of left lung'
D: CL:0002638 'bronchioalveolar stem cell'
D: UBERON:0008817 'thymus primordium endoderm'
D: UBERON:0003121 'pharyngeal arch artery 4'
D: CL:0002633 'respiratory basal cell'
D: UBERON:0002031 'epithelium of bronchus'
D: UBERON:0003122 'pharyngeal arch artery 5'
D: CL:0002632 'epithelial cell of lower respiratory tract'
D: UBERON:0003364 'epithelium of right lung'
D: UBERON:0003120 'pharyngeal arch artery 3'
D: CL:0002631 'epithelial cell of upper respiratory tract'
D: UBERON:0006518 'right lung lobe'
D: UBERON:0003127 'open tracheal system trachea'
D: UBERON:0013167 'cricopharyngeal ligament'
D: UBERON:0013168 'thyroepiglottic ligament'
D: UBERON:0013169 'vestibular ligament'
D: UBERON:0014372 'fibroelastic membrane of larynx'
D: UBERON:0036068 'subglottis'
D: UBERON:0002170 'upper lobe of right lung'
D: UBERON:0005681 'right lung upper lobe bronchiole'
D: UBERON:0005680 'right lung accessory lobe segmental bronchus'
D: UBERON:0003261 'thyroid primordium endoderm'
D: UBERON:0002172 'alveolar atrium'
D: UBERON:0002051 'epithelium of bronchiole'
D: UBERON:0002171 'lower lobe of right lung'
D: UBERON:0005678 'right lung cranial lobe segmental bronchus'
D: UBERON:0004225 'respiratory system smooth muscle'
D: UBERON:0008946 'lung parenchyma'
D: UBERON:0006525 'left lung alveolar system'
D: UBERON:0002167 'right lung'
D: UBERON:0005315 'alveolar secondary septum'
D: UBERON:0006524 'alveolar system'
D: UBERON:0005314 'alveolar primary septum'
D: UBERON:0008948 'upper lobe of lung'
D: UBERON:0002169 'alveolar sac'
D: UBERON:0002048 'lung'
D: UBERON:0005676 'right lung accessory lobe endothelium'
D: UBERON:3000948 'articular process'
D: UBERON:0005675 'right lung caudal lobe endothelium'
D: UBERON:0002168 'left lung'
D: UBERON:0008949 'lower lobe of lung'
D: UBERON:0005674 'right lung cranial lobe endothelium'
D: UBERON:0003495 'respiratory system arteriole'
D: UBERON:0005673 'left lung endothelium'
D: UBERON:0002041 'terminal bronchus'
D: UBERON:0005672 'right lung endothelium'
D: UBERON:0003493 'trachea reticular lamina'
D: UBERON:0003494 'respiratory system venule'
D: CL:0000583 'alveolar macrophage'
D: UBERON:0013170 'cricoarytenoid ligament'
D: UBERON:0013171 'cricothyroid ligament'
D: UBERON:0013172 'cricotracheal ligament'
D: UBERON:0012083 'lumen of primary bronchus'
D: UBERON:0012082 'bronchial lumen'
D: UBERON:0036071 'diaphragmaticus muscle'
D: UBERON:0006526 'right lung alveolar system'
D: UBERON:0005679 'right lung caudal lobe segmental bronchus'
D: UBERON:0036274 'tonsillar pillar'
D: UBERON:0013074 'cornual diverticulum'
D: UBERON:0002183 'lobar bronchus'
D: UBERON:0002182 'main bronchus'
D: UBERON:0002178 'left main bronchus'
D: UBERON:0002299 'alveolus of lung'
D: UBERON:0004478 'musculature of larynx'
D: UBERON:0003389 'mesothelium of diaphragm'
D: UBERON:0005204 'larynx submucosa gland'
D: UBERON:0002177 'right main bronchus'
D: UBERON:0003387 'smooth muscle of trachea'
D: UBERON:0005203 'trachea gland'
D: UBERON:0002174 'middle lobe of right lung'
D: UBERON:0004233 'lower respiratory tract smooth muscle'
D: UBERON:0002173 'pulmonary alveolar duct'
D: UBERON:0005562 'thymus primordium'
D: UBERON:0010928 'cricopharyngeus muscle'
D: UBERON:0003384 'skeletal muscle tissue of pharynx'
D: UBERON:0004110 'midnasal cavity'
D: UBERON:0010927 'thyroepiglotticus muscle'
D: UBERON:0005682 'right lung accessory lobe bronchiole'
D: UBERON:0008950 'azygous lobe of lung'
D: UBERON:0008951 'left lung lobe'
D: UBERON:0008952 'upper lobe of left lung'
D: UBERON:0008953 'lower lobe of left lung'
D: UBERON:0008954 'lingula of left lung'
D: UBERON:0005207 'tonsil capsule'
D: UBERON:0008955 'middle lobe of lung'
D: UBERON:0015246 'septal organ of Masera'
D: UBERON:0014398 'respiratory muscle'
D: UBERON:0016458 'esophageal hiatus'
D: UBERON:0035077 'lateral nasal gland'
D: UBERON:0015247 'bifurcation of trachea'
D: UBERON:0006670 'central tendon of diaphragm'
D: UBERON:2001467 'pharyngeal mesoderm'
D: UBERON:0003280 'endothelium of main bronchus'
D: UBERON:0003279 'endothelium of trachea'
D: UBERON:0004368 'Reichert's cartilage'
D: UBERON:0002188 'respiratory bronchiole'
D: UBERON:0002185 'bronchus'
D: UBERON:0002184 'segmental bronchus'
D: UBERON:0002187 'terminal bronchiole'
D: UBERON:0004241 'main bronchus smooth muscle'
D: UBERON:0004363 'pharyngeal arch artery'
D: UBERON:0002186 'bronchiole'
D: UBERON:0004242 'bronchus smooth muscle'
D: UBERON:0008961 'parabronchus'
D: UBERON:0015795 'right lung lobar bronchus epitheium'
D: UBERON:0035286 'lateral wall of oropharynx'
D: UBERON:0015794 'left lung lobar bronchus epithelium'
D: UBERON:0016405 'pulmonary capillary'
D: UBERON:0017616 'afferent spiracular artery'
D: UBERON:0017617 'efferent spiracular artery'
D: UBERON:0004896 'right lung accessory lobe lobar bronchus'
D: UBERON:0006833 'lumen of trachea'
D: UBERON:0006832 'lumen of open tracheal system trachea'
D: UBERON:0004897 'right lung accessory lobe lobar bronchus mesenchyme'
D: UBERON:0002232 'olfactory gland'
D: UBERON:0004894 'alveolar wall'
D: UBERON:0004895 'alveolar smooth muscle'
D: UBERON:0000171 'respiration organ'
D: UBERON:0004892 'lobar bronchus alveolar system'
D: UBERON:0004893 'interalveolar septum'
D: UBERON:0004890 'right lung accessory lobe'
D: UBERON:6005054 'spiracle'
D: CL:0002553 'fibroblast of lung'
D: UBERON:0004779 'respiratory system lamina propria'
D: UBERON:0004777 'respiratory system submucosa'
D: UBERON:0004778 'larynx submucosa'
D: UBERON:0004899 'right lung cranial lobe lobar bronchus mesenchyme'
D: UBERON:0015785 'acinus of olfactory gland'
D: UBERON:0036263 'supraglottic part of larynx'
D: UBERON:0015784 'duct of olfactory gland'
D: UBERON:0015787 'upper respiratory conduit'
D: UBERON:0015786 'respiratory segment of nasal mucosa'
D: UBERON:0012278 'gland of nasal mucosa'
D: UBERON:0003580 'lower respiratory tract connective tissue'
D: UBERON:0015788 'olfactory apparatus chamber'
D: CL:0002329 'basal epithelial cell of tracheobronchial tree'
D: UBERON:0000065 'respiratory tract'
D: UBERON:0002486 'glottis'
D: CL:0002208 'brush cell of bronchus'
D: UBERON:0003456 'respiratory system lymphatic vessel'
D: UBERON:0005875 '4th arch pharyngeal cleft'
D: CL:0002207 'brush cell of trachea'
D: CL:0002328 'bronchial epithelial cell'
D: UBERON:0005874 '3rd arch pharyngeal cleft'
D: UBERON:0004785 'respiratory system mucosa'
D: UBERON:0005873 '2nd arch pharyngeal cleft'
D: CL:0002209 'intermediate epitheliocyte'
D: UBERON:0005872 '1st arch pharyngeal cleft'
D: UBERON:0003570 'respiratory system connective tissue'
D: CL:0002206 'brush cell of terminal bronchiole'
D: UBERON:0003571 'trachea connective tissue'
D: CL:0002205 'brush cell of lobular bronchiole'
D: CL:0002202 'epithelial cell of tracheobronchial tree'
D: UBERON:0005639 'right lung cranial lobe epithelium'
D: UBERON:0005879 'pharyngeal cleft'
D: UBERON:0004789 'larynx mucous gland'
D: UBERON:0012065 'lobar bronchus of left lung upper lobe'
D: UBERON:0035383 'lateral wall of nasopharynx'
D: UBERON:0013157 '1st arch maxillary-mandibular cleft'
D: UBERON:0012063 'lobar bronchus of right lung middle lobe'
D: UBERON:0015215 'median arcuate ligament'
D: UBERON:0016545 'pharyngeal ectoderm'
D: UBERON:0015214 'arcuate ligament'
D: UBERON:0038897 'superior tracheobronchial lymph node'
D: UBERON:0012068 'right lung middle lobe bronchiole'
D: UBERON:0012067 'primary bronchiole'
D: UBERON:0012066 'lobar bronchus of left lung lower lobe'
D: UBERON:0003590 'main bronchus connective tissue'
D: UBERON:0003591 'lobar bronchus connective tissue'
D: UBERON:0004798 'respiratory system basal lamina'
D: UBERON:0002375 'cricoid cartilage'
D: UBERON:0002372 'tonsil'
D: UBERON:0003583 'larynx connective tissue'
D: UBERON:0000072 'proximo-distal subdivision of respiratory tract'
D: UBERON:0005640 'right lung caudal lobe epithelium'
D: CL:0000158 'club cell'
D: UBERON:0002373 'palatine tonsil'
D: UBERON:0003582 'nasopharynx connective tissue'
D: UBERON:0001042 'chordate pharynx'
D: CL:0002332 'ciliated cell of the bronchus'
D: UBERON:0004799 'trachea basal lamina'
D: CL:0002330 'undifferentiated cell of bronchus epithelium'
D: UBERON:0003469 'respiratory system artery'
D: UBERON:0035270 'roof of nasopharynx'
D: CL:1000271 'lung ciliated cell'
D: CL:1000272 'lung secretory cell'
D: UBERON:3010524 'bronchial tube'
D: UBERON:0012056 'left lung upper lobe bronchiole'
D: UBERON:0012055 'left lung lower lobe bronchiole'
D: UBERON:2002116 'epibranchial organ'
D: UBERON:0012059 'right lung lower lobe bronchiole'
D: UBERON:0014479 'elephant trunk'
D: UBERON:0015329 'respiratory system basement membrane'
D: UBERON:0008804 'stylopharyngeus muscle'
D: UBERON:0005655 'right lung accessory lobe epithelium'
D: UBERON:0001051 'hypopharynx'
D: UBERON:0003592 'bronchus connective tissue'
D: UBERON:0003351 'pharyngeal epithelium'
D: UBERON:0003118 'pharyngeal arch artery 1'
D: UBERON:0012181 'tonsil crypt'
D: UBERON:0003119 'pharyngeal arch artery 2'
D: UBERON:0018226 'pulmonary part of lymphatic system'
D: UBERON:0018227 'pulmonary lymphatic vessel'
D: UBERON:0018103 'posterior fascicle of palatopharyngeus'
D: UBERON:0003091 'thyroid primordium'
D: UBERON:0004296 'respiratory system lymphatic vessel smooth muscle'
D: UBERON:0005386 'olfactory segment of nasal mucosa'
D: UBERON:0005023 'mucosa of oropharynx'
D: UBERON:0005385 'nasal cavity respiratory epithelium'
D: UBERON:0004297 'respiratory system blood vessel smooth muscle'
D: UBERON:0005022 'mucosa of nasopharynx'
D: CL:0002598 'bronchial smooth muscle cell'
D: UBERON:0001901 'epithelium of trachea'
D: UBERON:0009867 'Hatschek's diverticulum'
D: UBERON:0009504 'mesenchyme of main bronchus'
D: UBERON:0007689 'thyroid diverticulum'
D: UBERON:0009869 'Hatschek's right diverticulum'
D: UBERON:0009505 'mesenchyme of trachea'
D: UBERON:0009868 'Hatschek's left diverticulum'
D: CL:0002480 'nasal mucosa goblet cell'
D: UBERON:2002057 'gill opening'
D: UBERON:0008310 'nasopharyngeal gland'
D: UBERON:0006494 'apex of arytenoid'
D: UBERON:0005041 'mucosa of respiratory bronchiole'
D: UBERON:0005040 'mucosa of terminal bronchiole'
D: UBERON:0034721 'pharyngeal taste bud'
D: UBERON:0005039 'mucosa of bronchiole'
D: UBERON:0005038 'mucosa of segmental bronchus'
D: UBERON:0005037 'mucosa of lobar bronchus'
D: UBERON:0005036 'mucosa of main bronchus'
D: UBERON:0005035 'mucosa of left main bronchus'
D: CL:0002368 'respiratory epithelial cell'
D: UBERON:0005034 'mucosa of right main bronchus'
2021-02-08 17:02:11,785 WARN  (OWLGraphWrapperExtended:936) Unable to retrieve the value of oboInOwl#id as the identifier for http://www.w3.org/2002/07/owl#Nothing; we will use an original iri as the identifier.
2021-02-08 17:02:11,790 WARN  (OWLGraphWrapperExtended:936) Unable to retrieve the value of oboInOwl#id as the identifier for http://www.w3.org/2002/07/owl#Nothing; we will use an original iri as the identifier.
D: Nothing Nothing
D: CL:0002241 'pulmonary interstitial fibroblast'
D: CL:0002370 'respiratory goblet cell'
D: UBERON:0009652 'bronchus basement membrane'
D: UBERON:0034937 'pharyngeal bar'
D: UBERON:0005047 'mucosa of vocal fold'
D: UBERON:0006257 'laryngotracheal groove'
D: UBERON:0009644 'trachea non-cartilage connective tissue'
D: UBERON:3000087 'cavum medius'
D: UBERON:3000086 'cavum internasale'
D: UBERON:3000085 'cavum inferius'
D: CL:0000082 'epithelial cell of lung'
D: UBERON:0008572 'posterior crico-arytenoid'
D: UBERON:0008573 'lateral crico-arytenoid'
D: UBERON:0008574 'transverse arytenoid'
D: UBERON:3000089 'cavum principale'
D: UBERON:3000088 'cavum praenasale'
D: CL:0002145 'ciliated columnar cell of tracheobronchial tree'
D: UBERON:0009653 'trachea basement membrane'
D: UBERON:0009536 'vascular element of left lung'
D: UBERON:0009778 'pleural sac'
D: UBERON:0009537 'vascular element of right lung'
D: UBERON:2005012 'afferent filamental artery'
D: UBERON:2005015 'afferent lamellar arteriole'
D: UBERON:2005014 'recurrent branch afferent branchial artery'
D: UBERON:2005013 'concurrent branch afferent branchial artery'
D: UBERON:2005019 'efferent lamellar arteriole'
D: UBERON:0006680 'trachealis'
D: UBERON:2005018 'efferent filamental artery'
D: UBERON:0006679 'carina of trachea'
D: UBERON:0009948 'clavicular air sac'
D: UBERON:0004495 'skeletal muscle tissue of diaphragm'
D: UBERON:0008870 'pulmonary alveolar parenchyma'
D: UBERON:0010932 'crico-arytenoid muscle'
D: UBERON:0009959 'lumen of oropharynx'
D: UBERON:0010937 'salpingopharyngeus muscle'
D: UBERON:0006327 'laryngeal extrinsic muscle'
D: UBERON:0010936 'thyropharyngeus muscle'
D: UBERON:0006326 'base of arytenoid'
D: UBERON:0006325 'laryngeal intrinsic ligament'
D: UBERON:0006685 'pharyngeal tubercle'
D: UBERON:0003295 'pharyngeal gland'
D: UBERON:0016481 'bronchial lymph node'
D: CL:0002169 'basal cell of olfactory epithelium'
D: UBERON:0006328 'laryngeal intrinsic muscle'
D: CL:0002171 'globose cell of olfactory epithelium'
D: CL:2000093 'bronchus fibroblast of lung'
D: CL:2000094 'nasal cavity respiratory epithelium epithelial cell of viscerocranial mucosa'
D: UBERON:0005245 'lobar bronchus of right lung caudal lobe'
D: UBERON:0005244 'lobar bronchus of right lung cranial lobe'
D: UBERON:0008873 'alveolar pore'
D: UBERON:0008874 'pulmonary acinus'
D: UBERON:0007303 'pharyngeal vasculature'
D: UBERON:0009603 'right lung associated mesenchyme'
D: UBERON:0009602 'left lung associated mesenchyme'
D: UBERON:0000929 'pharyngeal branch of vagus nerve'
D: CL:0002062 'type I pneumocyte'
D: UBERON:0008891 'external gill'
D: UBERON:0008892 'internal gill'
D: UBERON:0005384 'nasal cavity epithelium'
D: UBERON:0010958 'arytenoid muscle'
D: UBERON:0007311 'sputum'
D: CL:0002184 'basal proper cell of olfactory epithelium'
D: CL:0002063 'type II pneumocyte'
D: UBERON:0010220 'arytenoid pre-cartilage condensation'
D: UBERON:0010221 'laryngeal associated mesenchyme'
D: UBERON:0035401 'posterior wall of nasopharynx'
D: UBERON:0011312 'hyoepiglottic muscle'
D: UBERON:0035767 'intrapulmonary bronchus'
D: UBERON:0011311 'hyoepiglottic ligament'
D: UBERON:0001740 'arytenoid cartilage'
D: UBERON:0007167 'right dome of diaphragm'
D: UBERON:0000410 'bronchial mucosa'
D: CL:0002075 'brush cell of trachebronchial tree'
D: UBERON:0001742 'epiglottic cartilage'
D: UBERON:0001741 'corniculate cartilage'
D: UBERON:0001743 'ligament of larynx'
D: UBERON:0009120 'gill filament'
D: UBERON:0034680 'laryngeal prominence'
D: UBERON:0008397 'tracheobronchial epithelium'
D: UBERON:0010213 'laryngeal pre-cartilage condensation'
D: UBERON:0010214 'cricoid pre-cartilage condensation'
D: UBERON:0010212 'laryngeal apparatus'
D: UBERON:0010215 'arytenoid swellings'
D: UBERON:0010219 'thyroid pre-cartilage condensation'
D: UBERON:2000716 'afferent portion of pharyngeal arch artery'
D: UBERON:0009116 'thymoid'
D: UBERON:0004903 'bronchoalveolar duct junction'
D: UBERON:0004900 'right lung middle lobe lobar bronchus mesenchyme'
D: UBERON:0009119 'branchial basket'
D: UBERON:0004901 'right lung lobar bronchus mesenchyme'
D: UBERON:0001997 'olfactory epithelium'
D: UBERON:0007196 'tracheobronchial tree'
D: UBERON:0003949 'tubal tonsil'
D: UBERON:0010368 'pulmonary lobule'
D: UBERON:0010002 'pulmonary neuroendocrine body'
D: UBERON:0010369 'secondary pulmonary lobule'
D: UBERON:0001760 'frontal sinus'
D: UBERON:0001761 'future foramen cecum'
D: UBERON:0003948 'blood-air barrier'
D: UBERON:0003706 'laryngeal vocal fold'
D: UBERON:0001764 'maxillary sinus'
D: UBERON:0004807 'respiratory system epithelium'
D: UBERON:0010234 'palatopharyngeus muscle'
D: UBERON:0038900 'inferior tracheobronchial lymph node'
D: CL:1001603 'lung macrophage'
D: UBERON:0012416 'respiratory system arterial smooth muscle'
D: UBERON:0000205 'papula'
D: UBERON:0000206 'pharyngeal gill'
D: UBERON:0004924 'submucosa of pharynx'
D: UBERON:0004925 'submucosa of laryngopharynx'
D: UBERON:0004802 'respiratory tract epithelium'
D: UBERON:0003831 'respiratory system muscle'
D: UBERON:0004800 'bronchus basal lamina'
D: UBERON:0007250 'lingual tonsil'
D: UBERON:0009672 'oronasal membrane'
D: UBERON:0009671 'nasal fin'
D: UBERON:0001826 'nasal cavity mucosa'
D: UBERON:0001707 'nasal cavity'
D: UBERON:0035963 'epithelial lining fluid'
D: UBERON:0010423 'primary lymphoid nodule of tonsil'
D: UBERON:2001857 'hyoidean artery'
D: CL:0017000 'pulmonary ionocyte'
D: UBERON:0008575 'oblique arytenoid'
D: UBERON:0008576 'thyro-arytenoid'
D: UBERON:0000977 'pleura'
D: UBERON:0008577 'vocalis muscle'
D: UBERON:0001825 'paranasal sinus'
D: UBERON:0001824 'mucosa of larynx'
D: UBERON:0001958 'terminal bronchiole epithelium'
D: UBERON:0011985 'infraorbital sinus'
D: UBERON:0011862 'pulmonary collagen fibril'
D: UBERON:0011625 'inferior horn of thyroid cartilage'
D: UBERON:0011624 'superior horn of thyroid cartilage'
D: UBERON:0011623 'horn of thyroid cartilage'
D: UBERON:0001955 'epithelium of respiratory bronchiole'
D: UBERON:0001957 'submucosa of bronchus'
D: UBERON:0001956 'cartilage of bronchus'
D: UBERON:0001951 'epithelium of nasopharynx'
D: UBERON:0001952 'epithelium of oropharynx'
D: UBERON:0001728 'nasopharynx'
D: CL:2000016 'lung microvascular endothelial cell'
D: UBERON:0009695 'epithelium of laryngopharynx'
D: UBERON:0001729 'oropharynx'
D: UBERON:0007145 'dome of diaphragm'
D: UBERON:0001724 'sphenoidal sinus'
D: UBERON:0007267 'trachea pre-cartilage rings'
D: UBERON:3010197 'lateral recess'
D: UBERON:0001963 'bronchial-associated lymphoid tissue'
D: UBERON:0007161 'medial arcuate ligament'
D: UBERON:0007162 'lateral arcuate ligament'
D: UBERON:0001739 'laryngeal cartilage'
D: UBERON:0001738 'thyroid cartilage'
D: UBERON:0007166 'left dome of diaphragm'
D: UBERON:0035831 'costal diaphragm'
D: UBERON:0001735 'tonsillar ring'
D: UBERON:0001737 'larynx'
D: UBERON:0001730 'extrinsic ligament of larynx'
D: UBERON:0001732 'pharyngeal tonsil'
D: UBERON:0000402 'nasal vestibule'
D: UBERON:0035240 'posterior wall of oropharynx'
D: UBERON:0009073 'dorsobronchus'
D: UBERON:0009074 'syrinx organ'
D: UBERON:0009075 'membrana tympaniformis'
D: UBERON:0010060 'pharyngeal opening of pharyngotympanic tube'
D: UBERON:0013696 'tonsil epithelium'
D: UBERON:0011150 'pharyngeal arch derived gill'
D: UBERON:0009076 'membrana tympaniformis lateralis'
D: UBERON:0010061 'lumen of nasopharynx'
D: UBERON:0035120 'fauces'
D: CL:1000143 'lung goblet cell'
D: UBERON:0009077 'membrana tympaniformis medialis'
D: UBERON:0009078 'pessulus'
D: UBERON:0012121 'respiratory velum'
D: UBERON:2000202 'efferent portion of pharyngeal arch artery'
D: UBERON:0011157 'cuneiform cartilage'
D: UBERON:0009071 'mesobronchus'
D: UBERON:0009072 'ventrobronchus'
D: UBERON:0003643 'respiratory system arterial blood vessel'
D: UBERON:0001102 'cartilage of main bronchus'
D: CL:0000853 'olfactory epithelial support cell'
D: UBERON:0003529 'respiratory system lymphatic vessel endothelium'
D: UBERON:0003406 'cartilage of respiratory system'
D: UBERON:0003404 'lobar bronchus of right lung'
D: UBERON:0001103 'diaphragm'
D: UBERON:0003526 'respiratory system capillary'
D: UBERON:0003405 'lobar bronchus of left lung'
D: UBERON:0000379 'tracheal mucosa'
D: CL:1000491 'mesothelial cell of pleura'
D: CL:1000492 'mesothelial cell of parietal pleura'
D: CL:2000006 'tonsil germinal center B cell'
D: CL:1000493 'mesothelial cell of visceral pleura'
D: UBERON:0036225 'respiratory system gland'
D: UBERON:0011025 'aryepiglotticus muscle'
D: CL:1000377 'dense-core granulated cell of epithelium of trachea'
D: UBERON:0013688 'tonsil germinal center'
D: UBERON:0002202 'submucosa of trachea'
D: UBERON:0004861 'right lung alveolus'
D: UBERON:0004982 'mucosa of epiglottis'
D: UBERON:0003410 'oropharyngeal gland'
D: UBERON:0004862 'left lung alveolus'
D: UBERON:2000319 'branchiostegal membrane'
D: UBERON:0003538 'right lung bronchiole'
D: UBERON:0003539 'left lung bronchiole'
D: UBERON:0000388 'epiglottis'
D: UBERON:0003536 'right lung alveolar duct'
D: UBERON:0003537 'left lung alveolar duct'
D: UBERON:0004987 'mucosa of laryngopharynx'
D: UBERON:0013233 'supraorbital gland'
D: CL:1001573 'nasopharyngeal epithelial cell'
D: UBERON:2001990 'epibranchial arborescent organ'
D: UBERON:0035468 'costodiaphragmatic recess'
D: CL:1001577 'tonsil squamous cell'
D: UBERON:0035228 'tonsillar fossa'
D: CL:0000869 'tonsillar macrophage'
D: UBERON:2000666 'filamental artery'
D: UBERON:0013479 'lung endothelium'
D: CL:0019003 'tracheobronchial goblet cell'
D: CL:0019001 'tracheobronchial serous cell'
D: UBERON:0002453 'ethmoid sinus'
D: UBERON:0003543 'left lung respiratory bronchiole'
D: CL:0019002 'tracheobronchial chondrocyte'
D: UBERON:0003541 'left lung terminal bronchiole'
D: UBERON:0003542 'right lung respiratory bronchiole'
D: UBERON:0003540 'right lung terminal bronchiole'
D: UBERON:0000031 'lamina propria of trachea'
D: UBERON:0002339 'epithelium of lobar bronchus'
D: UBERON:0004517 'smooth muscle tissue of respiratory bronchiole'
D: UBERON:0001005 'respiratory airway'
D: UBERON:0004515 'smooth muscle tissue of bronchiole'
D: UBERON:0004516 'smooth muscle tissue of terminal bronchiole'
D: UBERON:0002338 'lamina propria of bronchus'
D: CL:1000352 'basal cell of epithelium of lobular bronchiole'
D: CL:1000350 'basal cell of epithelium of terminal bronchiole'
D: CL:1000351 'basal cell of epithelium of respiratory bronchiole'
D: CL:1001566 'bronchioalveolar stem cells'
D: CL:1001567 'lung endothelial cell'
D: CL:0019019 'tracheobronchial smooth muscle cell'
D: UBERON:0000170 'pair of lungs'
D: UBERON:0011289 'pharyngobasilar fascia'
D: CL:0019015 'lung parenchyma resident eosinophil'
D: UBERON:0004886 'lung hilus'
D: UBERON:0004883 'lung mesenchyme'
D: UBERON:0004884 'lobar bronchus mesenchyme'
D: UBERON:0002341 'epithelium of segmental bronchus'
D: UBERON:0002340 'epithelium of main bronchus'
D: CL:0000886 'nasal and broncial associated lymphoid tissue macrophage'
D: UBERON:0004889 'lobar bronchus vasculature'
D: UBERON:0004887 'left lung hilus'
D: UBERON:3010200 'vasculature of respiratory integument'
D: UBERON:0004888 'right lung hilus'
D: UBERON:0013653 'velar skeleton'
D: UBERON:0004818 'terminal bronchus epithelium'
D: UBERON:0010384 'lumen of laryngopharynx'
D: CL:1000223 'lung neuroendocrine cell'
D: CL:1000349 'basal cell of epithelium of bronchus'
D: CL:1000348 'basal cell of epithelium of trachea'
D: UBERON:0004816 'larynx epithelium'
D: UBERON:0003604 'trachea cartilage'
D: UBERON:0004814 'upper respiratory tract epithelium'
D: UBERON:0004815 'lower respiratory tract epithelium'
D: UBERON:0003603 'lower respiratory tract cartilage'
D: CL:1000330 'serous cell of epithelium of trachea'
D: UBERON:0035453 'laryngeal ventricle'
D: CL:1000331 'serous cell of epithelium of bronchus'
D: UBERON:0011345 'pharyngeal raphe'
D: CL:1000332 'serous cell of epithelium of terminal bronchiole'
D: CL:1000333 'serous cell of epithelium of lobular bronchiole'
D: UBERON:0010019 'spiracle (sensu Vertebrata)'
D: UBERON:0002400 'parietal pleura'
D: CL:1000329 'tracheal goblet cell'
D: UBERON:0019190 'mucous gland of lung'
D: UBERON:0000101 'lobe of lung'
D: CL:0000307 'tracheal epithelial cell'
D: CL:0002600 'smooth muscle cell of trachea'
D: UBERON:0003617 'trachea elastic tissue'
D: UBERON:0004948 'submucosa of left main bronchus'
D: UBERON:0004949 'submucosa of main bronchus'
D: UBERON:0001558 'lower respiratory tract'
D: UBERON:0003615 'lung elastic tissue'
D: UBERON:0003616 'bronchus elastic tissue'
D: UBERON:0004947 'submucosa of right main bronchus'
D: UBERON:0002402 'pleural cavity'
D: UBERON:0004702 'respiratory system blood vessel endothelium'
D: UBERON:0000102 'lung vasculature'
D: UBERON:0002401 'visceral pleura'
D: UBERON:0003611 'respiratory system elastic tissue'
D: UBERON:0004821 'pulmonary alveolus epithelium'
D: CL:0008026 'open tracheal system tracheocyte'
D: UBERON:0001557 'upper respiratory tract'
D: UBERON:0012100 'appendicocostalis muscle'
D: UBERON:0011495 'rectus thoracis muscle'
D: UBERON:0009058 'faveolus'
D: UBERON:3000678 'esophageal process'
D: UBERON:3000677 'lateral process of cricoid cartilage'
D: UBERON:3000676 'bronchial process'
D: UBERON:0014765 'crus of diaphragm'
D: UBERON:0014766 'right crus of diaphragm'
D: UBERON:0014767 'left crus of diaphragm'
D: UBERON:0004830 'respiratory system skeletal muscle'
D: UBERON:0004951 'submucosa of segmental bronchus'
D: UBERON:0004952 'submucosa of bronchiole'
D: UBERON:0004950 'submucosa of lobar bronchus'
D: UBERON:0000117 'respiratory tube'
D: UBERON:0003505 'trachea blood vessel'
D: UBERON:0001566 'cricothyroid muscle'
D: UBERON:0000355 'pharyngeal mucosa'
D: UBERON:0003504 'respiratory system blood vessel'
D: UBERON:0000114 'lung connective tissue'
D: UBERON:0001568 'muscle of larynx'
D: UBERON:0000115 'lung epithelium'
D: UBERON:0000116 'lung saccule'
D: UBERON:0002535 'gill'
D: UBERON:0009062 'posterior air sac'
D: UBERON:0009063 'interclavicular air sac'
D: UBERON:0009064 'cervical air sac'
D: UBERON:0009065 'anterior thoracic air sac'
D: CL:0010003 'epithelial cell of alveolus of lung'
D: UBERON:0035431 'mediastinal pleura'
D: UBERON:0009066 'posterior thoracic air sac'
D: UBERON:0009067 'abdominal air sac'
D: UBERON:0012330 'nasal-associated lymphoid tissue'
D: CL:1000312 'bronchial goblet cell'
D: UBERON:2000211 'gill lamella'
D: UBERON:3000689 'prominentia apicalis ventralis'
D: UBERON:0035313 'posterior wall of laryngopharynx'
D: UBERON:3000688 'prominentia apicalis dorsalis'
D: UBERON:0009060 'air sac'
D: UBERON:0009061 'anterior air sac'
D: CL:0000322 'pneumocyte'
D: UBERON:0001570 'inferior pharyngeal constrictor'
D: UBERON:0003518 'main bronchus blood vessel'
D: UBERON:0004849 'respiratory system venous endothelium'
D: UBERON:0004848 'respiratory system arterial endothelium'
D: UBERON:0003512 'lung blood vessel'
# PARSING: UBERON:0001004
# QUERY: UBERON:0001004 'respiratory system'
E: UBERON:0001004 'respiratory system'
D: UBERON:0005155 'open tracheal system'
2021-02-08 17:02:13,998 WARN  (OWLGraphWrapperExtended:936) Unable to retrieve the value of oboInOwl#id as the identifier for http://www.w3.org/2002/07/owl#Nothing; we will use an original iri as the identifier.
2021-02-08 17:02:14,004 WARN  (OWLGraphWrapperExtended:936) Unable to retrieve the value of oboInOwl#id as the identifier for http://www.w3.org/2002/07/owl#Nothing; we will use an original iri as the identifier.
D: Nothing Nothing
A:BFO:0000004 'independent continuant'
A:BFO:0000002 'continuant'
A:UBERON:0000061 'anatomical structure'
A:UBERON:0001062 'anatomical entity'
A:BFO:0000040 'material entity'
A:UBERON:0000465 'material anatomical entity'
A:UBERON:0000467 'anatomical system'
2021-02-08 17:02:14,052 WARN  (OWLGraphWrapperExtended:936) Unable to retrieve the value of oboInOwl#id as the identifier for http://www.w3.org/2002/07/owl#Thing; we will use an original iri as the identifier.
2021-02-08 17:02:14,056 WARN  (OWLGraphWrapperExtended:936) Unable to retrieve the value of oboInOwl#id as the identifier for http://www.w3.org/2002/07/owl#Thing; we will use an original iri as the identifier.
A:Thing Thing
