# PARSING: BFO_0000050 some UBERON:0001008
# QUERY: ObjectSomeValuesFrom(BFO:0000050 'part of' UBERON:0001008 'renal system')
2021-02-08 17:03:58,917 WARN  (ChangeIndexingProcessor:66) [reasoner.indexing.axiomIgnored]ELK does not support ObjectAllValuesFrom. Axiom ignored:
SubClassOf(<http://purl.obolibrary.org/obo/BFO_0000019> ObjectAllValuesFrom(<http://purl.obolibrary.org/obo/BFO_0000050> <http://purl.obolibrary.org/obo/BFO_0000019>))
2021-02-08 17:03:58,946 WARN  (ChangeIndexingProcessor:66) [reasoner.indexing.axiomIgnored]ELK does not support ObjectAllValuesFrom. Axiom ignored:
SubClassOf(<http://purl.obolibrary.org/obo/BFO_0000020> ObjectAllValuesFrom(<http://purl.obolibrary.org/obo/BFO_0000050> <http://purl.obolibrary.org/obo/BFO_0000020>))
2021-02-08 17:03:58,957 WARN  (ChangeIndexingProcessor:66) [reasoner.indexing.axiomIgnored]ELK does not support ObjectAllValuesFrom. Axiom ignored:
SubClassOf(<http://purl.obolibrary.org/obo/BFO_0000003> ObjectAllValuesFrom(<http://purl.obolibrary.org/obo/BFO_0000050> <http://purl.obolibrary.org/obo/BFO_0000003>))
2021-02-08 17:03:58,961 WARN  (ChangeIndexingProcessor:66) [reasoner.indexing.axiomIgnored]ELK does not support ObjectAllValuesFrom. Axiom ignored:
SubClassOf(<http://purl.obolibrary.org/obo/BFO_0000002> ObjectAllValuesFrom(<http://purl.obolibrary.org/obo/BFO_0000050> <http://purl.obolibrary.org/obo/BFO_0000002>))
2021-02-08 17:03:58,968 WARN  (ChangeIndexingProcessor:66) [reasoner.indexing.axiomIgnored]ELK does not support ObjectAllValuesFrom. Axiom ignored:
SubClassOf(<http://purl.obolibrary.org/obo/BFO_0000004> ObjectAllValuesFrom(<http://purl.obolibrary.org/obo/BFO_0000050> <http://purl.obolibrary.org/obo/BFO_0000004>))
2021-02-08 17:04:00,974 WARN  (OWLGraphWrapperExtended:936) Unable to retrieve the value of oboInOwl#id as the identifier for http://owltools.org/Q; we will use an original iri as the identifier.
2021-02-08 17:04:00,977 WARN  (OWLGraphWrapperExtended:936) Unable to retrieve the value of oboInOwl#id as the identifier for http://owltools.org/Q; we will use an original iri as the identifier.
E: Q Q
D: UBERON:0036295 'renal pelvis/ureter'
D: UBERON:0014388 'kidney collecting duct epithelium'
D: UBERON:2002225 'posterior pronephric duct'
D: UBERON:0005788 'lamina rara interna'
D: UBERON:0005787 'lamina densa of glomerular basement membrane'
D: UBERON:0004212 'glomerular capillary'
D: CL:0002518 'kidney epithelial cell'
D: UBERON:0004211 'nephron epithelium'
D: UBERON:0005309 'pronephric nephron'
D: UBERON:0005308 'nephrostome'
D: UBERON:0006517 'kidney calyx'
D: UBERON:0004219 'urethra smooth muscle layer'
D: UBERON:0005789 'lamina rara externa'
D: CL:1001064 'kidney artery smooth muscle cell'
D: CL:1001068 'kidney venous system smooth muscle cell'
D: CL:1001066 'kidney arteriole smooth muscle cell'
D: CL:0002519 'interrenal epithelial cell'
D: UBERON:0009914 'renal lobule'
D: UBERON:0009917 'kidney corticomedullary boundary'
D: UBERON:0005312 'primary ureteric bud'
D: UBERON:0009916 'wall of ureter'
D: CL:0002523 'mesonephric glomerular visceral epithelial cell'
D: UBERON:0004100 'renal collecting system'
D: UBERON:0009919 'ureter smooth muscle'
D: UBERON:0005310 'pronephric nephron tubule'
D: CL:0002522 'renal filtration cell'
D: CL:0002525 'metanephric glomerular visceral epithelial cell'
D: UBERON:0005792 'nephric ridge'
D: CL:0002524 'disseminated nephrocyte'
D: CL:0002520 'nephrocyte'
D: UBERON:0004229 'urinary bladder trigone smooth muscle'
D: UBERON:0005319 'mesonephric collecting duct'
D: UBERON:0009913 'renal lobe'
D: UBERON:0004227 'kidney pelvis smooth muscle'
D: CL:1000090 'pronephric nephron tubule epithelial cell'
D: UBERON:0004228 'urinary bladder smooth muscle'
D: CL:1001052 'kidney cortex vein cell'
D: UBERON:0003393 'mesentery of urinary system'
D: UBERON:0005326 'mesonephric glomerulus vasculature'
D: UBERON:0005325 'mesonephric glomerulus'
D: UBERON:0008716 'hilum of kidney'
D: UBERON:0005324 'mesonephric macula densa'
D: UBERON:0006534 'renal convoluted tubule'
D: UBERON:0005323 'mesonephric mesenchyme'
D: UBERON:0005202 'distal straight tubule macula densa'
D: UBERON:0005322 'mesonephric nephron'
D: UBERON:0005321 'mesonephric smooth muscle tissue'
D: UBERON:0005320 'mesonephric juxtaglomerular apparatus'
D: UBERON:0004230 'urinary bladder neck smooth muscle'
D: CL:0000474 'pericardial nephrocyte'
D: UBERON:0005329 'mesonephric nephron tubule'
D: UBERON:0005328 'mesonephric comma-shaped body'
D: UBERON:0005327 'mesonephric glomerular epithelium'
D: CL:1001287 'outer medulla vasa recta descending limb cell'
D: CL:1001045 'kidney cortex artery cell'
D: CL:1001285 'vasa recta descending limb cell'
D: CL:1001286 'inner medulla vasa recta descending limb cell'
D: UBERON:0002189 'outer cortex of kidney'
D: CL:0002307 'brush border cell of the proximal tubule'
D: UBERON:0002068 'urachus'
D: CL:0002306 'epithelial cell of proximal tubule'
D: UBERON:0005215 'kidney interstitium'
D: UBERON:0005214 'inner renal medulla interstitium'
D: UBERON:0006544 'kidney vasculature'
D: UBERON:0005213 'outer renal medulla interstitium'
D: UBERON:0005332 'mesonephric S-shaped body'
D: UBERON:0005211 'renal medulla interstitium'
D: UBERON:0006542 'outer medulla outer stripe loop of Henle'
D: UBERON:0005331 'mesonephric renal vesicle'
D: UBERON:0006541 'outer medulla inner stripe loop of Henle'
D: CL:0002305 'epithelial cell of distal tubule'
D: UBERON:0005330 'mesonephric nephron epithelium'
D: CL:0000486 'garland cell'
D: UBERON:0006307 'urogenital membrane'
D: UBERON:0014464 'renal fat pad'
D: UBERON:0016524 'muscle layer of spongiose part of urethra'
D: UBERON:0036375 'wall of right ureter'
D: CL:1000182 'malpighian tubule tip cell'
D: UBERON:2001293 'posterior kidney'
D: UBERON:0036376 'wall of left ureter'
D: UBERON:0011199 'prostatic utricle'
D: UBERON:0016520 'epithelium of female urethra'
D: CL:1001033 'peritubular capillary endothelial cell'
D: UBERON:2001055 'pronephric duct opening'
D: CL:1001036 'vasa recta cell'
D: UBERON:0004775 'outer renal medulla vasa recta'
D: UBERON:0004776 'inner renal medulla vasa recta'
D: UBERON:0000056 'ureter'
D: UBERON:0002113 'kidney'
D: UBERON:0000057 'urethra'
D: UBERON:0001261 'lamina propria of urinary bladder'
D: UBERON:0001260 'serosa of urinary bladder'
D: UBERON:0004539 'right kidney'
D: UBERON:0005749 'glomerular tuft'
D: UBERON:0004538 'left kidney'
D: UBERON:0016510 'epithelium of male urethra'
D: UBERON:0013244 'vaginal plate'
D: UBERON:0011183 'corpus spongiosum of penis'
D: UBERON:0013245 'sinovaginal bulb'
D: CL:1001145 'interlobular vein cell'
D: CL:1001021 'kidney loop of Henle descending limb epithelial cell'
D: UBERON:0015420 'ureteral valve'
D: CL:1001142 'arcuate vein cell'
D: CL:1000296 'epithelial cell of urethra'
D: UBERON:0016515 'muscular layer of prostatic urethra'
D: UBERON:0016516 'lamina propria of prostatic urethra'
D: UBERON:0003455 'inner renal medulla loop of Henle'
D: UBERON:0004787 'urethra urothelium'
D: UBERON:0002366 'bulbo-urethral gland'
D: UBERON:0005751 'visceral layer of glomerular capsule'
D: UBERON:0005750 'glomerular parietal epithelium'
D: UBERON:0002120 'pronephros'
D: CL:0002201 'renal beta-intercalated cell'
D: UBERON:0004788 'kidney pelvis urothelium'
D: CL:0002681 'kidney cortical cell'
D: CL:1001131 'vasa recta ascending limb cell'
D: UBERON:0001290 'proximal straight tubule'
D: CL:1001016 'kidney loop of Henle ascending limb epithelial cell'
D: UBERON:0000080 'mesonephros'
D: CL:1001138 'interlobular artery cell'
D: CL:1001135 'arcuate artery cell'
D: UBERON:0000081 'metanephros'
D: UBERON:0037447 'wall of male urethra'
D: UBERON:0001292 'distal convoluted tubule'
D: UBERON:0000082 'adult mammalian kidney'
D: UBERON:0001291 'thick ascending limb of loop of Henle'
D: UBERON:0006855 'muscular coat of ureter'
D: UBERON:0001287 'proximal convoluted tubule'
D: UBERON:0001286 'Bowman's space'
D: UBERON:0006854 'distal straight tubule postmacula segment'
D: UBERON:0002015 'kidney capsule'
D: UBERON:0006974 'metanephridium'
D: UBERON:0006853 'renal cortex tubule'
D: UBERON:0001289 'descending limb of loop of Henle'
D: UBERON:0006852 'glomerular visceral epithelium'
D: UBERON:0001288 'loop of Henle'
D: UBERON:0006973 'protonephridium'
D: UBERON:0006851 'renal cortex peritubular capillary'
D: UBERON:0006972 'nephridium'
D: UBERON:0001285 'nephron'
D: UBERON:0000074 'renal glomerulus'
D: UBERON:0005760 'urorectal septum'
D: UBERON:0001284 'renal column'
D: UBERON:0006857 'interrenal primordium'
D: UBERON:0006856 'interrenal gland'
D: UBERON:0012296 'urethral crest'
D: UBERON:0012295 'Guérin's valve'
D: UBERON:0012294 'navicular fossa of spongiose part of urethra'
D: CL:1001123 'kidney outer medulla peritubular capillary cell'
D: UBERON:0012299 'mucosa of urethra'
D: CL:1000155 'Malpighian tubule stellate cell'
D: UBERON:0012298 'female urethral crest'
D: UBERON:0037455 'wall of female urethra'
D: UBERON:0012297 'male urethral crest'
D: CL:1001126 'inner renal medulla vasa recta cell'
D: CL:1001005 'glomerular capillary endothelial cell'
D: CL:1001006 'kidney afferent arteriole cell'
D: CL:1001127 'outer renal medulla vasa recta cell'
D: CL:1001124 'kidney cortex peritubular capillary cell'
D: CL:1001009 'kidney efferent arteriole cell'
D: UBERON:0004203 'cortical collecting duct'
D: UBERON:0005777 'glomerular basement membrane'
D: UBERON:0004204 'outer medullary collecting duct'
D: UBERON:0004201 'kidney outer medulla inner stripe'
D: UBERON:0003475 'ureteric vein'
D: UBERON:0004202 'kidney outer medulla outer stripe'
D: UBERON:0001294 'inner medulla of kidney'
D: UBERON:0000083 'mesonephric tubule'
D: UBERON:0000084 'ureteric bud'
D: UBERON:0004200 'kidney pyramid'
D: UBERON:0001293 'outer medulla of kidney'
D: UBERON:0005892 'mesonephric early distal tubule'
D: UBERON:0001054 'Malpighian tubule'
D: CL:0002584 'renal cortical epithelial cell'
D: UBERON:0004207 'prebend segment of loop of Henle'
D: UBERON:0004205 'inner medullary collecting duct'
D: UBERON:0004206 'long descending thin limb bend'
D: UBERON:0009871 'nephrogenic zone'
D: UBERON:0011830 'duct of lesser vestibular gland'
D: UBERON:0005151 'metanephric proximal tubule'
D: UBERON:0005272 'peritubular capillary'
D: UBERON:0005271 'juxtamedullary cortex'
D: UBERON:0005270 'renal cortex interstitium'
D: CL:1000702 'kidney pelvis smooth muscle cell'
D: UBERON:0005149 'metanephric connecting tubule'
D: UBERON:0005269 'renal cortex vein'
D: UBERON:0005148 'metanephric S-shaped body'
D: UBERON:0005147 'metanephric renal vesicle'
D: UBERON:0005268 'renal cortex artery'
D: UBERON:0005146 'metanephric nephron tubule'
D: UBERON:0005145 'metanephric comma-shaped body'
D: UBERON:0005144 'metanephric glomerular capillary'
D: UBERON:0007684 'uriniferous tubule'
D: UBERON:0007685 'region of nephron tubule'
D: UBERON:0009622 'pronephric proximal straight tubule'
D: CL:0002597 'smooth muscle cell of bladder'
D: UBERON:0009866 'Hatschek's nephridium'
D: UBERON:0009883 'medullary ray'
D: UBERON:0005164 'ascending limb of loop of Henle'
D: UBERON:0006374 'part of afferent arteriole forming the juxtaglomerular complex'
D: UBERON:0004195 'short nephron'
D: UBERON:0004196 'proximal convoluted tubule segment 1'
D: UBERON:0006373 'perihilar interstitium'
D: UBERON:0004193 'loop of Henle ascending limb thin segment'
D: UBERON:0004194 'long nephron'
D: UBERON:0004190 'renal glomerulus vasculature'
D: CL:1000804 'kidney outer medulla interstitial cell'
D: UBERON:0011948 'ureter subluminal urothelium'
D: UBERON:0011947 'ureter luminal urothelium'
D: CL:1000803 'kidney inner medulla interstitial cell'
D: UBERON:0004188 'glomerular epithelium'
D: UBERON:0004189 'glomerular endothelium'
D: UBERON:0006364 'ureteric bud tip'
2021-02-08 17:04:01,808 WARN  (OWLGraphWrapperExtended:936) Unable to retrieve the value of oboInOwl#id as the identifier for http://www.w3.org/2002/07/owl#Nothing; we will use an original iri as the identifier.
2021-02-08 17:04:01,810 WARN  (OWLGraphWrapperExtended:936) Unable to retrieve the value of oboInOwl#id as the identifier for http://www.w3.org/2002/07/owl#Nothing; we will use an original iri as the identifier.
D: Nothing Nothing
D: UBERON:0009650 'cortical arch of kidney'
D: UBERON:0009773 'renal tubule'
D: UBERON:2005311 'pronephric glomerular capsule epithelium'
D: UBERON:0009651 'nephron tubule basement membrane'
D: UBERON:0005168 'renal interlobular vein'
D: UBERON:0004199 'S-shaped body'
D: UBERON:0005167 'papillary duct'
D: UBERON:0004197 'proximal convoluted tubule segment 2'
D: UBERON:0006376 'premacula segment of distal straight tubule'
D: UBERON:0004198 'comma-shaped body'
D: UBERON:0018118 'right renal cortex interstitium'
D: UBERON:0018119 'left renal medulla interstitium'
D: UBERON:0018116 'right renal pelvis'
D: UBERON:0018117 'left renal cortex interstitium'
D: UBERON:0018114 'right kidney interstitium'
D: UBERON:0018115 'left renal pelvis'
D: UBERON:0018113 'left kidney interstitium'
D: UBERON:0005185 'renal medulla collecting duct'
D: CL:1000909 'kidney loop of Henle epithelial cell'
D: UBERON:0018120 'right renal medulla interstitium'
D: UBERON:0005106 'metanephric tubule'
D: UBERON:0005105 'posterior mesonephric tubule'
D: UBERON:0004135 'distal tubule'
D: UBERON:0005104 'anterior mesonephric tubule'
D: UBERON:0006555 'excretory tube'
D: UBERON:0005103 'mesonephric epithelium'
D: UBERON:0004136 'intermediate tubule'
D: UBERON:0005102 'late distal convoluted tubule'
D: UBERON:0006553 'renal duct'
D: UBERON:0004134 'proximal tubule'
D: UBERON:0005101 'early distal convoluted tubule'
D: UBERON:0005100 'long descending thin limb'
D: UBERON:0005109 'metanephric smooth muscle tissue'
D: UBERON:0005108 'metanephric epithelium'
D: UBERON:0005120 'metanephric late distal convoluted tubule'
D: UBERON:0003060 'pronephric duct'
D: UBERON:0005117 'metanephric distal convoluted tubule'
D: UBERON:0005116 'metanephric descending thin limb'
D: UBERON:0009958 'bladder lumen'
D: UBERON:0005115 'metanephric cortical collecting duct'
D: UBERON:0005114 'metanephric ascending thin limb'
D: UBERON:0006565 'female urethral meatus'
D: UBERON:0005111 'metanephric pyramid'
D: UBERON:0005110 'metanephric nephron'
D: UBERON:0007653 'capillary loop nephron'
D: UBERON:0007654 'maturing nephron'
D: UBERON:0008987 'renal parenchyma'
D: UBERON:0005119 'metanephric glomerular mesangium'
D: UBERON:0005118 'metanephric early distal convoluted tubule'
D: CL:1001096 'kidney afferent arteriole endothelial cell'
D: CL:1001097 'kidney afferent arteriole smooth muscle cell'
D: CL:1001099 'kidney efferent arteriole endothelial cell'
D: UBERON:0005010 'mucosa of neck of urinary bladder'
D: UBERON:0006341 'outer renal medulla peritubular capillary'
D: UBERON:0005130 'metanephric loop of Henle'
D: UBERON:0003074 'mesonephric duct'
D: UBERON:0005249 'metanephric renal pelvis'
D: UBERON:0005007 'mucosa of major calyx'
D: UBERON:0007307 'pronephric glomerular basement membrane'
D: UBERON:0006217 'cloacal membrane'
D: UBERON:0005006 'mucosa of renal pelvis'
D: UBERON:0005127 'metanephric thick ascending limb'
D: UBERON:0006337 'distal early tubule'
D: UBERON:0007308 'pronephric distal early tubule'
D: UBERON:0005126 'metanephric S1'
D: UBERON:0005005 'mucosa of left ureter'
D: UBERON:0005125 'metanephric proximal straight tubule'
D: UBERON:0005004 'mucosa of right ureter'
D: UBERON:0005124 'metanephric proximal convoluted tubule'
D: UBERON:0005123 'metanephric prebend segment'
D: UBERON:0004032 'podocyte slit diaphragm'
D: UBERON:0005122 'metanephric macula densa'
D: UBERON:0005121 'metanephric long descending thin limb bend'
D: UBERON:0004033 'podocyte slit junction'
D: UBERON:0009962 'excretory gland'
D: UBERON:0009964 'crustacean maxillary gland'
D: UBERON:0009963 'antennal gland'
D: UBERON:0009965 'coxal gland'
D: CL:0002173 'extraglomerular mesangial cell'
D: UBERON:0009844 'urogenital sinus lumen'
D: UBERON:0009847 'prostate field'
D: UBERON:0005009 'mucosa of trigone of urinary bladder'
D: UBERON:0005129 'metanephric distal tubule'
D: UBERON:0005008 'mucosa of minor calyx'
D: UBERON:0009846 'embryonic cloacal epithelium'
D: UBERON:0007306 'pronephric glomerular capillary'
D: UBERON:0004294 'glomerular capillary endothelium'
D: UBERON:0005141 'metanephric short descending thin limb'
D: UBERON:0005140 'metanephric short nephron'
D: UBERON:0005139 'metanephric long descending thin limb'
D: UBERON:0008408 'distal tubular epithelium'
D: UBERON:0005016 'mucosa of intermediate urethra'
D: UBERON:0005137 'metanephric capsule'
D: UBERON:0005015 'mucosa of prostatic urethra'
D: UBERON:0005136 'metanephric glomerular endothelium'
D: UBERON:0005014 'mucosa of female urethra'
D: UBERON:0005135 'metanephric glomerular epithelium'
D: UBERON:0005013 'mucosa of male urethra'
D: UBERON:0005134 'metanephric nephron epithelium'
D: UBERON:0005133 'metanephric glomerulus vasculature'
D: UBERON:0005132 'metanephric long nephron'
D: UBERON:0009973 'ureterovesical junction'
D: CL:0002188 'glomerular endothelial cell'
D: UBERON:0009972 'ureteropelvic junction'
D: UBERON:0008404 'proximal tubular epithelium'
D: UBERON:0035762 'capillary network of kidney'
D: UBERON:0007298 'pronephric proximal convoluted tubule'
D: CL:1000547 'kidney inner medulla collecting duct epithelial cell'
D: CL:1000548 'kidney outer medulla collecting duct epithelial cell'
D: UBERON:0006082 'fundus of urinary bladder'
D: CL:1000546 'kidney medulla collecting duct epithelial cell'
D: CL:1000891 'kidney arterial blood vessel cell'
D: CL:1000892 'kidney capillary endothelial cell'
D: CL:1000893 'kidney venous blood vessel cell'
D: UBERON:0007179 'basal cell layer of urothelium'
D: UBERON:0004902 'urogenital sinus epithelium'
D: UBERON:2005292 'distal late tubule'
D: UBERON:0009010 'periurethral tissue'
D: UBERON:0004919 'external urethral sphincter'
D: UBERON:0011574 'mesonephric duct lumen'
D: UBERON:0034770 'bulbourethral gland epithelium'
D: UBERON:0004917 'urethral sphincter'
D: UBERON:0003829 'urethra muscle tissue'
D: UBERON:0004918 'internal urethral sphincter'
D: UBERON:0012303 'ureteral orifice'
D: UBERON:0012302 'male membranous urethra'
D: UBERON:0012301 'female membranous urethra'
D: CL:1000768 'kidney connecting tubule epithelial cell'
D: UBERON:0012428 'proximal convoluted tubule brush border'
D: UBERON:3010392 'mesonephric early proximal tubule'
D: UBERON:3011120 'early proximal tubule'
D: UBERON:3010394 'mesonephric late proximal tubule'
D: UBERON:3010393 'mesonephric late distal segment'
D: CL:0005009 'renal principal cell'
D: UBERON:3011121 'late distal segment'
D: UBERON:0003820 'prostate bud'
D: CL:0005010 'renal intercalated cell'
D: CL:1000510 'kidney glomerular epithelial cell'
D: UBERON:0011203 'urachus mesenchyme'
D: UBERON:0011202 'urachus epithelium'
D: UBERON:0035758 'peritubular capillary plexus of kidney'
D: CL:2000065 'ovarian microvascular endothelial cell'
D: CL:1000507 'kidney tubule cell'
D: CL:1000505 'kidney pelvis cell'
D: CL:0005011 'renal alpha-intercalated cell'
D: UBERON:0007132 'head kidney'
D: CL:1000500 'kidney interstitial cell'
D: CL:1000742 'glomerular mesangial cell'
D: UBERON:0034997 'renal medulla loop of Henle'
D: UBERON:0034996 'outer renal medulla loop of Henle'
D: CL:1000746 'glomerular cell'
D: CL:1000504 'kidney medulla cell'
D: CL:1000617 'kidney inner medulla cell'
D: CL:1000618 'juxtaglomerular complex cell'
D: CL:1000615 'kidney cortex tubule cell'
D: CL:1000616 'kidney outer medulla cell'
D: CL:1000979 'ureter smooth muscle cell'
D: UBERON:0009669 'embryonic cloacal lumen'
D: UBERON:0009201 'nephric duct'
D: UBERON:0010532 'primitive nephron'
D: UBERON:0010533 'metanephros cortex'
D: UBERON:0006175 'pronephric distal tubule'
D: UBERON:0034884 'juxtaglomerular arteriole'
D: UBERON:0006174 'pronephric sinus'
D: UBERON:0006173 'pronephric proximal tubule'
D: CL:1000850 'macula densa epithelial cell'
D: CL:2000040 'bladder microvascular endothelial cell'
D: UBERON:0010531 'metanephros induced blastemal cells'
D: UBERON:0006172 'rectal diverticulum'
D: UBERON:0006171 'renal sinus'
D: UBERON:0010537 'mesonephric nephron progenitor'
D: UBERON:0006170 'mesonephric capsule'
D: UBERON:0005081 'ureter ureteric bud'
D: UBERON:0010534 'primitive mesonephric nephron'
D: CL:1000854 'kidney blood vessel cell'
D: CL:1000612 'kidney corpuscule cell'
D: UBERON:0005080 'metanephric ureteric bud'
D: UBERON:0010535 'primitive metanephric nephron'
D: CL:1000606 'kidney nerve cell'
D: CL:1000849 'kidney distal convoluted tubule epithelial cell'
D: UBERON:0010418 'urethral opening'
D: UBERON:0005097 'renal connecting tubule'
D: CL:1000720 'kidney papillary duct intercalated cell'
D: UBERON:0005096 'descending thin limb'
D: UBERON:0006183 'mesonephric glomerular capillary'
D: UBERON:0006182 'mesonephric glomerular mesangium'
D: CL:1000600 'lower urinary tract cell'
D: CL:1000721 'kidney papillary duct principal cell'
D: CL:1000601 'ureteral cell'
D: CL:1000716 'kidney outer medulla collecting duct principal cell'
D: CL:1000838 'kidney proximal convoluted tubule epithelial cell'
D: CL:1000717 'kidney outer medulla collecting duct intercalated cell'
D: CL:1000714 'kidney cortex collecting duct principal cell'
D: CL:1000715 'kidney cortex collecting duct intercalated cell'
D: CL:1000839 'kidney proximal straight tubule epithelial cell'
D: CL:1000718 'kidney inner medulla collecting duct principal cell'
D: CL:1000719 'kidney inner medulla collecting duct intercalated cell'
D: UBERON:0006190 'mesonephric distal tubule'
D: UBERON:0006196 'mesonephric sinus'
D: UBERON:0006195 'renal sinus of left kidney'
D: UBERON:0006194 'renal sinus of right kidney'
D: UBERON:0006192 'mesonephric proximal tubule'
D: CL:1000706 'ureter urothelial cell'
D: CL:1000703 'kidney pelvis urothelial cell'
D: UBERON:0006189 'mesonephric connecting tubule'
D: CL:1000708 'ureter adventitial cell'
D: UBERON:0005099 'short descending thin limb'
D: UBERON:0012241 'male urethral meatus'
D: UBERON:0012240 'urethral meatus'
D: UBERON:0010181 'straight venules of kidney'
D: CL:1000022 'mesonephric nephron tubule epithelial cell'
D: UBERON:0010187 'female urethral gland'
D: CL:1001111 'kidney loop of Henle thin descending limb epithelial cell'
D: UBERON:0010186 'male urethral gland'
D: UBERON:0014782 'allantois of embryonic urinary system'
D: UBERON:0012242 'internal urethral orifice'
D: UBERON:0035368 'anterior surface of kidney'
D: UBERON:0001223 'left ureter'
D: UBERON:0001222 'right ureter'
D: CL:0000731 'urothelial cell'
D: UBERON:0004739 'pronephric glomerulus'
D: UBERON:0001229 'renal corpuscle'
D: UBERON:0001228 'renal papilla'
D: UBERON:0003527 'kidney capillary'
D: UBERON:0004737 'metanephric collecting duct'
D: UBERON:0002319 'mesangium'
D: UBERON:0004738 'metanephric juxtaglomerular apparatus'
D: UBERON:0001225 'cortex of kidney'
D: UBERON:0001224 'renal pelvis'
D: UBERON:0004736 'metanephric glomerulus'
D: UBERON:0001227 'minor calyx'
D: UBERON:0006912 'urinary bladder muscularis mucosa'
D: UBERON:0003644 'kidney arterial blood vessel'
D: UBERON:0001226 'major calyx'
D: UBERON:0012351 'urachal lumen'
D: UBERON:0011380 'female external urethral sphincter'
D: CL:1001221 'arcuate vein smooth muscle cell'
D: CL:1001100 'kidney efferent arteriole smooth muscle cell'
D: UBERON:0009089 'inner medulla vasa recta descending limb'
D: UBERON:0011143 'upper urinary tract'
D: UBERON:0012352 'mesangial matrix'
D: CL:1000494 'nephron tubule epithelial cell'
D: CL:1001220 'arcuate vein endothelial cell'
D: CL:1001225 'kidney collecting duct cell'
D: UBERON:0011149 'Marshall's gland'
D: UBERON:0012238 'ureteric bud trunk'
D: CL:1000497 'kidney cell'
D: CL:1001223 'interlobulary vein endothelial cell'
D: CL:1001224 'interlobulary vein smooth muscle cell'
D: CL:1001108 'kidney loop of Henle medullary thick ascending limb epithelial cell'
D: CL:1001109 'kidney loop of Henle cortical thick ascending limb epithelial cell'
D: CL:1001106 'kidney loop of Henle thick ascending limb epithelial cell'
D: CL:1001107 'kidney loop of Henle thin ascending limb epithelial cell'
D: UBERON:0012239 'urinary bladder vasculature'
D: UBERON:0002321 'extraglomerular mesangium'
D: UBERON:0001232 'collecting duct of renal tubule'
D: UBERON:0001231 'nephron tubule'
D: UBERON:0002320 'glomerular mesangium'
D: UBERON:0004980 'mucosa of ureter'
D: UBERON:0000381 'urinary bladder detrusor smooth muscle'
D: UBERON:0001230 'glomerular capsule'
D: UBERON:0002325 'epithelium of urethra'
D: UBERON:0002326 'lamina propria of urethra'
D: UBERON:0016500 'muscularis mucosa of fundus of urinary bladder'
D: UBERON:0009095 'tip of renal papilla'
D: CL:1001210 'outer medulla vasa recta ascending limb cell'
D: CL:1001214 'arcuate artery smooth muscle cell'
D: UBERON:0015418 'urethra mesenchymal layer'
D: CL:1000486 'basal cell of urothelium'
D: CL:1000123 'metanephric nephron tubule epithelial cell'
D: CL:1001213 'arcuate artery endothelial cell'
D: UBERON:0009090 'outer medulla vasa recta descending limb'
D: UBERON:0015777 'transitional epithelium of prostatic urethra'
D: UBERON:0009092 'inner medulla vasa recta ascending limb'
D: UBERON:0009093 'outer medulla vasa recta ascending limb'
D: CL:1001216 'interlobulary artery endothelial cell'
D: UBERON:0016505 'Mullerian tubercle'
D: CL:1001217 'interlobulary artery smooth muscle cell'
D: CL:1001209 'inner medulla vasa recta ascending limb cell'
D: UBERON:0004639 'renal afferent arteriole'
D: UBERON:0002335 'macula densa'
D: UBERON:0003546 'distal convoluted tubule macula densa'
D: UBERON:0035471 'posterior surface of kidney'
D: CL:1001320 'urethra cell'
D: CL:1000596 'inner renal cortex cell'
D: CL:1000597 'papillary tips cell'
D: UBERON:0012378 'muscle layer of urinary bladder'
D: UBERON:0001254 'urothelium of ureter'
D: UBERON:0000164 'primitive urogenital sinus'
D: UBERON:0001253 'lamina propria of ureter'
D: CL:1001319 'bladder cell'
D: UBERON:0001256 'wall of urinary bladder'
D: UBERON:0001255 'urinary bladder'
D: CL:0000648 'kidney granular cell'
D: UBERON:0004640 'renal efferent arteriole'
D: UBERON:0001252 'adventitia of ureter'
D: UBERON:0000163 'embryonic cloaca'
D: UBERON:0001258 'neck of urinary bladder'
D: UBERON:0001257 'trigone of urinary bladder'
D: UBERON:0004645 'urinary bladder urothelium'
D: UBERON:0001259 'mucosa of urinary bladder'
D: CL:1001430 'urethra urothelial cell'
D: CL:1001431 'kidney collecting duct principal cell'
D: UBERON:0009035 'renal straight tubule'
D: UBERON:0012441 'endothelium of peritubular capillary'
D: UBERON:0004819 'kidney epithelium'
D: CL:1001432 'kidney collecting duct intercalated cell'
D: CL:1001318 'renal interstitial pericyte'
D: CL:0000653 'glomerular visceral epithelial cell'
D: UBERON:0004810 'nephron tubule epithelium'
D: CL:1000693 'kidney interstitial fibrocyte'
D: CL:1000452 'parietal epithelial cell'
D: CL:1000691 'kidney interstitial myofibroblast'
D: UBERON:0004829 'urethra skeletal muscle tissue'
D: CL:1000692 'kidney interstitial fibroblast'
D: CL:1000450 'epithelial cell of glomerular capsule'
D: CL:1000697 'kidney interstitial suppressor macrophage'
D: UBERON:2001200 'corpuscles of Stannius'
D: CL:1000698 'kidney resident macrophage'
D: CL:1000695 'kidney interstitial alternatively activated macrophage'
D: CL:1000453 'epithelial cell of intermediate tubule'
D: CL:1000454 'kidney collecting duct epithelial cell'
D: CL:1000696 'kidney interstitial inflammatory macrophage'
D: CL:1001428 'bladder urothelial cell'
D: CL:1000699 'kidney resident dendritic cell'
D: UBERON:0000461 'minor vestibular gland'
D: UBERON:0001552 'kidney arcuate artery'
D: UBERON:0004944 'submucosa of trigone of urinary bladder'
D: UBERON:0005912 'transitional epithelium of major calyx'
D: UBERON:0004945 'submucosa of neck of urinary bladder'
D: UBERON:0001556 'lower urinary tract'
D: UBERON:0004943 'submucosa of urinary bladder'
D: UBERON:0014401 'renal venous blood vessel'
D: CL:1000682 'kidney medulla interstitial cell'
D: UBERON:0004719 'kidney arcuate vein'
D: CL:1000681 'kidney cortex interstitial cell'
D: UBERON:0011379 'male external urethral sphincter'
D: CL:1000442 'urothelial cell of trigone of urinary bladder'
D: CL:1000449 'epithelial cell of nephron'
D: UBERON:0010151 'duct of bulbourethral gland'
D: UBERON:0010390 'lumen of urethra'
D: CL:0009019 'nephrogenic zone cell'
D: CL:1000550 'kidney papillary duct principal epithelial cell'
D: UBERON:0036521 'wall of urethra'
D: UBERON:0000362 'renal medulla'
D: UBERON:0001333 'male urethra'
D: CL:1000549 'kidney cortex collecting duct epithelial cell'
D: CL:1000308 'fibrocyte of adventitia of ureter'
D: UBERON:0000365 'urothelium'
D: UBERON:0001338 'urethral gland'
D: UBERON:0003517 'kidney blood vessel'
D: UBERON:0002303 'juxtaglomerular apparatus'
D: UBERON:0001335 'prostatic urethra'
D: UBERON:0001334 'female urethra'
D: UBERON:0001337 'spongiose part of urethra'
D: UBERON:0004723 'interlobular artery'
D: UBERON:0001336 'membranous urethra of male or female'
# PARSING: UBERON:0001008
# QUERY: UBERON:0001008 'renal system'
E: UBERON:0001008 'renal system'
2021-02-08 17:04:03,229 WARN  (OWLGraphWrapperExtended:936) Unable to retrieve the value of oboInOwl#id as the identifier for http://www.w3.org/2002/07/owl#Nothing; we will use an original iri as the identifier.
2021-02-08 17:04:03,231 WARN  (OWLGraphWrapperExtended:936) Unable to retrieve the value of oboInOwl#id as the identifier for http://www.w3.org/2002/07/owl#Nothing; we will use an original iri as the identifier.
D: Nothing Nothing
A:BFO:0000004 'independent continuant'
A:BFO:0000002 'continuant'
A:UBERON:0000061 'anatomical structure'
A:UBERON:0001062 'anatomical entity'
A:BFO:0000040 'material entity'
A:UBERON:0000465 'material anatomical entity'
A:UBERON:0000467 'anatomical system'
2021-02-08 17:04:03,260 WARN  (OWLGraphWrapperExtended:936) Unable to retrieve the value of oboInOwl#id as the identifier for http://www.w3.org/2002/07/owl#Thing; we will use an original iri as the identifier.
2021-02-08 17:04:03,263 WARN  (OWLGraphWrapperExtended:936) Unable to retrieve the value of oboInOwl#id as the identifier for http://www.w3.org/2002/07/owl#Thing; we will use an original iri as the identifier.
A:Thing Thing
