# PARSING: BFO_0000050 some UBERON:0000990
# QUERY: ObjectSomeValuesFrom(BFO:0000050 'part of' UBERON:0000990 'reproductive system')
2021-02-13 00:30:02,586 WARN  (ChangeIndexingProcessor:66) [reasoner.indexing.axiomIgnored]ELK does not support ObjectAllValuesFrom. Axiom ignored:
SubClassOf(<http://purl.obolibrary.org/obo/BFO_0000019> ObjectAllValuesFrom(<http://purl.obolibrary.org/obo/BFO_0000050> <http://purl.obolibrary.org/obo/BFO_0000019>))
2021-02-13 00:30:02,598 WARN  (ChangeIndexingProcessor:66) [reasoner.indexing.axiomIgnored]ELK does not support ObjectAllValuesFrom. Axiom ignored:
SubClassOf(<http://purl.obolibrary.org/obo/BFO_0000020> ObjectAllValuesFrom(<http://purl.obolibrary.org/obo/BFO_0000050> <http://purl.obolibrary.org/obo/BFO_0000020>))
2021-02-13 00:30:02,602 WARN  (ChangeIndexingProcessor:66) [reasoner.indexing.axiomIgnored]ELK does not support ObjectAllValuesFrom. Axiom ignored:
SubClassOf(<http://purl.obolibrary.org/obo/BFO_0000003> ObjectAllValuesFrom(<http://purl.obolibrary.org/obo/BFO_0000050> <http://purl.obolibrary.org/obo/BFO_0000003>))
2021-02-13 00:30:02,604 WARN  (ChangeIndexingProcessor:66) [reasoner.indexing.axiomIgnored]ELK does not support ObjectAllValuesFrom. Axiom ignored:
SubClassOf(<http://purl.obolibrary.org/obo/BFO_0000002> ObjectAllValuesFrom(<http://purl.obolibrary.org/obo/BFO_0000050> <http://purl.obolibrary.org/obo/BFO_0000002>))
2021-02-13 00:30:02,607 WARN  (ChangeIndexingProcessor:66) [reasoner.indexing.axiomIgnored]ELK does not support ObjectAllValuesFrom. Axiom ignored:
SubClassOf(<http://purl.obolibrary.org/obo/BFO_0000004> ObjectAllValuesFrom(<http://purl.obolibrary.org/obo/BFO_0000050> <http://purl.obolibrary.org/obo/BFO_0000004>))
2021-02-13 00:30:03,441 WARN  (OWLGraphWrapperExtended:936) Unable to retrieve the value of oboInOwl#id as the identifier for http://owltools.org/Q; we will use an original iri as the identifier.
2021-02-13 00:30:03,443 WARN  (OWLGraphWrapperExtended:936) Unable to retrieve the value of oboInOwl#id as the identifier for http://owltools.org/Q; we will use an original iri as the identifier.
E: Q Q
D: UBERON:0015479 'scrotum skin'
D: UBERON:0017659 'ventral surface of penis'
D: CL:0000216 'Sertoli cell'
D: UBERON:0008935 'gastropod albumen gland'
D: CL:0000579 'border follicle cell'
D: UBERON:0008936 'gastropod genital pore'
D: UBERON:0005302 'female preputial gland'
D: UBERON:0005301 'male preputial gland'
D: UBERON:0003366 'epithelium of uterine horn'
D: UBERON:0003485 'vagina sebaceous gland'
D: UBERON:0006639 'crus of penis'
D: UBERON:0008811 'intromittent organ'
D: UBERON:0008812 'hemipenis'
D: UBERON:0006878 'decidua parietalis'
D: UBERON:0036185 'Sertoli cell barrier'
D: UBERON:0035098 'hemipenis transversus muscle'
D: UBERON:0004346 'gubernaculum (male or female)'
D: UBERON:0005799 'simplex uterus'
D: UBERON:0007615 'prostate gland ventral lobe'
D: UBERON:0006646 'muscle layer of epididymis'
D: UBERON:0005798 'bicornuate uterus'
D: UBERON:0006645 'adventitia of epididymis'
D: UBERON:0005797 'bipartite uterus'
D: UBERON:0003134 'female reproductive organ'
D: UBERON:0006644 'tunica albuginea of ovary'
D: UBERON:0004223 'vagina smooth muscle'
D: UBERON:0006643 'tunica albuginea of testis'
D: UBERON:0005796 'duplex uterus'
D: UBERON:0004224 'muscular coat of vas deferens'
D: UBERON:0003135 'male reproductive organ'
D: UBERON:0006642 'muscle layer of oviduct'
D: UBERON:0006641 'appendix epididymis'
D: UBERON:0003133 'reproductive organ'
D: UBERON:0006640 'crus of clitoris'
D: UBERON:0006648 'adventitia of seminal vesicle'
D: UBERON:0006647 'adventitia of ductus deferens'
D: UBERON:0008824 'duct of epididymis'
D: UBERON:0036153 'zonary placenta'
D: UBERON:0036152 'cotyledonary placenta'
D: UBERON:0036154 'discoid placenta'
D: UBERON:0015131 'subepithelial connective tissue of prostatic gland'
D: UBERON:0004360 'cauda epididymis'
D: UBERON:0018529 'female inguinal ring'
D: UBERON:2001118 'urogenital papilla'
D: UBERON:0005205 'lamina propria of vagina'
D: UBERON:0008715 'muscle tissue of prostate'
D: UBERON:0006656 'deep dorsal vein of penis'
D: UBERON:0004358 'caput epididymis'
D: UBERON:0006655 'septum of scrotum'
D: UBERON:0005564 'gonad primordium'
D: UBERON:0006653 'glans clitoris'
D: UBERON:0004353 'female inguinal canal'
D: UBERON:0006652 'muscular layer of vagina'
D: CL:0000477 'ovarian follicle cell'
D: UBERON:0004354 'male inguinal canal'
D: UBERON:0006651 'appendix testis'
D: CL:0002656 'glandular cell of endometrium'
D: CL:0002535 'epithelial cell of cervix'
D: UBERON:0006650 'tunica vaginalis testis'
D: CL:0000590 'small luteal cell'
D: UBERON:0004359 'corpus epididymis'
D: UBERON:0036162 'endotheliochorial placenta'
D: CL:0000592 'large luteal cell'
D: UBERON:0036161 'epitheliochorial placenta'
D: UBERON:0036163 'hemochorial placenta'
D: UBERON:0014394 'uterine fat pad'
D: UBERON:0015243 'lower part of vagina'
D: UBERON:0008847 'ovarian ligament'
D: UBERON:0008848 'cranial suspensory ligament'
D: UBERON:0004245 'oviduct smooth muscle'
D: UBERON:0004243 'prostate gland smooth muscle'
D: UBERON:0005212 'Leydig cell region of testis'
D: UBERON:0013191 'ovarian cortex'
D: UBERON:0013192 'ovarian medulla'
D: UBERON:0015130 'connective tissue of prostate gland'
D: UBERON:0008842 'suspensory ligament of testis'
D: UBERON:0036292 'adnexa of uterus'
D: UBERON:0008843 'gubernaculum testis'
D: UBERON:0008844 'gubernaculum (female)'
D: UBERON:0016524 'muscle layer of spongiose part of urethra'
D: UBERON:0035165 'posterior surface of prostate'
D: UBERON:0017732 'raphe of scrotum'
D: UBERON:0013250 'vesicular appendage of epoophoron'
D: UBERON:0015792 'prostate gland dorsal lobe'
D: UBERON:0016409 'base of glans penis'
D: UBERON:0016408 'corona of glans penis'
D: UBERON:0004533 'left testis'
D: UBERON:0006953 'ejaculatory duct epithelium'
D: UBERON:0004534 'right testis'
D: CL:0002313 'endocrine-paracrine cell of prostate gland'
D: UBERON:0000051 'fornix of vagina'
D: CL:0002558 'fibroblast of villous mesenchyme'
D: UBERON:0002119 'left ovary'
D: UBERON:0002118 'right ovary'
D: UBERON:0006834 'uterus or analog'
D: UBERON:0006955 'uterine epithelium'
D: UBERON:0016632 'isthmus of fallopian tube'
D: UBERON:0036262 'uterine ligament'
D: UBERON:0011183 'corpus spongiosum of penis'
D: UBERON:0013240 'future glans clitoris'
D: UBERON:0012276 'endometrium glandular epithelium'
D: CL:1000299 'fibroblast of connective tissue of prostate'
D: UBERON:0013247 'male paramesonephric duct'
D: UBERON:0014458 'female bulbospongiosus muscle'
D: UBERON:0013248 'paradidymis'
D: UBERON:0013249 'paroophoron'
D: UBERON:0013128 'bulb of penis'
D: UBERON:0013129 'bulb of vestibule'
D: UBERON:0004544 'epididymis epithelium'
D: UBERON:0004665 'muscular coat of seminal vesicle'
D: UBERON:0005876 'undifferentiated genital tubercle'
D: UBERON:0002485 'prostate duct'
D: UBERON:0002367 'prostate gland'
D: UBERON:0002366 'bulbo-urethral gland'
D: UBERON:0006960 'ovary stroma'
D: UBERON:0006608 'corpus cavernosum clitoridis'
D: UBERON:3010781 'pars convoluta of oviduct'
D: UBERON:0003218 'ovary septum'
D: UBERON:0002247 'uterine horn'
D: UBERON:3010780 'pars recta'
D: UBERON:0036151 'diffuse placenta'
D: UBERON:0004547 'decidua capsularis'
D: UBERON:0012186 'ovary growing follicle'
D: UBERON:0013277 'remnant of processus vaginalis'
D: UBERON:0013278 'canal of Nuck'
D: UBERON:0035143 'preputial space of female'
D: UBERON:0035142 'preputial space of male'
D: UBERON:0035144 'preputial space'
D: UBERON:0005890 'gonad germinal epithelium'
D: CL:0002339 'prostate stem cell'
D: UBERON:0006610 'tunica albuginea'
D: UBERON:0002493 'uterine artery'
D: CL:0002577 'placental epithelial cell'
D: UBERON:0017623 'prepelvic clasper'
D: UBERON:3010529 'ovisac'
D: UBERON:0012295 'Guérin's valve'
D: UBERON:0017624 'pseudoclasper'
D: UBERON:0012294 'navicular fossa of spongiose part of urethra'
D: UBERON:2001263 'ovarian follicle stage I'
D: UBERON:0013262 'remnnant of ductus deferens'
D: UBERON:2001265 'ovarian follicle stage II'
D: UBERON:0003480 'vein of clitoris'
D: UBERON:2001266 'ovarian follicle stage III'
D: UBERON:2002114 'cotylephore'
D: UBERON:2002117 'ovipositor'
D: UBERON:0001297 'serosa of uterus'
D: UBERON:0001299 'glans penis'
D: UBERON:0008807 'coagulating gland'
D: UBERON:0008808 'prostate gland dorsolateral lobe'
D: UBERON:0007719 'bone of reproductive organ'
D: UBERON:0001296 'myometrium'
D: UBERON:0000086 'zona pellucida'
D: UBERON:0001295 'endometrium'
D: UBERON:0006868 'seminal fluid secreting gland'
D: CL:0002341 'basal cell of prostate epithelium'
D: CL:0002340 'luminal cell of prostate epithelium'
D: UBERON:0017258 'placentome of cotyledonary placenta'
D: UBERON:0017259 'placental caruncle'
D: UBERON:8410025 'transition zone of prostate'
D: UBERON:0018343 'oviduct mucosal fold'
D: UBERON:8410026 'peripheral zone of prostate'
D: UBERON:8410027 'central zone of prostate'
D: UBERON:0011831 'duct of vestibular gland'
D: UBERON:0004184 'prostate gland stroma'
D: UBERON:0011830 'duct of lesser vestibular gland'
D: UBERON:0011951 'prostate luminal epithelium'
D: UBERON:0004183 'placental labyrinth blood vessel'
D: UBERON:4100111 'hemipenal sheath'
D: UBERON:0004179 'prostate glandular acinus'
D: CL:0002237 'luminal epithelial cell of prostatic duct'
D: CL:0002236 'basal epithelial cell of prostatic duct'
D: UBERON:0006233 'female genital tubercle'
D: CL:0002239 'ooblast'
D: UBERON:0004175 'internal genitalia'
D: UBERON:0004054 'internal male genitalia'
D: CL:0002359 'placental hematopoietic stem cell'
D: UBERON:0004176 'external genitalia'
D: CL:0002238 'male gonocyte'
D: CL:0002233 'epithelial cell of prostatic acinus'
D: CL:0000175 'luteal cell'
D: CL:0002232 'epithelial cell of prostatic duct'
D: CL:0002235 'luminal cell of prostatic acinus'
D: CL:0002234 'basal cell of prostatic acinus'
D: CL:0000178 'Leydig cell'
D: CL:0002231 'epithelial cell of prostate'
D: UBERON:8410010 'fimbria of uterine tube'
D: UBERON:0034963 'lateral fornix of vagina'
D: UBERON:0011949 'endometrium luminal epithelium'
D: UBERON:0011826 'vestibular gland'
D: UBERON:0005399 'male reproductive gland'
D: UBERON:0005398 'female reproductive gland'
D: UBERON:0005156 'reproductive structure'
D: CL:0002244 'squamous cell of ectocervix'
2021-02-13 00:30:03,757 WARN  (OWLGraphWrapperExtended:936) Unable to retrieve the value of oboInOwl#id as the identifier for http://www.w3.org/2002/07/owl#Nothing; we will use an original iri as the identifier.
2021-02-13 00:30:03,759 WARN  (OWLGraphWrapperExtended:936) Unable to retrieve the value of oboInOwl#id as the identifier for http://www.w3.org/2002/07/owl#Nothing; we will use an original iri as the identifier.
D: Nothing Nothing
D: CL:0002366 'myometrial cell'
D: CL:0002481 'peritubular myoid cell'
D: UBERON:0007590 'cuboidal oviduct epithelium'
D: UBERON:0008320 'common penile artery'
D: UBERON:0008321 'deep artery of penis'
D: UBERON:0005296 'ovary sex cord'
D: UBERON:0004085 'labium majora'
D: UBERON:0006261 'male genital tubercle'
D: UBERON:0005051 'mediastinum testis'
D: UBERON:0004084 'genital labium'
D: UBERON:0005170 'granulosa cell layer'
D: UBERON:0005049 'mucosa of infundibulum of uterine tube'
D: UBERON:0005048 'mucosa of uterine tube'
D: CL:0002134 'stromal cell of ovarian medulla'
D: UBERON:0008311 'penile bulb artery'
D: CL:0002255 'stromal cell of endometrium'
D: CL:0002133 'stromal cell of ovarian cortex'
D: UBERON:0009645 'ampullary gland'
D: UBERON:0017162 'hemipenial holocrine gland'
D: UBERON:0018131 'periovarian fat pad'
D: UBERON:0008798 'rugal fold of vagina'
D: UBERON:0017160 'lumen of hemipenial sheath'
D: UBERON:0007589 'ciliated columnar oviduct epithelium'
D: UBERON:0017161 'hemipenial mucuous gland'
D: CL:0002132 'stromal cell of ovary'
D: UBERON:0008330 'vestibule of vagina'
D: UBERON:0008331 'clitoral smooth muscle'
D: UBERON:0010518 'pelvic fin clasper'
D: UBERON:0010516 'clasper'
D: UBERON:0010517 'cephalic clasper'
D: CL:0002149 'epithelial cell of uterus'
D: UBERON:0005299 'prepuce of clitoris'
D: UBERON:0005298 'skin of clitoris'
D: UBERON:0005056 'external female genitalia'
D: UBERON:0005297 'testis sex cord'
D: UBERON:0008322 'deep artery of clitoris'
D: UBERON:0008323 'dorsal artery of clitoris'
D: UBERON:0016487 'anterior fornix of vagina'
D: UBERON:0016486 'posterior fornix of vagina'
D: UBERON:0006440 'os clitoris'
D: UBERON:0004014 'labium minora'
D: UBERON:0006435 'os penis'
D: UBERON:0008975 'oviduct shell gland'
D: CL:0002152 'columnar cell of endocervix'
D: UBERON:0008855 'placenta metrial gland'
D: UBERON:0018532 'female deep inguinal ring'
D: UBERON:0018530 'male inguinal ring'
D: UBERON:0018531 'female superficial inguinal ring'
D: UBERON:0006690 'deep dorsal vein of clitoris'
D: UBERON:0034928 'dorsal surface of penis'
D: UBERON:0004021 'spongiotrophoblast layer'
D: UBERON:0005352 'spermatic cord'
D: UBERON:0007773 'scrotal sweat gland'
D: UBERON:0015177 'helicine artery'
D: CL:2000091 'endometrial microvascular endothelial cells'
D: UBERON:0018315 'clasper plate'
D: UBERON:0006594 'gubernacular cord'
D: UBERON:0004053 'external male genitalia'
D: UBERON:0018319 'extramural oviduct'
D: UBERON:0005012 'mucosa of left uterine tube'
D: UBERON:0005011 'mucosa of right uterine tube'
D: UBERON:0015172 'endometrial blood vessel'
D: UBERON:0015171 'uterine spiral artery'
D: UBERON:0015174 'helicine artery of penis'
D: UBERON:0015173 'helicine branch of uterine artery'
D: UBERON:0009853 'body of uterus'
D: CL:2000078 'placental pericyte'
D: CL:1000301 'fibroblast of subepithelial connective tissue of prostatic gland'
D: UBERON:0035523 'anterior surface of prostate'
D: UBERON:0035766 'median lobe of prostate'
D: CL:1000300 'fibroblast of outer membrane of prostatic capsule'
D: CL:1000305 'fibroblast of connective tissue of glandular part of prostate'
D: UBERON:0012648 'ampulla of uterine tube'
D: CL:1000304 'fibroblast of connective tissue of nonglandular part of prostate'
D: UBERON:0001987 'placenta'
D: UBERON:0019042 'reproductive system mucosa'
D: UBERON:0007181 'serosa of infundibulum of uterine tube'
D: UBERON:0007182 'muscle layer of infundibulum of uterine tube'
D: UBERON:0035651 'glans'
D: UBERON:0004909 'epithelium of gonad'
D: UBERON:0009002 'placental membrane'
D: CL:2000082 'melanocyte of foreskin'
D: UBERON:0013720 'dartos muscle of labia majora'
D: UBERON:0007180 'atretic follicle of ovary'
D: UBERON:0003937 'reproductive gland'
D: UBERON:0009117 'indifferent gonad'
D: UBERON:0000428 'prostate epithelium'
D: CL:0002095 'hilus cell of ovary'
D: UBERON:0007194 'vesicular gland'
D: CL:2000059 'prostate gland microvascular endothelial cell'
D: CL:0002094 'interstitial cell of ovary'
D: UBERON:0034770 'bulbourethral gland epithelium'
D: UBERON:0013515 'subdivision of oviduct'
D: UBERON:0010005 'placental labyrinth villous'
D: UBERON:0013758 'cervical os'
D: UBERON:0013637 'prostate gland lateral lobe'
D: UBERON:0013516 'uterine tube magnum'
D: UBERON:0013759 'internal cervical os'
D: UBERON:0014849 'hemotrichorial placental membrane'
D: UBERON:0010008 'placental cotyledon'
D: UBERON:0010006 'placenta intervillous maternal lacunae'
D: UBERON:0010007 'placenta fetal blood space'
D: CL:1001608 'foreskin fibroblast'
D: CL:1001606 'foreskin keratinocyte'
D: UBERON:0013519 'avian uterine tube isthmus'
D: UBERON:0003946 'placenta labyrinth'
D: UBERON:0004911 'epithelium of female gonad'
D: UBERON:0004910 'epithelium of male gonad'
D: UBERON:0009020 'left uterine horn'
D: UBERON:0009022 'right uterine horn'
D: CL:2000060 'placental villous trophoblast'
D: CL:2000061 'placental amniotic mesenchymal stromal cell'
D: CL:2000062 'placental villus capillary endothelial cell'
D: CL:2000063 'ovarian fibroblast'
D: CL:2000064 'ovarian surface epithelial cell'
D: UBERON:0004805 'seminal vesicle epithelium'
D: UBERON:0004806 'vas deferens epithelium'
D: UBERON:0003959 'rete testis'
D: UBERON:0004803 'penis epithelium'
D: UBERON:0004804 'oviduct epithelium'
D: UBERON:2005272 'immature gonad'
D: UBERON:0004801 'cervix epithelium'
D: UBERON:0011754 'genital swelling'
D: UBERON:0035962 'supravaginal part of cervix'
D: UBERON:0005195 'deferent duct vein'
D: UBERON:0011879 'mesorchium'
D: UBERON:0005192 'deferent duct artery'
D: UBERON:0011757 'differentiated genital tubercle'
D: UBERON:0011756 'male genital swelling'
D: UBERON:0011755 'female labial swelling'
D: UBERON:0017180 'hemipenis keratinized epithelium'
D: CL:2000045 'foreskin melanocyte'
D: UBERON:0018134 'rugal fold of scrotum'
D: UBERON:0010412 'epididymal fat pad'
D: UBERON:0010413 'parametrial fat pad'
D: UBERON:0017294 'horn of hemipenis'
D: UBERON:0000989 'penis'
D: UBERON:0011894 'lumen of vagina'
D: UBERON:0034735 'oviduct albumen gland'
D: UBERON:0000991 'gonad'
D: UBERON:0000992 'ovary'
D: UBERON:0013719 'dartos muscle of scrotum'
D: UBERON:0000997 'mammalian vulva'
D: UBERON:0000998 'seminal vesicle'
D: UBERON:0000999 'ejaculatory duct'
D: UBERON:0000993 'oviduct'
D: UBERON:0000994 'spermathecum'
D: UBERON:0000995 'uterus'
D: UBERON:0000996 'vagina'
D: UBERON:3000041 'Bidder's organ'
D: UBERON:0014914 'haemolymphatic fluid-testis barrier'
D: UBERON:0035956 'epididymal lumen'
D: UBERON:0008488 'cremaster muscle'
D: CL:1001591 'oviduct glandular cell'
D: UBERON:0012241 'male urethral meatus'
D: UBERON:0009196 'indifferent external genitalia'
D: CL:1001590 'epididymis glandular cell'
D: UBERON:0012487 'vaginal sphincter'
D: UBERON:0010185 'rete ovarii'
D: UBERON:0035004 'preputial swelling'
D: UBERON:0012249 'ectocervix'
D: UBERON:0035006 'preputial swelling of female'
D: UBERON:0012248 'cervical mucosa'
D: UBERON:0035005 'preputial swelling of male'
D: CL:1001597 'seminal vesicle glandular cell'
D: UBERON:0012247 'cervical gland'
D: UBERON:0001342 'mesovarium'
D: UBERON:0003885 'mesometrium'
D: UBERON:0001344 'epithelium of vagina'
D: UBERON:0001343 'seminiferous tubule of testis'
D: UBERON:0001340 'dorsal artery of penis'
D: UBERON:0001346 'vaginal hymen'
D: UBERON:0003889 'fallopian tube'
D: CL:2000002 'decidual cell'
D: UBERON:4300018 'ventral marginal cartilage'
D: UBERON:0011380 'female external urethral sphincter'
D: UBERON:0035258 'mons pubis'
D: CL:1001587 'uterine cervix glandular cell'
D: UBERON:0011388 'male bulbospongiosus muscle'
D: UBERON:0004984 'mucosa of seminal vesicle'
D: UBERON:0004985 'mucosa of ejaculatory duct'
D: CL:0000503 'theca cell'
D: UBERON:0004983 'mucosa of vagina'
D: UBERON:0001472 'vaginal venous plexus'
D: UBERON:0001471 'skin of prepuce of penis'
D: UBERON:3010586 'vasa efferentia'
D: UBERON:0004986 'mucosa of deferent duct'
D: UBERON:0006923 'vagina squamous epithelium'
D: UBERON:0006922 'cervix squamous epithelium'
D: CL:0007022 'micropylar cell'
D: UBERON:0035341 'posterior lobe of prostate'
D: UBERON:0009098 'gravid uterus'
D: UBERON:0011298 'submucosa of uterine tube'
D: UBERON:0035465 'endometrial cavity'
D: UBERON:0035105 'sac of scrotum'
D: CL:1001578 'vagina squamous cell'
D: UBERON:0035104 'raphe of penis'
D: CL:1001575 'uterine cervix squamous cell'
D: CL:1000487 'smooth muscle cell of prostate'
D: UBERON:0013237 'genital papilla of vulva'
D: UBERON:0013238 'future glans'
D: UBERON:0013239 'future glans penis'
D: UBERON:0016505 'Mullerian tubercle'
D: UBERON:0001000 'vas deferens'
D: UBERON:0000155 'theca cell layer'
D: UBERON:0000156 'theca externa'
D: UBERON:0000035 'primary ovarian follicle'
D: UBERON:0002451 'endometrial gland'
D: UBERON:0002450 'decidua'
D: UBERON:0003428 'gonadal fat pad'
D: UBERON:0000157 'theca interna'
D: UBERON:0000036 'secondary ovarian follicle'
D: UBERON:0000037 'tertiary ovarian follicle'
D: UBERON:0000038 'follicular fluid'
D: UBERON:0004876 'urogenital fold'
D: UBERON:0002337 'endometrial stroma'
D: UBERON:0000039 'follicular antrum'
D: UBERON:0012252 'endocervical epithelium'
D: UBERON:0011283 'epoophoron'
D: UBERON:0012251 'ectocervical epithelium'
D: UBERON:0036441 'wall of uterine tube'
D: UBERON:0012250 'cervix glandular epithelium'
D: UBERON:0012253 'cervical squamo-columnar junction'
D: UBERON:0012499 'serosa of uterine tube'
D: UBERON:0003312 'mesenchyme of testis'
D: CL:0000525 'syncytiotrophoblast cell'
D: UBERON:0004520 'striated muscle tissue of prostate'
D: UBERON:0006948 'efferent duct epithelium'
D: UBERON:0006947 'male genital duct'
D: UBERON:0006946 'efferent duct'
D: UBERON:0035480 'surface of prostate'
D: UBERON:0003315 'mesenchyme of ovary'
D: UBERON:2001571 'postovulatory follicle'
D: UBERON:0035441 'apex of prostate'
D: UBERON:0010141 'primitive sex cord of indifferent gonad'
D: UBERON:0010147 'male accessory sex gland'
D: UBERON:0012326 'gubernacular bulb'
D: CL:1000466 'chromaffin cell of right ovary'
D: CL:1000467 'chromaffin cell of left ovary'
D: UBERON:0010145 'paraurethral gland'
D: UBERON:0015717 'smooth muscle tissue layer of ejaculatory duct'
D: UBERON:0010146 'paraurethral duct'
D: CL:1000465 'chromaffin cell of ovary'
D: UBERON:0012328 'penile spine'
D: UBERON:0012327 'pearly penile papule'
D: UBERON:0000450 'corpus albicans'
D: UBERON:0001300 'scrotum'
D: UBERON:0000453 'decidua basalis'
D: UBERON:0000458 'endocervix'
D: UBERON:0001306 'cumulus oophorus'
D: UBERON:0000459 'uterine wall'
D: UBERON:0001305 'ovarian follicle'
D: UBERON:3010259 'phallodeum'
D: UBERON:0005904 'duct of male reproductive system'
D: UBERON:0001307 'capsule of ovary'
D: UBERON:0005903 'duct of seminal vesicle'
D: UBERON:0004812 'male prepuce epithelium'
D: UBERON:0001302 'right uterine tube'
D: UBERON:0002512 'corpus luteum'
D: UBERON:0001301 'epididymis'
D: UBERON:0004813 'seminiferous tubule epithelium'
D: UBERON:0001304 'germinal epithelium of ovary'
D: UBERON:0004811 'endometrium epithelium'
D: UBERON:0001303 'left uterine tube'
D: UBERON:0013760 'external cervical os'
D: UBERON:0014850 'hemomonochorial placental membrane'
D: UBERON:0013761 'cervical cavity'
D: UBERON:0009042 'prostatic venous plexus'
D: UBERON:0035331 'base of prostate'
D: UBERON:0013769 'uterine lumen'
D: UBERON:0013523 'lateral vaginal canal'
D: UBERON:0012317 'vagina orifice'
D: UBERON:0013524 'median vaginal canal'
D: UBERON:3010260 'intromittent organ (Ascaphus type)'
D: UBERON:0003972 'placenta junctional zone'
D: UBERON:0000461 'minor vestibular gland'
D: UBERON:0003970 'placental labyrinth vasculature'
D: UBERON:0000460 'major vestibular gland'
D: CL:0002601 'uterine smooth muscle cell'
D: UBERON:0022356 'outer layer of endometrium'
D: UBERON:0022355 'basal layer of endometrium'
D: UBERON:0001319 'vaginal vein'
D: UBERON:0022358 'placenta blood vessel'
D: UBERON:0019198 'dorsal nerve of clitoris'
D: UBERON:0019197 'dorsal nerve of penis'
D: UBERON:0003855 'gonad mesenchyme'
D: UBERON:0003974 'upper part of vagina'
D: UBERON:0003975 'internal female genitalia'
D: UBERON:0013672 'priapium'
D: UBERON:0010041 'median ovary'
D: UBERON:0013673 'os priapium'
D: UBERON:0013674 'ctenactinium'
D: CL:0008033 'decidual pericyte'
D: UBERON:0034691 'internal spermatic fascia'
D: UBERON:0013675 'toxactinium'
D: UBERON:0034694 'gubernacular bulb, intra-abdominal part'
D: UBERON:0011375 'skin of prepuce of clitoris'
D: UBERON:0011374 'prepuce'
D: UBERON:0034695 'gubernacular bulb, extra-abdominal part'
D: UBERON:0011379 'male external urethral sphincter'
D: UBERON:0013676 'aproctal bone of priapium'
D: UBERON:0013677 'serrated projection of ctenactinium'
D: CL:0000436 'vaginal lubricant secreting cell'
D: UBERON:0003984 'uterine tube infundibulum'
D: UBERON:0000473 'testis'
D: UBERON:0002411 'clitoris'
D: UBERON:0003981 'primordial ovarian follicle'
D: UBERON:0003982 'mature ovarian follicle'
D: UBERON:0000359 'preputial gland'
D: UBERON:0001328 'lobe of prostate'
D: CL:0000671 'centripetally migrating follicle cell'
D: UBERON:0002537 'hermaphrodite gonad'
D: UBERON:0001329 'prostate gland anterior lobe'
D: UBERON:0004713 'corpus cavernosum penis'
D: UBERON:0004835 'epididymis smooth muscle'
D: UBERON:0010150 'duct of major vestibular gland'
D: UBERON:0010151 'duct of bulbourethral gland'
D: UBERON:0010391 'parametrium'
D: UBERON:0035310 'inferolateral surface of prostate'
D: UBERON:0036523 'wall of vagina'
D: UBERON:0035316 'prostatic capsule'
D: UBERON:0001331 'skin of penis'
D: CL:0002625 'seminiferous tubule epithelial cell'
D: UBERON:3010240 'Nobelian rod'
D: UBERON:0000002 'uterine cervix'
D: UBERON:0001332 'prepuce of penis'
D: CL:0002622 'prostate stromal cell'
D: UBERON:0001337 'spongiose part of urethra'
# PARSING: UBERON:0000990
# QUERY: UBERON:0000990 'reproductive system'
E: UBERON:0000990 'reproductive system'
D: UBERON:0000474 'female reproductive system'
D: UBERON:0000079 'male reproductive system'
2021-02-13 00:30:04,267 WARN  (OWLGraphWrapperExtended:936) Unable to retrieve the value of oboInOwl#id as the identifier for http://www.w3.org/2002/07/owl#Nothing; we will use an original iri as the identifier.
2021-02-13 00:30:04,268 WARN  (OWLGraphWrapperExtended:936) Unable to retrieve the value of oboInOwl#id as the identifier for http://www.w3.org/2002/07/owl#Nothing; we will use an original iri as the identifier.
D: Nothing Nothing
A:BFO:0000004 'independent continuant'
A:CARO:0000000 'anatomical entity'
A:BFO:0000002 'continuant'
A:UBERON:0000061 'anatomical structure'
A:UBERON:0001062 'anatomical entity'
A:BFO:0000040 'material entity'
A:CARO:0030000 'biological entity'
A:UBERON:0000465 'material anatomical entity'
A:UBERON:0000467 'anatomical system'
2021-02-13 00:30:04,280 WARN  (OWLGraphWrapperExtended:936) Unable to retrieve the value of oboInOwl#id as the identifier for http://www.w3.org/2002/07/owl#Thing; we will use an original iri as the identifier.
2021-02-13 00:30:04,281 WARN  (OWLGraphWrapperExtended:936) Unable to retrieve the value of oboInOwl#id as the identifier for http://www.w3.org/2002/07/owl#Thing; we will use an original iri as the identifier.
A:Thing Thing
