# PARSING: BFO_0000050 some UBERON:0004456
# QUERY: ObjectSomeValuesFrom(BFO:0000050 'part of' UBERON:0004456 'entire sense organ system')
2021-02-13 00:30:59,572 WARN  (ChangeIndexingProcessor:66) [reasoner.indexing.axiomIgnored]ELK does not support ObjectAllValuesFrom. Axiom ignored:
SubClassOf(<http://purl.obolibrary.org/obo/BFO_0000019> ObjectAllValuesFrom(<http://purl.obolibrary.org/obo/BFO_0000050> <http://purl.obolibrary.org/obo/BFO_0000019>))
2021-02-13 00:30:59,584 WARN  (ChangeIndexingProcessor:66) [reasoner.indexing.axiomIgnored]ELK does not support ObjectAllValuesFrom. Axiom ignored:
SubClassOf(<http://purl.obolibrary.org/obo/BFO_0000020> ObjectAllValuesFrom(<http://purl.obolibrary.org/obo/BFO_0000050> <http://purl.obolibrary.org/obo/BFO_0000020>))
2021-02-13 00:30:59,588 WARN  (ChangeIndexingProcessor:66) [reasoner.indexing.axiomIgnored]ELK does not support ObjectAllValuesFrom. Axiom ignored:
SubClassOf(<http://purl.obolibrary.org/obo/BFO_0000003> ObjectAllValuesFrom(<http://purl.obolibrary.org/obo/BFO_0000050> <http://purl.obolibrary.org/obo/BFO_0000003>))
2021-02-13 00:30:59,589 WARN  (ChangeIndexingProcessor:66) [reasoner.indexing.axiomIgnored]ELK does not support ObjectAllValuesFrom. Axiom ignored:
SubClassOf(<http://purl.obolibrary.org/obo/BFO_0000002> ObjectAllValuesFrom(<http://purl.obolibrary.org/obo/BFO_0000050> <http://purl.obolibrary.org/obo/BFO_0000002>))
2021-02-13 00:30:59,591 WARN  (ChangeIndexingProcessor:66) [reasoner.indexing.axiomIgnored]ELK does not support ObjectAllValuesFrom. Axiom ignored:
SubClassOf(<http://purl.obolibrary.org/obo/BFO_0000004> ObjectAllValuesFrom(<http://purl.obolibrary.org/obo/BFO_0000050> <http://purl.obolibrary.org/obo/BFO_0000004>))
2021-02-13 00:31:00,451 WARN  (OWLGraphWrapperExtended:936) Unable to retrieve the value of oboInOwl#id as the identifier for http://owltools.org/Q; we will use an original iri as the identifier.
2021-02-13 00:31:00,453 WARN  (OWLGraphWrapperExtended:936) Unable to retrieve the value of oboInOwl#id as the identifier for http://owltools.org/Q; we will use an original iri as the identifier.
E: Q Q
D: UBERON:0013174 'sigmoid process of tympanic bone'
D: UBERON:0002280 'otolith'
D: UBERON:0002282 'stria vascularis of cochlear duct'
D: UBERON:0002281 'vestibular membrane of cochlear duct'
D: UBERON:2000168 'anterior macula'
D: UBERON:0002277 'spiral sulcus'
D: UBERON:0003367 'epithelium of vomeronasal organ'
D: UBERON:0002276 'lamina of spiral limbus'
D: UBERON:0002279 'vestibular aqueduct'
D: UBERON:0002278 'perilymphatic space'
D: UBERON:0004694 'Harderian gland epithelium'
D: CL:0000575 'corneal epithelial cell'
D: UBERON:0003363 'epithelium of ductus reuniens'
D: UBERON:0004692 'external naris epithelium'
D: UBERON:0003362 'epithelium of endolymphatic duct'
D: CL:0000573 'retinal cone cell'
D: UBERON:0008813 'helicotrema'
D: UBERON:2001481 'ventral anterior lateral line nerve'
D: UBERON:2001480 'dorsal anterior lateral line nerve'
D: UBERON:2001483 'middle lateral line ganglion'
D: UBERON:2001482 'middle lateral line nerve'
D: CL:0000348 'choroidal cell of the eye'
D: CL:0000587 'cold sensing thermoreceptor cell'
D: CL:0000589 'cochlear inner hair cell'
D: CL:0000347 'scleral cell'
D: UBERON:0016467 'antitragus'
D: UBERON:0016466 'antihelix'
D: UBERON:2001470 'anterior lateral line'
D: CL:0011004 'lens fiber cell'
D: UBERON:2001472 'anterior lateral line neuromast'
D: UBERON:2001471 'posterior lateral line system'
D: UBERON:0016464 'dorsum of nose'
D: UBERON:0004234 'iris smooth muscle'
D: UBERON:0002295 'scala media'
D: UBERON:0010929 'stapedius pre-muscle condensation'
D: UBERON:0003386 'smooth muscle of eye'
D: UBERON:0008831 'inner spiral sulcus'
D: UBERON:0008832 'outer spiral sulcus'
D: UBERON:6007373 'insect internal sense organ'
D: CL:0000591 'warmth sensing thermoreceptor cell'
D: UBERON:0015121 'left outer canthus'
D: UBERON:0015120 'right outer canthus'
D: UBERON:0003161 'dorsal ocellus'
D: UBERON:0003162 'lateral ocellus'
D: UBERON:2000136 'otic lateral line neuromast'
D: UBERON:2001468 'anterior lateral line system'
D: UBERON:0010910 'opisthotic'
D: UBERON:0016459 'posterior pole of lens'
D: UBERON:0008605 'tragicus muscle'
D: UBERON:0008606 'antitragicus muscle'
D: UBERON:0005336 'capillary layer of choroid'
D: UBERON:0008607 'transverse muscle of auricle'
D: UBERON:0008608 'oblique muscle of auricle'
D: UBERON:0004000 'tarsal gland acinus'
D: CL:1000191 'pillar cell'
D: UBERON:0008603 'helicis major'
D: UBERON:0008604 'helicis minor'
D: UBERON:0013190 'entotympanic bone'
D: UBERON:0036254 'piriform aperture'
D: UBERON:2005412 'transverse canal'
D: UBERON:2005411 'common crus'
D: UBERON:0036255 'interoceptive system'
D: UBERON:2005410 'pars inferior ear'
D: UBERON:2005416 'sacculoagenar foramen'
D: UBERON:2005415 'inner ear foramen'
D: UBERON:0002233 'tectorial membrane of cochlea'
D: UBERON:0000054 'macula'
D: CL:0002317 'external limiting cell of vestibular epithelium'
D: UBERON:0002232 'olfactory gland'
D: CL:0002314 'external supporting cell of vestibular epithelium'
D: UBERON:0000050 'simple eye with multiple lenses'
D: UBERON:0004650 'tongue keratinized epithelium'
D: CL:0002316 'supporting cell of vestibular epithelium'
D: CL:0002315 'supporting cell of cochlea'
D: UBERON:0000053 'macula lutea'
D: UBERON:6005177 'insect chaeta'
D: CL:0000376 'humidity receptor cell'
D: UBERON:0002479 'dorsal lateral geniculate nucleus'
D: UBERON:0006837 'tegmen tympani'
D: CL:0002550 'fibroblast of the conjunctiva'
D: UBERON:0003325 'mesenchyme of pinna'
D: UBERON:0015785 'acinus of olfactory gland'
D: UBERON:0035174 'right ear'
D: UBERON:0015784 'duct of olfactory gland'
D: UBERON:0036265 'conjunctival papilla'
D: UBERON:0014698 'lacrimal caruncle'
D: UBERON:0015786 'respiratory segment of nasal mucosa'
D: UBERON:0012278 'gland of nasal mucosa'
D: UBERON:0014451 'tongue taste bud'
D: UBERON:0013120 'eyelid submuscular connective tissue'
D: UBERON:0011186 'Krause's gland'
D: UBERON:0014452 'gustatory epithelium of tongue'
D: UBERON:2005409 'pars superior ear'
D: UBERON:0015788 'olfactory apparatus chamber'
D: UBERON:0016637 'lateral periolivary nucleus'
D: UBERON:0002488 'helix of outer ear'
D: UBERON:6005168 'insect external sensory organ'
D: CL:0002565 'iris pigment epithelial cell'
D: UBERON:0013397 'stratum argenteum of choroid'
D: UBERON:0013398 'choroidal gland'
D: UBERON:0013399 'blood vessel layer of choroid'
D: UBERON:0002255 'vomeronasal organ'
D: UBERON:0002496 'stapes base'
D: UBERON:0002499 'cochlear labyrinth'
D: UBERON:0003581 'eyelid connective tissue'
D: UBERON:0006617 'left external ear'
D: UBERON:0006616 'right external ear'
D: CL:1000391 'melanocyte of eyelid'
D: UBERON:2000175 'posterior lateral line nerve'
D: UBERON:3000601 'tectum nasi'
D: UBERON:0036249 'zona pectinata of basilar membrane of cochlea'
D: UBERON:2001025 'occipital lateral line neuromast'
D: UBERON:2001026 'supraorbital lateral line neuromast'
D: UBERON:0002270 'hyaloid artery'
D: UBERON:0003356 'epithelium of nasal septum'
D: UBERON:0003357 'epithelium of tongue'
D: UBERON:0002268 'olfactory organ'
D: UBERON:0004681 'vestibular system'
D: CL:0002585 'retinal blood vessel endothelial cell'
D: CL:0002586 'retinal pigment epithelial cell'
D: UBERON:0002269 'pupillary membrane'
D: UBERON:0036250 'zone of basilar membrane of cochlea'
D: UBERON:0019315 'meibum'
D: UBERON:0034717 'integumental taste bud'
D: UBERON:0035806 'Hensen stripe'
D: UBERON:0034719 'lip taste bud'
D: UBERON:0034718 'barbel taste bud'
D: UBERON:0005389 'transparent eye structure'
D: UBERON:0005388 'photoreceptor array'
D: UBERON:0005386 'olfactory segment of nasal mucosa'
D: UBERON:0005385 'nasal cavity respiratory epithelium'
D: UBERON:0018231 'labyrinthine artery'
D: UBERON:0009506 'mesenchyme of middle ear'
D: UBERON:0019307 'epithelium of external nose'
D: UBERON:0019306 'nose epithelium'
D: UBERON:0019304 'sensory organ epithelium'
D: UBERON:0006253 'embryonic intraretinal space'
D: UBERON:0006011 'hyaloid vein'
D: UBERON:0006495 'osseus cochlear canal'
D: UBERON:0034720 'head taste bud'
D: UBERON:0006010 'hyaloid canal'
D: UBERON:0034722 'mouth roof taste bud'
D: UBERON:0034721 'pharyngeal taste bud'
D: UBERON:0034724 'esophageal taste bud'
D: UBERON:0034723 'fin taste bud'
D: UBERON:0034726 'trunk taste bud'
D: UBERON:0006248 'incus pre-cartilage condensation'
2021-02-13 00:31:00,677 WARN  (OWLGraphWrapperExtended:936) Unable to retrieve the value of oboInOwl#id as the identifier for http://www.w3.org/2002/07/owl#Nothing; we will use an original iri as the identifier.
2021-02-13 00:31:00,678 WARN  (OWLGraphWrapperExtended:936) Unable to retrieve the value of oboInOwl#id as the identifier for http://www.w3.org/2002/07/owl#Nothing; we will use an original iri as the identifier.
D: Nothing Nothing
D: CL:0002367 'trabecular meshwork cell'
D: CL:0002363 'keratocyte'
D: UBERON:0000941 'cranial nerve II'
D: UBERON:0001804 'capsule of lens'
D: UBERON:0007352 'stria vascularis vasculature'
D: UBERON:3000190 'foramen orbitonasale mediale'
D: UBERON:0010521 'electroreceptor organ'
D: UBERON:0006262 'malleus pre-cartilage condensation'
D: UBERON:0011857 'acinus of lacrimal gland'
D: UBERON:0034935 'pars plicata of ciliary body'
D: UBERON:0034934 'Weber's gland'
D: UBERON:0034936 'pars plana of ciliary body'
D: UBERON:0006259 'lens pit'
D: UBERON:0011859 'internal acoustic meatus'
D: UBERON:0006496 'external acoustic meatus osseus part'
D: UBERON:0001801 'anterior segment of eyeball'
D: CL:0000197 'sensory receptor cell'
D: CL:0000198 'pain receptor cell'
D: UBERON:0001803 'epithelium of lens'
D: UBERON:0001802 'posterior segment of eyeball'
D: UBERON:0001819 'palpebral fissure'
D: UBERON:0019325 'exorbital lacrimal gland'
D: UBERON:0019324 'intraorbital lacrimal gland'
D: UBERON:0001818 'tarsal gland'
D: UBERON:0018233 'gland of Zeis'
D: UBERON:0001817 'lacrimal gland'
D: UBERON:0006273 'otic pit'
D: UBERON:0010515 'brille'
D: UBERON:0006266 'nasolacrimal groove'
D: UBERON:0007354 'cartilage of pharyngotympanic tube'
D: UBERON:0001812 'palpebral conjunctiva'
D: UBERON:0000964 'cornea'
D: UBERON:0001811 'conjunctiva'
D: UBERON:0007355 'bony part of pharyngotympanic tube'
D: UBERON:0000965 'lens of camera-type eye'
D: UBERON:0000966 'retina'
D: UBERON:0000963 'head sensillum'
D: UBERON:0007770 'osphradium'
D: UBERON:0018663 'recessus basilaris'
D: UBERON:0015155 'conjunctival space'
D: UBERON:0004012 'golgi tendon organ'
D: UBERON:0005342 'malleus head'
D: UBERON:0037191 'wall of membranous labyrinth'
D: UBERON:0016490 'auditory system'
D: UBERON:0004019 'baroreceptor'
D: UBERON:0015147 'pinna hair'
D: UBERON:0018655 'pars endotympanica'
D: UBERON:3010827 'anterior prenasal cartilage'
D: UBERON:0004030 'aqueous vein'
D: UBERON:0009717 'coronal organ'
D: UBERON:0006206 'iridocorneal angle'
D: UBERON:0006689 'frenulum of tongue'
D: UBERON:0009716 'cupular organ'
D: UBERON:0006688 'sublingual caruncle'
D: UBERON:0010935 'tensor tympani pre-muscle condensation'
D: UBERON:0006203 'conchal part of pinna'
D: UBERON:0005355 'malleus neck'
D: UBERON:0005354 'malleus processus brevis'
D: CL:0002167 'olfactory epithelial cell'
D: CL:0002169 'basal cell of olfactory epithelium'
D: UBERON:0015151 'Harderian gland duct'
D: CL:0002168 'border cell of cochlea'
D: CL:0002163 'internal pillar cell of cochlea'
D: UBERON:0009954 'vomeronasal system'
D: CL:0002162 'internal epithelial cell of tympanic membrane'
D: UBERON:0006208 'auditory hillocks'
D: CL:0002165 'phalangeal cell'
D: UBERON:0004029 'canal of Schlemm'
D: CL:0002164 'external pillar cell of cochlea'
D: UBERON:0009956 'corpuscle of de Quatrefage'
D: CL:0002172 'interdental cell of cochlea'
D: CL:0002171 'globose cell of olfactory epithelium'
D: UBERON:0006699 'foramen cecum of tongue'
D: UBERON:0004277 'eye muscle'
D: UBERON:0008879 'ligament of pinna'
D: UBERON:3010804 'ramus ventral'
D: UBERON:0015169 'tapetum'
D: UBERON:2002193 'dorsolateral septum'
D: UBERON:0015165 'multi-unit eye'
D: UBERON:0009740 'border between sublaminar layers'
D: UBERON:3010801 'ramus lateral'
D: UBERON:0005384 'nasal cavity epithelium'
D: UBERON:0006230 'extrinsic ocular pre-muscle mass'
D: UBERON:2005227 'protoneuromast'
D: UBERON:0010953 'nasalis muscle'
D: UBERON:0009739 'border of sublaminar layers S3 and S4'
D: UBERON:0009738 'border of sublaminar layers S1 and S2'
D: UBERON:0004043 'semicircular canal ampulla'
D: UBERON:0009731 'sublaminar layers S3 or S4'
D: UBERON:0009733 'sublaminar layers S1 or S2 or S3'
D: UBERON:0009732 'sublaminar layers S1 or S2 or S5'
D: UBERON:0009735 'sublaminar layers S1 or S3 or S4'
D: UBERON:0009734 'sublaminar layers S2 or S3 or S4'
D: CL:0002184 'basal proper cell of olfactory epithelium'
D: UBERON:0009737 'sublaminar layers S1 or S2 or S3 or S4'
D: UBERON:0015170 'nauplius eye'
D: UBERON:0009736 'sublaminar layers S3 or S4 or S5'
D: CL:2000070 'optic choroid fibroblast'
D: UBERON:0013615 'koniocellular layer of dorsal nucleus of lateral geniculate body'
D: UBERON:0010349 'otic capsule pre-cartilage condensation'
D: UBERON:2001810 'supraorbital sensory canal'
D: UBERON:2001812 'preoperculo-mandibular sensory canal'
D: UBERON:2001811 'infraorbital sensory canal'
D: UBERON:2001814 'mandibular sensory canal'
D: UBERON:2001813 'preopercular sensory canal'
D: UBERON:0001861 'ductus reuniens'
D: UBERON:0001860 'endolymphatic duct'
D: UBERON:0001867 'cartilage of external ear'
D: UBERON:0001863 'scala vestibuli'
D: UBERON:0001620 'central retinal artery'
D: UBERON:0001862 'vestibular labyrinth'
D: UBERON:0001865 'cartilaginous external acoustic tube'
D: UBERON:0001864 'scala tympani'
D: UBERON:3000141 'endolymphatic system'
D: UBERON:3000381 'paranasal commissure'
D: UBERON:0009121 'vomeronasal nerve'
D: UBERON:0010330 'eyelid mesenchyme'
D: CL:2000084 'conjunctiva goblet cell'
D: UBERON:3000389 'paries nasi'
D: UBERON:0013606 'magnocellular layer of dorsal nucleus of lateral geniculate body'
D: UBERON:0013600 'lateral accessory nucleus of optic tract'
D: UBERON:0013601 'medial accessory nucleus of optic tract'
D: UBERON:0013607 'parvocellular layer of dorsal nucleus of lateral geniculate body'
D: UBERON:0004904 'neuron projection bundle connecting eye with brain'
D: UBERON:0034772 'margin of eyelid'
D: UBERON:0010367 'conjunctival vein'
D: UBERON:0012304 'nasal diverticulum'
D: UBERON:3000117 'crista subnasalis'
D: UBERON:0015814 'outer ear epithelium'
D: UBERON:0013638 'horny papilla of tongue'
D: UBERON:0010366 'conjunctival vasculature'
D: UBERON:0013639 'mechanical papilla of tongue'
D: UBERON:4300181 'posterior sclerotic cartilage'
D: UBERON:3000113 'crista intermedia'
D: UBERON:2000940 'posterior lateral line neuromast'
D: UBERON:4300182 'anterior sclerotic cartilage'
D: UBERON:0015813 'middle ear epithelium'
D: UBERON:0012305 'marginal cutaneous pouch of ear'
D: UBERON:3000110 'crista contacta'
D: UBERON:0002971 'periolivary nucleus'
D: CL:0005008 'macular hair cell'
D: UBERON:3000118 'crista supraorbitalis'
D: UBERON:0001648 'vestibulocochlear nerve'
D: UBERON:0002976 'preolivary nucleus'
D: UBERON:2005144 'ampullary nerve'
D: UBERON:0015808 'eye epithelium'
D: UBERON:0015807 'ear epithelium'
D: UBERON:2000939 'middle lateral line neuromast'
D: UBERON:0002505 'spiral modiolar artery'
D: CL:0005015 'inner phalangeal cell'
D: UBERON:0002506 'iris epithelium'
D: UBERON:0002985 'ventral nucleus of medial geniculate body'
D: CL:0005014 'auditory epithelial support cell'
D: CL:2000034 'anterior lateral line neuromast hair cell'
D: CL:2000035 'anterior lateral line neuromast mantle cell'
D: CL:2000036 'anterior lateral line neuromast support cell'
D: UBERON:0007371 'superior surface of tongue'
D: CL:2000037 'posterior lateral line neuromast hair cell'
D: UBERON:3000171 'fenestra prechoanalis'
D: CL:2000038 'posterior lateral line neuromast mantle cell'
D: UBERON:3000170 'fenestra precerebralis'
D: UBERON:0007373 'inferior surface of tongue'
D: CL:2000039 'posterior lateral line neuromast support cell'
D: UBERON:0001826 'nasal cavity mucosa'
D: UBERON:0007374 'incus cartilage element'
D: UBERON:0010305 'subdivision of conjunctiva'
D: UBERON:2001612 'sensory canal'
D: UBERON:0010306 'bulbar conjunctiva'
D: CL:2000031 'lateral line ganglion neuron'
D: UBERON:3000178 'footplate of pars media plectri'
D: UBERON:0011877 'margin of tongue'
D: UBERON:0035606 'cartilage of external acoustic meatus'
D: UBERON:0011876 'body of tongue'
D: UBERON:0010309 'palpebral bone'
D: UBERON:0010307 'conjunctival fornix'
D: UBERON:0000970 'eye'
D: UBERON:0010308 'os opticus'
D: UBERON:2001617 'trunk sensory canal'
D: UBERON:2001619 'post-otic sensory canal'
D: UBERON:0006276 'perioptic mesenchyme'
D: UBERON:0001823 'nasal cartilage'
D: UBERON:0001822 'orbital septum'
D: UBERON:0007367 'surface of tongue'
D: UBERON:0000971 'ommatidium'
D: UBERON:0001839 'bony labyrinth'
D: UBERON:0006294 'stapes pre-cartilage condensation'
D: UBERON:3000189 'foramen orbitonasale laterale'
D: UBERON:0011865 'corneal stroma collagen fibril'
D: UBERON:3000395 'pars basilaris'
D: UBERON:3000393 'pars amphibiorum'
D: UBERON:0001849 'membranous labyrinth'
D: UBERON:0001607 'sphincter pupillae'
D: UBERON:0011892 'anterior uvea'
D: UBERON:0001848 'auricular cartilage'
D: UBERON:0001606 'muscle of iris'
D: UBERON:0001608 'dilatator pupillae'
D: CL:2000019 'compound eye photoreceptor cell'
D: UBERON:3000399 'pars externa plectri'
D: UBERON:3000155 'extremitas anterior'
D: UBERON:0001603 'lateral rectus extra-ocular muscle'
D: UBERON:0001845 'perilymph'
D: UBERON:0001602 'medial rectus extraocular muscle'
D: UBERON:0001844 'cochlea'
D: UBERON:0001847 'lobule of pinna'
D: UBERON:0001605 'ciliary muscle'
D: UBERON:0001846 'internal ear'
D: UBERON:0001604 'levator palpebrae superioris'
D: UBERON:0001841 'anterior semicircular canal'
D: UBERON:3010197 'lateral recess'
D: UBERON:0001840 'semicircular canal'
D: UBERON:0001601 'extra-ocular muscle'
D: UBERON:0001843 'lateral semicircular canal'
D: UBERON:0001600 'tensor tympani'
D: UBERON:0001842 'posterior semicircular canal'
D: UBERON:3000164 'fenestra lateralis nasi'
D: UBERON:3000162 'fenestra endonarina communis'
D: UBERON:3000161 'fenestra endochoanalis'
D: UBERON:0007163 'superior nasal meatus'
D: UBERON:3000160 'fenestra dorsalis nasi'
D: UBERON:0001859 'lateral semicircular duct'
D: UBERON:0010310 'nictitating membrane lamina'
D: UBERON:0010311 'scleral sesamoid bone'
D: UBERON:3000167 'fenestra nasolateralis'
D: UBERON:3000166 'fenestra nasobasalis'
D: UBERON:0036925 'wall of eyeball'
D: CL:0000601 'outer hair cell'
D: CL:0000602 'pressoreceptor cell'
D: UBERON:2001824 'lateral line scale'
D: UBERON:0001850 'lacrimal drainage system'
D: CL:0000604 'retinal rod cell'
D: UBERON:0001856 'semicircular duct'
D: UBERON:0001855 'cochlear duct of membranous labyrinth'
D: UBERON:0001858 'posterior semicircular duct'
D: UBERON:0001857 'anterior semicircular duct'
D: UBERON:0001852 'endolymph'
D: UBERON:0001610 'lingual artery'
D: UBERON:0001854 'saccule of membranous labyrinth'
D: UBERON:0001853 'utricle of membranous labyrinth'
D: UBERON:0001611 'sublingual artery'
D: UBERON:0013211 'cerumen gland'
D: UBERON:4300126 'tectorial restraint system'
D: UBERON:0006919 'tongue squamous epithelium'
D: UBERON:0012128 'nose tip'
D: CL:0000847 'ciliated olfactory receptor neuron'
D: CL:0000848 'microvillous olfactory receptor neuron'
D: CL:0000849 'crypt olfactory receptor neuron'
D: CL:0000856 'neuromast hair cell'
D: UBERON:3000538 'recessus fenestrae ovalis'
D: CL:0000851 'neuromast mantle cell'
D: CL:0000852 'neuromast support cell'
D: CL:0000853 'olfactory epithelial support cell'
D: UBERON:0006918 'parakeratinized epithelium of tongue'
D: UBERON:0003409 'gland of tongue'
D: UBERON:0006916 'non-keratinized epithelium of tongue'
D: UBERON:0003407 'cartilage of nasal septum'
D: UBERON:0013201 'olfactory pathway'
D: UBERON:0013680 'inner canthus of left eye'
D: UBERON:3010109 'anteroventral lateral line nerve (AVLLN)'
D: UBERON:0013682 'peripheral region of retina'
D: UBERON:0013208 'Grueneberg ganglion'
D: UBERON:0000390 'lens nucleus'
D: UBERON:2000558 'posterior macula'
D: UBERON:2000315 'asteriscus'
D: UBERON:6005805 'insect Bolwig organ'
D: UBERON:3000547 'rostral process'
D: UBERON:0004508 'skeletal muscle tissue of levator palpebrae superioris'
D: UBERON:3010105 'anterodorsal lateral line nerve (ADLLN)'
D: CL:0007017 'Stiftchenzellen'
D: UBERON:0003415 'mesenchyme of nasal septum'
D: UBERON:0003416 'mesenchyme of tongue'
D: UBERON:0004505 'skeletal muscle tissue of orbicularis oculi'
D: UBERON:0000389 'lens cortex'
D: UBERON:0013233 'supraorbital gland'
D: UBERON:0013475 'gustatory gland'
D: UBERON:0013476 'dermal layer of tongue'
D: UBERON:0013477 'blowhole'
D: UBERON:3010799 'ramulus suprabranchialis posterior'
D: UBERON:0013230 'nictitans gland'
D: UBERON:0013231 'sebaceous gland of eyelid'
D: UBERON:2001872 'trunk sensory canal system'
D: UBERON:2001630 'supratemporal sensory canal'
D: CL:1000245 'posterior lateral line ganglion neuron'
D: UBERON:2001873 'head sensory canal system'
D: CL:0000634 'Claudius cell'
D: UBERON:0006932 'vestibular epithelium'
D: UBERON:0000395 'cochlear ganglion'
D: UBERON:0005600 'crus commune'
D: UBERON:0000396 'vallate papilla'
D: CL:0000635 'Deiter's cell'
D: UBERON:0003421 'mesenchyme of vomeronasal organ'
D: CL:0000633 'Hensen cell'
D: UBERON:3010796 'ramus supraotic'
D: UBERON:3010795 'preopercular ramule'
D: UBERON:3010798 'ramulus suprabranchialis anterior'
D: UBERON:0006938 'pinna surface epithelium'
D: UBERON:0005606 'hyaloid cavity'
D: UBERON:0006937 'inner ear epithelium'
D: UBERON:0011060 'perilymphatic channel'
D: UBERON:0006935 'crista ampullaris neuroepithelium'
D: UBERON:3010794 'oral ramule'
D: UBERON:0013224 'Ciaccio's gland'
D: UBERON:0015885 'cymba conchae of pinna'
D: UBERON:0014790 'lingual septum'
D: UBERON:0011287 'rostral organ'
D: CL:1001561 'vomeronasal sensory neuron'
D: UBERON:0013229 'eyelid gland'
D: UBERON:2000530 'lapillus'
D: CL:1000236 'posterior lateral line nerve glial cell'
D: CL:1000239 'anterior lateral line nerve glial cell'
D: UBERON:0013226 'accessory lacrimal gland'
D: UBERON:0013227 'crypt of Henle'
D: UBERON:0013228 'sweat gland of eyelid'
D: UBERON:0005611 'inner canthus'
D: UBERON:2001629 'otic sensory canal'
D: UBERON:0002109 'pair of nares'
D: UBERON:0002105 'vestibulo-auditory system'
D: UBERON:0002104 'visual system'
D: UBERON:0005615 'lens equatorial epithelium'
D: UBERON:0005614 'lens anterior epithelium'
D: UBERON:3000570 'spatium sacculare'
D: UBERON:0002519 'otolithic part of statoconial membrane'
D: UBERON:2000120 'lateral line ganglion'
D: UBERON:2000125 'mandibular lateral line neuromast'
D: UBERON:3000333 'olfactory foramen'
D: UBERON:0002758 'dorsal nucleus of medial geniculate body'
D: UBERON:0002518 'otolith organ'
D: UBERON:0002759 'magnocellular nucleus of medial geniculate body'
D: UBERON:0003605 'eye skin gland'
D: UBERON:0003844 'upper eyelid epithelium'
D: UBERON:0003845 'lower eyelid epithelium'
D: UBERON:3000580 'stylus of pars media plectri'
D: UBERON:0036300 'tributary of central retinal vein'
D: UBERON:0011222 'intra-ocular muscle'
D: UBERON:0011221 'ora serrata of retina'
D: UBERON:0010379 'superior tarsal muscle'
D: UBERON:4300176 'parietal branch of the supraorbital canal'
D: UBERON:0010135 'sensory circumventricular organ'
D: UBERON:3000586 'superior prenasal cartilage'
D: UBERON:2000116 'macula lagena'
D: UBERON:0001673 'central retinal vein'
D: UBERON:3010146 'lacrimal'
D: UBERON:0003857 'upper eyelid mesenchyme'
D: UBERON:0003858 'lower eyelid mesenchyme'
D: CL:0009004 'retinal cell'
D: UBERON:0014521 'anterodorsal nucleus of medial geniculate body'
D: UBERON:0036990 'wall of pharyngotympanic tube'
D: UBERON:0011255 'Eimer's organ'
D: UBERON:1500003 'lateral line canal lumen'
D: UBERON:2001432 'anterior sclerotic bone'
D: CL:1000444 'mesothelial cell of anterior chamber of eye'
D: CL:1000445 'myoepithelial cell of dilator pupillae'
D: CL:1000443 'ciliary muscle cell'
D: UBERON:2001433 'posterior sclerotic bone'
D: UBERON:0011256 'rhinarium'
D: UBERON:0013679 'inner canthus of right eye'
D: UBERON:0001681 'nasal bone'
D: UBERON:3000316 'nasal opening'
D: UBERON:0002779 'lateral superior olivary nucleus'
D: UBERON:3010115 'posterior lateral line nerve (PLLN)'
D: UBERON:0001687 'stapes bone'
D: CL:0009001 'compound eye retinal cell'
D: UBERON:0001686 'auditory ossicle bone'
D: UBERON:0001689 'malleus bone'
D: UBERON:0002536 'arthropod sensillum'
D: UBERON:0001688 'incus bone'
D: UBERON:3000560 'septum semicircularium anterior'
D: CL:0010009 'camera-type eye photoreceptor cell'
D: CL:1000433 'epithelial cell of lacrimal canaliculus'
D: CL:1000434 'epithelial cell of external acoustic meatus'
D: UBERON:3000565 'skeletal support for eminentia olfactoria'
D: CL:1000432 'conjunctival epithelial cell'
D: CL:1000437 'epithelial cell of nasolacrimal duct'
D: UBERON:3000563 'seydels palatal process'
D: CL:1000435 'epithelial cell of lacrimal duct'
D: UBERON:3000562 'septum semircularium posterior'
D: UBERON:2001427 'anterior naris'
D: UBERON:3000561 'septum semicircularium laterale'
D: UBERON:2001426 'posterior naris'
D: CL:1000436 'epithelial cell of lacrimal sac'
D: CL:0000205 'thermoreceptor cell'
D: UBERON:0002782 'medial superior olivary nucleus'
D: UBERON:0004721 'crista ampullaris'
D: UBERON:0002540 'lateral line system'
D: UBERON:2001428 'olfactory rosette'
D: CL:0000207 'olfactory receptor cell'
D: UBERON:0001690 'ear'
D: UBERON:3000329 'oblique cartilage'
D: CL:0000202 'auditory hair cell'
D: CL:0000687 'R1 photoreceptor cell'
D: CL:0000203 'gravity sensitive cell'
D: CL:0000204 'acceleration receptive cell'
D: UBERON:0001691 'external ear'
D: UBERON:3000569 'solum nasi'
D: UBERON:3010125 'musculus levator bulbi'
D: UBERON:0006906 'ala of nose'
D: UBERON:0001459 'skin of external ear'
D: UBERON:3010126 'middle lateral line nerve (MLLN)'
D: UBERON:0004727 'cochlear nerve'
D: UBERON:0004724 'medial palpebral ligament'
D: UBERON:0001457 'skin of eyelid'
D: CL:0011104 'interplexiform cell'
D: CL:0011105 'dopamanergic interplexiform cell'
D: UBERON:0015476 'nose skin'
D: UBERON:0016568 'gelatinous layer of statoconial membrane'
D: UBERON:0014389 'gustatory papilla of tongue'
D: UBERON:6007280 'insect embryonic/larval head sense organ'
D: UBERON:0016567 'statoconial membrane'
D: UBERON:3010736 'ramus posterior of CN VIII'
D: CL:0011106 'GABAnergic interplexiform cell'
D: CL:0011107 'Muller cell'
D: UBERON:3010735 'ramus anterior of CN VIII'
D: UBERON:2002223 'pillar of the semicircular canal'
D: CL:0000209 'taste receptor cell'
D: UBERON:0018508 'foramen of nasal bone'
D: UBERON:0016569 'subcupular meshwork of statoconial membrane'
D: UBERON:0003246 'epithelium of endolymphatic sac'
D: UBERON:0003242 'epithelium of saccule'
D: UBERON:0003484 'eye sebaceous gland'
D: UBERON:0002393 'pharyngotympanic tube'
D: CL:0000697 'R4 photoreceptor cell'
D: UBERON:0003243 'epithelium of cochlear duct'
D: UBERON:0003240 'epithelium of lateral semicircular canal'
D: UBERON:0003241 'epithelium of utricle'
D: CL:0000210 'photoreceptor cell'
D: CL:0000694 'R3 photoreceptor cell'
D: CL:0000690 'R2 photoreceptor cell'
D: UBERON:0005427 'corneal primordium'
D: UBERON:0003249 'epithelium of otic placode'
D: UBERON:0015223 'dorsal nasal meatus'
D: CL:0011113 'spiral ganglion neuron'
D: UBERON:0015220 'inferior nasal meatus'
D: UBERON:0015222 'ventral nasal meatus'
D: UBERON:0015221 'common nasal meatus'
D: UBERON:0023094 'posterodorsal nucleus of medial geniculate body'
D: UBERON:0007619 'limiting membrane of retina'
D: UBERON:0006763 'epithelium of conjunctiva'
D: UBERON:0004101 'nasolabial region'
D: UBERON:0002162 'area postrema'
D: UBERON:0006762 'suspensory ligament of lens'
D: UBERON:0006761 'corneo-scleral junction'
D: UBERON:0004106 'crus of ear'
D: CL:1000082 'stretch receptor cell'
D: UBERON:0015017 'incus endochondral element'
D: UBERON:0015016 'stapes endochondral element'
D: UBERON:0015018 'malleus endochondral element'
D: UBERON:2002206 'macula communis'
D: UBERON:0004115 'blood vessel of tympanic cavity'
D: UBERON:0003269 'skeletal muscle tissue of eye'
D: UBERON:0004116 'nerve of tympanic cavity'
D: UBERON:0008959 'auditory bulla'
D: UBERON:0004113 'muscle of auditory ossicle'
D: UBERON:0006533 'rectus extraocular muscle'
D: UBERON:0004114 'tympanic cavity'
D: UBERON:0006532 'oblique extraocular muscle'
D: UBERON:0006531 'oculomotor muscle'
D: UBERON:0004110 'midnasal cavity'
D: UBERON:0007622 'pecten oculi'
D: UBERON:0004118 'vasculature of iris'
D: UBERON:0007625 'pigment epithelium of eye'
D: UBERON:0015246 'septal organ of Masera'
D: UBERON:0015245 'septal olfactory organ'
D: UBERON:0035077 'lateral nasal gland'
D: UBERON:3010728 'otic opercular element'
D: UBERON:0036168 'Haller's layer'
D: UBERON:0036167 'Sattler's layer'
D: UBERON:0014397 'lateral process of malleus'
D: UBERON:0004370 'anterior limiting lamina of cornea'
D: UBERON:2000259 'mandibular lateral line'
D: CL:0002669 'type 3 otic fibrocyte'
D: UBERON:0004367 'Descemet's membrane'
D: CL:0002666 'type 2 otic fibrocyte'
D: CL:0002665 'otic fibrocyte'
D: CL:0000488 'visible light photoreceptor cell'
D: CL:0002668 'type 4 otic fibrocyte'
D: CL:0000489 'scotopic photoreceptor cell'
D: CL:0000006 'neuronal receptor cell'
D: CL:0002667 'type 5 otic fibrocyte'
D: UBERON:6007242 'insect embryonic/larval head sensillum'
D: UBERON:0007633 'nucleus of trapezoid body'
D: UBERON:6007240 'insect embryonic/larval sensillum'
D: UBERON:3010778 'jugal ramule'
D: UBERON:0011078 'endolymphatic space'
D: UBERON:0015430 'levator auris longus muscle'
D: UBERON:0004773 'superior eyelid tarsus'
D: UBERON:0007804 'sclerotic ring'
D: UBERON:0004774 'inferior eyelid tarsus'
D: UBERON:0004771 'posterior nasal aperture'
D: UBERON:0004772 'eyelid tarsus'
D: UBERON:6007232 'insect eo-type sensillum'
D: CL:0000494 'UV sensitive photoreceptor cell'
D: UBERON:6007231 'insect external sensillum'
D: CL:0000495 'blue sensitive photoreceptor cell'
D: CL:0000496 'green sensitive photoreceptor cell'
D: CL:0000497 'red sensitive photoreceptor cell'
D: UBERON:6007233 'insect internal sensillum'
D: CL:0000490 'photopic photoreceptor cell'
D: UBERON:0005625 'tubotympanic recess lumen'
D: CL:0002670 'type 1 otic fibrocyte'
D: UBERON:0035295 'left ear'
D: CL:1000050 'lateral line nerve glial cell'
D: UBERON:0037237 'wall of lacrimal duct'
D: UBERON:0006723 'cochlear modiolus'
D: UBERON:0002364 'tympanic membrane'
D: UBERON:0006722 'manubrium of malleus'
D: UBERON:3000509 'processus suprafenestralis'
D: UBERON:0003211 'median eye'
D: UBERON:0008904 'neuromast'
D: UBERON:0003212 'gustatory organ'
D: UBERON:0008906 'lateral line nerve'
D: UBERON:0007818 'major alar cartilage'
D: UBERON:0001032 'sensory system'
D: UBERON:0007819 'minor alar cartilage'
D: UBERON:0005870 'olfactory pit'
D: UBERON:0001038 'chordotonal organ'
D: UBERON:0004548 'left eye'
D: UBERON:0005638 'anterior chamber epithelium'
D: UBERON:0004549 'right eye'
D: UBERON:0006726 'outer canthus'
D: UBERON:0006725 'spiral ligament'
D: UBERON:0006724 'osseus spiral lamina'
D: UBERON:0002128 'superior olivary complex'
D: UBERON:2001391 'anterior lateral line ganglion'
D: UBERON:3010759 'ramus buccal'
D: UBERON:3010757 'ramus superficial ophthalmic'
D: UBERON:2001157 'posterior lateral line primordium'
D: UBERON:2001156 'posterior lateral line placode'
D: UBERON:2002248 'supratemporal commissure'
D: UBERON:0015216 'nasal meatus'
D: UBERON:0015219 'middle nasal meatus'
D: UBERON:0007825 'reticular membrane of spiral organ'
D: UBERON:0007827 'external nose'
D: UBERON:0008917 'ampullary organ'
D: UBERON:0008918 'ampulla of Lorenzini'
D: UBERON:0007820 'accessory nasal cartilage'
D: UBERON:0007821 'lateral nasal cartilage'
D: UBERON:0007822 'vomeronasal cartilage'
D: UBERON:0015445 'anterior lingual gland duct'
D: UBERON:0035034 'eyelid epithelium'
D: UBERON:0035036 'naris epithelium'
D: UBERON:0002392 'nasolacrimal duct'
D: UBERON:0017629 'mormyromast organ'
D: UBERON:0008924 'sublaminar layer S3'
D: UBERON:0008925 'sublaminar layer S4'
D: UBERON:0008926 'sublaminar layer S5'
D: UBERON:0008927 'sublaminar layers S1 or S2'
D: UBERON:0006742 'canthus'
D: UBERON:0005411 'bony otic capsule'
D: UBERON:0008928 'sublaminar layers S2 or S3'
D: UBERON:0005410 'cartilaginous otic capsule'
D: CL:0002226 'non-nucleated secondary lens fiber'
D: CL:0002225 'secondary lens fiber'
D: UBERON:0008929 'sublaminar layers S4 or S5'
D: CL:0002228 'primary lens fiber'
D: CL:0002227 'nucleated secondary lens fiber'
D: CL:0002222 'vertebrate lens cell'
D: CL:0002224 'lens epithelial cell'
D: UBERON:3010765 'ramus mandibularis externus'
D: CL:0000287 'eye photoreceptor cell'
D: CL:0002223 'anterior lens cell'
D: UBERON:0003239 'epithelium of posterior semicircular canal'
D: UBERON:0008921 'substratum of layer of retina'
D: UBERON:0008922 'sublaminar layer S1'
D: UBERON:0007833 'osseus semicircular canal'
D: UBERON:0005657 'crus commune epithelium'
D: UBERON:0003238 'epithelium of superior semicircular canal'
D: UBERON:0008923 'sublaminar layer S2'
D: UBERON:0001908 'optic tract'
D: UBERON:0018107 'foveola of retina'
D: UBERON:0018108 'superior auricular muscle'
D: UBERON:0018105 'perifoveal part of retina'
D: UBERON:0007691 'gustatory pore'
D: UBERON:0018104 'parafoveal part of retina'
D: UBERON:0003095 'dorsal lateral line'
D: UBERON:0003096 'middle lateral line'
D: UBERON:0003093 'occipital lateral line'
D: UBERON:0003094 'infraorbital lateral line'
D: UBERON:0006360 'tongue intermolar eminence'
D: UBERON:0018109 'anterior auricular muscle'
D: UBERON:0003090 'supraorbital lateral line'
D: UBERON:0005029 'mucosa of lacrimal canaliculus'
D: UBERON:0005026 'mucosa of middle ear'
D: UBERON:0018110 'posterior auricular muscle'
D: UBERON:4200199 'sallet sensory system'
D: UBERON:0018339 'metotic fissure'
D: CL:0002480 'nasal mucosa goblet cell'
D: UBERON:0035930 'retro-olivary nucleus'
D: UBERON:0005043 'mucosa of nasolacrimal duct'
D: UBERON:0005042 'inner epithelial layer of tympanic membrane'
D: UBERON:0004187 'Harderian gland'
D: CL:0002486 'strial intermediate cell'
D: CL:0002485 'retinal melanocyte'
D: CL:0002243 'smooth muscle cell of sphincter of pupil'
D: CL:0002491 'auditory epithelial cell'
D: UBERON:0018369 'upper lateral line'
D: CL:0002490 'organ of Corti supporting cell'
D: UBERON:0009892 'ascidian anterior sensory vesicle'
D: UBERON:0007230 'lateral vestibular nucleus'
D: UBERON:0001927 'medial geniculate body'
D: UBERON:0009893 'ascidian ocellus'
D: UBERON:0019212 'supcapsular region of posterior region of lens'
D: UBERON:3000079 'cartilago retronarina'
D: UBERON:0010887 'tragus'
D: UBERON:0010409 'ocular surface region'
D: UBERON:0005044 'mucosa of pharyngotympanic tube'
D: UBERON:0018374 'sallet'
D: UBERON:0007223 'osseus cochlea'
D: UBERON:0009647 'tympanic membrane epithelium'
D: UBERON:0018370 'ventral lateral line'
D: CL:0002493 'strial basal cell'
D: UBERON:0007227 'superior vestibular nucleus'
D: CL:0002492 'strial marginal cell'
D: UBERON:0007228 'vestibular nucleus'
D: UBERON:0009648 'eyelid subcutaneous connective tissue'
D: UBERON:3000087 'cavum medius'
D: UBERON:0019208 'anterior pole of lens'
D: UBERON:0019207 'chorioretinal region'
D: UBERON:3000086 'cavum internasale'
D: UBERON:3000085 'cavum inferius'
D: UBERON:0019206 'tongue papilla epithelium'
D: UBERON:0018356 'rostral entotympanic element'
D: UBERON:0018357 'sensory pore'
D: UBERON:2002275 'Jakubowski's organ'
D: UBERON:3000089 'cavum principale'
D: UBERON:3000088 'cavum praenasale'
D: UBERON:0019211 'supcapsular region of anterior region of lens'
D: UBERON:0019210 'pole of lens'
D: UBERON:0006312 'ocular refractive media'
D: UBERON:0006311 'chamber of eyeball'
D: UBERON:0011918 'line of Schwalbe'
D: CL:0000098 'sensory epithelial cell'
D: UBERON:0006318 'orbitalis muscle'
D: UBERON:2005121 'middle lateral line placode'
D: UBERON:3010706 'lateral line nucleus'
D: UBERON:2002099 'lateral line scale series'
D: UBERON:0006330 'anterior lingual gland'
D: UBERON:0005236 'osseus labyrinth vestibule'
D: UBERON:0006323 'superior rectus extraocular muscle'
D: UBERON:0006322 'inferior rectus extraocular muscle'
D: UBERON:0006321 'superior oblique extraocular muscle'
D: UBERON:0006320 'inferior oblique extraocular muscle'
D: CL:0002288 'type V taste receptor cell'
D: CL:0002287 'type IV taste receptor cell'
D: CL:0002289 'type I taste bud cell'
D: CL:0002286 'type II taste cell'
D: CL:0002285 'type III taste bud cell'
D: UBERON:2005115 'primary posterior lateral line primordium'
D: UBERON:0018323 'hyoid articular area'
D: UBERON:2005114 'middle lateral line system'
D: UBERON:2005113 'dorsal lateral line neuromast'
D: UBERON:0006583 'statocyst'
D: UBERON:2005118 'middle lateral line primordium'
D: UBERON:0006582 'statolith'
D: CL:2000094 'nasal cavity respiratory epithelium epithelial cell of viscerocranial mucosa'
D: UBERON:2005117 'anterior lateral line primordium'
D: UBERON:0005492 'hyaloid vessel'
D: UBERON:2005116 'secondary posterior lateral line primordium'
D: UBERON:0011931 'nasal hair'
D: UBERON:0003069 'otic placode'
D: UBERON:0006334 'posterior lateral line'
D: UBERON:0006332 'nasal capsule'
D: UBERON:0003065 'ciliary marginal zone'
D: UBERON:0005020 'mucosa of tongue'
D: UBERON:0011922 'cochlear basement membrane'
D: UBERON:0005018 'mucosa of nasal septum'
D: UBERON:0005017 'mucosa of lacrimal sac'
D: UBERON:0006106 'cochlear canal'
D: UBERON:0006345 'stapedial artery'
D: UBERON:0006586 'otolymph'
D: UBERON:0006585 'vestibular organ'
D: UBERON:0009852 'border of sublaminar layers S2 and S3'
D: UBERON:0009851 'border of sublaminar layers S4 and S5'
D: UBERON:0008522 'nasal muscle'
D: UBERON:3000492 'processus infrafenestralis'
D: UBERON:0009471 'dorsum of tongue'
D: UBERON:2005054 'inner optic circle'
D: UBERON:0034670 'palatal taste bud'
D: UBERON:0010224 'right pupil'
D: UBERON:3000259 'lamina inferior'
D: UBERON:3000016 'anterior nasal wall'
D: UBERON:0010223 'left pupil'
D: UBERON:3000015 'anterior maxillary process'
D: UBERON:0013731 'basilar papilla'
D: UBERON:0013732 'vestibule of nasal cavity'
D: UBERON:2001933 'sensory canal tubule'
D: UBERON:0003925 'photoreceptor inner segment layer'
D: UBERON:0003926 'photoreceptor outer segment layer'
D: UBERON:0002833 'medial nucleus of trapezoid body'
D: UBERON:0001985 'corneal endothelium'
D: UBERON:0002832 'ventral nucleus of trapezoid body'
D: UBERON:3000263 'lamina precerebralis'
D: CL:0002084 'Boettcher cell'
D: UBERON:3000260 'lamina nariochoanalis'
D: UBERON:3000264 'lamina superior'
D: UBERON:0001750 'lacrimal apparatus'
D: UBERON:0009477 'associated mesenchyme of otic placode'
D: UBERON:0001757 'pinna'
D: UBERON:0001756 'middle ear'
D: UBERON:0022434 'primary superior olive'
D: UBERON:0022437 'dorsal periolivary nucleus'
D: UBERON:0001997 'olfactory epithelium'
D: UBERON:0010246 'choroidal guanine tapetum'
D: UBERON:0010247 'choroidal tapetum cellulosum'
D: UBERON:0010244 'choroid tapetum lucidum'
D: UBERON:0010245 'retinal tapetum lucidum'
D: UBERON:3000234 'inferior prenasal cartilage'
D: UBERON:0010248 'choroidal tapetum fibrosum'
D: UBERON:0001768 'uvea'
D: UBERON:0001767 'posterior chamber of eyeball'
D: UBERON:0001769 'iris'
D: UBERON:0001766 'anterior chamber of eyeball'
D: UBERON:0003942 'somatic sensory system'
D: UBERON:0010230 'eyeball of camera-type eye'
D: UBERON:3000486 'processus ascendens plectri'
D: UBERON:3000002 'alary cartilage'
D: UBERON:0003950 'inner ear canal'
D: UBERON:2000813 'infraorbital lateral line neuromast'
D: UBERON:0001771 'pupil'
D: UBERON:0001770 'lacrimal canaliculus'
D: UBERON:0003951 'ocular fundus'
D: UBERON:0001773 'sclera'
D: UBERON:2000814 'opercular lateral line neuromast'
D: UBERON:0001772 'corneal epithelium'
D: UBERON:0023541 'conical papilla'
D: UBERON:0001779 'iris stroma'
D: UBERON:0009016 'ciliary stroma'
D: UBERON:0001778 'ciliary epithelium'
D: UBERON:0003956 'aqueous drainage system'
D: UBERON:0000207 'compound eye corneal lens'
D: UBERON:0003957 'Bruch's membrane'
D: UBERON:0002627 'capsule of medial geniculate body'
D: UBERON:0001775 'ciliary body'
D: UBERON:0003952 'anterior stroma of cornea'
D: UBERON:0001777 'substantia propria of cornea'
D: UBERON:0003953 'posterior stroma of cornea'
D: UBERON:0001776 'optic choroid'
D: UBERON:3000294 'median prenasal process'
D: UBERON:0007250 'lingual tonsil'
D: UBERON:0009672 'oronasal membrane'
D: UBERON:0008582 'superior longitudinal muscle of tongue'
D: UBERON:0018389 'interoceptor'
D: UBERON:0001706 'nasal septum'
D: UBERON:0008340 'nasal bridge'
D: UBERON:0008341 'columella nasi'
D: UBERON:0008583 'transverse muscle of tongue'
D: UBERON:3000291 'medial orbitonasal foramen'
D: UBERON:0009671 'nasal fin'
D: UBERON:3000290 'medial inferior prenasal cartilage'
D: UBERON:0008584 'vertical muscle of tongue'
D: UBERON:0001707 'nasal cavity'
D: UBERON:3000059 'capsular process'
D: UBERON:0035964 'promontory of tympanic cavity'
D: UBERON:0010426 'oropharyngeal choana'
D: UBERON:3000057 'canalis semicircularis anterior'
D: UBERON:0035966 'scleral lamina cribrosa'
D: UBERON:0010427 'ciliary processes'
D: UBERON:0028194 'spiral prominence of cochlear duct'
D: UBERON:0010425 'internal naris'
D: UBERON:0005067 'amphid sensory organ'
D: UBERON:0018154 'ligament of middle ear'
D: UBERON:0018396 'pulmonary baroreceptor'
D: UBERON:0018155 'posterior incudal ligament'
D: UBERON:0018394 'vein baroreceptor'
D: UBERON:0018152 'pars flaccida of tympanic membrane'
D: UBERON:0007247 'nucleus of superior olivary complex'
D: UBERON:0018395 'cardiac baroreceptor'
D: UBERON:0018153 'pars tensa of tympanic membrane'
D: UBERON:0018392 'arterial baroreceptor'
D: UBERON:0018393 'low-pressure baroreceptor'
D: UBERON:0018391 'chemoreceptor'
D: UBERON:0010893 'median external naris'
D: UBERON:3000069 'cartilago infranarina'
D: UBERON:3000068 'cartilago ectochoanalis'
D: CL:0000702 'R5 photoreceptor cell'
D: UBERON:8000005 'Henle's fiber layer'
D: UBERON:8000004 'central retina'
D: UBERON:0001713 'lower eyelid'
D: UBERON:0001712 'upper eyelid'
D: UBERON:0008588 'procerus'
D: UBERON:0008589 'depressor septi nasi'
D: UBERON:0001711 'eyelid'
D: UBERON:0009692 'lumen of pharyngotympanic tube'
D: UBERON:0007274 'crista of ampulla of anterior semicircular duct of membranous laybrinth'
D: UBERON:0001727 'taste bud'
D: UBERON:0002819 'apex of cochlea'
D: UBERON:0007275 'crista of ampulla of posterior semicircular duct of membranous laybrinth'
D: UBERON:0007276 'crista of ampulla of lateral semicircular duct of membranous laybrinth'
D: UBERON:0035941 'Kimura membrane'
D: UBERON:0010202 'lateral line'
D: CL:0000709 'R8 photoreceptor cell'
D: UBERON:0011774 'utriculosaccular duct'
D: UBERON:0010207 'nictitating membrane'
D: CL:0000705 'R6 photoreceptor cell'
D: CL:0000707 'R7 photoreceptor cell'
D: UBERON:0010209 'plica semilunaris of conjunctiva'
D: UBERON:0001723 'tongue'
D: UBERON:0001726 'papilla of tongue'
D: UBERON:0003902 'retinal neural layer'
D: UBERON:3010079 'upper eyelid protuberances'
D: UBERON:0001722 'medial vestibular nucleus'
D: UBERON:0001721 'inferior vestibular nucleus'
D: UBERON:0018158 'superior malleal ligament'
D: UBERON:0018159 'anterior malleal ligament'
D: UBERON:0002827 'vestibulocochlear ganglion'
D: UBERON:0018156 'malleal ligament'
D: UBERON:0018157 'lateral malleal ligament'
D: CL:0000719 'posterior cone cell (sensu Endopterygota)'
D: CL:0000718 'compound eye cone cell'
D: CL:0000720 'anterior cone cell (sensu Endopterygota)'
D: CL:0000721 'equatorial cone cell (sensu Endopterygota)'
D: UBERON:0019255 'lower eyelash'
D: UBERON:0002824 'vestibular ganglion'
D: UBERON:0019254 'upper eyelash'
D: UBERON:0002823 'clivus of fovea centralis'
D: UBERON:0002826 'inferior part of vestibular ganglion'
D: UBERON:0007037 'mechanosensory system'
D: UBERON:0002825 'superior part of vestibular ganglion'
D: UBERON:0002820 'zona arcuata of basilar membrane of cochlea'
D: UBERON:0002822 'macula lutea proper'
D: UBERON:0000402 'nasal vestibule'
D: UBERON:0018160 'anterior process of malleus'
D: UBERON:0010062 'pharyngotympanic tube epithelium'
D: CL:1000381 'type 1 vestibular sensory cell of epithelium of crista of ampulla of semicircular duct of membranous labyrinth'
D: UBERON:0015751 'inferior tarsal muscle'
D: UBERON:0010063 'tympanic cavity epithelium'
D: CL:1000382 'type 2 vestibular sensory cell of stato-acoustic epithelium'
D: UBERON:0016843 'lateral nucleus of trapezoid body'
D: CL:1000380 'type 1 vestibular sensory cell of epithelium of macula of saccule of membranous labyrinth'
D: CL:1000385 'type 2 vestibular sensory cell of epithelium of crista of ampulla of semicircular duct of membranous labyrinth'
D: UBERON:0036212 'intertragic incisure'
D: CL:1000383 'type 2 vestibular sensory cell of epithelium of macula of utricle of membranous labyrinth'
D: UBERON:4300005 'aphakic space'
D: CL:1000384 'type 2 vestibular sensory cell of epithelium of macula of saccule of membranous labyrinth'
D: UBERON:0010065 'auditory meatus epithelium'
D: UBERON:4300241 'ethmoid commissure'
D: UBERON:4300242 'lateral line scale 6'
D: UBERON:0010069 'outer epithelial layer of tympanic membrane'
D: UBERON:0002673 'vestibular nuclear complex'
D: UBERON:0001583 'extrinsic auricular muscle'
D: UBERON:0022284 'lacrimal gland bud'
D: UBERON:0022288 'surface of eyeball'
D: UBERON:0022287 'tear film'
D: UBERON:0000018 'compound eye'
D: UBERON:0000019 'camera-type eye'
D: UBERON:0004859 'eye gland'
D: UBERON:0010070 'intermediate layer of tympanic membrane'
D: UBERON:0035130 'auditory ossicle endochondral element'
D: UBERON:0010293 'suprachoroid lamina'
D: UBERON:0010052 'mucosa of dorsum of tongue'
D: UBERON:0010294 'scleral endothelium'
D: UBERON:0010291 'layer of sclera'
D: UBERON:0035132 'auditory ossicle pre-cartilage element'
D: UBERON:0010292 'episcleral layer of eyeball'
D: UBERON:0035131 'auditory ossicle cartilage element'
D: UBERON:0010297 'endochondral scleral ossicle'
D: UBERON:0010055 'stapes cartilage element'
D: UBERON:0010298 'intramembranous scleral ossicle'
D: UBERON:0011385 'parotidoauricular muscle'
D: UBERON:0010295 'substantia propria of sclera'
D: UBERON:0010296 'scleral skeletal element'
D: UBERON:0010054 'malleus cartilage element'
D: CL:1000378 'type 1 vestibular sensory cell of stato-acoustic epithelium'
D: CL:1000379 'type 1 vestibular sensory cell of epithelium of macula of utricle of membranous labyrinth'
D: UBERON:2000676 'sagitta'
D: UBERON:0001595 'auricular muscle'
D: CL:0000745 'retina horizontal cell'
D: UBERON:0001352 'external acoustic meatus'
D: UBERON:0004864 'vasculature of retina'
D: UBERON:0002444 'lens fiber'
D: UBERON:0022273 'lacrimal lake'
D: UBERON:0001596 'intrinsic auricular muscle'
D: UBERON:0002443 'choroidal blood vessel'
D: CL:0000740 'retinal ganglion cell'
D: UBERON:0022274 'lacrimal papilla'
D: UBERON:3000428 'perilymphatic system'
D: UBERON:0001351 'lacrimal sac'
D: UBERON:0000020 'sense organ'
D: UBERON:0022279 'strand of hair on external ear'
D: UBERON:0001599 'stapedius muscle'
D: UBERON:0002203 'vasculature of eye'
D: UBERON:0004868 'tapetum lucidum of camera-type eye'
D: UBERON:0002448 'fungiform papilla'
D: UBERON:0002689 'supraoptic crest'
D: UBERON:0016621 'lunge feeding organ'
D: UBERON:0016622 'lunge feeding organ papilla'
D: UBERON:0013598 'accessory nucleus of optic tract'
D: UBERON:2007055 'pillar of the lateral semicircular canal'
D: UBERON:0013599 'dorsal accessory nucleus of optic tract'
D: CL:0000748 'retinal bipolar neuron'
D: UBERON:2000424 'opercular lateral line'
D: CL:0000749 'ON-bipolar cell'
D: UBERON:2000425 'anterior lateral line nerve'
D: CL:0000755 'type 3 cone bipolar cell (sensu Mus)'
D: CL:0000756 'type 4 cone bipolar cell (sensu Mus)'
D: CL:0000757 'type 5 cone bipolar cell (sensu Mus)'
D: CL:0000758 'type 6 cone bipolar cell (sensu Mus)'
D: UBERON:0002212 'macula of saccule of membranous labyrinth'
D: CL:0000751 'rod bipolar cell'
D: CL:0000752 'cone retinal bipolar cell'
D: UBERON:6002642 'insect embryonic/larval ocular segment sensillum'
D: CL:0000753 'type 1 cone bipolar cell (sensu Mus)'
D: CL:0000754 'type 2 cone bipolar cell (sensu Mus)'
D: UBERON:0002219 'subfornical organ'
D: UBERON:0002218 'tympanic ring'
D: CL:0000750 'OFF-bipolar cell'
D: UBERON:0005969 'eye trabecular meshwork'
D: UBERON:0005726 'chemosensory system'
D: UBERON:0005725 'olfactory system'
D: UBERON:0004637 'otic capsule'
D: UBERON:0002214 'macula of utricle of membranous labyrinth'
D: UBERON:0006813 'nasal skeleton'
D: UBERON:4300238 'pored lateral line scale'
D: UBERON:0035594 'accessory optic system'
D: UBERON:0016612 'auditory hillocks, pharyngeal arch 2 derived'
D: UBERON:0010071 'layer of tympanic membrane'
D: UBERON:0016611 'auditory hillocks, pharyngeal arch 1 derived'
D: UBERON:0011167 'septomaxilla bone'
D: UBERON:0035595 'accessory optic tract'
D: UBERON:0010078 'optic choroid vascular plexus'
D: UBERON:3000645 'corpus'
D: UBERON:3000644 'processus lingularis of nasal skeleton'
D: UBERON:2000411 'posterior crista primordium'
D: CL:0000759 'type 7 cone bipolar cell (sensu Mus)'
D: UBERON:2000412 'posterior semicircular canal primordium'
D: UBERON:6002639 'insect larval sense organ'
D: UBERON:0005973 'blood-inner ear barrier'
D: UBERON:0005972 'tunnel of Corti'
D: UBERON:0000046 'stemma'
D: UBERON:0002223 'endolymphatic sac'
D: UBERON:3000408 'pars media plectri'
D: UBERON:3000648 'crista praeopercularis'
D: UBERON:3000406 'pars interna plectri'
D: UBERON:3000647 'crista interna'
D: UBERON:3000405 'pars inferior of labyrinth'
D: UBERON:3000646 'margo libera'
D: CL:0000760 'type 8 cone bipolar cell (sensu Mus)'
D: UBERON:2007054 'pillar of the anterior semicircular canal'
D: CL:0000761 'type 9 cone bipolar cell (sensu Mus)'
D: UBERON:0000047 'simple eye'
D: UBERON:0002226 'basilar membrane of cochlea'
D: UBERON:0002468 'foliate papilla'
D: UBERON:0002467 'filiform papilla'
D: UBERON:0000048 'pinhole eye'
D: UBERON:0000049 'spherical lensed eye'
D: UBERON:0003314 'eye mesenchyme'
D: UBERON:0002227 'spiral organ of cochlea'
D: UBERON:0010020 'tubotympanic recess epithelium'
D: UBERON:0005908 'conjunctival sac'
D: UBERON:0014626 'base of cochlear canal'
D: UBERON:0011599 'lenticular process of incus bone'
D: UBERON:0014628 'vestibular fissure of the cochlear canal'
D: UBERON:0014629 'terminal part of the cochlear canal'
D: UBERON:3000454 'postnasal wall'
D: UBERON:0014624 'basis modioli'
D: UBERON:0001782 'pigmented layer of retina'
D: UBERON:0001781 'layer of retina'
D: UBERON:0001783 'optic disc'
D: UBERON:0001789 'outer nuclear layer of retina'
D: UBERON:0004817 'lacrimal gland epithelium'
D: UBERON:0001786 'fovea centralis'
D: UBERON:0003723 'vestibular nerve'
D: UBERON:1000022 'Zymbal's gland'
D: UBERON:0003966 'gonial bone'
D: UBERON:0001788 'outer limiting layer of retina'
D: UBERON:0001787 'photoreceptor layer of retina'
D: UBERON:0035570 'tectothalamic tract'
D: CL:0008021 'anterior lateral line ganglion neuron'
D: UBERON:0012430 'tunica fibrosa of eyeball'
D: UBERON:2000232 'lateral semicircular canal primordium'
D: UBERON:2000234 'macula neglecta'
D: UBERON:0013764 'common crus of semicircular duct'
D: UBERON:0013766 'epicanthal fold'
D: UBERON:0001793 'nerve fiber layer of retina'
D: UBERON:0001792 'ganglionic layer of retina'
D: UBERON:0001795 'inner plexiform layer of retina'
D: UBERON:1000013 'nose vertex'
D: UBERON:0001794 'inner limiting layer of retina'
D: UBERON:0001791 'inner nuclear layer of retina'
D: UBERON:0001790 'outer plexiform layer of retina'
D: UBERON:1000017 'tip of external ear'
D: UBERON:0009038 'sulcus ampullaris'
D: UBERON:0003979 'utricle valve'
D: UBERON:0001797 'vitreous humor'
D: UBERON:0003976 'saccule duct'
D: UBERON:1000012 'nose anterior margin'
D: CL:0008027 'rod bipolar cell (sensu Mus)'
D: UBERON:0001796 'aqueous humor of eyeball'
D: UBERON:0003977 'utricle duct'
D: UBERON:0001799 'vitreous chamber of eyeball'
D: UBERON:0001798 'vitreous body'
D: UBERON:0009053 'dorsal nucleus of trapezoid body'
D: UBERON:0010284 'lacrimal punctum'
D: UBERON:2000464 'otic lateral line'
D: UBERON:2001313 'ventral anterior lateral line ganglion'
D: UBERON:3000434 'planum antorbitale'
D: UBERON:2001312 'dorsal anterior lateral line ganglion'
D: UBERON:0010289 'scleral cartilage'
D: UBERON:2000225 'lateral crista primordium'
D: UBERON:2001314 'posterior lateral line ganglion'
D: UBERON:2000228 'lateral line primordium'
D: UBERON:2001316 'anterior lateral line placode'
D: UBERON:2000469 'anterior semicircular canal primordium'
D: UBERON:1000005 'external ear margin'
D: UBERON:1000004 'collection of hair on external ear'
D: UBERON:0003500 'corneal blood vessel'
D: UBERON:3000438 'planum internasale'
D: UBERON:3000437 'planum conchale'
D: UBERON:0005928 'external naris'
D: CL:0000551 'unimodal nocireceptor'
D: UBERON:0010290 'scleral ossicle'
D: UBERON:0003501 'retina blood vessel'
D: UBERON:0010271 'musculus retractor bulbi'
D: UBERON:0010033 'posterior part of tongue'
D: UBERON:3010007 'pit organ'
D: UBERON:0010032 'anterior part of tongue'
D: UBERON:0035555 'lateral line sense organ'
D: UBERON:3000443 'plectral apparatus'
D: UBERON:3000441 'planum triangulare'
D: UBERON:3000440 'planum terminale'
D: UBERON:0003510 'eyelid blood vessel'
D: UBERON:0005931 'primary choana'
D: UBERON:0003511 'iris blood vessel'
D: UBERON:3000449 'posterior maxillary process dorsal process'
D: CL:0000567 'polymodal nocireceptor'
D: UBERON:3000448 'posterior maxillary process'
D: UBERON:0000003 'naris'
D: UBERON:0001576 'intrinsic muscle of tongue'
D: UBERON:0000004 'nose'
D: UBERON:0000005 'chemosensory organ'
D: UBERON:0001578 'orbicularis oculi muscle'
# PARSING: UBERON:0004456
# QUERY: UBERON:0004456 'entire sense organ system'
E: UBERON:0004456 'entire sense organ system'
2021-02-13 00:31:01,915 WARN  (OWLGraphWrapperExtended:936) Unable to retrieve the value of oboInOwl#id as the identifier for http://www.w3.org/2002/07/owl#Nothing; we will use an original iri as the identifier.
2021-02-13 00:31:01,916 WARN  (OWLGraphWrapperExtended:936) Unable to retrieve the value of oboInOwl#id as the identifier for http://www.w3.org/2002/07/owl#Nothing; we will use an original iri as the identifier.
D: Nothing Nothing
A:BFO:0000004 'independent continuant'
A:CARO:0000000 'anatomical entity'
A:BFO:0000002 'continuant'
A:UBERON:0000061 'anatomical structure'
A:UBERON:0001062 'anatomical entity'
A:BFO:0000040 'material entity'
A:CARO:0030000 'biological entity'
A:UBERON:0000465 'material anatomical entity'
A:UBERON:0000467 'anatomical system'
2021-02-13 00:31:01,928 WARN  (OWLGraphWrapperExtended:936) Unable to retrieve the value of oboInOwl#id as the identifier for http://www.w3.org/2002/07/owl#Thing; we will use an original iri as the identifier.
2021-02-13 00:31:01,929 WARN  (OWLGraphWrapperExtended:936) Unable to retrieve the value of oboInOwl#id as the identifier for http://www.w3.org/2002/07/owl#Thing; we will use an original iri as the identifier.
A:Thing Thing
